[0.012s] Invoking command in '/home/raven/qwerty_ws/build/rviz_marker_tools': CMAKE_PREFIX_PATH=${CMAKE_PREFIX_PATH}:/opt/ros/humble /usr/bin/cmake /home/raven/qwerty_ws/src/moveit_task_constructor/rviz_marker_tools -DCMAKE_BUILD_TYPE=Release -DCMAKE_INSTALL_PREFIX=/home/raven/qwerty_ws/install/rviz_marker_tools
[0.051s] -- The C compiler identification is GNU 11.4.0
[0.095s] -- The CXX compiler identification is GNU 11.4.0
[0.103s] -- Detecting C compiler ABI info
[0.158s] -- Detecting C compiler ABI info - done
[0.164s] -- Check for working C compiler: /usr/bin/cc - skipped
[0.164s] -- Detecting C compile features
[0.164s] -- Detecting C compile features - done
[0.167s] -- Detecting CXX compiler ABI info
[0.227s] -- Detecting CXX compiler ABI info - done
[0.234s] -- Check for working CXX compiler: /usr/bin/c++ - skipped
[0.234s] -- Detecting CXX compile features
[0.235s] -- Detecting CXX compile features - done
[0.237s] -- Found ament_cmake: 1.3.10 (/opt/ros/humble/share/ament_cmake/cmake)
[0.359s] -- Found Python3: /usr/bin/python3 (found version "3.10.12") found components: Interpreter 
[0.442s] -- Found moveit_common: 2.5.5 (/opt/ros/humble/share/moveit_common/cmake)
[0.496s] -- Found eigen3_cmake_module: 0.1.1 (/opt/ros/humble/share/eigen3_cmake_module/cmake)
[0.502s] -- Found Eigen3: TRUE (found version "3.4.0") 
[0.503s] -- Found geometry_msgs: 4.2.4 (/opt/ros/humble/share/geometry_msgs/cmake)
[0.535s] -- Found rosidl_generator_c: 3.1.5 (/opt/ros/humble/share/rosidl_generator_c/cmake)
[0.540s] -- Found rosidl_adapter: 3.1.5 (/opt/ros/humble/share/rosidl_adapter/cmake)
[0.547s] -- Found rosidl_generator_cpp: 3.1.5 (/opt/ros/humble/share/rosidl_generator_cpp/cmake)
[0.558s] -- Using all available rosidl_typesupport_c: rosidl_typesupport_fastrtps_c;rosidl_typesupport_introspection_c
[0.573s] -- Using all available rosidl_typesupport_cpp: rosidl_typesupport_fastrtps_cpp;rosidl_typesupport_introspection_cpp
[0.608s] -- Found rclcpp: 16.0.10 (/opt/ros/humble/share/rclcpp/cmake)
[0.642s] -- Found rmw_implementation_cmake: 6.1.2 (/opt/ros/humble/share/rmw_implementation_cmake/cmake)
[0.644s] -- Found rmw_fastrtps_cpp: 6.2.7 (/opt/ros/humble/share/rmw_fastrtps_cpp/cmake)
[0.715s] -- Found OpenSSL: /usr/lib/x86_64-linux-gnu/libcrypto.so (found version "3.0.2")  
[0.748s] -- Found FastRTPS: /opt/ros/humble/include  
[0.783s] -- Using RMW implementation 'rmw_fastrtps_cpp' as default
[0.791s] -- Looking for pthread.h
[0.847s] -- Looking for pthread.h - found
[0.847s] -- Performing Test CMAKE_HAVE_LIBC_PTHREAD
[0.904s] -- Performing Test CMAKE_HAVE_LIBC_PTHREAD - Success
[0.905s] -- Found Threads: TRUE  
[0.949s] -- Found tf2_eigen: 0.25.8 (/opt/ros/humble/share/tf2_eigen/cmake)
[1.045s] -- Found visualization_msgs: 4.2.4 (/opt/ros/humble/share/visualization_msgs/cmake)
[1.085s] -- Configuring done
[1.095s] -- Generating done
[1.096s] -- Build files have been written to: /home/raven/qwerty_ws/build/rviz_marker_tools
[1.104s] Invoked command in '/home/raven/qwerty_ws/build/rviz_marker_tools' returned '0': CMAKE_PREFIX_PATH=${CMAKE_PREFIX_PATH}:/opt/ros/humble /usr/bin/cmake /home/raven/qwerty_ws/src/moveit_task_constructor/rviz_marker_tools -DCMAKE_BUILD_TYPE=Release -DCMAKE_INSTALL_PREFIX=/home/raven/qwerty_ws/install/rviz_marker_tools
[1.106s] Invoking command in '/home/raven/qwerty_ws/build/rviz_marker_tools': CMAKE_PREFIX_PATH=${CMAKE_PREFIX_PATH}:/opt/ros/humble /usr/bin/cmake --build /home/raven/qwerty_ws/build/rviz_marker_tools -- -j8 -l8
[1.153s] [ 50%] [32mBuilding CXX object CMakeFiles/rviz_marker_tools.dir/src/marker_creation.cpp.o[0m
[9.240s] [100%] [32m[1mLinking CXX shared library librviz_marker_tools.so[0m
[9.454s] [100%] Built target rviz_marker_tools
[9.471s] Invoked command in '/home/raven/qwerty_ws/build/rviz_marker_tools' returned '0': CMAKE_PREFIX_PATH=${CMAKE_PREFIX_PATH}:/opt/ros/humble /usr/bin/cmake --build /home/raven/qwerty_ws/build/rviz_marker_tools -- -j8 -l8
[9.562s] Invoking command in '/home/raven/qwerty_ws/build/rviz_marker_tools': CMAKE_PREFIX_PATH=${CMAKE_PREFIX_PATH}:/opt/ros/humble /usr/bin/cmake --install /home/raven/qwerty_ws/build/rviz_marker_tools
[9.586s] -- Install configuration: "Release"
[9.587s] -- Installing: /home/raven/qwerty_ws/install/rviz_marker_tools/include
[9.588s] -- Installing: /home/raven/qwerty_ws/install/rviz_marker_tools/include/rviz_marker_tools
[9.588s] -- Installing: /home/raven/qwerty_ws/install/rviz_marker_tools/include/rviz_marker_tools/marker_creation.h
[9.588s] -- Installing: /home/raven/qwerty_ws/install/rviz_marker_tools/lib/librviz_marker_tools.so
[9.590s] -- Set runtime path of "/home/raven/qwerty_ws/install/rviz_marker_tools/lib/librviz_marker_tools.so" to ""
[9.590s] -- Installing: /home/raven/qwerty_ws/install/rviz_marker_tools/share/rviz_marker_tools/environment/library_path.sh
[9.590s] -- Installing: /home/raven/qwerty_ws/install/rviz_marker_tools/share/rviz_marker_tools/environment/library_path.dsv
[9.590s] -- Installing: /home/raven/qwerty_ws/install/rviz_marker_tools/share/ament_index/resource_index/package_run_dependencies/rviz_marker_tools
[9.591s] -- Installing: /home/raven/qwerty_ws/install/rviz_marker_tools/share/ament_index/resource_index/parent_prefix_path/rviz_marker_tools
[9.593s] -- Installing: /home/raven/qwerty_ws/install/rviz_marker_tools/share/rviz_marker_tools/environment/ament_prefix_path.sh
[9.593s] -- Installing: /home/raven/qwerty_ws/install/rviz_marker_tools/share/rviz_marker_tools/environment/ament_prefix_path.dsv
[9.593s] -- Installing: /home/raven/qwerty_ws/install/rviz_marker_tools/share/rviz_marker_tools/environment/path.sh
[9.593s] -- Installing: /home/raven/qwerty_ws/install/rviz_marker_tools/share/rviz_marker_tools/environment/path.dsv
[9.593s] -- Installing: /home/raven/qwerty_ws/install/rviz_marker_tools/share/rviz_marker_tools/local_setup.bash
[9.594s] -- Installing: /home/raven/qwerty_ws/install/rviz_marker_tools/share/rviz_marker_tools/local_setup.sh
[9.594s] -- Installing: /home/raven/qwerty_ws/install/rviz_marker_tools/share/rviz_marker_tools/local_setup.zsh
[9.594s] -- Installing: /home/raven/qwerty_ws/install/rviz_marker_tools/share/rviz_marker_tools/local_setup.dsv
[9.595s] -- Installing: /home/raven/qwerty_ws/install/rviz_marker_tools/share/rviz_marker_tools/package.dsv
[9.595s] -- Installing: /home/raven/qwerty_ws/install/rviz_marker_tools/share/ament_index/resource_index/packages/rviz_marker_tools
[9.595s] -- Installing: /home/raven/qwerty_ws/install/rviz_marker_tools/share/rviz_marker_tools/cmake/rviz_marker_toolsTargetsExport.cmake
[9.597s] -- Installing: /home/raven/qwerty_ws/install/rviz_marker_tools/share/rviz_marker_tools/cmake/rviz_marker_toolsTargetsExport-release.cmake
[9.599s] -- Installing: /home/raven/qwerty_ws/install/rviz_marker_tools/share/rviz_marker_tools/cmake/ament_cmake_export_targets-extras.cmake
[9.599s] -- Installing: /home/raven/qwerty_ws/install/rviz_marker_tools/share/rviz_marker_tools/cmake/ament_cmake_export_dependencies-extras.cmake
[9.599s] -- Installing: /home/raven/qwerty_ws/install/rviz_marker_tools/share/rviz_marker_tools/cmake/rviz_marker_toolsConfig.cmake
[9.599s] -- Installing: /home/raven/qwerty_ws/install/rviz_marker_tools/share/rviz_marker_tools/cmake/rviz_marker_toolsConfig-version.cmake
[9.599s] -- Installing: /home/raven/qwerty_ws/install/rviz_marker_tools/share/rviz_marker_tools/package.xml
[9.613s] Invoked command in '/home/raven/qwerty_ws/build/rviz_marker_tools' returned '0': CMAKE_PREFIX_PATH=${CMAKE_PREFIX_PATH}:/opt/ros/humble /usr/bin/cmake --install /home/raven/qwerty_ws/build/rviz_marker_tools
