[0.013s] Invoking command in '/home/raven/qwerty_ws/build/moveit_task_constructor_demo': AMENT_PREFIX_PATH=/home/raven/qwerty_ws/install/moveit_task_constructor_capabilities:/home/raven/qwerty_ws/install/moveit_task_constructor_core:/home/raven/qwerty_ws/install/rviz_marker_tools:/home/raven/qwerty_ws/install/moveit_task_constructor_msgs:${AMENT_PREFIX_PATH} CMAKE_PREFIX_PATH=/home/raven/qwerty_ws/install/moveit_task_constructor_capabilities:/home/raven/qwerty_ws/install/moveit_task_constructor_core:/home/raven/qwerty_ws/install/rviz_marker_tools:/opt/ros/humble:/home/raven/qwerty_ws/install/moveit_task_constructor_msgs:${CMAKE_PREFIX_PATH} LD_LIBRARY_PATH=/home/raven/qwerty_ws/install/moveit_task_constructor_capabilities/lib:/home/raven/qwerty_ws/install/moveit_task_constructor_core/lib:/home/raven/qwerty_ws/install/rviz_marker_tools/lib:/home/raven/qwerty_ws/install/moveit_task_constructor_msgs/lib:/usr/lib/x86_64-linux-gnu/gazebo-11/plugins:/opt/ros/humble/opt/rviz_ogre_vendor/lib:/opt/ros/humble/lib/x86_64-linux-gnu:/opt/ros/humble/lib:/usr/lib/x86_64-linux-gnu/gazebo-11/plugins PYTHONPATH=/home/raven/qwerty_ws/install/moveit_task_constructor_core/local/lib/python3.10/dist-packages:/home/raven/qwerty_ws/install/moveit_task_constructor_msgs/local/lib/python3.10/dist-packages:${PYTHONPATH} /usr/bin/cmake --build /home/raven/qwerty_ws/build/moveit_task_constructor_demo -- -j8 -l8
[0.070s] [  6%] Built target pick_place_demo_parameters
[0.071s] [ 12%] Built target ik_clearance_cost_parameters
[0.092s] [ 37%] Built target moveit_task_constructor_demo_cartesian
[0.092s] [ 37%] Built target moveit_task_constructor_demo_modular
[0.092s] [ 62%] Built target moveit_task_constructor_demo_alternative_path_costs
[0.092s] [ 62%] Built target moveit_task_constructor_demo_fallbacks_move_to
[0.114s] [ 75%] Built target moveit_task_constructor_demo_pick_place_task
[0.114s] [ 87%] Built target moveit_task_constructor_demo_ik_clearance_cost
[0.142s] [100%] Built target moveit_task_constructor_demo_pick_place_demo
[0.151s] Invoked command in '/home/raven/qwerty_ws/build/moveit_task_constructor_demo' returned '0': AMENT_PREFIX_PATH=/home/raven/qwerty_ws/install/moveit_task_constructor_capabilities:/home/raven/qwerty_ws/install/moveit_task_constructor_core:/home/raven/qwerty_ws/install/rviz_marker_tools:/home/raven/qwerty_ws/install/moveit_task_constructor_msgs:${AMENT_PREFIX_PATH} CMAKE_PREFIX_PATH=/home/raven/qwerty_ws/install/moveit_task_constructor_capabilities:/home/raven/qwerty_ws/install/moveit_task_constructor_core:/home/raven/qwerty_ws/install/rviz_marker_tools:/opt/ros/humble:/home/raven/qwerty_ws/install/moveit_task_constructor_msgs:${CMAKE_PREFIX_PATH} LD_LIBRARY_PATH=/home/raven/qwerty_ws/install/moveit_task_constructor_capabilities/lib:/home/raven/qwerty_ws/install/moveit_task_constructor_core/lib:/home/raven/qwerty_ws/install/rviz_marker_tools/lib:/home/raven/qwerty_ws/install/moveit_task_constructor_msgs/lib:/usr/lib/x86_64-linux-gnu/gazebo-11/plugins:/opt/ros/humble/opt/rviz_ogre_vendor/lib:/opt/ros/humble/lib/x86_64-linux-gnu:/opt/ros/humble/lib:/usr/lib/x86_64-linux-gnu/gazebo-11/plugins PYTHONPATH=/home/raven/qwerty_ws/install/moveit_task_constructor_core/local/lib/python3.10/dist-packages:/home/raven/qwerty_ws/install/moveit_task_constructor_msgs/local/lib/python3.10/dist-packages:${PYTHONPATH} /usr/bin/cmake --build /home/raven/qwerty_ws/build/moveit_task_constructor_demo -- -j8 -l8
[0.184s] Invoking command in '/home/raven/qwerty_ws/build/moveit_task_constructor_demo': AMENT_PREFIX_PATH=/home/raven/qwerty_ws/install/moveit_task_constructor_capabilities:/home/raven/qwerty_ws/install/moveit_task_constructor_core:/home/raven/qwerty_ws/install/rviz_marker_tools:/home/raven/qwerty_ws/install/moveit_task_constructor_msgs:${AMENT_PREFIX_PATH} CMAKE_PREFIX_PATH=/home/raven/qwerty_ws/install/moveit_task_constructor_capabilities:/home/raven/qwerty_ws/install/moveit_task_constructor_core:/home/raven/qwerty_ws/install/rviz_marker_tools:/opt/ros/humble:/home/raven/qwerty_ws/install/moveit_task_constructor_msgs:${CMAKE_PREFIX_PATH} LD_LIBRARY_PATH=/home/raven/qwerty_ws/install/moveit_task_constructor_capabilities/lib:/home/raven/qwerty_ws/install/moveit_task_constructor_core/lib:/home/raven/qwerty_ws/install/rviz_marker_tools/lib:/home/raven/qwerty_ws/install/moveit_task_constructor_msgs/lib:/usr/lib/x86_64-linux-gnu/gazebo-11/plugins:/opt/ros/humble/opt/rviz_ogre_vendor/lib:/opt/ros/humble/lib/x86_64-linux-gnu:/opt/ros/humble/lib:/usr/lib/x86_64-linux-gnu/gazebo-11/plugins PYTHONPATH=/home/raven/qwerty_ws/install/moveit_task_constructor_core/local/lib/python3.10/dist-packages:/home/raven/qwerty_ws/install/moveit_task_constructor_msgs/local/lib/python3.10/dist-packages:${PYTHONPATH} /usr/bin/cmake --install /home/raven/qwerty_ws/build/moveit_task_constructor_demo
[0.191s] -- Install configuration: "Release"
[0.191s] -- Up-to-date: /home/raven/qwerty_ws/install/moveit_task_constructor_demo/lib/libmoveit_task_constructor_demo_pick_place_task.so
[0.191s] -- Up-to-date: /home/raven/qwerty_ws/install/moveit_task_constructor_demo/lib/moveit_task_constructor_demo/cartesian
[0.191s] -- Up-to-date: /home/raven/qwerty_ws/install/moveit_task_constructor_demo/lib/moveit_task_constructor_demo/modular
[0.191s] -- Up-to-date: /home/raven/qwerty_ws/install/moveit_task_constructor_demo/lib/moveit_task_constructor_demo/alternative_path_costs
[0.191s] -- Up-to-date: /home/raven/qwerty_ws/install/moveit_task_constructor_demo/include/ik_clearance_cost_parameters
[0.191s] -- Up-to-date: /home/raven/qwerty_ws/install/moveit_task_constructor_demo/include/ik_clearance_cost_parameters/ik_clearance_cost_parameters.hpp
[0.192s] -- Up-to-date: /home/raven/qwerty_ws/install/moveit_task_constructor_demo/lib/moveit_task_constructor_demo/ik_clearance_cost
[0.192s] -- Up-to-date: /home/raven/qwerty_ws/install/moveit_task_constructor_demo/lib/moveit_task_constructor_demo/fallbacks_move_to
[0.192s] -- Up-to-date: /home/raven/qwerty_ws/install/moveit_task_constructor_demo/include/pick_place_demo_parameters
[0.192s] -- Up-to-date: /home/raven/qwerty_ws/install/moveit_task_constructor_demo/include/pick_place_demo_parameters/pick_place_demo_parameters.hpp
[0.192s] -- Up-to-date: /home/raven/qwerty_ws/install/moveit_task_constructor_demo/lib/moveit_task_constructor_demo/pick_place_demo
[0.192s] -- Up-to-date: /home/raven/qwerty_ws/install/moveit_task_constructor_demo/lib/moveit_task_constructor_demo/alternatives.py
[0.192s] -- Up-to-date: /home/raven/qwerty_ws/install/moveit_task_constructor_demo/lib/moveit_task_constructor_demo/cartesian.py
[0.192s] -- Up-to-date: /home/raven/qwerty_ws/install/moveit_task_constructor_demo/lib/moveit_task_constructor_demo/compute_ik.py
[0.192s] -- Up-to-date: /home/raven/qwerty_ws/install/moveit_task_constructor_demo/lib/moveit_task_constructor_demo/constrained.py
[0.192s] -- Up-to-date: /home/raven/qwerty_ws/install/moveit_task_constructor_demo/lib/moveit_task_constructor_demo/current_state.py
[0.193s] -- Up-to-date: /home/raven/qwerty_ws/install/moveit_task_constructor_demo/lib/moveit_task_constructor_demo/fallbacks.py
[0.193s] -- Up-to-date: /home/raven/qwerty_ws/install/moveit_task_constructor_demo/lib/moveit_task_constructor_demo/fix_collision_objects.py
[0.193s] -- Up-to-date: /home/raven/qwerty_ws/install/moveit_task_constructor_demo/lib/moveit_task_constructor_demo/fixed_state.py
[0.193s] -- Up-to-date: /home/raven/qwerty_ws/install/moveit_task_constructor_demo/lib/moveit_task_constructor_demo/generate_pose.py
[0.193s] -- Up-to-date: /home/raven/qwerty_ws/install/moveit_task_constructor_demo/lib/moveit_task_constructor_demo/merger.py
[0.193s] -- Up-to-date: /home/raven/qwerty_ws/install/moveit_task_constructor_demo/lib/moveit_task_constructor_demo/modify_planning_scene.py
[0.193s] -- Up-to-date: /home/raven/qwerty_ws/install/moveit_task_constructor_demo/lib/moveit_task_constructor_demo/multi_planner.py
[0.193s] -- Up-to-date: /home/raven/qwerty_ws/install/moveit_task_constructor_demo/lib/moveit_task_constructor_demo/pickplace.py
[0.193s] -- Up-to-date: /home/raven/qwerty_ws/install/moveit_task_constructor_demo/lib/moveit_task_constructor_demo/properties.py
[0.193s] -- Up-to-date: /home/raven/qwerty_ws/install/moveit_task_constructor_demo/share/moveit_task_constructor_demo/launch
[0.193s] -- Up-to-date: /home/raven/qwerty_ws/install/moveit_task_constructor_demo/share/moveit_task_constructor_demo/launch/demo.launch.py
[0.193s] -- Up-to-date: /home/raven/qwerty_ws/install/moveit_task_constructor_demo/share/moveit_task_constructor_demo/launch/run.launch.py
[0.193s] -- Up-to-date: /home/raven/qwerty_ws/install/moveit_task_constructor_demo/share/moveit_task_constructor_demo/config
[0.193s] -- Up-to-date: /home/raven/qwerty_ws/install/moveit_task_constructor_demo/share/moveit_task_constructor_demo/config/panda_config.yaml
[0.194s] -- Up-to-date: /home/raven/qwerty_ws/install/moveit_task_constructor_demo/share/moveit_task_constructor_demo/config/mtc.rviz
[0.194s] -- Up-to-date: /home/raven/qwerty_ws/install/moveit_task_constructor_demo/share/ament_index/resource_index/package_run_dependencies/moveit_task_constructor_demo
[0.194s] -- Up-to-date: /home/raven/qwerty_ws/install/moveit_task_constructor_demo/share/ament_index/resource_index/parent_prefix_path/moveit_task_constructor_demo
[0.194s] -- Up-to-date: /home/raven/qwerty_ws/install/moveit_task_constructor_demo/share/moveit_task_constructor_demo/environment/ament_prefix_path.sh
[0.194s] -- Up-to-date: /home/raven/qwerty_ws/install/moveit_task_constructor_demo/share/moveit_task_constructor_demo/environment/ament_prefix_path.dsv
[0.194s] -- Up-to-date: /home/raven/qwerty_ws/install/moveit_task_constructor_demo/share/moveit_task_constructor_demo/environment/path.sh
[0.194s] -- Up-to-date: /home/raven/qwerty_ws/install/moveit_task_constructor_demo/share/moveit_task_constructor_demo/environment/path.dsv
[0.194s] -- Up-to-date: /home/raven/qwerty_ws/install/moveit_task_constructor_demo/share/moveit_task_constructor_demo/local_setup.bash
[0.194s] -- Up-to-date: /home/raven/qwerty_ws/install/moveit_task_constructor_demo/share/moveit_task_constructor_demo/local_setup.sh
[0.194s] -- Up-to-date: /home/raven/qwerty_ws/install/moveit_task_constructor_demo/share/moveit_task_constructor_demo/local_setup.zsh
[0.194s] -- Up-to-date: /home/raven/qwerty_ws/install/moveit_task_constructor_demo/share/moveit_task_constructor_demo/local_setup.dsv
[0.194s] -- Installing: /home/raven/qwerty_ws/install/moveit_task_constructor_demo/share/moveit_task_constructor_demo/package.dsv
[0.194s] -- Up-to-date: /home/raven/qwerty_ws/install/moveit_task_constructor_demo/share/ament_index/resource_index/packages/moveit_task_constructor_demo
[0.195s] -- Up-to-date: /home/raven/qwerty_ws/install/moveit_task_constructor_demo/share/moveit_task_constructor_demo/cmake/moveit_task_constructor_demoConfig.cmake
[0.195s] -- Up-to-date: /home/raven/qwerty_ws/install/moveit_task_constructor_demo/share/moveit_task_constructor_demo/cmake/moveit_task_constructor_demoConfig-version.cmake
[0.195s] -- Up-to-date: /home/raven/qwerty_ws/install/moveit_task_constructor_demo/share/moveit_task_constructor_demo/package.xml
[0.197s] Invoked command in '/home/raven/qwerty_ws/build/moveit_task_constructor_demo' returned '0': AMENT_PREFIX_PATH=/home/raven/qwerty_ws/install/moveit_task_constructor_capabilities:/home/raven/qwerty_ws/install/moveit_task_constructor_core:/home/raven/qwerty_ws/install/rviz_marker_tools:/home/raven/qwerty_ws/install/moveit_task_constructor_msgs:${AMENT_PREFIX_PATH} CMAKE_PREFIX_PATH=/home/raven/qwerty_ws/install/moveit_task_constructor_capabilities:/home/raven/qwerty_ws/install/moveit_task_constructor_core:/home/raven/qwerty_ws/install/rviz_marker_tools:/opt/ros/humble:/home/raven/qwerty_ws/install/moveit_task_constructor_msgs:${CMAKE_PREFIX_PATH} LD_LIBRARY_PATH=/home/raven/qwerty_ws/install/moveit_task_constructor_capabilities/lib:/home/raven/qwerty_ws/install/moveit_task_constructor_core/lib:/home/raven/qwerty_ws/install/rviz_marker_tools/lib:/home/raven/qwerty_ws/install/moveit_task_constructor_msgs/lib:/usr/lib/x86_64-linux-gnu/gazebo-11/plugins:/opt/ros/humble/opt/rviz_ogre_vendor/lib:/opt/ros/humble/lib/x86_64-linux-gnu:/opt/ros/humble/lib:/usr/lib/x86_64-linux-gnu/gazebo-11/plugins PYTHONPATH=/home/raven/qwerty_ws/install/moveit_task_constructor_core/local/lib/python3.10/dist-packages:/home/raven/qwerty_ws/install/moveit_task_constructor_msgs/local/lib/python3.10/dist-packages:${PYTHONPATH} /usr/bin/cmake --install /home/raven/qwerty_ws/build/moveit_task_constructor_demo
