[0.012s] Invoking command in '/home/raven/qwerty_ws/build/mtc_tutorial': CMAKE_PREFIX_PATH=/home/raven/qwerty_ws/install/moveit_task_constructor_core:/home/raven/qwerty_ws/install/rviz_marker_tools:/opt/ros/humble:/home/raven/qwerty_ws/install/moveit_task_constructor_msgs:/home/raven/qwerty_ws/install/mtc_tutorial:/home/raven/qwerty_ws/install/moveit_task_constructor_visualization:/home/raven/qwerty_ws/install/moveit_task_constructor_demo:/home/raven/qwerty_ws/install/moveit_task_constructor_capabilities:/home/raven/qwerty_ws/install/kuka_arm_moveit:/home/raven/qwerty_ws/install/kuka_arm_pkg:/home/raven/robot_ws/install/kuka_moveit:/home/raven/robot_ws/install/kuka_arm_moveit:/home/raven/robot_ws/install/kuka_arm_pkg LD_LIBRARY_PATH=/home/raven/qwerty_ws/install/moveit_task_constructor_core/lib:/home/raven/qwerty_ws/install/rviz_marker_tools/lib:/home/raven/qwerty_ws/install/moveit_task_constructor_msgs/lib:/home/raven/qwerty_ws/install/moveit_task_constructor_visualization/lib:/home/raven/qwerty_ws/install/moveit_task_constructor_demo/lib:/home/raven/qwerty_ws/install/moveit_task_constructor_capabilities/lib:/usr/lib/x86_64-linux-gnu/gazebo-11/plugins:/opt/ros/humble/opt/rviz_ogre_vendor/lib:/opt/ros/humble/lib/x86_64-linux-gnu:/opt/ros/humble/lib:/usr/lib/x86_64-linux-gnu/gazebo-11/plugins /usr/bin/cmake --build /home/raven/qwerty_ws/build/mtc_tutorial -- -j8 -l8
[0.059s] [35m[1mConsolidate compiler generated dependencies of target mtc_tutorial[0m
[0.085s] [ 50%] [32mBuilding CXX object CMakeFiles/mtc_tutorial.dir/src/mtc_tutorial.cpp.o[0m
[4.292s] In file included from [01m[K/opt/ros/humble/include/rclcpp/rclcpp/logging.hpp:24[m[K,
[4.292s]                  from [01m[K/opt/ros/humble/include/rclcpp/rclcpp/client.hpp:40[m[K,
[4.292s]                  from [01m[K/opt/ros/humble/include/rclcpp/rclcpp/callback_group.hpp:24[m[K,
[4.292s]                  from [01m[K/opt/ros/humble/include/rclcpp/rclcpp/any_executable.hpp:20[m[K,
[4.292s]                  from [01m[K/opt/ros/humble/include/rclcpp/rclcpp/memory_strategy.hpp:25[m[K,
[4.292s]                  from [01m[K/opt/ros/humble/include/rclcpp/rclcpp/memory_strategies.hpp:18[m[K,
[4.292s]                  from [01m[K/opt/ros/humble/include/rclcpp/rclcpp/executor_options.hpp:20[m[K,
[4.292s]                  from [01m[K/opt/ros/humble/include/rclcpp/rclcpp/executor.hpp:37[m[K,
[4.292s]                  from [01m[K/opt/ros/humble/include/rclcpp/rclcpp/executors/multi_threaded_executor.hpp:25[m[K,
[4.292s]                  from [01m[K/opt/ros/humble/include/rclcpp/rclcpp/executors.hpp:21[m[K,
[4.292s]                  from [01m[K/opt/ros/humble/include/rclcpp/rclcpp/rclcpp.hpp:155[m[K,
[4.292s]                  from [01m[K/home/raven/qwerty_ws/src/mtc_tutorial/src/mtc_tutorial.cpp:1[m[K:
[4.292s] [01m[K/home/raven/qwerty_ws/src/mtc_tutorial/src/mtc_tutorial.cpp:[m[K In member function ‘[01m[Kmoveit::task_constructor::Task MTCTaskNode::createTask()[m[K’:
[4.292s] [01m[K/home/raven/qwerty_ws/src/mtc_tutorial/src/mtc_tutorial.cpp:120:30:[m[K [01;31m[Kerror: [m[Krequest for member ‘[01m[Kc_str[m[K’ in ‘[01m[Karm_group_name[m[K’, which is of non-class type ‘[01m[Kconst char [9][m[K’
[4.292s]   120 |               arm_group_name.[01;31m[Kc_str[m[K(), hand_group_name.c_str(), hand_frame.c_str());
[4.292s]       |                              [01;31m[K^~~~~[m[K
[4.292s] [01m[K/home/raven/qwerty_ws/src/mtc_tutorial/src/mtc_tutorial.cpp:120:55:[m[K [01;31m[Kerror: [m[Krequest for member ‘[01m[Kc_str[m[K’ in ‘[01m[Khand_group_name[m[K’, which is of non-class type ‘[01m[Kconst char [13][m[K’
[4.292s]   120 |               arm_group_name.c_str(), hand_group_name.[01;31m[Kc_str[m[K(), hand_frame.c_str());
[4.293s]       |                                                       [01;31m[K^~~~~[m[K
[4.293s] [01m[K/home/raven/qwerty_ws/src/mtc_tutorial/src/mtc_tutorial.cpp:120:75:[m[K [01;31m[Kerror: [m[Krequest for member ‘[01m[Kc_str[m[K’ in ‘[01m[Khand_frame[m[K’, which is of non-class type ‘[01m[Kconst char [18][m[K’
[4.293s]   120 |               arm_group_name.c_str(), hand_group_name.c_str(), hand_frame.[01;31m[Kc_str[m[K());
[4.293s]       |                                                                           [01;31m[K^~~~~[m[K
[7.043s] gmake[2]: *** [CMakeFiles/mtc_tutorial.dir/build.make:76: CMakeFiles/mtc_tutorial.dir/src/mtc_tutorial.cpp.o] Error 1
[7.043s] gmake[1]: *** [CMakeFiles/Makefile2:137: CMakeFiles/mtc_tutorial.dir/all] Error 2
[7.044s] gmake: *** [Makefile:146: all] Error 2
[7.045s] Invoked command in '/home/raven/qwerty_ws/build/mtc_tutorial' returned '2': CMAKE_PREFIX_PATH=/home/raven/qwerty_ws/install/moveit_task_constructor_core:/home/raven/qwerty_ws/install/rviz_marker_tools:/opt/ros/humble:/home/raven/qwerty_ws/install/moveit_task_constructor_msgs:/home/raven/qwerty_ws/install/mtc_tutorial:/home/raven/qwerty_ws/install/moveit_task_constructor_visualization:/home/raven/qwerty_ws/install/moveit_task_constructor_demo:/home/raven/qwerty_ws/install/moveit_task_constructor_capabilities:/home/raven/qwerty_ws/install/kuka_arm_moveit:/home/raven/qwerty_ws/install/kuka_arm_pkg:/home/raven/robot_ws/install/kuka_moveit:/home/raven/robot_ws/install/kuka_arm_moveit:/home/raven/robot_ws/install/kuka_arm_pkg LD_LIBRARY_PATH=/home/raven/qwerty_ws/install/moveit_task_constructor_core/lib:/home/raven/qwerty_ws/install/rviz_marker_tools/lib:/home/raven/qwerty_ws/install/moveit_task_constructor_msgs/lib:/home/raven/qwerty_ws/install/moveit_task_constructor_visualization/lib:/home/raven/qwerty_ws/install/moveit_task_constructor_demo/lib:/home/raven/qwerty_ws/install/moveit_task_constructor_capabilities/lib:/usr/lib/x86_64-linux-gnu/gazebo-11/plugins:/opt/ros/humble/opt/rviz_ogre_vendor/lib:/opt/ros/humble/lib/x86_64-linux-gnu:/opt/ros/humble/lib:/usr/lib/x86_64-linux-gnu/gazebo-11/plugins /usr/bin/cmake --build /home/raven/qwerty_ws/build/mtc_tutorial -- -j8 -l8
