[0.016s] Invoking command in '/home/raven/qwerty_ws/build/moveit_task_constructor_visualization': AMENT_PREFIX_PATH=/home/raven/qwerty_ws/install/moveit_task_constructor_core:/home/raven/qwerty_ws/install/rviz_marker_tools:/home/raven/qwerty_ws/install/moveit_task_constructor_msgs:${AMENT_PREFIX_PATH} CMAKE_PREFIX_PATH=/home/raven/qwerty_ws/install/moveit_task_constructor_core:/home/raven/qwerty_ws/install/rviz_marker_tools:/opt/ros/humble:/home/raven/qwerty_ws/install/moveit_task_constructor_msgs:${CMAKE_PREFIX_PATH} LD_LIBRARY_PATH=/home/raven/qwerty_ws/install/moveit_task_constructor_core/lib:/home/raven/qwerty_ws/install/rviz_marker_tools/lib:/home/raven/qwerty_ws/install/moveit_task_constructor_msgs/lib:/usr/lib/x86_64-linux-gnu/gazebo-11/plugins:/opt/ros/humble/opt/rviz_ogre_vendor/lib:/opt/ros/humble/lib/x86_64-linux-gnu:/opt/ros/humble/lib:/usr/lib/x86_64-linux-gnu/gazebo-11/plugins PYTHONPATH=/home/raven/qwerty_ws/install/moveit_task_constructor_core/local/lib/python3.10/dist-packages:/home/raven/qwerty_ws/install/moveit_task_constructor_msgs/local/lib/python3.10/dist-packages:${PYTHONPATH} /usr/bin/cmake --build /home/raven/qwerty_ws/build/moveit_task_constructor_visualization -- -j8 -l8
[0.077s] [  1%] [34m[1mAutomatic MOC for target gmock_main[0m
[0.080s] [  3%] [34m[1mAutomatic MOC for target motion_planning_tasks_utils[0m
[0.080s] [  6%] [34m[1mAutomatic MOC for target gtest_main[0m
[0.080s] [  6%] [34m[1mAutomatic MOC for target moveit_task_visualization_tools[0m
[0.081s] [  7%] [34m[1mAutomatic MOC for target gmock[0m
[0.084s] [  9%] [34m[1mAutomatic MOC for target motion_planning_tasks_properties[0m
[0.084s] [ 10%] [34m[1mAutomatic MOC for target gtest[0m
[0.105s] [ 10%] Built target gtest_main_autogen
[0.105s] [ 10%] Built target gmock_main_autogen
[0.105s] [ 10%] Built target gmock_autogen
[0.107s] [ 10%] Built target motion_planning_tasks_properties_autogen
[0.107s] [ 10%] Built target motion_planning_tasks_utils_autogen
[0.111s] [ 10%] Built target gtest_autogen
[0.118s] [ 10%] Built target moveit_task_visualization_tools_autogen
[0.135s] [ 15%] Built target gtest_main
[0.136s] [ 20%] Built target gmock_main
[0.141s] [ 26%] Built target gmock
[0.143s] [ 33%] Built target motion_planning_tasks_utils
[0.143s] [ 38%] Built target gtest
[0.149s] [ 44%] Built target motion_planning_tasks_properties
[0.161s] [ 46%] [34m[1mAutomatic MOC for target moveit_task_constructor_visualization-test-merge-models[0m
[0.175s] [ 46%] Built target moveit_task_constructor_visualization-test-merge-models_autogen
[0.184s] [ 55%] Built target moveit_task_visualization_tools
[0.196s] [ 60%] Built target moveit_task_constructor_visualization-test-merge-models
[0.200s] [ 61%] [34m[1mAutomatic MOC for target motion_planning_tasks_rviz_plugin[0m
[0.222s] [ 61%] Built target motion_planning_tasks_rviz_plugin_autogen
[0.284s] [ 87%] Built target motion_planning_tasks_rviz_plugin
[0.300s] [ 90%] [34m[1mAutomatic MOC for target moveit_task_constructor_visualization-test-solution-models[0m
[0.300s] [ 90%] [34m[1mAutomatic MOC for target moveit_task_constructor_visualization-test-task_model[0m
[0.313s] [ 90%] Built target moveit_task_constructor_visualization-test-solution-models_autogen
[0.313s] [ 90%] Built target moveit_task_constructor_visualization-test-task_model_autogen
[0.339s] [ 98%] Built target moveit_task_constructor_visualization-test-task_model
[0.339s] [100%] Built target moveit_task_constructor_visualization-test-solution-models
[0.349s] Invoked command in '/home/raven/qwerty_ws/build/moveit_task_constructor_visualization' returned '0': AMENT_PREFIX_PATH=/home/raven/qwerty_ws/install/moveit_task_constructor_core:/home/raven/qwerty_ws/install/rviz_marker_tools:/home/raven/qwerty_ws/install/moveit_task_constructor_msgs:${AMENT_PREFIX_PATH} CMAKE_PREFIX_PATH=/home/raven/qwerty_ws/install/moveit_task_constructor_core:/home/raven/qwerty_ws/install/rviz_marker_tools:/opt/ros/humble:/home/raven/qwerty_ws/install/moveit_task_constructor_msgs:${CMAKE_PREFIX_PATH} LD_LIBRARY_PATH=/home/raven/qwerty_ws/install/moveit_task_constructor_core/lib:/home/raven/qwerty_ws/install/rviz_marker_tools/lib:/home/raven/qwerty_ws/install/moveit_task_constructor_msgs/lib:/usr/lib/x86_64-linux-gnu/gazebo-11/plugins:/opt/ros/humble/opt/rviz_ogre_vendor/lib:/opt/ros/humble/lib/x86_64-linux-gnu:/opt/ros/humble/lib:/usr/lib/x86_64-linux-gnu/gazebo-11/plugins PYTHONPATH=/home/raven/qwerty_ws/install/moveit_task_constructor_core/local/lib/python3.10/dist-packages:/home/raven/qwerty_ws/install/moveit_task_constructor_msgs/local/lib/python3.10/dist-packages:${PYTHONPATH} /usr/bin/cmake --build /home/raven/qwerty_ws/build/moveit_task_constructor_visualization -- -j8 -l8
[0.375s] Invoking command in '/home/raven/qwerty_ws/build/moveit_task_constructor_visualization': AMENT_PREFIX_PATH=/home/raven/qwerty_ws/install/moveit_task_constructor_core:/home/raven/qwerty_ws/install/rviz_marker_tools:/home/raven/qwerty_ws/install/moveit_task_constructor_msgs:${AMENT_PREFIX_PATH} CMAKE_PREFIX_PATH=/home/raven/qwerty_ws/install/moveit_task_constructor_core:/home/raven/qwerty_ws/install/rviz_marker_tools:/opt/ros/humble:/home/raven/qwerty_ws/install/moveit_task_constructor_msgs:${CMAKE_PREFIX_PATH} LD_LIBRARY_PATH=/home/raven/qwerty_ws/install/moveit_task_constructor_core/lib:/home/raven/qwerty_ws/install/rviz_marker_tools/lib:/home/raven/qwerty_ws/install/moveit_task_constructor_msgs/lib:/usr/lib/x86_64-linux-gnu/gazebo-11/plugins:/opt/ros/humble/opt/rviz_ogre_vendor/lib:/opt/ros/humble/lib/x86_64-linux-gnu:/opt/ros/humble/lib:/usr/lib/x86_64-linux-gnu/gazebo-11/plugins PYTHONPATH=/home/raven/qwerty_ws/install/moveit_task_constructor_core/local/lib/python3.10/dist-packages:/home/raven/qwerty_ws/install/moveit_task_constructor_msgs/local/lib/python3.10/dist-packages:${PYTHONPATH} /usr/bin/cmake --install /home/raven/qwerty_ws/build/moveit_task_constructor_visualization
[0.381s] -- Install configuration: "Release"
[0.381s] -- Up-to-date: /home/raven/qwerty_ws/install/moveit_task_constructor_visualization/share/icons
[0.381s] -- Up-to-date: /home/raven/qwerty_ws/install/moveit_task_constructor_visualization/share/icons/classes
[0.382s] -- Up-to-date: /home/raven/qwerty_ws/install/moveit_task_constructor_visualization/share/icons/classes/Motion Planning Tasks.svg
[0.382s] -- Up-to-date: /home/raven/qwerty_ws/install/moveit_task_constructor_visualization/share/moveit_task_constructor_visualization/motion_planning_tasks_rviz_plugin_description.xml
[0.382s] -- Up-to-date: /home/raven/qwerty_ws/install/moveit_task_constructor_visualization/share/moveit_task_constructor_visualization/environment/library_path.sh
[0.382s] -- Up-to-date: /home/raven/qwerty_ws/install/moveit_task_constructor_visualization/share/moveit_task_constructor_visualization/environment/library_path.dsv
[0.382s] -- Up-to-date: /home/raven/qwerty_ws/install/moveit_task_constructor_visualization/share/ament_index/resource_index/package_run_dependencies/moveit_task_constructor_visualization
[0.382s] -- Up-to-date: /home/raven/qwerty_ws/install/moveit_task_constructor_visualization/share/ament_index/resource_index/parent_prefix_path/moveit_task_constructor_visualization
[0.382s] -- Up-to-date: /home/raven/qwerty_ws/install/moveit_task_constructor_visualization/share/moveit_task_constructor_visualization/environment/ament_prefix_path.sh
[0.382s] -- Up-to-date: /home/raven/qwerty_ws/install/moveit_task_constructor_visualization/share/moveit_task_constructor_visualization/environment/ament_prefix_path.dsv
[0.383s] -- Up-to-date: /home/raven/qwerty_ws/install/moveit_task_constructor_visualization/share/moveit_task_constructor_visualization/environment/path.sh
[0.383s] -- Up-to-date: /home/raven/qwerty_ws/install/moveit_task_constructor_visualization/share/moveit_task_constructor_visualization/environment/path.dsv
[0.383s] -- Up-to-date: /home/raven/qwerty_ws/install/moveit_task_constructor_visualization/share/moveit_task_constructor_visualization/local_setup.bash
[0.383s] -- Up-to-date: /home/raven/qwerty_ws/install/moveit_task_constructor_visualization/share/moveit_task_constructor_visualization/local_setup.sh
[0.383s] -- Up-to-date: /home/raven/qwerty_ws/install/moveit_task_constructor_visualization/share/moveit_task_constructor_visualization/local_setup.zsh
[0.383s] -- Up-to-date: /home/raven/qwerty_ws/install/moveit_task_constructor_visualization/share/moveit_task_constructor_visualization/local_setup.dsv
[0.383s] -- Installing: /home/raven/qwerty_ws/install/moveit_task_constructor_visualization/share/moveit_task_constructor_visualization/package.dsv
[0.383s] -- Up-to-date: /home/raven/qwerty_ws/install/moveit_task_constructor_visualization/share/ament_index/resource_index/packages/moveit_task_constructor_visualization
[0.383s] -- Up-to-date: /home/raven/qwerty_ws/install/moveit_task_constructor_visualization/share/ament_index/resource_index/rviz_common__pluginlib__plugin/moveit_task_constructor_visualization
[0.383s] -- Up-to-date: /home/raven/qwerty_ws/install/moveit_task_constructor_visualization/share/moveit_task_constructor_visualization/cmake/ament_cmake_export_include_directories-extras.cmake
[0.384s] -- Up-to-date: /home/raven/qwerty_ws/install/moveit_task_constructor_visualization/share/moveit_task_constructor_visualization/cmake/ament_cmake_export_libraries-extras.cmake
[0.384s] -- Up-to-date: /home/raven/qwerty_ws/install/moveit_task_constructor_visualization/share/moveit_task_constructor_visualization/cmake/ament_cmake_export_dependencies-extras.cmake
[0.384s] -- Up-to-date: /home/raven/qwerty_ws/install/moveit_task_constructor_visualization/share/moveit_task_constructor_visualization/cmake/moveit_task_constructor_visualizationConfig.cmake
[0.384s] -- Up-to-date: /home/raven/qwerty_ws/install/moveit_task_constructor_visualization/share/moveit_task_constructor_visualization/cmake/moveit_task_constructor_visualizationConfig-version.cmake
[0.384s] -- Up-to-date: /home/raven/qwerty_ws/install/moveit_task_constructor_visualization/share/moveit_task_constructor_visualization/package.xml
[0.384s] -- Up-to-date: /home/raven/qwerty_ws/install/moveit_task_constructor_visualization/include
[0.384s] -- Up-to-date: /home/raven/qwerty_ws/install/moveit_task_constructor_visualization/include/moveit
[0.384s] -- Up-to-date: /home/raven/qwerty_ws/install/moveit_task_constructor_visualization/include/moveit/visualization_tools
[0.385s] -- Up-to-date: /home/raven/qwerty_ws/install/moveit_task_constructor_visualization/include/moveit/visualization_tools/task_solution_visualization.h
[0.385s] -- Up-to-date: /home/raven/qwerty_ws/install/moveit_task_constructor_visualization/include/moveit/visualization_tools/task_solution_panel.h
[0.385s] -- Up-to-date: /home/raven/qwerty_ws/install/moveit_task_constructor_visualization/include/moveit/visualization_tools/marker_visualization.h
[0.385s] -- Up-to-date: /home/raven/qwerty_ws/install/moveit_task_constructor_visualization/include/moveit/visualization_tools/display_solution.h
[0.385s] -- Up-to-date: /home/raven/qwerty_ws/install/moveit_task_constructor_visualization/lib/libmoveit_task_visualization_tools.so.0.1.3
[0.385s] -- Up-to-date: /home/raven/qwerty_ws/install/moveit_task_constructor_visualization/lib/libmoveit_task_visualization_tools.so
[0.386s] -- Up-to-date: /home/raven/qwerty_ws/install/moveit_task_constructor_visualization/lib/libmotion_planning_tasks_utils.so
[0.387s] -- Up-to-date: /home/raven/qwerty_ws/install/moveit_task_constructor_visualization/lib/libmotion_planning_tasks_properties.so
[0.388s] -- Up-to-date: /home/raven/qwerty_ws/install/moveit_task_constructor_visualization/lib/libmotion_planning_tasks_rviz_plugin.so.0.1.3
[0.388s] -- Up-to-date: /home/raven/qwerty_ws/install/moveit_task_constructor_visualization/lib/libmotion_planning_tasks_rviz_plugin.so
[0.391s] Invoked command in '/home/raven/qwerty_ws/build/moveit_task_constructor_visualization' returned '0': AMENT_PREFIX_PATH=/home/raven/qwerty_ws/install/moveit_task_constructor_core:/home/raven/qwerty_ws/install/rviz_marker_tools:/home/raven/qwerty_ws/install/moveit_task_constructor_msgs:${AMENT_PREFIX_PATH} CMAKE_PREFIX_PATH=/home/raven/qwerty_ws/install/moveit_task_constructor_core:/home/raven/qwerty_ws/install/rviz_marker_tools:/opt/ros/humble:/home/raven/qwerty_ws/install/moveit_task_constructor_msgs:${CMAKE_PREFIX_PATH} LD_LIBRARY_PATH=/home/raven/qwerty_ws/install/moveit_task_constructor_core/lib:/home/raven/qwerty_ws/install/rviz_marker_tools/lib:/home/raven/qwerty_ws/install/moveit_task_constructor_msgs/lib:/usr/lib/x86_64-linux-gnu/gazebo-11/plugins:/opt/ros/humble/opt/rviz_ogre_vendor/lib:/opt/ros/humble/lib/x86_64-linux-gnu:/opt/ros/humble/lib:/usr/lib/x86_64-linux-gnu/gazebo-11/plugins PYTHONPATH=/home/raven/qwerty_ws/install/moveit_task_constructor_core/local/lib/python3.10/dist-packages:/home/raven/qwerty_ws/install/moveit_task_constructor_msgs/local/lib/python3.10/dist-packages:${PYTHONPATH} /usr/bin/cmake --install /home/raven/qwerty_ws/build/moveit_task_constructor_visualization
