[0.016s] Invoking command in '/home/raven/qwerty_ws/build/moveit_task_constructor_msgs': /usr/bin/cmake /home/raven/qwerty_ws/src/moveit_task_constructor/msgs -DCMAKE_BUILD_TYPE=Release -DCATKIN_INSTALL_INTO_PREFIX_ROOT=0 -DCMAKE_INSTALL_PREFIX=/home/raven/qwerty_ws/install/moveit_task_constructor_msgs
[0.035s] [31mCMake Error at CMakeLists.txt:6 (find_package):
[0.035s]   By not providing "Findcatkin.cmake" in CMAKE_MODULE_PATH this project has
[0.035s]   asked CMake to find a package configuration file provided by "catkin", but
[0.035s]   CMake did not find one.
[0.035s] 
[0.035s]   Could not find a package configuration file provided by "catkin" with any
[0.035s]   of the following names:
[0.035s] 
[0.035s]     catkinConfig.cmake
[0.035s]     catkin-config.cmake
[0.035s] 
[0.035s]   Add the installation prefix of "catkin" to CMAKE_PREFIX_PATH or set
[0.036s]   "catkin_DIR" to a directory containing one of the above files.  If "catkin"
[0.036s]   provides a separate development package or SDK, be sure it has been
[0.036s]   installed.
[0.036s] 
[0.036s] [0m
[0.036s] -- Configuring incomplete, errors occurred!
[0.036s] See also "/home/raven/qwerty_ws/build/moveit_task_constructor_msgs/CMakeFiles/CMakeOutput.log".
[0.038s] Invoked command in '/home/raven/qwerty_ws/build/moveit_task_constructor_msgs' returned '1': /usr/bin/cmake /home/raven/qwerty_ws/src/moveit_task_constructor/msgs -DCMAKE_BUILD_TYPE=Release -DCATKIN_INSTALL_INTO_PREFIX_ROOT=0 -DCMAKE_INSTALL_PREFIX=/home/raven/qwerty_ws/install/moveit_task_constructor_msgs
