[0.008s] Invoking command in '/home/raven/qwerty_ws/build/moveit_task_constructor_core': AMENT_PREFIX_PATH=/home/raven/qwerty_ws/install/rviz_marker_tools:/home/raven/qwerty_ws/install/moveit_task_constructor_msgs:${AMENT_PREFIX_PATH} CMAKE_PREFIX_PATH=/home/raven/qwerty_ws/install/rviz_marker_tools:/opt/ros/humble:/home/raven/qwerty_ws/install/moveit_task_constructor_msgs:${CMAKE_PREFIX_PATH} LD_LIBRARY_PATH=/home/raven/qwerty_ws/install/rviz_marker_tools/lib:/home/raven/qwerty_ws/install/moveit_task_constructor_msgs/lib:/usr/lib/x86_64-linux-gnu/gazebo-11/plugins:/opt/ros/humble/opt/rviz_ogre_vendor/lib:/opt/ros/humble/lib/x86_64-linux-gnu:/opt/ros/humble/lib:/usr/lib/x86_64-linux-gnu/gazebo-11/plugins PYTHONPATH=/home/raven/qwerty_ws/install/moveit_task_constructor_msgs/local/lib/python3.10/dist-packages:${PYTHONPATH} /usr/bin/cmake /home/raven/qwerty_ws/src/moveit_task_constructor/core -DCMAKE_BUILD_TYPE=Release -DCMAKE_INSTALL_PREFIX=/home/raven/qwerty_ws/install/moveit_task_constructor_core
[0.018s] -- Found ament_cmake: 1.3.10 (/opt/ros/humble/share/ament_cmake/cmake)
[0.062s] -- Found Python3: /usr/bin/python3 (found version "3.10.12") found components: Interpreter 
[0.119s] -- Found Boost: /usr/lib/x86_64-linux-gnu/cmake/Boost-1.74.0/BoostConfig.cmake (found version "1.74.0")  
[0.120s] -- Found geometry_msgs: 4.2.4 (/opt/ros/humble/share/geometry_msgs/cmake)
[0.140s] -- Found rosidl_generator_c: 3.1.5 (/opt/ros/humble/share/rosidl_generator_c/cmake)
[0.142s] -- Found rosidl_adapter: 3.1.5 (/opt/ros/humble/share/rosidl_adapter/cmake)
[0.147s] -- Found rosidl_generator_cpp: 3.1.5 (/opt/ros/humble/share/rosidl_generator_cpp/cmake)
[0.155s] -- Using all available rosidl_typesupport_c: rosidl_typesupport_fastrtps_c;rosidl_typesupport_introspection_c
[0.165s] -- Using all available rosidl_typesupport_cpp: rosidl_typesupport_fastrtps_cpp;rosidl_typesupport_introspection_cpp
[0.197s] -- Found moveit_common: 2.5.5 (/opt/ros/humble/share/moveit_common/cmake)
[0.246s] -- Found moveit_core: 2.5.5 (/opt/ros/humble/share/moveit_core/cmake)
[0.259s] -- Found Boost: /usr/lib/x86_64-linux-gnu/cmake/Boost-1.74.0/BoostConfig.cmake (found version "1.74.0") found components: chrono date_time filesystem iostreams program_options regex serialization system thread 
[0.265s] -- Found parameter_traits: 0.3.8 (/opt/ros/humble/share/parameter_traits/cmake)
[0.290s] -- Found rmw_implementation_cmake: 6.1.2 (/opt/ros/humble/share/rmw_implementation_cmake/cmake)
[0.291s] -- Found rmw_fastrtps_cpp: 6.2.7 (/opt/ros/humble/share/rmw_fastrtps_cpp/cmake)
[0.374s] -- Using RMW implementation 'rmw_fastrtps_cpp' as default
[0.414s] -- Found rclcpp_lifecycle: 16.0.10 (/opt/ros/humble/share/rclcpp_lifecycle/cmake)
[0.432s] -- Found Boost: /usr/lib/x86_64-linux-gnu/cmake/Boost-1.74.0/BoostConfig.cmake (found version "1.74.0") found components: filesystem 
[0.456s] -- library: /usr/lib/x86_64-linux-gnu/libcurl.so
[0.507s] -- Ensuring Eigen3 include directory is part of orocos-kdl CMake target
[0.693s] -- Found moveit_ros_planning: 2.5.5 (/opt/ros/humble/share/moveit_ros_planning/cmake)
[0.698s] -- Found Boost: /usr/lib/x86_64-linux-gnu/cmake/Boost-1.74.0/BoostConfig.cmake (found version "1.74.0") found components: system filesystem date_time program_options thread chrono 
[0.718s] -- Found moveit_ros_planning_interface: 2.5.5 (/opt/ros/humble/share/moveit_ros_planning_interface/cmake)
[0.722s] -- Found Boost: /usr/lib/x86_64-linux-gnu/cmake/Boost-1.74.0/BoostConfig.cmake (found version "1.74.0") found components: date_time filesystem program_options system thread 
[0.733s] -- Found Boost: /usr/lib/x86_64-linux-gnu/cmake/Boost-1.74.0/BoostConfig.cmake (found version "1.74.0") found components: thread system filesystem regex date_time program_options 
[0.750s] -- Found Boost: /usr/lib/x86_64-linux-gnu/cmake/Boost-1.74.0/BoostConfig.cmake (found version "1.74.0") found components: system filesystem date_time program_options thread 
[0.774s] -- Found moveit_task_constructor_msgs: 0.1.3 (/home/raven/qwerty_ws/install/moveit_task_constructor_msgs/share/moveit_task_constructor_msgs/cmake)
[0.799s] -- Found py_binding_tools: 2.0.1 (/opt/ros/humble/share/py_binding_tools/cmake)
[0.801s] -- Found rviz_marker_tools: 0.1.3 (/home/raven/qwerty_ws/install/rviz_marker_tools/share/rviz_marker_tools/cmake)
[0.863s] -- Found Python3: /usr/bin/python3 (found version "3.10.12") found components: Interpreter Development Development.Module Development.Embed 
[0.868s] -- pybind11 v2.13.0 dev1
[0.887s] -- Found PythonInterp: /usr/bin/python3 (found suitable version "3.10.12", minimum required is "3.6") 
[0.904s] -- Found PythonLibs: /usr/lib/x86_64-linux-gnu/libpython3.10.so
[0.905s] -- Performing Test HAS_FLTO
[0.989s] -- Performing Test HAS_FLTO - Success
[0.993s] -- Found ament_cmake_pytest: 1.3.10 (/opt/ros/humble/share/ament_cmake_pytest/cmake)
[0.995s] -- Found launch_testing_ament_cmake: 1.0.6 (/opt/ros/humble/share/launch_testing_ament_cmake/cmake)
[0.996s] -- Found python_cmake_module: 0.10.0 (/opt/ros/humble/share/python_cmake_module/cmake)
[1.031s] -- Found PythonLibs: /usr/lib/x86_64-linux-gnu/libpython3.10.so (found suitable version "3.10.12", minimum required is "3.5") 
[1.031s] -- Using PYTHON_EXECUTABLE: /usr/bin/python3
[1.031s] -- Using PYTHON_INCLUDE_DIRS: /usr/include/python3.10
[1.031s] -- Using PYTHON_LIBRARIES: /usr/lib/x86_64-linux-gnu/libpython3.10.so
[1.048s] -- Found PythonExtra: .so  
[1.319s] -- Found ament_cmake_gtest: 1.3.10 (/opt/ros/humble/share/ament_cmake_gtest/cmake)
[1.321s] -- Found ament_cmake_gmock: 1.3.10 (/opt/ros/humble/share/ament_cmake_gmock/cmake)
[1.321s] -- Found launch_testing_ament_cmake: 1.0.6 (/opt/ros/humble/share/launch_testing_ament_cmake/cmake)
[1.321s] -- Found python_cmake_module: 0.10.0 (/opt/ros/humble/share/python_cmake_module/cmake)
[1.339s] -- Using PYTHON_EXECUTABLE: /usr/bin/python3
[1.339s] -- Using PYTHON_INCLUDE_DIRS: /usr/include/python3.10
[1.340s] -- Using PYTHON_LIBRARIES: /usr/lib/x86_64-linux-gnu/libpython3.10.so
[1.342s] -- Found gmock sources under '/opt/ros/humble/src/gmock_vendor': C++ tests using 'Google Mock' will be built
[1.346s] -- Found gtest sources under '/opt/ros/humble/src/gtest_vendor': C++ tests using 'Google Test' will be built
[1.366s] -- Configuring done
[1.614s] -- Generating done
[1.618s] -- Build files have been written to: /home/raven/qwerty_ws/build/moveit_task_constructor_core
[1.636s] Invoked command in '/home/raven/qwerty_ws/build/moveit_task_constructor_core' returned '0': AMENT_PREFIX_PATH=/home/raven/qwerty_ws/install/rviz_marker_tools:/home/raven/qwerty_ws/install/moveit_task_constructor_msgs:${AMENT_PREFIX_PATH} CMAKE_PREFIX_PATH=/home/raven/qwerty_ws/install/rviz_marker_tools:/opt/ros/humble:/home/raven/qwerty_ws/install/moveit_task_constructor_msgs:${CMAKE_PREFIX_PATH} LD_LIBRARY_PATH=/home/raven/qwerty_ws/install/rviz_marker_tools/lib:/home/raven/qwerty_ws/install/moveit_task_constructor_msgs/lib:/usr/lib/x86_64-linux-gnu/gazebo-11/plugins:/opt/ros/humble/opt/rviz_ogre_vendor/lib:/opt/ros/humble/lib/x86_64-linux-gnu:/opt/ros/humble/lib:/usr/lib/x86_64-linux-gnu/gazebo-11/plugins PYTHONPATH=/home/raven/qwerty_ws/install/moveit_task_constructor_msgs/local/lib/python3.10/dist-packages:${PYTHONPATH} /usr/bin/cmake /home/raven/qwerty_ws/src/moveit_task_constructor/core -DCMAKE_BUILD_TYPE=Release -DCMAKE_INSTALL_PREFIX=/home/raven/qwerty_ws/install/moveit_task_constructor_core
[1.637s] Invoking command in '/home/raven/qwerty_ws/build/moveit_task_constructor_core': AMENT_PREFIX_PATH=/home/raven/qwerty_ws/install/rviz_marker_tools:/home/raven/qwerty_ws/install/moveit_task_constructor_msgs:${AMENT_PREFIX_PATH} CMAKE_PREFIX_PATH=/home/raven/qwerty_ws/install/rviz_marker_tools:/opt/ros/humble:/home/raven/qwerty_ws/install/moveit_task_constructor_msgs:${CMAKE_PREFIX_PATH} LD_LIBRARY_PATH=/home/raven/qwerty_ws/install/rviz_marker_tools/lib:/home/raven/qwerty_ws/install/moveit_task_constructor_msgs/lib:/usr/lib/x86_64-linux-gnu/gazebo-11/plugins:/opt/ros/humble/opt/rviz_ogre_vendor/lib:/opt/ros/humble/lib/x86_64-linux-gnu:/opt/ros/humble/lib:/usr/lib/x86_64-linux-gnu/gazebo-11/plugins PYTHONPATH=/home/raven/qwerty_ws/install/moveit_task_constructor_msgs/local/lib/python3.10/dist-packages:${PYTHONPATH} /usr/bin/cmake --build /home/raven/qwerty_ws/build/moveit_task_constructor_core -- -j8 -l8
[1.682s] [  1%] [32mBuilding CXX object gtest/CMakeFiles/gtest_main.dir/src/gtest_main.cc.o[0m
[1.682s] [  3%] [32mBuilding CXX object gmock/CMakeFiles/gmock.dir/src/gmock-all.cc.o[0m
[1.682s] [  2%] [32mBuilding CXX object gmock/CMakeFiles/gmock.dir/opt/ros/humble/src/gtest_vendor/src/gtest-all.cc.o[0m
[1.685s] [  4%] [32mBuilding CXX object src/CMakeFiles/moveit_task_constructor_core.dir/container.cpp.o[0m
[1.687s] [  5%] [32mBuilding CXX object src/CMakeFiles/moveit_task_constructor_core.dir/cost_terms.cpp.o[0m
[1.687s] [  7%] [32mBuilding CXX object gtest/CMakeFiles/gtest.dir/src/gtest-all.cc.o[0m
[1.690s] [  7%] Built target ament_cmake_python_copy_moveit
[1.691s] [  8%] [32mBuilding CXX object gmock/CMakeFiles/gmock_main.dir/src/gmock_main.cc.o[0m
[2.108s] running egg_info
[2.108s] creating moveit.egg-info
[2.109s] writing moveit.egg-info/PKG-INFO
[2.112s] writing dependency_links to moveit.egg-info/dependency_links.txt
[2.112s] writing top-level names to moveit.egg-info/top_level.txt
[2.113s] writing manifest file 'moveit.egg-info/SOURCES.txt'
[2.114s] reading manifest file 'moveit.egg-info/SOURCES.txt'
[2.114s] writing manifest file 'moveit.egg-info/SOURCES.txt'
[2.159s] [  8%] Built target ament_cmake_python_build_moveit_egg
[2.169s] [  9%] [32mBuilding CXX object src/CMakeFiles/moveit_task_constructor_core.dir/introspection.cpp.o[0m
[3.092s] [ 10%] [32m[1mLinking CXX static library libgtest_main.a[0m
[3.176s] [ 10%] Built target gtest_main
[3.189s] [ 11%] [32mBuilding CXX object src/CMakeFiles/moveit_task_constructor_core.dir/marker_tools.cpp.o[0m
[3.627s] [ 12%] [32m[1mLinking CXX static library libgmock_main.a[0m
[3.697s] [ 12%] Built target gmock_main
[3.717s] [ 14%] [32mBuilding CXX object src/CMakeFiles/moveit_task_constructor_core.dir/merge.cpp.o[0m
[6.577s] [ 15%] [32mBuilding CXX object src/CMakeFiles/moveit_task_constructor_core.dir/properties.cpp.o[0m
[9.955s] [ 16%] [32mBuilding CXX object src/CMakeFiles/moveit_task_constructor_core.dir/stage.cpp.o[0m
[13.318s] [ 17%] [32m[1mLinking CXX static library libgtest.a[0m
[13.349s] [ 18%] [32m[1mLinking CXX static library libgmock.a[0m
[13.394s] [ 18%] Built target gtest
[13.405s] [ 20%] [32mBuilding CXX object src/CMakeFiles/moveit_task_constructor_core.dir/storage.cpp.o[0m
[13.439s] [ 20%] Built target gmock
[13.450s] [ 21%] [32mBuilding CXX object src/CMakeFiles/moveit_task_constructor_core.dir/task.cpp.o[0m
[14.071s] [ 22%] [32mBuilding CXX object src/CMakeFiles/moveit_task_constructor_core.dir/utils.cpp.o[0m
[15.740s] [ 23%] [32mBuilding CXX object src/CMakeFiles/moveit_task_constructor_core.dir/solvers/planner_interface.cpp.o[0m
[16.438s] [ 24%] [32mBuilding CXX object src/CMakeFiles/moveit_task_constructor_core.dir/solvers/cartesian_path.cpp.o[0m
[21.181s] [ 25%] [32mBuilding CXX object src/CMakeFiles/moveit_task_constructor_core.dir/solvers/joint_interpolation.cpp.o[0m
[24.834s] [ 27%] [32mBuilding CXX object src/CMakeFiles/moveit_task_constructor_core.dir/solvers/pipeline_planner.cpp.o[0m
[26.030s] [ 28%] [32mBuilding CXX object src/CMakeFiles/moveit_task_constructor_core.dir/solvers/multi_planner.cpp.o[0m
[40.140s] [ 29%] [32m[1mLinking CXX shared library libmoveit_task_constructor_core.so[0m
[40.382s] [ 29%] Built target moveit_task_constructor_core
[40.399s] [ 32%] [32mBuilding CXX object test/CMakeFiles/gtest_utils.dir/gtest_value_printers.cpp.o[0m
[40.399s] [ 32%] [32mBuilding CXX object test/CMakeFiles/gtest_utils.dir/models.cpp.o[0m
[40.399s] [ 32%] [32mBuilding CXX object src/stages/CMakeFiles/moveit_task_constructor_core_stages.dir/fix_collision_objects.cpp.o[0m
[40.399s] [ 35%] [32mBuilding CXX object src/stages/CMakeFiles/moveit_task_constructor_core_stages.dir/modify_planning_scene.cpp.o[0m
[40.399s] [ 36%] [32mBuilding CXX object test/CMakeFiles/gtest_utils.dir/stage_mockups.cpp.o[0m
[40.400s] [ 36%] [32mBuilding CXX object src/stages/CMakeFiles/moveit_task_constructor_core_stages.dir/current_state.cpp.o[0m
[40.400s] [ 37%] [32mBuilding CXX object src/stages/CMakeFiles/moveit_task_constructor_core_stages.dir/fixed_state.cpp.o[0m
[40.400s] [ 38%] [32mBuilding CXX object src/stages/CMakeFiles/moveit_task_constructor_core_stages.dir/fixed_cartesian_poses.cpp.o[0m
[47.519s] [ 40%] [32mBuilding CXX object src/stages/CMakeFiles/moveit_task_constructor_core_stages.dir/generate_pose.cpp.o[0m
[48.815s] [ 41%] [32mBuilding CXX object src/stages/CMakeFiles/moveit_task_constructor_core_stages.dir/generate_random_pose.cpp.o[0m
[53.037s] [ 42%] [32mBuilding CXX object src/stages/CMakeFiles/moveit_task_constructor_core_stages.dir/generate_grasp_pose.cpp.o[0m
[53.972s] [ 43%] [32mBuilding CXX object src/stages/CMakeFiles/moveit_task_constructor_core_stages.dir/generate_place_pose.cpp.o[0m
[54.553s] [ 44%] [32mBuilding CXX object src/stages/CMakeFiles/moveit_task_constructor_core_stages.dir/compute_ik.cpp.o[0m
[54.852s] [ 45%] [32m[1mLinking CXX shared library libgtest_utils.so[0m
[55.151s] [ 45%] Built target gtest_utils
[55.161s] [ 47%] [32mBuilding CXX object src/stages/CMakeFiles/moveit_task_constructor_core_stages.dir/passthrough.cpp.o[0m
[55.481s] [ 48%] [32mBuilding CXX object src/stages/CMakeFiles/moveit_task_constructor_core_stages.dir/predicate_filter.cpp.o[0m
[58.006s] [ 49%] [32mBuilding CXX object src/stages/CMakeFiles/moveit_task_constructor_core_stages.dir/connect.cpp.o[0m
[60.902s] [ 50%] [32mBuilding CXX object src/stages/CMakeFiles/moveit_task_constructor_core_stages.dir/move_to.cpp.o[0m
[64.487s] [ 51%] [32mBuilding CXX object src/stages/CMakeFiles/moveit_task_constructor_core_stages.dir/move_relative.cpp.o[0m
[64.759s] [ 52%] [32mBuilding CXX object src/stages/CMakeFiles/moveit_task_constructor_core_stages.dir/simple_grasp.cpp.o[0m
[67.475s] [ 54%] [32mBuilding CXX object src/stages/CMakeFiles/moveit_task_constructor_core_stages.dir/pick.cpp.o[0m
[83.845s] [ 55%] [32m[1mLinking CXX shared library libmoveit_task_constructor_core_stages.so[0m
[84.073s] [ 55%] Built target moveit_task_constructor_core_stages
[84.097s] [ 62%] [32mBuilding CXX object test/CMakeFiles/moveit_task_constructor_core-test-serial.dir/test_serial.cpp.o[0m
[84.098s] [ 62%] [32mBuilding CXX object test/CMakeFiles/moveit_task_constructor_core-test-pruning.dir/test_pruning.cpp.o[0m
[84.098s] [ 62%] [32mBuilding CXX object src/stages/CMakeFiles/moveit_task_constructor_core_stage_plugins.dir/plugins.cpp.o[0m
[84.098s] [ 62%] [32mBuilding CXX object python/bindings/CMakeFiles/pymoveit_mtc.dir/src/properties.cpp.o[0m
[84.098s] [ 62%] [32mBuilding CXX object test/CMakeFiles/moveit_task_constructor_core-test-mockups.dir/test_mockups.cpp.o[0m
[84.098s] [ 62%] [32mBuilding CXX object test/CMakeFiles/moveit_task_constructor_core-test-stage.dir/test_stage.cpp.o[0m
[84.098s] [ 63%] [32mBuilding CXX object test/CMakeFiles/moveit_task_constructor_core-test-container.dir/test_container.cpp.o[0m
[84.099s] [ 64%] [32mBuilding CXX object test/CMakeFiles/moveit_task_constructor_core-test-properties.dir/test_properties.cpp.o[0m
[87.443s] [ 65%] [32m[1mLinking CXX shared library libmoveit_task_constructor_core_stage_plugins.so[0m
[87.723s] [ 65%] Built target moveit_task_constructor_core_stage_plugins
[87.734s] [ 67%] [32mBuilding CXX object python/bindings/CMakeFiles/pymoveit_mtc.dir/src/solvers.cpp.o[0m
[88.328s] [ 68%] [32m[1mLinking CXX executable moveit_task_constructor_core-test-properties[0m
[88.801s] [ 68%] Built target moveit_task_constructor_core-test-properties
[88.812s] [ 69%] [32mBuilding CXX object python/bindings/CMakeFiles/pymoveit_mtc.dir/src/core.cpp.o[0m
[94.293s] [ 70%] [32mBuilding CXX object test/CMakeFiles/moveit_task_constructor_core-test-cost-terms.dir/test_cost_terms.cpp.o[0m
[99.205s] [ 71%] [32mBuilding CXX object test/CMakeFiles/moveit_task_constructor_core-test-fallback.dir/test_fallback.cpp.o[0m
[99.627s] [ 72%] [32m[1mLinking CXX executable moveit_task_constructor_core-test-stage[0m
[99.771s] [ 74%] [32m[1mLinking CXX executable moveit_task_constructor_core-test-pruning[0m
[100.015s] [ 75%] [32m[1mLinking CXX executable moveit_task_constructor_core-test-serial[0m
[100.206s] [ 75%] Built target moveit_task_constructor_core-test-stage
[100.235s] [ 76%] [32mBuilding CXX object test/CMakeFiles/moveit_task_constructor_core-test-cost-queue.dir/test_cost_queue.cpp.o[0m
[100.246s] [ 76%] Built target moveit_task_constructor_core-test-pruning
[100.257s] [ 77%] [32mBuilding CXX object python/bindings/CMakeFiles/pymoveit_mtc.dir/src/stages.cpp.o[0m
[100.490s] [ 77%] Built target moveit_task_constructor_core-test-serial
[100.501s] [ 78%] [32mBuilding CXX object python/bindings/CMakeFiles/pymoveit_mtc.dir/src/module.cpp.o[0m
[100.854s] [ 80%] [32m[1mLinking CXX executable moveit_task_constructor_core-test-mockups[0m
[101.380s] [ 80%] Built target moveit_task_constructor_core-test-mockups
[101.409s] [ 81%] [32mBuilding CXX object test/CMakeFiles/moveit_task_constructor_core-test-interface-state.dir/test_interface_state.cpp.o[0m
[103.618s] [ 82%] [32m[1mLinking CXX executable moveit_task_constructor_core-test-container[0m
[103.922s] [ 83%] [32mBuilding CXX object test/CMakeFiles/moveit_task_constructor_core-test-move-to.dir/test_move_to.cpp.o[0m
[104.176s] [ 83%] Built target moveit_task_constructor_core-test-container
[104.204s] [ 84%] [32mBuilding CXX object test/CMakeFiles/moveit_task_constructor_core-test-move-relative.dir/test_move_relative.cpp.o[0m
[107.289s] [ 85%] [32m[1mLinking CXX executable moveit_task_constructor_core-test-cost-queue[0m
[107.767s] [ 85%] Built target moveit_task_constructor_core-test-cost-queue
[107.798s] [ 87%] [32mBuilding CXX object test/CMakeFiles/pick_ur5.dir/pick_ur5.cpp.o[0m
[111.886s] [ 88%] [32m[1mLinking CXX executable moveit_task_constructor_core-test-cost-terms[0m
[112.544s] [ 88%] Built target moveit_task_constructor_core-test-cost-terms
[112.571s] [ 89%] [32mBuilding CXX object test/CMakeFiles/pick_pr2.dir/pick_pr2.cpp.o[0m
[115.844s] [ 90%] [32m[1mLinking CXX executable moveit_task_constructor_core-test-interface-state[0m
[116.403s] [ 90%] Built target moveit_task_constructor_core-test-interface-state
[116.432s] [ 91%] [32mBuilding CXX object test/CMakeFiles/pick_pa10.dir/pick_pa10.cpp.o[0m
[117.386s] [ 92%] [32m[1mLinking CXX executable moveit_task_constructor_core-test-fallback[0m
[117.942s] [ 92%] Built target moveit_task_constructor_core-test-fallback
[119.693s] [ 94%] [32m[1mLinking CXX executable moveit_task_constructor_core-test-move-relative[0m
[120.194s] [ 94%] Built target moveit_task_constructor_core-test-move-relative
[120.445s] [ 95%] [32m[1mLinking CXX executable moveit_task_constructor_core-test-move-to[0m
[120.799s] [ 95%] Built target moveit_task_constructor_core-test-move-to
[121.501s] [ 96%] [32m[1mLinking CXX executable pick_ur5[0m
[121.794s] [ 96%] Built target pick_ur5
[122.096s] [ 97%] [32m[1mLinking CXX shared module pymoveit_mtc.cpython-310-x86_64-linux-gnu.so[0m
[123.275s] [ 98%] [32m[1mLinking CXX executable pick_pr2[0m
[123.556s] [ 98%] Built target pick_pr2
[123.788s] lto-wrapper: warning: using serial compilation of 12 LTRANS jobs
[127.698s] [100%] [32m[1mLinking CXX executable pick_pa10[0m
[127.979s] [100%] Built target pick_pa10
[133.860s] [100%] Built target pymoveit_mtc
[133.869s] Invoked command in '/home/raven/qwerty_ws/build/moveit_task_constructor_core' returned '0': AMENT_PREFIX_PATH=/home/raven/qwerty_ws/install/rviz_marker_tools:/home/raven/qwerty_ws/install/moveit_task_constructor_msgs:${AMENT_PREFIX_PATH} CMAKE_PREFIX_PATH=/home/raven/qwerty_ws/install/rviz_marker_tools:/opt/ros/humble:/home/raven/qwerty_ws/install/moveit_task_constructor_msgs:${CMAKE_PREFIX_PATH} LD_LIBRARY_PATH=/home/raven/qwerty_ws/install/rviz_marker_tools/lib:/home/raven/qwerty_ws/install/moveit_task_constructor_msgs/lib:/usr/lib/x86_64-linux-gnu/gazebo-11/plugins:/opt/ros/humble/opt/rviz_ogre_vendor/lib:/opt/ros/humble/lib/x86_64-linux-gnu:/opt/ros/humble/lib:/usr/lib/x86_64-linux-gnu/gazebo-11/plugins PYTHONPATH=/home/raven/qwerty_ws/install/moveit_task_constructor_msgs/local/lib/python3.10/dist-packages:${PYTHONPATH} /usr/bin/cmake --build /home/raven/qwerty_ws/build/moveit_task_constructor_core -- -j8 -l8
[133.895s] Invoking command in '/home/raven/qwerty_ws/build/moveit_task_constructor_core': AMENT_PREFIX_PATH=/home/raven/qwerty_ws/install/rviz_marker_tools:/home/raven/qwerty_ws/install/moveit_task_constructor_msgs:${AMENT_PREFIX_PATH} CMAKE_PREFIX_PATH=/home/raven/qwerty_ws/install/rviz_marker_tools:/opt/ros/humble:/home/raven/qwerty_ws/install/moveit_task_constructor_msgs:${CMAKE_PREFIX_PATH} LD_LIBRARY_PATH=/home/raven/qwerty_ws/install/rviz_marker_tools/lib:/home/raven/qwerty_ws/install/moveit_task_constructor_msgs/lib:/usr/lib/x86_64-linux-gnu/gazebo-11/plugins:/opt/ros/humble/opt/rviz_ogre_vendor/lib:/opt/ros/humble/lib/x86_64-linux-gnu:/opt/ros/humble/lib:/usr/lib/x86_64-linux-gnu/gazebo-11/plugins PYTHONPATH=/home/raven/qwerty_ws/install/moveit_task_constructor_msgs/local/lib/python3.10/dist-packages:${PYTHONPATH} /usr/bin/cmake --install /home/raven/qwerty_ws/build/moveit_task_constructor_core
[133.900s] -- Install configuration: "Release"
[133.901s] -- Installing: /home/raven/qwerty_ws/install/moveit_task_constructor_core/share/moveit_task_constructor_core/environment/pythonpath.sh
[133.901s] -- Installing: /home/raven/qwerty_ws/install/moveit_task_constructor_core/share/moveit_task_constructor_core/environment/pythonpath.dsv
[133.901s] -- Installing: /home/raven/qwerty_ws/install/moveit_task_constructor_core/local/lib/python3.10/dist-packages/moveit-0.1.3-py3.10.egg-info
[133.901s] -- Installing: /home/raven/qwerty_ws/install/moveit_task_constructor_core/local/lib/python3.10/dist-packages/moveit-0.1.3-py3.10.egg-info/top_level.txt
[133.901s] -- Installing: /home/raven/qwerty_ws/install/moveit_task_constructor_core/local/lib/python3.10/dist-packages/moveit-0.1.3-py3.10.egg-info/dependency_links.txt
[133.901s] -- Installing: /home/raven/qwerty_ws/install/moveit_task_constructor_core/local/lib/python3.10/dist-packages/moveit-0.1.3-py3.10.egg-info/SOURCES.txt
[133.901s] -- Installing: /home/raven/qwerty_ws/install/moveit_task_constructor_core/local/lib/python3.10/dist-packages/moveit-0.1.3-py3.10.egg-info/PKG-INFO
[133.901s] -- Installing: /home/raven/qwerty_ws/install/moveit_task_constructor_core/local/lib/python3.10/dist-packages/moveit
[133.901s] -- Installing: /home/raven/qwerty_ws/install/moveit_task_constructor_core/local/lib/python3.10/dist-packages/moveit/task_constructor
[133.901s] -- Installing: /home/raven/qwerty_ws/install/moveit_task_constructor_core/local/lib/python3.10/dist-packages/moveit/task_constructor/core.py
[133.901s] -- Installing: /home/raven/qwerty_ws/install/moveit_task_constructor_core/local/lib/python3.10/dist-packages/moveit/task_constructor/stages.py
[133.901s] -- Installing: /home/raven/qwerty_ws/install/moveit_task_constructor_core/local/lib/python3.10/dist-packages/moveit/task_constructor/__init__.py
[133.901s] -- Installing: /home/raven/qwerty_ws/install/moveit_task_constructor_core/local/lib/python3.10/dist-packages/moveit/__init__.py
[133.927s] Listing '/home/raven/qwerty_ws/install/moveit_task_constructor_core/local/lib/python3.10/dist-packages/moveit'...
[133.927s] Compiling '/home/raven/qwerty_ws/install/moveit_task_constructor_core/local/lib/python3.10/dist-packages/moveit/__init__.py'...
[133.927s] Listing '/home/raven/qwerty_ws/install/moveit_task_constructor_core/local/lib/python3.10/dist-packages/moveit/task_constructor'...
[133.927s] Compiling '/home/raven/qwerty_ws/install/moveit_task_constructor_core/local/lib/python3.10/dist-packages/moveit/task_constructor/__init__.py'...
[133.927s] Compiling '/home/raven/qwerty_ws/install/moveit_task_constructor_core/local/lib/python3.10/dist-packages/moveit/task_constructor/core.py'...
[133.927s] Compiling '/home/raven/qwerty_ws/install/moveit_task_constructor_core/local/lib/python3.10/dist-packages/moveit/task_constructor/stages.py'...
[133.930s] -- Installing: /home/raven/qwerty_ws/install/moveit_task_constructor_core/include
[133.931s] -- Installing: /home/raven/qwerty_ws/install/moveit_task_constructor_core/include/moveit
[133.931s] -- Installing: /home/raven/qwerty_ws/install/moveit_task_constructor_core/include/moveit/python
[133.931s] -- Installing: /home/raven/qwerty_ws/install/moveit_task_constructor_core/include/moveit/python/task_constructor
[133.931s] -- Installing: /home/raven/qwerty_ws/install/moveit_task_constructor_core/include/moveit/python/task_constructor/properties.h
[133.931s] -- Installing: /home/raven/qwerty_ws/install/moveit_task_constructor_core/include/moveit/task_constructor
[133.931s] -- Installing: /home/raven/qwerty_ws/install/moveit_task_constructor_core/include/moveit/task_constructor/marker_tools.h
[133.931s] -- Installing: /home/raven/qwerty_ws/install/moveit_task_constructor_core/include/moveit/task_constructor/task.h
[133.931s] -- Installing: /home/raven/qwerty_ws/install/moveit_task_constructor_core/include/moveit/task_constructor/stage.h
[133.931s] -- Installing: /home/raven/qwerty_ws/install/moveit_task_constructor_core/include/moveit/task_constructor/type_traits.h
[133.931s] -- Installing: /home/raven/qwerty_ws/install/moveit_task_constructor_core/include/moveit/task_constructor/utils.h
[133.931s] -- Installing: /home/raven/qwerty_ws/install/moveit_task_constructor_core/include/moveit/task_constructor/cost_queue.h
[133.931s] -- Installing: /home/raven/qwerty_ws/install/moveit_task_constructor_core/include/moveit/task_constructor/properties.h
[133.931s] -- Installing: /home/raven/qwerty_ws/install/moveit_task_constructor_core/include/moveit/task_constructor/merge.h
[133.931s] -- Installing: /home/raven/qwerty_ws/install/moveit_task_constructor_core/include/moveit/task_constructor/solvers
[133.931s] -- Installing: /home/raven/qwerty_ws/install/moveit_task_constructor_core/include/moveit/task_constructor/solvers/joint_interpolation.h
[133.931s] -- Installing: /home/raven/qwerty_ws/install/moveit_task_constructor_core/include/moveit/task_constructor/solvers/planner_interface.h
[133.931s] -- Installing: /home/raven/qwerty_ws/install/moveit_task_constructor_core/include/moveit/task_constructor/solvers/pipeline_planner.h
[133.932s] -- Installing: /home/raven/qwerty_ws/install/moveit_task_constructor_core/include/moveit/task_constructor/solvers/multi_planner.h
[133.932s] -- Installing: /home/raven/qwerty_ws/install/moveit_task_constructor_core/include/moveit/task_constructor/solvers/cartesian_path.h
[133.932s] -- Installing: /home/raven/qwerty_ws/install/moveit_task_constructor_core/include/moveit/task_constructor/stages
[133.932s] -- Installing: /home/raven/qwerty_ws/install/moveit_task_constructor_core/include/moveit/task_constructor/stages/current_state.h
[133.932s] -- Installing: /home/raven/qwerty_ws/install/moveit_task_constructor_core/include/moveit/task_constructor/stages/generate_grasp_pose.h
[133.932s] -- Installing: /home/raven/qwerty_ws/install/moveit_task_constructor_core/include/moveit/task_constructor/stages/predicate_filter.h
[133.932s] -- Installing: /home/raven/qwerty_ws/install/moveit_task_constructor_core/include/moveit/task_constructor/stages/passthrough.h
[133.932s] -- Installing: /home/raven/qwerty_ws/install/moveit_task_constructor_core/include/moveit/task_constructor/stages/fixed_cartesian_poses.h
[133.932s] -- Installing: /home/raven/qwerty_ws/install/moveit_task_constructor_core/include/moveit/task_constructor/stages/move_to.h
[133.932s] -- Installing: /home/raven/qwerty_ws/install/moveit_task_constructor_core/include/moveit/task_constructor/stages/fixed_state.h
[133.932s] -- Installing: /home/raven/qwerty_ws/install/moveit_task_constructor_core/include/moveit/task_constructor/stages/generate_place_pose.h
[133.932s] -- Installing: /home/raven/qwerty_ws/install/moveit_task_constructor_core/include/moveit/task_constructor/stages/generate_random_pose.h
[133.932s] -- Installing: /home/raven/qwerty_ws/install/moveit_task_constructor_core/include/moveit/task_constructor/stages/move_relative.h
[133.932s] -- Installing: /home/raven/qwerty_ws/install/moveit_task_constructor_core/include/moveit/task_constructor/stages/connect.h
[133.932s] -- Installing: /home/raven/qwerty_ws/install/moveit_task_constructor_core/include/moveit/task_constructor/stages/compute_ik.h
[133.933s] -- Installing: /home/raven/qwerty_ws/install/moveit_task_constructor_core/include/moveit/task_constructor/stages/fix_collision_objects.h
[133.933s] -- Installing: /home/raven/qwerty_ws/install/moveit_task_constructor_core/include/moveit/task_constructor/stages/noop.h
[133.933s] -- Installing: /home/raven/qwerty_ws/install/moveit_task_constructor_core/include/moveit/task_constructor/stages/modify_planning_scene.h
[133.933s] -- Installing: /home/raven/qwerty_ws/install/moveit_task_constructor_core/include/moveit/task_constructor/stages/generate_pose.h
[133.933s] -- Installing: /home/raven/qwerty_ws/install/moveit_task_constructor_core/include/moveit/task_constructor/stages/pick.h
[133.933s] -- Installing: /home/raven/qwerty_ws/install/moveit_task_constructor_core/include/moveit/task_constructor/stages/simple_grasp.h
[133.933s] -- Installing: /home/raven/qwerty_ws/install/moveit_task_constructor_core/include/moveit/task_constructor/cost_terms.h
[133.933s] -- Installing: /home/raven/qwerty_ws/install/moveit_task_constructor_core/include/moveit/task_constructor/container.h
[133.933s] -- Installing: /home/raven/qwerty_ws/install/moveit_task_constructor_core/include/moveit/task_constructor/stages.h
[133.933s] -- Installing: /home/raven/qwerty_ws/install/moveit_task_constructor_core/include/moveit/task_constructor/trajectory_execution_info.h
[133.933s] -- Installing: /home/raven/qwerty_ws/install/moveit_task_constructor_core/include/moveit/task_constructor/moveit_compat.h
[133.933s] -- Installing: /home/raven/qwerty_ws/install/moveit_task_constructor_core/include/moveit/task_constructor/storage.h
[133.933s] -- Installing: /home/raven/qwerty_ws/install/moveit_task_constructor_core/include/moveit/task_constructor/solvers.h
[133.933s] -- Installing: /home/raven/qwerty_ws/install/moveit_task_constructor_core/include/moveit/task_constructor/introspection.h
[133.933s] -- Installing: /home/raven/qwerty_ws/install/moveit_task_constructor_core/share/moveit_task_constructor_core/motion_planning_stages_plugin_description.xml
[133.934s] -- Installing: /home/raven/qwerty_ws/install/moveit_task_constructor_core/share/moveit_task_constructor_core/environment/library_path.sh
[133.934s] -- Installing: /home/raven/qwerty_ws/install/moveit_task_constructor_core/share/moveit_task_constructor_core/environment/library_path.dsv
[133.934s] -- Installing: /home/raven/qwerty_ws/install/moveit_task_constructor_core/share/ament_index/resource_index/package_run_dependencies/moveit_task_constructor_core
[133.934s] -- Installing: /home/raven/qwerty_ws/install/moveit_task_constructor_core/share/ament_index/resource_index/parent_prefix_path/moveit_task_constructor_core
[133.934s] -- Installing: /home/raven/qwerty_ws/install/moveit_task_constructor_core/share/moveit_task_constructor_core/environment/ament_prefix_path.sh
[133.934s] -- Installing: /home/raven/qwerty_ws/install/moveit_task_constructor_core/share/moveit_task_constructor_core/environment/ament_prefix_path.dsv
[133.934s] -- Installing: /home/raven/qwerty_ws/install/moveit_task_constructor_core/share/moveit_task_constructor_core/environment/path.sh
[133.934s] -- Installing: /home/raven/qwerty_ws/install/moveit_task_constructor_core/share/moveit_task_constructor_core/environment/path.dsv
[133.934s] -- Installing: /home/raven/qwerty_ws/install/moveit_task_constructor_core/share/moveit_task_constructor_core/local_setup.bash
[133.934s] -- Installing: /home/raven/qwerty_ws/install/moveit_task_constructor_core/share/moveit_task_constructor_core/local_setup.sh
[133.934s] -- Installing: /home/raven/qwerty_ws/install/moveit_task_constructor_core/share/moveit_task_constructor_core/local_setup.zsh
[133.935s] -- Installing: /home/raven/qwerty_ws/install/moveit_task_constructor_core/share/moveit_task_constructor_core/local_setup.dsv
[133.935s] -- Installing: /home/raven/qwerty_ws/install/moveit_task_constructor_core/share/moveit_task_constructor_core/package.dsv
[133.935s] -- Installing: /home/raven/qwerty_ws/install/moveit_task_constructor_core/share/ament_index/resource_index/packages/moveit_task_constructor_core
[133.935s] -- Installing: /home/raven/qwerty_ws/install/moveit_task_constructor_core/share/ament_index/resource_index/moveit_task_constructor_core__pluginlib__plugin/moveit_task_constructor_core
[133.935s] -- Installing: /home/raven/qwerty_ws/install/moveit_task_constructor_core/share/moveit_task_constructor_core/cmake/moveit_task_constructor_coreTargetsExport.cmake
[133.935s] -- Installing: /home/raven/qwerty_ws/install/moveit_task_constructor_core/share/moveit_task_constructor_core/cmake/moveit_task_constructor_coreTargetsExport-release.cmake
[133.935s] -- Installing: /home/raven/qwerty_ws/install/moveit_task_constructor_core/share/moveit_task_constructor_core/cmake/ament_cmake_export_targets-extras.cmake
[133.935s] -- Installing: /home/raven/qwerty_ws/install/moveit_task_constructor_core/share/moveit_task_constructor_core/cmake/ament_cmake_export_dependencies-extras.cmake
[133.935s] -- Installing: /home/raven/qwerty_ws/install/moveit_task_constructor_core/share/moveit_task_constructor_core/cmake/moveit_task_constructor_coreConfig.cmake
[133.935s] -- Installing: /home/raven/qwerty_ws/install/moveit_task_constructor_core/share/moveit_task_constructor_core/cmake/moveit_task_constructor_coreConfig-version.cmake
[133.935s] -- Installing: /home/raven/qwerty_ws/install/moveit_task_constructor_core/share/moveit_task_constructor_core/package.xml
[133.936s] -- Installing: /home/raven/qwerty_ws/install/moveit_task_constructor_core/lib/libmoveit_task_constructor_core.so
[133.937s] -- Set runtime path of "/home/raven/qwerty_ws/install/moveit_task_constructor_core/lib/libmoveit_task_constructor_core.so" to ""
[133.937s] -- Installing: /home/raven/qwerty_ws/install/moveit_task_constructor_core/lib/libmoveit_task_constructor_core_stages.so
[133.938s] -- Set runtime path of "/home/raven/qwerty_ws/install/moveit_task_constructor_core/lib/libmoveit_task_constructor_core_stages.so" to ""
[133.938s] -- Installing: /home/raven/qwerty_ws/install/moveit_task_constructor_core/lib/libmoveit_task_constructor_core_stage_plugins.so
[133.938s] -- Set runtime path of "/home/raven/qwerty_ws/install/moveit_task_constructor_core/lib/libmoveit_task_constructor_core_stage_plugins.so" to ""
[133.938s] -- Installing: /home/raven/qwerty_ws/install/moveit_task_constructor_core/include/moveit/python/pybind11
[133.938s] -- Installing: /home/raven/qwerty_ws/install/moveit_task_constructor_core/include/moveit/python/pybind11/type_caster_pyobject_ptr.h
[133.938s] -- Installing: /home/raven/qwerty_ws/install/moveit_task_constructor_core/include/moveit/python/pybind11/detail
[133.939s] -- Installing: /home/raven/qwerty_ws/install/moveit_task_constructor_core/include/moveit/python/pybind11/detail/init.h
[133.939s] -- Installing: /home/raven/qwerty_ws/install/moveit_task_constructor_core/include/moveit/python/pybind11/detail/dynamic_raw_ptr_cast_if_possible.h
[133.939s] -- Installing: /home/raven/qwerty_ws/install/moveit_task_constructor_core/include/moveit/python/pybind11/detail/internals.h
[133.939s] -- Installing: /home/raven/qwerty_ws/install/moveit_task_constructor_core/include/moveit/python/pybind11/detail/class.h
[133.939s] -- Installing: /home/raven/qwerty_ws/install/moveit_task_constructor_core/include/moveit/python/pybind11/detail/typeid.h
[133.939s] -- Installing: /home/raven/qwerty_ws/install/moveit_task_constructor_core/include/moveit/python/pybind11/detail/type_caster_odr_guard.h
[133.939s] -- Installing: /home/raven/qwerty_ws/install/moveit_task_constructor_core/include/moveit/python/pybind11/detail/type_caster_base.h
[133.939s] -- Installing: /home/raven/qwerty_ws/install/moveit_task_constructor_core/include/moveit/python/pybind11/detail/common.h
[133.939s] -- Installing: /home/raven/qwerty_ws/install/moveit_task_constructor_core/include/moveit/python/pybind11/detail/smart_holder_type_casters.h
[133.939s] -- Installing: /home/raven/qwerty_ws/install/moveit_task_constructor_core/include/moveit/python/pybind11/detail/smart_holder_poc.h
[133.939s] -- Installing: /home/raven/qwerty_ws/install/moveit_task_constructor_core/include/moveit/python/pybind11/detail/smart_holder_sfinae_hooks_only.h
[133.939s] -- Installing: /home/raven/qwerty_ws/install/moveit_task_constructor_core/include/moveit/python/pybind11/detail/descr.h
[133.939s] -- Installing: /home/raven/qwerty_ws/install/moveit_task_constructor_core/include/moveit/python/pybind11/embed.h
[133.939s] -- Installing: /home/raven/qwerty_ws/install/moveit_task_constructor_core/include/moveit/python/pybind11/attr.h
[133.940s] -- Installing: /home/raven/qwerty_ws/install/moveit_task_constructor_core/include/moveit/python/pybind11/eigen.h
[133.940s] -- Installing: /home/raven/qwerty_ws/install/moveit_task_constructor_core/include/moveit/python/pybind11/options.h
[133.940s] -- Installing: /home/raven/qwerty_ws/install/moveit_task_constructor_core/include/moveit/python/pybind11/pytypes.h
[133.940s] -- Installing: /home/raven/qwerty_ws/install/moveit_task_constructor_core/include/moveit/python/pybind11/eigen
[133.940s] -- Installing: /home/raven/qwerty_ws/install/moveit_task_constructor_core/include/moveit/python/pybind11/eigen/matrix.h
[133.940s] -- Installing: /home/raven/qwerty_ws/install/moveit_task_constructor_core/include/moveit/python/pybind11/eigen/tensor.h
[133.940s] -- Installing: /home/raven/qwerty_ws/install/moveit_task_constructor_core/include/moveit/python/pybind11/eigen/common.h
[133.940s] -- Installing: /home/raven/qwerty_ws/install/moveit_task_constructor_core/include/moveit/python/pybind11/stl
[133.940s] -- Installing: /home/raven/qwerty_ws/install/moveit_task_constructor_core/include/moveit/python/pybind11/stl/filesystem.h
[133.940s] -- Installing: /home/raven/qwerty_ws/install/moveit_task_constructor_core/include/moveit/python/pybind11/gil.h
[133.940s] -- Installing: /home/raven/qwerty_ws/install/moveit_task_constructor_core/include/moveit/python/pybind11/eval.h
[133.940s] -- Installing: /home/raven/qwerty_ws/install/moveit_task_constructor_core/include/moveit/python/pybind11/buffer_info.h
[133.940s] -- Installing: /home/raven/qwerty_ws/install/moveit_task_constructor_core/include/moveit/python/pybind11/cast.h
[133.940s] -- Installing: /home/raven/qwerty_ws/install/moveit_task_constructor_core/include/moveit/python/pybind11/trampoline_self_life_support.h
[133.940s] -- Installing: /home/raven/qwerty_ws/install/moveit_task_constructor_core/include/moveit/python/pybind11/numpy.h
[133.941s] -- Installing: /home/raven/qwerty_ws/install/moveit_task_constructor_core/include/moveit/python/pybind11/stl.h
[133.941s] -- Installing: /home/raven/qwerty_ws/install/moveit_task_constructor_core/include/moveit/python/pybind11/stl_bind.h
[133.941s] -- Installing: /home/raven/qwerty_ws/install/moveit_task_constructor_core/include/moveit/python/pybind11/complex.h
[133.941s] -- Installing: /home/raven/qwerty_ws/install/moveit_task_constructor_core/include/moveit/python/pybind11/functional.h
[133.941s] -- Installing: /home/raven/qwerty_ws/install/moveit_task_constructor_core/include/moveit/python/pybind11/iostream.h
[133.941s] -- Installing: /home/raven/qwerty_ws/install/moveit_task_constructor_core/include/moveit/python/pybind11/smart_holder.h
[133.941s] -- Installing: /home/raven/qwerty_ws/install/moveit_task_constructor_core/include/moveit/python/pybind11/operators.h
[133.941s] -- Installing: /home/raven/qwerty_ws/install/moveit_task_constructor_core/include/moveit/python/pybind11/gil_safe_call_once.h
[133.941s] -- Installing: /home/raven/qwerty_ws/install/moveit_task_constructor_core/include/moveit/python/pybind11/typing.h
[133.941s] -- Installing: /home/raven/qwerty_ws/install/moveit_task_constructor_core/include/moveit/python/pybind11/chrono.h
[133.941s] -- Installing: /home/raven/qwerty_ws/install/moveit_task_constructor_core/include/moveit/python/pybind11/common.h
[133.941s] -- Installing: /home/raven/qwerty_ws/install/moveit_task_constructor_core/include/moveit/python/pybind11/pybind11.h
[133.941s] -- Installing: /home/raven/qwerty_ws/install/moveit_task_constructor_core/share/moveit_task_constructor_core/cmake/pybind11Config.cmake
[133.942s] -- Installing: /home/raven/qwerty_ws/install/moveit_task_constructor_core/share/moveit_task_constructor_core/cmake/pybind11ConfigVersion.cmake
[133.942s] -- Installing: /home/raven/qwerty_ws/install/moveit_task_constructor_core/share/moveit_task_constructor_core/cmake/FindPythonLibsNew.cmake
[133.942s] -- Installing: /home/raven/qwerty_ws/install/moveit_task_constructor_core/share/moveit_task_constructor_core/cmake/pybind11Common.cmake
[133.942s] -- Installing: /home/raven/qwerty_ws/install/moveit_task_constructor_core/share/moveit_task_constructor_core/cmake/pybind11Tools.cmake
[133.942s] -- Installing: /home/raven/qwerty_ws/install/moveit_task_constructor_core/share/moveit_task_constructor_core/cmake/pybind11NewTools.cmake
[133.942s] -- Installing: /home/raven/qwerty_ws/install/moveit_task_constructor_core/share/moveit_task_constructor_core/cmake/pybind11Targets.cmake
[133.942s] -- Installing: /home/raven/qwerty_ws/install/moveit_task_constructor_core/share/pkgconfig/pybind11.pc
[133.942s] -- Installing: /home/raven/qwerty_ws/install/moveit_task_constructor_core/local/lib/python3.10/dist-packages/pymoveit_mtc.cpython-310-x86_64-linux-gnu.so
[133.943s] -- Set runtime path of "/home/raven/qwerty_ws/install/moveit_task_constructor_core/local/lib/python3.10/dist-packages/pymoveit_mtc.cpython-310-x86_64-linux-gnu.so" to ""
[133.945s] Invoked command in '/home/raven/qwerty_ws/build/moveit_task_constructor_core' returned '0': AMENT_PREFIX_PATH=/home/raven/qwerty_ws/install/rviz_marker_tools:/home/raven/qwerty_ws/install/moveit_task_constructor_msgs:${AMENT_PREFIX_PATH} CMAKE_PREFIX_PATH=/home/raven/qwerty_ws/install/rviz_marker_tools:/opt/ros/humble:/home/raven/qwerty_ws/install/moveit_task_constructor_msgs:${CMAKE_PREFIX_PATH} LD_LIBRARY_PATH=/home/raven/qwerty_ws/install/rviz_marker_tools/lib:/home/raven/qwerty_ws/install/moveit_task_constructor_msgs/lib:/usr/lib/x86_64-linux-gnu/gazebo-11/plugins:/opt/ros/humble/opt/rviz_ogre_vendor/lib:/opt/ros/humble/lib/x86_64-linux-gnu:/opt/ros/humble/lib:/usr/lib/x86_64-linux-gnu/gazebo-11/plugins PYTHONPATH=/home/raven/qwerty_ws/install/moveit_task_constructor_msgs/local/lib/python3.10/dist-packages:${PYTHONPATH} /usr/bin/cmake --install /home/raven/qwerty_ws/build/moveit_task_constructor_core
