[0.013s] Invoking command in '/home/raven/qwerty_ws/build/mtc_tutorial': CMAKE_PREFIX_PATH=/home/raven/qwerty_ws/install/moveit_task_constructor_core:/home/raven/qwerty_ws/install/rviz_marker_tools:/opt/ros/humble:/home/raven/qwerty_ws/install/moveit_task_constructor_msgs:/home/raven/qwerty_ws/install/mtc_tutorial:/home/raven/qwerty_ws/install/moveit_task_constructor_visualization:/home/raven/qwerty_ws/install/moveit_task_constructor_demo:/home/raven/qwerty_ws/install/moveit_task_constructor_capabilities:/home/raven/qwerty_ws/install/kuka_arm_moveit:/home/raven/qwerty_ws/install/kuka_arm_pkg:/home/raven/robot_ws/install/kuka_moveit:/home/raven/robot_ws/install/kuka_arm_moveit:/home/raven/robot_ws/install/kuka_arm_pkg LD_LIBRARY_PATH=/home/raven/qwerty_ws/install/moveit_task_constructor_core/lib:/home/raven/qwerty_ws/install/rviz_marker_tools/lib:/home/raven/qwerty_ws/install/moveit_task_constructor_msgs/lib:/home/raven/qwerty_ws/install/moveit_task_constructor_visualization/lib:/home/raven/qwerty_ws/install/moveit_task_constructor_demo/lib:/home/raven/qwerty_ws/install/moveit_task_constructor_capabilities/lib:/usr/lib/x86_64-linux-gnu/gazebo-11/plugins:/opt/ros/humble/opt/rviz_ogre_vendor/lib:/opt/ros/humble/lib/x86_64-linux-gnu:/opt/ros/humble/lib:/usr/lib/x86_64-linux-gnu/gazebo-11/plugins /usr/bin/cmake /home/raven/qwerty_ws/src/mtc_tutorial -DCMAKE_INSTALL_PREFIX=/home/raven/qwerty_ws/install/mtc_tutorial
[0.022s] -- Found ament_cmake: 1.3.10 (/opt/ros/humble/share/ament_cmake/cmake)
[0.131s] -- Found moveit_task_constructor_core: 0.1.3 (/home/raven/qwerty_ws/install/moveit_task_constructor_core/share/moveit_task_constructor_core/cmake)
[0.157s] -- Found rosidl_generator_c: 3.1.5 (/opt/ros/humble/share/rosidl_generator_c/cmake)
[0.159s] -- Found rosidl_adapter: 3.1.5 (/opt/ros/humble/share/rosidl_adapter/cmake)
[0.164s] -- Found rosidl_generator_cpp: 3.1.5 (/opt/ros/humble/share/rosidl_generator_cpp/cmake)
[0.172s] -- Using all available rosidl_typesupport_c: rosidl_typesupport_fastrtps_c;rosidl_typesupport_introspection_c
[0.183s] -- Using all available rosidl_typesupport_cpp: rosidl_typesupport_fastrtps_cpp;rosidl_typesupport_introspection_cpp
[0.238s] -- Found Boost: /usr/lib/x86_64-linux-gnu/cmake/Boost-1.74.0/BoostConfig.cmake (found version "1.74.0") found components: chrono date_time filesystem iostreams program_options regex serialization system thread 
[0.244s] -- Found parameter_traits: 0.3.8 (/opt/ros/humble/share/parameter_traits/cmake)
[0.268s] -- Found rmw_implementation_cmake: 6.1.2 (/opt/ros/humble/share/rmw_implementation_cmake/cmake)
[0.269s] -- Found rmw_fastrtps_cpp: 6.2.7 (/opt/ros/humble/share/rmw_fastrtps_cpp/cmake)
[0.385s] -- Using RMW implementation 'rmw_fastrtps_cpp' as default
[0.450s] -- Found rclcpp_lifecycle: 16.0.10 (/opt/ros/humble/share/rclcpp_lifecycle/cmake)
[0.479s] -- Found Boost: /usr/lib/x86_64-linux-gnu/cmake/Boost-1.74.0/BoostConfig.cmake (found version "1.74.0") found components: filesystem 
[0.506s] -- library: /usr/lib/x86_64-linux-gnu/libcurl.so
[0.562s] -- Ensuring Eigen3 include directory is part of orocos-kdl CMake target
[0.765s] -- Found Boost: /usr/lib/x86_64-linux-gnu/cmake/Boost-1.74.0/BoostConfig.cmake (found version "1.74.0") found components: system filesystem date_time program_options thread chrono 
[0.792s] -- Found Boost: /usr/lib/x86_64-linux-gnu/cmake/Boost-1.74.0/BoostConfig.cmake (found version "1.74.0") found components: date_time filesystem program_options system thread 
[0.804s] -- Found Boost: /usr/lib/x86_64-linux-gnu/cmake/Boost-1.74.0/BoostConfig.cmake (found version "1.74.0") found components: thread system filesystem regex date_time program_options 
[0.822s] -- Found Boost: /usr/lib/x86_64-linux-gnu/cmake/Boost-1.74.0/BoostConfig.cmake (found version "1.74.0") found components: system filesystem date_time program_options thread 
[0.887s] -- Found ament_lint_auto: 0.12.11 (/opt/ros/humble/share/ament_lint_auto/cmake)
[0.948s] -- Added test 'copyright' to check source files copyright and LICENSE
[0.948s] -- Added test 'cppcheck' to perform static code analysis on C / C++ code
[0.949s] -- Configured cppcheck include dirs: $<BUILD_INTERFACE:/home/raven/qwerty_ws/src/mtc_tutorial/include>
[0.949s] -- Configured cppcheck exclude dirs and/or files: 
[0.949s] -- Added test 'cpplint' to check C / C++ code against the Google style
[0.949s] -- Configured cpplint exclude dirs and/or files: 
[0.949s] -- Added test 'flake8' to check Python code syntax and style conventions
[0.950s] -- Added test 'lint_cmake' to check CMake code style
[0.950s] -- Added test 'pep257' to check Python code against some of the docstring style conventions in PEP 257
[0.951s] -- Added test 'uncrustify' to check C / C++ code style
[0.951s] -- Configured uncrustify additional arguments: 
[0.951s] -- Added test 'xmllint' to check XML markup files
[0.952s] -- Configuring done
[0.978s] -- Generating done
[0.980s] -- Build files have been written to: /home/raven/qwerty_ws/build/mtc_tutorial
[0.990s] Invoked command in '/home/raven/qwerty_ws/build/mtc_tutorial' returned '0': CMAKE_PREFIX_PATH=/home/raven/qwerty_ws/install/moveit_task_constructor_core:/home/raven/qwerty_ws/install/rviz_marker_tools:/opt/ros/humble:/home/raven/qwerty_ws/install/moveit_task_constructor_msgs:/home/raven/qwerty_ws/install/mtc_tutorial:/home/raven/qwerty_ws/install/moveit_task_constructor_visualization:/home/raven/qwerty_ws/install/moveit_task_constructor_demo:/home/raven/qwerty_ws/install/moveit_task_constructor_capabilities:/home/raven/qwerty_ws/install/kuka_arm_moveit:/home/raven/qwerty_ws/install/kuka_arm_pkg:/home/raven/robot_ws/install/kuka_moveit:/home/raven/robot_ws/install/kuka_arm_moveit:/home/raven/robot_ws/install/kuka_arm_pkg LD_LIBRARY_PATH=/home/raven/qwerty_ws/install/moveit_task_constructor_core/lib:/home/raven/qwerty_ws/install/rviz_marker_tools/lib:/home/raven/qwerty_ws/install/moveit_task_constructor_msgs/lib:/home/raven/qwerty_ws/install/moveit_task_constructor_visualization/lib:/home/raven/qwerty_ws/install/moveit_task_constructor_demo/lib:/home/raven/qwerty_ws/install/moveit_task_constructor_capabilities/lib:/usr/lib/x86_64-linux-gnu/gazebo-11/plugins:/opt/ros/humble/opt/rviz_ogre_vendor/lib:/opt/ros/humble/lib/x86_64-linux-gnu:/opt/ros/humble/lib:/usr/lib/x86_64-linux-gnu/gazebo-11/plugins /usr/bin/cmake /home/raven/qwerty_ws/src/mtc_tutorial -DCMAKE_INSTALL_PREFIX=/home/raven/qwerty_ws/install/mtc_tutorial
[0.992s] Invoking command in '/home/raven/qwerty_ws/build/mtc_tutorial': CMAKE_PREFIX_PATH=/home/raven/qwerty_ws/install/moveit_task_constructor_core:/home/raven/qwerty_ws/install/rviz_marker_tools:/opt/ros/humble:/home/raven/qwerty_ws/install/moveit_task_constructor_msgs:/home/raven/qwerty_ws/install/mtc_tutorial:/home/raven/qwerty_ws/install/moveit_task_constructor_visualization:/home/raven/qwerty_ws/install/moveit_task_constructor_demo:/home/raven/qwerty_ws/install/moveit_task_constructor_capabilities:/home/raven/qwerty_ws/install/kuka_arm_moveit:/home/raven/qwerty_ws/install/kuka_arm_pkg:/home/raven/robot_ws/install/kuka_moveit:/home/raven/robot_ws/install/kuka_arm_moveit:/home/raven/robot_ws/install/kuka_arm_pkg LD_LIBRARY_PATH=/home/raven/qwerty_ws/install/moveit_task_constructor_core/lib:/home/raven/qwerty_ws/install/rviz_marker_tools/lib:/home/raven/qwerty_ws/install/moveit_task_constructor_msgs/lib:/home/raven/qwerty_ws/install/moveit_task_constructor_visualization/lib:/home/raven/qwerty_ws/install/moveit_task_constructor_demo/lib:/home/raven/qwerty_ws/install/moveit_task_constructor_capabilities/lib:/usr/lib/x86_64-linux-gnu/gazebo-11/plugins:/opt/ros/humble/opt/rviz_ogre_vendor/lib:/opt/ros/humble/lib/x86_64-linux-gnu:/opt/ros/humble/lib:/usr/lib/x86_64-linux-gnu/gazebo-11/plugins /usr/bin/cmake --build /home/raven/qwerty_ws/build/mtc_tutorial -- -j8 -l8
[1.027s] [35m[1mConsolidate compiler generated dependencies of target mtc_tutorial[0m
[1.048s] [100%] Built target mtc_tutorial
[1.057s] Invoked command in '/home/raven/qwerty_ws/build/mtc_tutorial' returned '0': CMAKE_PREFIX_PATH=/home/raven/qwerty_ws/install/moveit_task_constructor_core:/home/raven/qwerty_ws/install/rviz_marker_tools:/opt/ros/humble:/home/raven/qwerty_ws/install/moveit_task_constructor_msgs:/home/raven/qwerty_ws/install/mtc_tutorial:/home/raven/qwerty_ws/install/moveit_task_constructor_visualization:/home/raven/qwerty_ws/install/moveit_task_constructor_demo:/home/raven/qwerty_ws/install/moveit_task_constructor_capabilities:/home/raven/qwerty_ws/install/kuka_arm_moveit:/home/raven/qwerty_ws/install/kuka_arm_pkg:/home/raven/robot_ws/install/kuka_moveit:/home/raven/robot_ws/install/kuka_arm_moveit:/home/raven/robot_ws/install/kuka_arm_pkg LD_LIBRARY_PATH=/home/raven/qwerty_ws/install/moveit_task_constructor_core/lib:/home/raven/qwerty_ws/install/rviz_marker_tools/lib:/home/raven/qwerty_ws/install/moveit_task_constructor_msgs/lib:/home/raven/qwerty_ws/install/moveit_task_constructor_visualization/lib:/home/raven/qwerty_ws/install/moveit_task_constructor_demo/lib:/home/raven/qwerty_ws/install/moveit_task_constructor_capabilities/lib:/usr/lib/x86_64-linux-gnu/gazebo-11/plugins:/opt/ros/humble/opt/rviz_ogre_vendor/lib:/opt/ros/humble/lib/x86_64-linux-gnu:/opt/ros/humble/lib:/usr/lib/x86_64-linux-gnu/gazebo-11/plugins /usr/bin/cmake --build /home/raven/qwerty_ws/build/mtc_tutorial -- -j8 -l8
[1.078s] Invoking command in '/home/raven/qwerty_ws/build/mtc_tutorial': CMAKE_PREFIX_PATH=/home/raven/qwerty_ws/install/moveit_task_constructor_core:/home/raven/qwerty_ws/install/rviz_marker_tools:/opt/ros/humble:/home/raven/qwerty_ws/install/moveit_task_constructor_msgs:/home/raven/qwerty_ws/install/mtc_tutorial:/home/raven/qwerty_ws/install/moveit_task_constructor_visualization:/home/raven/qwerty_ws/install/moveit_task_constructor_demo:/home/raven/qwerty_ws/install/moveit_task_constructor_capabilities:/home/raven/qwerty_ws/install/kuka_arm_moveit:/home/raven/qwerty_ws/install/kuka_arm_pkg:/home/raven/robot_ws/install/kuka_moveit:/home/raven/robot_ws/install/kuka_arm_moveit:/home/raven/robot_ws/install/kuka_arm_pkg LD_LIBRARY_PATH=/home/raven/qwerty_ws/install/moveit_task_constructor_core/lib:/home/raven/qwerty_ws/install/rviz_marker_tools/lib:/home/raven/qwerty_ws/install/moveit_task_constructor_msgs/lib:/home/raven/qwerty_ws/install/moveit_task_constructor_visualization/lib:/home/raven/qwerty_ws/install/moveit_task_constructor_demo/lib:/home/raven/qwerty_ws/install/moveit_task_constructor_capabilities/lib:/usr/lib/x86_64-linux-gnu/gazebo-11/plugins:/opt/ros/humble/opt/rviz_ogre_vendor/lib:/opt/ros/humble/lib/x86_64-linux-gnu:/opt/ros/humble/lib:/usr/lib/x86_64-linux-gnu/gazebo-11/plugins /usr/bin/cmake --install /home/raven/qwerty_ws/build/mtc_tutorial
[1.084s] -- Install configuration: "Release"
[1.084s] -- Up-to-date: /home/raven/qwerty_ws/install/mtc_tutorial/lib/mtc_tutorial/mtc_tutorial
[1.084s] -- Up-to-date: /home/raven/qwerty_ws/install/mtc_tutorial/share/mtc_tutorial/launch
[1.084s] -- Installing: /home/raven/qwerty_ws/install/mtc_tutorial/share/mtc_tutorial/launch/mtc_demo.launch.py
[1.084s] -- Up-to-date: /home/raven/qwerty_ws/install/mtc_tutorial/share/ament_index/resource_index/package_run_dependencies/mtc_tutorial
[1.084s] -- Installing: /home/raven/qwerty_ws/install/mtc_tutorial/share/ament_index/resource_index/parent_prefix_path/mtc_tutorial
[1.084s] -- Up-to-date: /home/raven/qwerty_ws/install/mtc_tutorial/share/mtc_tutorial/environment/ament_prefix_path.sh
[1.084s] -- Installing: /home/raven/qwerty_ws/install/mtc_tutorial/share/mtc_tutorial/environment/ament_prefix_path.dsv
[1.084s] -- Up-to-date: /home/raven/qwerty_ws/install/mtc_tutorial/share/mtc_tutorial/environment/path.sh
[1.084s] -- Installing: /home/raven/qwerty_ws/install/mtc_tutorial/share/mtc_tutorial/environment/path.dsv
[1.084s] -- Up-to-date: /home/raven/qwerty_ws/install/mtc_tutorial/share/mtc_tutorial/local_setup.bash
[1.084s] -- Up-to-date: /home/raven/qwerty_ws/install/mtc_tutorial/share/mtc_tutorial/local_setup.sh
[1.085s] -- Up-to-date: /home/raven/qwerty_ws/install/mtc_tutorial/share/mtc_tutorial/local_setup.zsh
[1.085s] -- Installing: /home/raven/qwerty_ws/install/mtc_tutorial/share/mtc_tutorial/local_setup.dsv
[1.085s] -- Installing: /home/raven/qwerty_ws/install/mtc_tutorial/share/mtc_tutorial/package.dsv
[1.085s] -- Up-to-date: /home/raven/qwerty_ws/install/mtc_tutorial/share/ament_index/resource_index/packages/mtc_tutorial
[1.085s] -- Up-to-date: /home/raven/qwerty_ws/install/mtc_tutorial/share/mtc_tutorial/cmake/mtc_tutorialConfig.cmake
[1.085s] -- Up-to-date: /home/raven/qwerty_ws/install/mtc_tutorial/share/mtc_tutorial/cmake/mtc_tutorialConfig-version.cmake
[1.085s] -- Up-to-date: /home/raven/qwerty_ws/install/mtc_tutorial/share/mtc_tutorial/package.xml
[1.086s] Invoked command in '/home/raven/qwerty_ws/build/mtc_tutorial' returned '0': CMAKE_PREFIX_PATH=/home/raven/qwerty_ws/install/moveit_task_constructor_core:/home/raven/qwerty_ws/install/rviz_marker_tools:/opt/ros/humble:/home/raven/qwerty_ws/install/moveit_task_constructor_msgs:/home/raven/qwerty_ws/install/mtc_tutorial:/home/raven/qwerty_ws/install/moveit_task_constructor_visualization:/home/raven/qwerty_ws/install/moveit_task_constructor_demo:/home/raven/qwerty_ws/install/moveit_task_constructor_capabilities:/home/raven/qwerty_ws/install/kuka_arm_moveit:/home/raven/qwerty_ws/install/kuka_arm_pkg:/home/raven/robot_ws/install/kuka_moveit:/home/raven/robot_ws/install/kuka_arm_moveit:/home/raven/robot_ws/install/kuka_arm_pkg LD_LIBRARY_PATH=/home/raven/qwerty_ws/install/moveit_task_constructor_core/lib:/home/raven/qwerty_ws/install/rviz_marker_tools/lib:/home/raven/qwerty_ws/install/moveit_task_constructor_msgs/lib:/home/raven/qwerty_ws/install/moveit_task_constructor_visualization/lib:/home/raven/qwerty_ws/install/moveit_task_constructor_demo/lib:/home/raven/qwerty_ws/install/moveit_task_constructor_capabilities/lib:/usr/lib/x86_64-linux-gnu/gazebo-11/plugins:/opt/ros/humble/opt/rviz_ogre_vendor/lib:/opt/ros/humble/lib/x86_64-linux-gnu:/opt/ros/humble/lib:/usr/lib/x86_64-linux-gnu/gazebo-11/plugins /usr/bin/cmake --install /home/raven/qwerty_ws/build/mtc_tutorial
