[0.016s] Invoking command in '/home/raven/qwerty_ws/build/mtc_tutorial': AMENT_PREFIX_PATH=/home/raven/qwerty_ws/install/moveit_task_constructor_core:/home/raven/qwerty_ws/install/rviz_marker_tools:/home/raven/qwerty_ws/install/moveit_task_constructor_msgs:${AMENT_PREFIX_PATH} CMAKE_PREFIX_PATH=/home/raven/qwerty_ws/install/moveit_task_constructor_core:/home/raven/qwerty_ws/install/rviz_marker_tools:/opt/ros/humble:/home/raven/qwerty_ws/install/moveit_task_constructor_msgs:${CMAKE_PREFIX_PATH} LD_LIBRARY_PATH=/home/raven/qwerty_ws/install/moveit_task_constructor_core/lib:/home/raven/qwerty_ws/install/rviz_marker_tools/lib:/home/raven/qwerty_ws/install/moveit_task_constructor_msgs/lib:/usr/lib/x86_64-linux-gnu/gazebo-11/plugins:/opt/ros/humble/opt/rviz_ogre_vendor/lib:/opt/ros/humble/lib/x86_64-linux-gnu:/opt/ros/humble/lib:/usr/lib/x86_64-linux-gnu/gazebo-11/plugins PYTHONPATH=/home/raven/qwerty_ws/install/moveit_task_constructor_core/local/lib/python3.10/dist-packages:/home/raven/qwerty_ws/install/moveit_task_constructor_msgs/local/lib/python3.10/dist-packages:${PYTHONPATH} /usr/bin/cmake --build /home/raven/qwerty_ws/build/mtc_tutorial -- -j8 -l8
[0.076s] [35m[1mConsolidate compiler generated dependencies of target mtc_tutorial[0m
[0.107s] [ 50%] [32mBuilding CXX object CMakeFiles/mtc_tutorial.dir/src/mtc_tutorial.cpp.o[0m
[8.161s] [100%] [32m[1mLinking CXX executable mtc_tutorial[0m
[8.513s] [100%] Built target mtc_tutorial
[8.521s] Invoked command in '/home/raven/qwerty_ws/build/mtc_tutorial' returned '0': AMENT_PREFIX_PATH=/home/raven/qwerty_ws/install/moveit_task_constructor_core:/home/raven/qwerty_ws/install/rviz_marker_tools:/home/raven/qwerty_ws/install/moveit_task_constructor_msgs:${AMENT_PREFIX_PATH} CMAKE_PREFIX_PATH=/home/raven/qwerty_ws/install/moveit_task_constructor_core:/home/raven/qwerty_ws/install/rviz_marker_tools:/opt/ros/humble:/home/raven/qwerty_ws/install/moveit_task_constructor_msgs:${CMAKE_PREFIX_PATH} LD_LIBRARY_PATH=/home/raven/qwerty_ws/install/moveit_task_constructor_core/lib:/home/raven/qwerty_ws/install/rviz_marker_tools/lib:/home/raven/qwerty_ws/install/moveit_task_constructor_msgs/lib:/usr/lib/x86_64-linux-gnu/gazebo-11/plugins:/opt/ros/humble/opt/rviz_ogre_vendor/lib:/opt/ros/humble/lib/x86_64-linux-gnu:/opt/ros/humble/lib:/usr/lib/x86_64-linux-gnu/gazebo-11/plugins PYTHONPATH=/home/raven/qwerty_ws/install/moveit_task_constructor_core/local/lib/python3.10/dist-packages:/home/raven/qwerty_ws/install/moveit_task_constructor_msgs/local/lib/python3.10/dist-packages:${PYTHONPATH} /usr/bin/cmake --build /home/raven/qwerty_ws/build/mtc_tutorial -- -j8 -l8
[8.538s] Invoking command in '/home/raven/qwerty_ws/build/mtc_tutorial': AMENT_PREFIX_PATH=/home/raven/qwerty_ws/install/moveit_task_constructor_core:/home/raven/qwerty_ws/install/rviz_marker_tools:/home/raven/qwerty_ws/install/moveit_task_constructor_msgs:${AMENT_PREFIX_PATH} CMAKE_PREFIX_PATH=/home/raven/qwerty_ws/install/moveit_task_constructor_core:/home/raven/qwerty_ws/install/rviz_marker_tools:/opt/ros/humble:/home/raven/qwerty_ws/install/moveit_task_constructor_msgs:${CMAKE_PREFIX_PATH} LD_LIBRARY_PATH=/home/raven/qwerty_ws/install/moveit_task_constructor_core/lib:/home/raven/qwerty_ws/install/rviz_marker_tools/lib:/home/raven/qwerty_ws/install/moveit_task_constructor_msgs/lib:/usr/lib/x86_64-linux-gnu/gazebo-11/plugins:/opt/ros/humble/opt/rviz_ogre_vendor/lib:/opt/ros/humble/lib/x86_64-linux-gnu:/opt/ros/humble/lib:/usr/lib/x86_64-linux-gnu/gazebo-11/plugins PYTHONPATH=/home/raven/qwerty_ws/install/moveit_task_constructor_core/local/lib/python3.10/dist-packages:/home/raven/qwerty_ws/install/moveit_task_constructor_msgs/local/lib/python3.10/dist-packages:${PYTHONPATH} /usr/bin/cmake --install /home/raven/qwerty_ws/build/mtc_tutorial
[8.543s] -- Install configuration: "Release"
[8.544s] -- Installing: /home/raven/qwerty_ws/install/mtc_tutorial/lib/mtc_tutorial/mtc_tutorial
[8.544s] -- Set runtime path of "/home/raven/qwerty_ws/install/mtc_tutorial/lib/mtc_tutorial/mtc_tutorial" to ""
[8.544s] -- Up-to-date: /home/raven/qwerty_ws/install/mtc_tutorial/share/mtc_tutorial/launch
[8.545s] -- Up-to-date: /home/raven/qwerty_ws/install/mtc_tutorial/share/mtc_tutorial/launch/mtc_demo.launch.py
[8.545s] -- Up-to-date: /home/raven/qwerty_ws/install/mtc_tutorial/share/ament_index/resource_index/package_run_dependencies/mtc_tutorial
[8.545s] -- Up-to-date: /home/raven/qwerty_ws/install/mtc_tutorial/share/ament_index/resource_index/parent_prefix_path/mtc_tutorial
[8.545s] -- Up-to-date: /home/raven/qwerty_ws/install/mtc_tutorial/share/mtc_tutorial/environment/ament_prefix_path.sh
[8.545s] -- Up-to-date: /home/raven/qwerty_ws/install/mtc_tutorial/share/mtc_tutorial/environment/ament_prefix_path.dsv
[8.545s] -- Up-to-date: /home/raven/qwerty_ws/install/mtc_tutorial/share/mtc_tutorial/environment/path.sh
[8.545s] -- Up-to-date: /home/raven/qwerty_ws/install/mtc_tutorial/share/mtc_tutorial/environment/path.dsv
[8.546s] -- Up-to-date: /home/raven/qwerty_ws/install/mtc_tutorial/share/mtc_tutorial/local_setup.bash
[8.546s] -- Up-to-date: /home/raven/qwerty_ws/install/mtc_tutorial/share/mtc_tutorial/local_setup.sh
[8.546s] -- Up-to-date: /home/raven/qwerty_ws/install/mtc_tutorial/share/mtc_tutorial/local_setup.zsh
[8.546s] -- Up-to-date: /home/raven/qwerty_ws/install/mtc_tutorial/share/mtc_tutorial/local_setup.dsv
[8.546s] -- Installing: /home/raven/qwerty_ws/install/mtc_tutorial/share/mtc_tutorial/package.dsv
[8.546s] -- Up-to-date: /home/raven/qwerty_ws/install/mtc_tutorial/share/ament_index/resource_index/packages/mtc_tutorial
[8.546s] -- Up-to-date: /home/raven/qwerty_ws/install/mtc_tutorial/share/mtc_tutorial/cmake/mtc_tutorialConfig.cmake
[8.546s] -- Up-to-date: /home/raven/qwerty_ws/install/mtc_tutorial/share/mtc_tutorial/cmake/mtc_tutorialConfig-version.cmake
[8.546s] -- Up-to-date: /home/raven/qwerty_ws/install/mtc_tutorial/share/mtc_tutorial/package.xml
[8.547s] Invoked command in '/home/raven/qwerty_ws/build/mtc_tutorial' returned '0': AMENT_PREFIX_PATH=/home/raven/qwerty_ws/install/moveit_task_constructor_core:/home/raven/qwerty_ws/install/rviz_marker_tools:/home/raven/qwerty_ws/install/moveit_task_constructor_msgs:${AMENT_PREFIX_PATH} CMAKE_PREFIX_PATH=/home/raven/qwerty_ws/install/moveit_task_constructor_core:/home/raven/qwerty_ws/install/rviz_marker_tools:/opt/ros/humble:/home/raven/qwerty_ws/install/moveit_task_constructor_msgs:${CMAKE_PREFIX_PATH} LD_LIBRARY_PATH=/home/raven/qwerty_ws/install/moveit_task_constructor_core/lib:/home/raven/qwerty_ws/install/rviz_marker_tools/lib:/home/raven/qwerty_ws/install/moveit_task_constructor_msgs/lib:/usr/lib/x86_64-linux-gnu/gazebo-11/plugins:/opt/ros/humble/opt/rviz_ogre_vendor/lib:/opt/ros/humble/lib/x86_64-linux-gnu:/opt/ros/humble/lib:/usr/lib/x86_64-linux-gnu/gazebo-11/plugins PYTHONPATH=/home/raven/qwerty_ws/install/moveit_task_constructor_core/local/lib/python3.10/dist-packages:/home/raven/qwerty_ws/install/moveit_task_constructor_msgs/local/lib/python3.10/dist-packages:${PYTHONPATH} /usr/bin/cmake --install /home/raven/qwerty_ws/build/mtc_tutorial
