[0.014s] Invoking command in '/home/raven/qwerty_ws/build/rviz_marker_tools': CMAKE_PREFIX_PATH=/home/raven/qwerty_ws/install/mtc_tutorial:/home/raven/qwerty_ws/install/moveit_task_constructor_visualization:/home/raven/qwerty_ws/install/moveit_task_constructor_demo:/home/raven/qwerty_ws/install/moveit_task_constructor_capabilities:/home/raven/qwerty_ws/install/moveit_task_constructor_core:/home/raven/qwerty_ws/install/rviz_marker_tools:/opt/ros/humble:/home/raven/qwerty_ws/install/moveit_task_constructor_msgs:/home/raven/qwerty_ws/install/kuka_arm_moveit:/home/raven/qwerty_ws/install/kuka_arm_pkg:/home/raven/robot_ws/install/kuka_moveit:/home/raven/robot_ws/install/kuka_arm_moveit:/home/raven/robot_ws/install/kuka_arm_pkg /usr/bin/cmake --build /home/raven/qwerty_ws/build/rviz_marker_tools -- -j8 -l8
[0.068s] [100%] Built target rviz_marker_tools
[0.090s] Invoked command in '/home/raven/qwerty_ws/build/rviz_marker_tools' returned '0': CMAKE_PREFIX_PATH=/home/raven/qwerty_ws/install/mtc_tutorial:/home/raven/qwerty_ws/install/moveit_task_constructor_visualization:/home/raven/qwerty_ws/install/moveit_task_constructor_demo:/home/raven/qwerty_ws/install/moveit_task_constructor_capabilities:/home/raven/qwerty_ws/install/moveit_task_constructor_core:/home/raven/qwerty_ws/install/rviz_marker_tools:/opt/ros/humble:/home/raven/qwerty_ws/install/moveit_task_constructor_msgs:/home/raven/qwerty_ws/install/kuka_arm_moveit:/home/raven/qwerty_ws/install/kuka_arm_pkg:/home/raven/robot_ws/install/kuka_moveit:/home/raven/robot_ws/install/kuka_arm_moveit:/home/raven/robot_ws/install/kuka_arm_pkg /usr/bin/cmake --build /home/raven/qwerty_ws/build/rviz_marker_tools -- -j8 -l8
[0.124s] Invoking command in '/home/raven/qwerty_ws/build/rviz_marker_tools': CMAKE_PREFIX_PATH=/home/raven/qwerty_ws/install/mtc_tutorial:/home/raven/qwerty_ws/install/moveit_task_constructor_visualization:/home/raven/qwerty_ws/install/moveit_task_constructor_demo:/home/raven/qwerty_ws/install/moveit_task_constructor_capabilities:/home/raven/qwerty_ws/install/moveit_task_constructor_core:/home/raven/qwerty_ws/install/rviz_marker_tools:/opt/ros/humble:/home/raven/qwerty_ws/install/moveit_task_constructor_msgs:/home/raven/qwerty_ws/install/kuka_arm_moveit:/home/raven/qwerty_ws/install/kuka_arm_pkg:/home/raven/robot_ws/install/kuka_moveit:/home/raven/robot_ws/install/kuka_arm_moveit:/home/raven/robot_ws/install/kuka_arm_pkg /usr/bin/cmake --install /home/raven/qwerty_ws/build/rviz_marker_tools
[0.132s] -- Install configuration: "Release"
[0.132s] -- Up-to-date: /home/raven/qwerty_ws/install/rviz_marker_tools/include
[0.133s] -- Up-to-date: /home/raven/qwerty_ws/install/rviz_marker_tools/include/rviz_marker_tools
[0.133s] -- Up-to-date: /home/raven/qwerty_ws/install/rviz_marker_tools/include/rviz_marker_tools/marker_creation.h
[0.133s] -- Up-to-date: /home/raven/qwerty_ws/install/rviz_marker_tools/lib/librviz_marker_tools.so
[0.133s] -- Up-to-date: /home/raven/qwerty_ws/install/rviz_marker_tools/share/rviz_marker_tools/environment/library_path.sh
[0.133s] -- Up-to-date: /home/raven/qwerty_ws/install/rviz_marker_tools/share/rviz_marker_tools/environment/library_path.dsv
[0.133s] -- Up-to-date: /home/raven/qwerty_ws/install/rviz_marker_tools/share/ament_index/resource_index/package_run_dependencies/rviz_marker_tools
[0.133s] -- Up-to-date: /home/raven/qwerty_ws/install/rviz_marker_tools/share/ament_index/resource_index/parent_prefix_path/rviz_marker_tools
[0.134s] -- Up-to-date: /home/raven/qwerty_ws/install/rviz_marker_tools/share/rviz_marker_tools/environment/ament_prefix_path.sh
[0.134s] -- Up-to-date: /home/raven/qwerty_ws/install/rviz_marker_tools/share/rviz_marker_tools/environment/ament_prefix_path.dsv
[0.134s] -- Up-to-date: /home/raven/qwerty_ws/install/rviz_marker_tools/share/rviz_marker_tools/environment/path.sh
[0.134s] -- Up-to-date: /home/raven/qwerty_ws/install/rviz_marker_tools/share/rviz_marker_tools/environment/path.dsv
[0.134s] -- Up-to-date: /home/raven/qwerty_ws/install/rviz_marker_tools/share/rviz_marker_tools/local_setup.bash
[0.134s] -- Up-to-date: /home/raven/qwerty_ws/install/rviz_marker_tools/share/rviz_marker_tools/local_setup.sh
[0.134s] -- Up-to-date: /home/raven/qwerty_ws/install/rviz_marker_tools/share/rviz_marker_tools/local_setup.zsh
[0.135s] -- Up-to-date: /home/raven/qwerty_ws/install/rviz_marker_tools/share/rviz_marker_tools/local_setup.dsv
[0.135s] -- Installing: /home/raven/qwerty_ws/install/rviz_marker_tools/share/rviz_marker_tools/package.dsv
[0.135s] -- Up-to-date: /home/raven/qwerty_ws/install/rviz_marker_tools/share/ament_index/resource_index/packages/rviz_marker_tools
[0.136s] -- Up-to-date: /home/raven/qwerty_ws/install/rviz_marker_tools/share/rviz_marker_tools/cmake/rviz_marker_toolsTargetsExport.cmake
[0.136s] -- Up-to-date: /home/raven/qwerty_ws/install/rviz_marker_tools/share/rviz_marker_tools/cmake/rviz_marker_toolsTargetsExport-release.cmake
[0.136s] -- Up-to-date: /home/raven/qwerty_ws/install/rviz_marker_tools/share/rviz_marker_tools/cmake/ament_cmake_export_targets-extras.cmake
[0.136s] -- Up-to-date: /home/raven/qwerty_ws/install/rviz_marker_tools/share/rviz_marker_tools/cmake/ament_cmake_export_dependencies-extras.cmake
[0.136s] -- Up-to-date: /home/raven/qwerty_ws/install/rviz_marker_tools/share/rviz_marker_tools/cmake/rviz_marker_toolsConfig.cmake
[0.136s] -- Up-to-date: /home/raven/qwerty_ws/install/rviz_marker_tools/share/rviz_marker_tools/cmake/rviz_marker_toolsConfig-version.cmake
[0.136s] -- Up-to-date: /home/raven/qwerty_ws/install/rviz_marker_tools/share/rviz_marker_tools/package.xml
[0.137s] Invoked command in '/home/raven/qwerty_ws/build/rviz_marker_tools' returned '0': CMAKE_PREFIX_PATH=/home/raven/qwerty_ws/install/mtc_tutorial:/home/raven/qwerty_ws/install/moveit_task_constructor_visualization:/home/raven/qwerty_ws/install/moveit_task_constructor_demo:/home/raven/qwerty_ws/install/moveit_task_constructor_capabilities:/home/raven/qwerty_ws/install/moveit_task_constructor_core:/home/raven/qwerty_ws/install/rviz_marker_tools:/opt/ros/humble:/home/raven/qwerty_ws/install/moveit_task_constructor_msgs:/home/raven/qwerty_ws/install/kuka_arm_moveit:/home/raven/qwerty_ws/install/kuka_arm_pkg:/home/raven/robot_ws/install/kuka_moveit:/home/raven/robot_ws/install/kuka_arm_moveit:/home/raven/robot_ws/install/kuka_arm_pkg /usr/bin/cmake --install /home/raven/qwerty_ws/build/rviz_marker_tools
