[0.015s] Invoking command in '/home/raven/qwerty_ws/build/moveit_task_constructor_capabilities': CMAKE_PREFIX_PATH=/home/raven/qwerty_ws/install/moveit_task_constructor_core:/home/raven/qwerty_ws/install/rviz_marker_tools:/opt/ros/humble:/home/raven/qwerty_ws/install/moveit_task_constructor_msgs:/home/raven/qwerty_ws/install/mtc_tutorial:/home/raven/qwerty_ws/install/moveit_task_constructor_visualization:/home/raven/qwerty_ws/install/moveit_task_constructor_demo:/home/raven/qwerty_ws/install/moveit_task_constructor_capabilities:/home/raven/qwerty_ws/install/kuka_arm_moveit:/home/raven/qwerty_ws/install/kuka_arm_pkg:/home/raven/robot_ws/install/kuka_moveit:/home/raven/robot_ws/install/kuka_arm_moveit:/home/raven/robot_ws/install/kuka_arm_pkg LD_LIBRARY_PATH=/home/raven/qwerty_ws/install/moveit_task_constructor_core/lib:/home/raven/qwerty_ws/install/rviz_marker_tools/lib:/home/raven/qwerty_ws/install/moveit_task_constructor_msgs/lib:/home/raven/qwerty_ws/install/moveit_task_constructor_visualization/lib:/home/raven/qwerty_ws/install/moveit_task_constructor_demo/lib:/home/raven/qwerty_ws/install/moveit_task_constructor_capabilities/lib:/usr/lib/x86_64-linux-gnu/gazebo-11/plugins:/opt/ros/humble/opt/rviz_ogre_vendor/lib:/opt/ros/humble/lib/x86_64-linux-gnu:/opt/ros/humble/lib:/usr/lib/x86_64-linux-gnu/gazebo-11/plugins /usr/bin/cmake /home/raven/qwerty_ws/src/moveit_task_constructor/capabilities -DCMAKE_INSTALL_PREFIX=/home/raven/qwerty_ws/install/moveit_task_constructor_capabilities
[0.024s] -- Found ament_cmake: 1.3.10 (/opt/ros/humble/share/ament_cmake/cmake)
[0.136s] -- Found Boost: /usr/lib/x86_64-linux-gnu/cmake/Boost-1.74.0/BoostConfig.cmake (found version "1.74.0")  
[0.137s] -- Found moveit_common: 2.5.5 (/opt/ros/humble/share/moveit_common/cmake)
[0.195s] -- Found moveit_core: 2.5.5 (/opt/ros/humble/share/moveit_core/cmake)
[0.214s] -- Found Boost: /usr/lib/x86_64-linux-gnu/cmake/Boost-1.74.0/BoostConfig.cmake (found version "1.74.0") found components: chrono date_time filesystem iostreams program_options regex serialization system thread 
[0.222s] -- Found parameter_traits: 0.3.8 (/opt/ros/humble/share/parameter_traits/cmake)
[0.247s] -- Found rosidl_generator_c: 3.1.5 (/opt/ros/humble/share/rosidl_generator_c/cmake)
[0.249s] -- Found rosidl_adapter: 3.1.5 (/opt/ros/humble/share/rosidl_adapter/cmake)
[0.254s] -- Found rosidl_generator_cpp: 3.1.5 (/opt/ros/humble/share/rosidl_generator_cpp/cmake)
[0.263s] -- Using all available rosidl_typesupport_c: rosidl_typesupport_fastrtps_c;rosidl_typesupport_introspection_c
[0.274s] -- Using all available rosidl_typesupport_cpp: rosidl_typesupport_fastrtps_cpp;rosidl_typesupport_introspection_cpp
[0.303s] -- Found rmw_implementation_cmake: 6.1.2 (/opt/ros/humble/share/rmw_implementation_cmake/cmake)
[0.305s] -- Found rmw_fastrtps_cpp: 6.2.7 (/opt/ros/humble/share/rmw_fastrtps_cpp/cmake)
[0.438s] -- Using RMW implementation 'rmw_fastrtps_cpp' as default
[0.507s] -- Found rclcpp_lifecycle: 16.0.10 (/opt/ros/humble/share/rclcpp_lifecycle/cmake)
[0.526s] -- Found Boost: /usr/lib/x86_64-linux-gnu/cmake/Boost-1.74.0/BoostConfig.cmake (found version "1.74.0") found components: filesystem 
[0.565s] -- library: /usr/lib/x86_64-linux-gnu/libcurl.so
[0.616s] -- Ensuring Eigen3 include directory is part of orocos-kdl CMake target
[0.807s] -- Found moveit_ros_move_group: 2.5.5 (/opt/ros/humble/share/moveit_ros_move_group/cmake)
[0.811s] -- Found Boost: /usr/lib/x86_64-linux-gnu/cmake/Boost-1.74.0/BoostConfig.cmake (found version "1.74.0") found components: system filesystem date_time program_options thread 
[0.840s] -- Found Boost: /usr/lib/x86_64-linux-gnu/cmake/Boost-1.74.0/BoostConfig.cmake (found version "1.74.0") found components: system filesystem date_time program_options thread chrono 
[0.854s] -- Found moveit_task_constructor_core: 0.1.3 (/home/raven/qwerty_ws/install/moveit_task_constructor_core/share/moveit_task_constructor_core/cmake)
[0.865s] -- Found Boost: /usr/lib/x86_64-linux-gnu/cmake/Boost-1.74.0/BoostConfig.cmake (found version "1.74.0") found components: date_time filesystem program_options system thread 
[0.877s] -- Found Boost: /usr/lib/x86_64-linux-gnu/cmake/Boost-1.74.0/BoostConfig.cmake (found version "1.74.0") found components: thread system filesystem regex date_time program_options 
[0.940s] -- Configuring done
[0.966s] -- Generating done
[0.968s] -- Build files have been written to: /home/raven/qwerty_ws/build/moveit_task_constructor_capabilities
[0.978s] Invoked command in '/home/raven/qwerty_ws/build/moveit_task_constructor_capabilities' returned '0': CMAKE_PREFIX_PATH=/home/raven/qwerty_ws/install/moveit_task_constructor_core:/home/raven/qwerty_ws/install/rviz_marker_tools:/opt/ros/humble:/home/raven/qwerty_ws/install/moveit_task_constructor_msgs:/home/raven/qwerty_ws/install/mtc_tutorial:/home/raven/qwerty_ws/install/moveit_task_constructor_visualization:/home/raven/qwerty_ws/install/moveit_task_constructor_demo:/home/raven/qwerty_ws/install/moveit_task_constructor_capabilities:/home/raven/qwerty_ws/install/kuka_arm_moveit:/home/raven/qwerty_ws/install/kuka_arm_pkg:/home/raven/robot_ws/install/kuka_moveit:/home/raven/robot_ws/install/kuka_arm_moveit:/home/raven/robot_ws/install/kuka_arm_pkg LD_LIBRARY_PATH=/home/raven/qwerty_ws/install/moveit_task_constructor_core/lib:/home/raven/qwerty_ws/install/rviz_marker_tools/lib:/home/raven/qwerty_ws/install/moveit_task_constructor_msgs/lib:/home/raven/qwerty_ws/install/moveit_task_constructor_visualization/lib:/home/raven/qwerty_ws/install/moveit_task_constructor_demo/lib:/home/raven/qwerty_ws/install/moveit_task_constructor_capabilities/lib:/usr/lib/x86_64-linux-gnu/gazebo-11/plugins:/opt/ros/humble/opt/rviz_ogre_vendor/lib:/opt/ros/humble/lib/x86_64-linux-gnu:/opt/ros/humble/lib:/usr/lib/x86_64-linux-gnu/gazebo-11/plugins /usr/bin/cmake /home/raven/qwerty_ws/src/moveit_task_constructor/capabilities -DCMAKE_INSTALL_PREFIX=/home/raven/qwerty_ws/install/moveit_task_constructor_capabilities
[0.980s] Invoking command in '/home/raven/qwerty_ws/build/moveit_task_constructor_capabilities': CMAKE_PREFIX_PATH=/home/raven/qwerty_ws/install/moveit_task_constructor_core:/home/raven/qwerty_ws/install/rviz_marker_tools:/opt/ros/humble:/home/raven/qwerty_ws/install/moveit_task_constructor_msgs:/home/raven/qwerty_ws/install/mtc_tutorial:/home/raven/qwerty_ws/install/moveit_task_constructor_visualization:/home/raven/qwerty_ws/install/moveit_task_constructor_demo:/home/raven/qwerty_ws/install/moveit_task_constructor_capabilities:/home/raven/qwerty_ws/install/kuka_arm_moveit:/home/raven/qwerty_ws/install/kuka_arm_pkg:/home/raven/robot_ws/install/kuka_moveit:/home/raven/robot_ws/install/kuka_arm_moveit:/home/raven/robot_ws/install/kuka_arm_pkg LD_LIBRARY_PATH=/home/raven/qwerty_ws/install/moveit_task_constructor_core/lib:/home/raven/qwerty_ws/install/rviz_marker_tools/lib:/home/raven/qwerty_ws/install/moveit_task_constructor_msgs/lib:/home/raven/qwerty_ws/install/moveit_task_constructor_visualization/lib:/home/raven/qwerty_ws/install/moveit_task_constructor_demo/lib:/home/raven/qwerty_ws/install/moveit_task_constructor_capabilities/lib:/usr/lib/x86_64-linux-gnu/gazebo-11/plugins:/opt/ros/humble/opt/rviz_ogre_vendor/lib:/opt/ros/humble/lib/x86_64-linux-gnu:/opt/ros/humble/lib:/usr/lib/x86_64-linux-gnu/gazebo-11/plugins /usr/bin/cmake --build /home/raven/qwerty_ws/build/moveit_task_constructor_capabilities -- -j8 -l8
[1.015s] [35m[1mConsolidate compiler generated dependencies of target moveit_task_constructor_capabilities[0m
[1.036s] [100%] Built target moveit_task_constructor_capabilities
[1.046s] Invoked command in '/home/raven/qwerty_ws/build/moveit_task_constructor_capabilities' returned '0': CMAKE_PREFIX_PATH=/home/raven/qwerty_ws/install/moveit_task_constructor_core:/home/raven/qwerty_ws/install/rviz_marker_tools:/opt/ros/humble:/home/raven/qwerty_ws/install/moveit_task_constructor_msgs:/home/raven/qwerty_ws/install/mtc_tutorial:/home/raven/qwerty_ws/install/moveit_task_constructor_visualization:/home/raven/qwerty_ws/install/moveit_task_constructor_demo:/home/raven/qwerty_ws/install/moveit_task_constructor_capabilities:/home/raven/qwerty_ws/install/kuka_arm_moveit:/home/raven/qwerty_ws/install/kuka_arm_pkg:/home/raven/robot_ws/install/kuka_moveit:/home/raven/robot_ws/install/kuka_arm_moveit:/home/raven/robot_ws/install/kuka_arm_pkg LD_LIBRARY_PATH=/home/raven/qwerty_ws/install/moveit_task_constructor_core/lib:/home/raven/qwerty_ws/install/rviz_marker_tools/lib:/home/raven/qwerty_ws/install/moveit_task_constructor_msgs/lib:/home/raven/qwerty_ws/install/moveit_task_constructor_visualization/lib:/home/raven/qwerty_ws/install/moveit_task_constructor_demo/lib:/home/raven/qwerty_ws/install/moveit_task_constructor_capabilities/lib:/usr/lib/x86_64-linux-gnu/gazebo-11/plugins:/opt/ros/humble/opt/rviz_ogre_vendor/lib:/opt/ros/humble/lib/x86_64-linux-gnu:/opt/ros/humble/lib:/usr/lib/x86_64-linux-gnu/gazebo-11/plugins /usr/bin/cmake --build /home/raven/qwerty_ws/build/moveit_task_constructor_capabilities -- -j8 -l8
[1.069s] Invoking command in '/home/raven/qwerty_ws/build/moveit_task_constructor_capabilities': CMAKE_PREFIX_PATH=/home/raven/qwerty_ws/install/moveit_task_constructor_core:/home/raven/qwerty_ws/install/rviz_marker_tools:/opt/ros/humble:/home/raven/qwerty_ws/install/moveit_task_constructor_msgs:/home/raven/qwerty_ws/install/mtc_tutorial:/home/raven/qwerty_ws/install/moveit_task_constructor_visualization:/home/raven/qwerty_ws/install/moveit_task_constructor_demo:/home/raven/qwerty_ws/install/moveit_task_constructor_capabilities:/home/raven/qwerty_ws/install/kuka_arm_moveit:/home/raven/qwerty_ws/install/kuka_arm_pkg:/home/raven/robot_ws/install/kuka_moveit:/home/raven/robot_ws/install/kuka_arm_moveit:/home/raven/robot_ws/install/kuka_arm_pkg LD_LIBRARY_PATH=/home/raven/qwerty_ws/install/moveit_task_constructor_core/lib:/home/raven/qwerty_ws/install/rviz_marker_tools/lib:/home/raven/qwerty_ws/install/moveit_task_constructor_msgs/lib:/home/raven/qwerty_ws/install/moveit_task_constructor_visualization/lib:/home/raven/qwerty_ws/install/moveit_task_constructor_demo/lib:/home/raven/qwerty_ws/install/moveit_task_constructor_capabilities/lib:/usr/lib/x86_64-linux-gnu/gazebo-11/plugins:/opt/ros/humble/opt/rviz_ogre_vendor/lib:/opt/ros/humble/lib/x86_64-linux-gnu:/opt/ros/humble/lib:/usr/lib/x86_64-linux-gnu/gazebo-11/plugins /usr/bin/cmake --install /home/raven/qwerty_ws/build/moveit_task_constructor_capabilities
[1.075s] -- Install configuration: "Release"
[1.075s] -- Up-to-date: /home/raven/qwerty_ws/install/moveit_task_constructor_capabilities/lib/libmoveit_task_constructor_capabilities.so
[1.075s] -- Up-to-date: /home/raven/qwerty_ws/install/moveit_task_constructor_capabilities/share/moveit_task_constructor_capabilities/capabilities_plugin_description.xml
[1.075s] -- Up-to-date: /home/raven/qwerty_ws/install/moveit_task_constructor_capabilities/share/ament_index/resource_index/package_run_dependencies/moveit_task_constructor_capabilities
[1.075s] -- Installing: /home/raven/qwerty_ws/install/moveit_task_constructor_capabilities/share/ament_index/resource_index/parent_prefix_path/moveit_task_constructor_capabilities
[1.075s] -- Up-to-date: /home/raven/qwerty_ws/install/moveit_task_constructor_capabilities/share/moveit_task_constructor_capabilities/environment/ament_prefix_path.sh
[1.075s] -- Installing: /home/raven/qwerty_ws/install/moveit_task_constructor_capabilities/share/moveit_task_constructor_capabilities/environment/ament_prefix_path.dsv
[1.075s] -- Up-to-date: /home/raven/qwerty_ws/install/moveit_task_constructor_capabilities/share/moveit_task_constructor_capabilities/environment/path.sh
[1.076s] -- Installing: /home/raven/qwerty_ws/install/moveit_task_constructor_capabilities/share/moveit_task_constructor_capabilities/environment/path.dsv
[1.076s] -- Up-to-date: /home/raven/qwerty_ws/install/moveit_task_constructor_capabilities/share/moveit_task_constructor_capabilities/local_setup.bash
[1.076s] -- Up-to-date: /home/raven/qwerty_ws/install/moveit_task_constructor_capabilities/share/moveit_task_constructor_capabilities/local_setup.sh
[1.076s] -- Up-to-date: /home/raven/qwerty_ws/install/moveit_task_constructor_capabilities/share/moveit_task_constructor_capabilities/local_setup.zsh
[1.076s] -- Installing: /home/raven/qwerty_ws/install/moveit_task_constructor_capabilities/share/moveit_task_constructor_capabilities/local_setup.dsv
[1.076s] -- Installing: /home/raven/qwerty_ws/install/moveit_task_constructor_capabilities/share/moveit_task_constructor_capabilities/package.dsv
[1.076s] -- Up-to-date: /home/raven/qwerty_ws/install/moveit_task_constructor_capabilities/share/ament_index/resource_index/packages/moveit_task_constructor_capabilities
[1.076s] -- Up-to-date: /home/raven/qwerty_ws/install/moveit_task_constructor_capabilities/share/ament_index/resource_index/moveit_ros_move_group__pluginlib__plugin/moveit_task_constructor_capabilities
[1.076s] -- Up-to-date: /home/raven/qwerty_ws/install/moveit_task_constructor_capabilities/share/moveit_task_constructor_capabilities/cmake/ament_cmake_export_dependencies-extras.cmake
[1.076s] -- Up-to-date: /home/raven/qwerty_ws/install/moveit_task_constructor_capabilities/share/moveit_task_constructor_capabilities/cmake/moveit_task_constructor_capabilitiesConfig.cmake
[1.076s] -- Up-to-date: /home/raven/qwerty_ws/install/moveit_task_constructor_capabilities/share/moveit_task_constructor_capabilities/cmake/moveit_task_constructor_capabilitiesConfig-version.cmake
[1.076s] -- Up-to-date: /home/raven/qwerty_ws/install/moveit_task_constructor_capabilities/share/moveit_task_constructor_capabilities/package.xml
[1.078s] Invoked command in '/home/raven/qwerty_ws/build/moveit_task_constructor_capabilities' returned '0': CMAKE_PREFIX_PATH=/home/raven/qwerty_ws/install/moveit_task_constructor_core:/home/raven/qwerty_ws/install/rviz_marker_tools:/opt/ros/humble:/home/raven/qwerty_ws/install/moveit_task_constructor_msgs:/home/raven/qwerty_ws/install/mtc_tutorial:/home/raven/qwerty_ws/install/moveit_task_constructor_visualization:/home/raven/qwerty_ws/install/moveit_task_constructor_demo:/home/raven/qwerty_ws/install/moveit_task_constructor_capabilities:/home/raven/qwerty_ws/install/kuka_arm_moveit:/home/raven/qwerty_ws/install/kuka_arm_pkg:/home/raven/robot_ws/install/kuka_moveit:/home/raven/robot_ws/install/kuka_arm_moveit:/home/raven/robot_ws/install/kuka_arm_pkg LD_LIBRARY_PATH=/home/raven/qwerty_ws/install/moveit_task_constructor_core/lib:/home/raven/qwerty_ws/install/rviz_marker_tools/lib:/home/raven/qwerty_ws/install/moveit_task_constructor_msgs/lib:/home/raven/qwerty_ws/install/moveit_task_constructor_visualization/lib:/home/raven/qwerty_ws/install/moveit_task_constructor_demo/lib:/home/raven/qwerty_ws/install/moveit_task_constructor_capabilities/lib:/usr/lib/x86_64-linux-gnu/gazebo-11/plugins:/opt/ros/humble/opt/rviz_ogre_vendor/lib:/opt/ros/humble/lib/x86_64-linux-gnu:/opt/ros/humble/lib:/usr/lib/x86_64-linux-gnu/gazebo-11/plugins /usr/bin/cmake --install /home/raven/qwerty_ws/build/moveit_task_constructor_capabilities
