[0.008s] Invoking command in '/home/raven/qwerty_ws/build/kuka_arm_pkg': CMAKE_PREFIX_PATH=${CMAKE_PREFIX_PATH}:/opt/ros/humble /usr/bin/cmake /home/raven/qwerty_ws/src/kuka_arm_pkg -DCMAKE_INSTALL_PREFIX=/home/raven/qwerty_ws/install/kuka_arm_pkg
[0.049s] -- The C compiler identification is GNU 11.4.0
[0.090s] -- The CXX compiler identification is GNU 11.4.0
[0.095s] -- Detecting C compiler ABI info
[0.147s] -- Detecting C compiler ABI info - done
[0.153s] -- Check for working C compiler: /usr/bin/cc - skipped
[0.153s] -- Detecting C compile features
[0.153s] -- Detecting C compile features - done
[0.155s] -- Detecting CXX compiler ABI info
[0.213s] -- Detecting CXX compiler ABI info - done
[0.220s] -- Check for working CXX compiler: /usr/bin/c++ - skipped
[0.220s] -- Detecting CXX compile features
[0.220s] -- Detecting CXX compile features - done
[0.222s] -- Found ament_cmake: 1.3.10 (/opt/ros/humble/share/ament_cmake/cmake)
[0.338s] -- Found Python3: /usr/bin/python3 (found version "3.10.12") found components: Interpreter 
[0.407s] -- Found rclcpp: 16.0.10 (/opt/ros/humble/share/rclcpp/cmake)
[0.443s] -- Found rosidl_generator_c: 3.1.5 (/opt/ros/humble/share/rosidl_generator_c/cmake)
[0.447s] -- Found rosidl_adapter: 3.1.5 (/opt/ros/humble/share/rosidl_adapter/cmake)
[0.454s] -- Found rosidl_generator_cpp: 3.1.5 (/opt/ros/humble/share/rosidl_generator_cpp/cmake)
[0.464s] -- Using all available rosidl_typesupport_c: rosidl_typesupport_fastrtps_c;rosidl_typesupport_introspection_c
[0.478s] -- Using all available rosidl_typesupport_cpp: rosidl_typesupport_fastrtps_cpp;rosidl_typesupport_introspection_cpp
[0.514s] -- Found rmw_implementation_cmake: 6.1.2 (/opt/ros/humble/share/rmw_implementation_cmake/cmake)
[0.516s] -- Found rmw_fastrtps_cpp: 6.2.7 (/opt/ros/humble/share/rmw_fastrtps_cpp/cmake)
[0.579s] -- Found OpenSSL: /usr/lib/x86_64-linux-gnu/libcrypto.so (found version "3.0.2")  
[0.600s] -- Found FastRTPS: /opt/ros/humble/include  
[0.634s] -- Using RMW implementation 'rmw_fastrtps_cpp' as default
[0.641s] -- Looking for pthread.h
[0.692s] -- Looking for pthread.h - found
[0.692s] -- Performing Test CMAKE_HAVE_LIBC_PTHREAD
[0.745s] -- Performing Test CMAKE_HAVE_LIBC_PTHREAD - Success
[0.746s] -- Found Threads: TRUE  
[0.790s] -- Found trajectory_msgs: 4.2.4 (/opt/ros/humble/share/trajectory_msgs/cmake)
[0.817s] -- Found moveit_visual_tools: 4.1.0 (/opt/ros/humble/share/moveit_visual_tools/cmake)
[0.866s] -- Found Boost: /usr/lib/x86_64-linux-gnu/cmake/Boost-1.74.0/BoostConfig.cmake (found version "1.74.0") found components: chrono date_time filesystem iostreams program_options regex serialization system thread 
[0.877s] -- Found parameter_traits: 0.3.8 (/opt/ros/humble/share/parameter_traits/cmake)
[0.891s] -- Found rclcpp_lifecycle: 16.0.10 (/opt/ros/humble/share/rclcpp_lifecycle/cmake)
[0.911s] -- Found Boost: /usr/lib/x86_64-linux-gnu/cmake/Boost-1.74.0/BoostConfig.cmake (found version "1.74.0") found components: filesystem 
[0.974s] -- library: /usr/lib/x86_64-linux-gnu/libcurl.so
[1.031s] -- Found Eigen3: TRUE (found version "3.4.0") 
[1.031s] -- Ensuring Eigen3 include directory is part of orocos-kdl CMake target
[1.232s] -- Found Boost: /usr/lib/x86_64-linux-gnu/cmake/Boost-1.74.0/BoostConfig.cmake (found version "1.74.0") found components: system filesystem date_time program_options thread chrono 
[1.281s] -- Setting assimp_DIR to: '/opt/ros/humble/share/rviz_assimp_vendor/cmake/../../../opt/rviz_assimp_vendor/lib/cmake/assimp-4.1'
[1.286s] -- Setting OGRE_DIR to: '/opt/ros/humble/share/rviz_ogre_vendor/cmake/../../../opt/rviz_ogre_vendor/lib/OGRE/cmake'
[1.287s] -- Found OGRE
[1.287s] --   static     : OFF
[1.287s] --   components : HLMS;MeshLodGenerator;Overlay;Paging;Property;RTShaderSystem;Terrain;Volume
[1.287s] --   plugins    : Plugin_BSPSceneManager;Plugin_OctreeSceneManager;Plugin_PCZSceneManager;Plugin_ParticleFX;RenderSystem_GL;RenderSystem_GL3Plus;Codec_STBI
[1.287s] --   media      : /opt/ros/humble/opt/rviz_ogre_vendor/share/OGRE/Media
[1.287s] -- OGRE_LIBRARIES: OgreHLMS;OgreMeshLodGenerator;OgreOverlay;OgrePaging;OgreProperty;OgreRTShaderSystem;OgreTerrain;OgreVolume;OgreMain
[1.287s] -- OGRE_LIBRARY_DIRS: /opt/ros/humble/opt/rviz_ogre_vendor/lib
[1.288s] -- OGRE_PLUGINS: Plugin_BSPSceneManager;Plugin_OctreeSceneManager;Plugin_PCZSceneManager;Plugin_ParticleFX;RenderSystem_GL;RenderSystem_GL3Plus;Codec_STBI
[1.288s] -- OGRE_PLUGIN_DIR: /opt/ros/humble/opt/rviz_ogre_vendor/lib/OGRE
[1.288s] -- rviz_ogre_vendor::OgreOverlay for IMPORTED_LOCATION_RELEASE: /opt/ros/humble/opt/rviz_ogre_vendor/lib/libOgreOverlay.so
[1.288s] -- rviz_ogre_vendor::OgreOverlay for IMPORTED_LOCATION_DEBUG: /opt/ros/humble/opt/rviz_ogre_vendor/lib/libOgreOverlay.so
[1.288s] -- rviz_ogre_vendor::OgreMain for IMPORTED_LOCATION_RELEASE: /opt/ros/humble/opt/rviz_ogre_vendor/lib/libOgreMain.so
[1.288s] -- rviz_ogre_vendor::OgreMain for IMPORTED_LOCATION_DEBUG: /opt/ros/humble/opt/rviz_ogre_vendor/lib/libOgreMain.so
[1.301s] -- Found ZLIB: /usr/lib/x86_64-linux-gnu/libz.so (found version "1.2.11") 
[1.304s] -- Found OpenGL: /usr/lib/x86_64-linux-gnu/libOpenGL.so   
[1.367s] -- Found X11: /usr/include   
[1.368s] -- Looking for XOpenDisplay in /usr/lib/x86_64-linux-gnu/libX11.so;/usr/lib/x86_64-linux-gnu/libXext.so
[1.421s] -- Looking for XOpenDisplay in /usr/lib/x86_64-linux-gnu/libX11.so;/usr/lib/x86_64-linux-gnu/libXext.so - found
[1.421s] -- Looking for gethostbyname
[1.471s] -- Looking for gethostbyname - found
[1.471s] -- Looking for connect
[1.519s] -- Looking for connect - found
[1.519s] -- Looking for remove
[1.569s] -- Looking for remove - found
[1.569s] -- Looking for shmat
[1.617s] -- Looking for shmat - found
[1.617s] -- Looking for IceConnectionNumber in ICE
[1.668s] -- Looking for IceConnectionNumber in ICE - found
[1.750s] -- Found moveit_ros_planning_interface: 2.5.5 (/opt/ros/humble/share/moveit_ros_planning_interface/cmake)
[1.754s] -- Found Boost: /usr/lib/x86_64-linux-gnu/cmake/Boost-1.74.0/BoostConfig.cmake (found version "1.74.0") found components: date_time filesystem program_options system thread 
[1.767s] -- Found Boost: /usr/lib/x86_64-linux-gnu/cmake/Boost-1.74.0/BoostConfig.cmake (found version "1.74.0") found components: thread system filesystem regex date_time program_options 
[1.787s] -- Found Boost: /usr/lib/x86_64-linux-gnu/cmake/Boost-1.74.0/BoostConfig.cmake (found version "1.74.0") found components: system filesystem date_time program_options thread 
[1.813s] -- Found gazebo_msgs: 3.7.0 (/opt/ros/humble/share/gazebo_msgs/cmake)
[1.887s] -- Configuring done
[1.937s] -- Generating done
[1.939s] -- Build files have been written to: /home/raven/qwerty_ws/build/kuka_arm_pkg
[1.952s] Invoked command in '/home/raven/qwerty_ws/build/kuka_arm_pkg' returned '0': CMAKE_PREFIX_PATH=${CMAKE_PREFIX_PATH}:/opt/ros/humble /usr/bin/cmake /home/raven/qwerty_ws/src/kuka_arm_pkg -DCMAKE_INSTALL_PREFIX=/home/raven/qwerty_ws/install/kuka_arm_pkg
[1.954s] Invoking command in '/home/raven/qwerty_ws/build/kuka_arm_pkg': CMAKE_PREFIX_PATH=${CMAKE_PREFIX_PATH}:/opt/ros/humble /usr/bin/cmake --build /home/raven/qwerty_ws/build/kuka_arm_pkg -- -j8 -l8
[1.994s] [ 25%] [32mBuilding CXX object CMakeFiles/kuka_collision_avoidance_demo.dir/src/kuka_collision_avoidance_demo.cpp.o[0m
[1.994s] [ 25%] [32mBuilding CXX object CMakeFiles/kuka_pick_and_place.dir/src/kuka_pick_and_place.cpp.o[0m
[1.995s] [ 37%] [32mBuilding CXX object CMakeFiles/jtc_node.dir/src/joint_trajectory_controller.cpp.o[0m
[1.995s] [ 50%] [32mBuilding CXX object CMakeFiles/moveit_drive.dir/src/motion_drive_moveit.cpp.o[0m
[5.937s] [ 62%] [32m[1mLinking CXX executable jtc_node[0m
[6.119s] [ 62%] Built target jtc_node
[8.957s] [ 75%] [32m[1mLinking CXX executable kuka_pick_and_place[0m
[8.962s] [ 87%] [32m[1mLinking CXX executable moveit_drive[0m
[9.229s] [ 87%] Built target kuka_pick_and_place
[9.300s] [ 87%] Built target moveit_drive
[11.635s] [100%] [32m[1mLinking CXX executable kuka_collision_avoidance_demo[0m
[12.179s] [100%] Built target kuka_collision_avoidance_demo
[12.191s] Invoked command in '/home/raven/qwerty_ws/build/kuka_arm_pkg' returned '0': CMAKE_PREFIX_PATH=${CMAKE_PREFIX_PATH}:/opt/ros/humble /usr/bin/cmake --build /home/raven/qwerty_ws/build/kuka_arm_pkg -- -j8 -l8
[12.224s] Invoking command in '/home/raven/qwerty_ws/build/kuka_arm_pkg': CMAKE_PREFIX_PATH=${CMAKE_PREFIX_PATH}:/opt/ros/humble /usr/bin/cmake --install /home/raven/qwerty_ws/build/kuka_arm_pkg
[12.229s] -- Install configuration: ""
[12.229s] -- Installing: /home/raven/qwerty_ws/install/kuka_arm_pkg/lib/kuka_arm_pkg/jtc_node
[12.230s] -- Set runtime path of "/home/raven/qwerty_ws/install/kuka_arm_pkg/lib/kuka_arm_pkg/jtc_node" to ""
[12.230s] -- Installing: /home/raven/qwerty_ws/install/kuka_arm_pkg/lib/kuka_arm_pkg/moveit_drive
[12.230s] -- Set runtime path of "/home/raven/qwerty_ws/install/kuka_arm_pkg/lib/kuka_arm_pkg/moveit_drive" to ""
[12.231s] -- Installing: /home/raven/qwerty_ws/install/kuka_arm_pkg/lib/kuka_arm_pkg/kuka_collision_avoidance_demo
[12.231s] -- Set runtime path of "/home/raven/qwerty_ws/install/kuka_arm_pkg/lib/kuka_arm_pkg/kuka_collision_avoidance_demo" to ""
[12.231s] -- Installing: /home/raven/qwerty_ws/install/kuka_arm_pkg/lib/kuka_arm_pkg/kuka_pick_and_place
[12.232s] -- Set runtime path of "/home/raven/qwerty_ws/install/kuka_arm_pkg/lib/kuka_arm_pkg/kuka_pick_and_place" to ""
[12.232s] -- Installing: /home/raven/qwerty_ws/install/kuka_arm_pkg/share/kuka_arm_pkg/src
[12.232s] -- Installing: /home/raven/qwerty_ws/install/kuka_arm_pkg/share/kuka_arm_pkg/src/kuka_collision_avoidance_demo.cpp
[12.232s] -- Installing: /home/raven/qwerty_ws/install/kuka_arm_pkg/share/kuka_arm_pkg/src/motion_drive_moveit.cpp
[12.232s] -- Installing: /home/raven/qwerty_ws/install/kuka_arm_pkg/share/kuka_arm_pkg/src/original.cpp
[12.232s] -- Installing: /home/raven/qwerty_ws/install/kuka_arm_pkg/share/kuka_arm_pkg/src/joint_trajectory_controller.cpp
[12.232s] -- Installing: /home/raven/qwerty_ws/install/kuka_arm_pkg/share/kuka_arm_pkg/src/kuka_pick_and_place.cpp
[12.232s] -- Installing: /home/raven/qwerty_ws/install/kuka_arm_pkg/share/kuka_arm_pkg/urdf
[12.232s] -- Installing: /home/raven/qwerty_ws/install/kuka_arm_pkg/share/kuka_arm_pkg/urdf/kr210.urdf.xacro
[12.232s] -- Installing: /home/raven/qwerty_ws/install/kuka_arm_pkg/share/kuka_arm_pkg/urdf/kr210_moveit.urdf.xacro
[12.232s] -- Installing: /home/raven/qwerty_ws/install/kuka_arm_pkg/share/kuka_arm_pkg/urdf/kr210.ros2control.xacro
[12.232s] -- Installing: /home/raven/qwerty_ws/install/kuka_arm_pkg/share/kuka_arm_pkg/urdf/target.urdf.xacro
[12.232s] -- Installing: /home/raven/qwerty_ws/install/kuka_arm_pkg/share/kuka_arm_pkg/urdf/kr210.gazebo.xacro
[12.233s] -- Installing: /home/raven/qwerty_ws/install/kuka_arm_pkg/share/kuka_arm_pkg/meshes
[12.233s] -- Installing: /home/raven/qwerty_ws/install/kuka_arm_pkg/share/kuka_arm_pkg/meshes/gripper
[12.233s] -- Installing: /home/raven/qwerty_ws/install/kuka_arm_pkg/share/kuka_arm_pkg/meshes/gripper/finger_right.dae
[12.233s] -- Installing: /home/raven/qwerty_ws/install/kuka_arm_pkg/share/kuka_arm_pkg/meshes/gripper/finger_left.dae
[12.233s] -- Installing: /home/raven/qwerty_ws/install/kuka_arm_pkg/share/kuka_arm_pkg/meshes/gripper/gripper_base.dae
[12.233s] -- Installing: /home/raven/qwerty_ws/install/kuka_arm_pkg/share/kuka_arm_pkg/meshes/gripper/finger_right_collision.dae
[12.233s] -- Installing: /home/raven/qwerty_ws/install/kuka_arm_pkg/share/kuka_arm_pkg/meshes/gripper/finger_left_collision.dae
[12.233s] -- Installing: /home/raven/qwerty_ws/install/kuka_arm_pkg/share/kuka_arm_pkg/meshes/kr210l150
[12.233s] -- Installing: /home/raven/qwerty_ws/install/kuka_arm_pkg/share/kuka_arm_pkg/meshes/kr210l150/README.md
[12.233s] -- Installing: /home/raven/qwerty_ws/install/kuka_arm_pkg/share/kuka_arm_pkg/meshes/kr210l150/visual
[12.233s] -- Installing: /home/raven/qwerty_ws/install/kuka_arm_pkg/share/kuka_arm_pkg/meshes/kr210l150/visual/link_1.dae
[12.234s] -- Installing: /home/raven/qwerty_ws/install/kuka_arm_pkg/share/kuka_arm_pkg/meshes/kr210l150/visual/link_2.dae
[12.237s] -- Installing: /home/raven/qwerty_ws/install/kuka_arm_pkg/share/kuka_arm_pkg/meshes/kr210l150/visual/link_6.dae
[12.238s] -- Installing: /home/raven/qwerty_ws/install/kuka_arm_pkg/share/kuka_arm_pkg/meshes/kr210l150/visual/base_link.dae
[12.239s] -- Installing: /home/raven/qwerty_ws/install/kuka_arm_pkg/share/kuka_arm_pkg/meshes/kr210l150/visual/link_5.dae
[12.240s] -- Installing: /home/raven/qwerty_ws/install/kuka_arm_pkg/share/kuka_arm_pkg/meshes/kr210l150/visual/link_4.dae
[12.240s] -- Installing: /home/raven/qwerty_ws/install/kuka_arm_pkg/share/kuka_arm_pkg/meshes/kr210l150/visual/link_3.dae
[12.242s] -- Installing: /home/raven/qwerty_ws/install/kuka_arm_pkg/share/kuka_arm_pkg/meshes/kr210l150/collision
[12.242s] -- Installing: /home/raven/qwerty_ws/install/kuka_arm_pkg/share/kuka_arm_pkg/meshes/kr210l150/collision/link_6.stl
[12.242s] -- Installing: /home/raven/qwerty_ws/install/kuka_arm_pkg/share/kuka_arm_pkg/meshes/kr210l150/collision/link_1.stl
[12.242s] -- Installing: /home/raven/qwerty_ws/install/kuka_arm_pkg/share/kuka_arm_pkg/meshes/kr210l150/collision/link_4.stl
[12.242s] -- Installing: /home/raven/qwerty_ws/install/kuka_arm_pkg/share/kuka_arm_pkg/meshes/kr210l150/collision/link_5.stl
[12.242s] -- Installing: /home/raven/qwerty_ws/install/kuka_arm_pkg/share/kuka_arm_pkg/meshes/kr210l150/collision/base_link.stl
[12.242s] -- Installing: /home/raven/qwerty_ws/install/kuka_arm_pkg/share/kuka_arm_pkg/meshes/kr210l150/collision/link_3.stl
[12.242s] -- Installing: /home/raven/qwerty_ws/install/kuka_arm_pkg/share/kuka_arm_pkg/meshes/kr210l150/collision/link_2.stl
[12.243s] -- Installing: /home/raven/qwerty_ws/install/kuka_arm_pkg/share/kuka_arm_pkg/config
[12.243s] -- Installing: /home/raven/qwerty_ws/install/kuka_arm_pkg/share/kuka_arm_pkg/config/kr210_controllers.yaml
[12.243s] -- Installing: /home/raven/qwerty_ws/install/kuka_arm_pkg/share/kuka_arm_pkg/config/kuka_arm_controllers.yaml
[12.243s] -- Installing: /home/raven/qwerty_ws/install/kuka_arm_pkg/share/kuka_arm_pkg/config/kuka_arm.rviz
[12.243s] -- Installing: /home/raven/qwerty_ws/install/kuka_arm_pkg/share/kuka_arm_pkg/launch
[12.243s] -- Installing: /home/raven/qwerty_ws/install/kuka_arm_pkg/share/kuka_arm_pkg/launch/2_gazebo_kuka_arm.launch.py
[12.243s] -- Installing: /home/raven/qwerty_ws/install/kuka_arm_pkg/share/kuka_arm_pkg/launch/3_moveit_kuka_arm.launch.py
[12.243s] -- Installing: /home/raven/qwerty_ws/install/kuka_arm_pkg/share/kuka_arm_pkg/launch/5_cafe_world.launch.py
[12.243s] -- Installing: /home/raven/qwerty_ws/install/kuka_arm_pkg/share/kuka_arm_pkg/launch/1_rviz_kuka_arm.launch.py
[12.243s] -- Installing: /home/raven/qwerty_ws/install/kuka_arm_pkg/share/kuka_arm_pkg/launch/7_cafe_custom.launch.py
[12.243s] -- Installing: /home/raven/qwerty_ws/install/kuka_arm_pkg/share/kuka_arm_pkg/launch/4_moveit_node_controlling.launch.py
[12.243s] -- Installing: /home/raven/qwerty_ws/install/kuka_arm_pkg/share/kuka_arm_pkg/launch/8_gazebo_with_collision_avoidance.launch.py
[12.243s] -- Installing: /home/raven/qwerty_ws/install/kuka_arm_pkg/share/kuka_arm_pkg/launch/9_pick_and_place.launch.py
[12.243s] -- Installing: /home/raven/qwerty_ws/install/kuka_arm_pkg/share/kuka_arm_pkg/launch/6_moveit_node_controlling.launch.py
[12.244s] -- Installing: /home/raven/qwerty_ws/install/kuka_arm_pkg/share/kuka_arm_pkg/models
[12.244s] -- Installing: /home/raven/qwerty_ws/install/kuka_arm_pkg/share/kuka_arm_pkg/models/kinematics_shelf
[12.244s] -- Installing: /home/raven/qwerty_ws/install/kuka_arm_pkg/share/kuka_arm_pkg/models/kinematics_shelf/model.sdf
[12.244s] -- Installing: /home/raven/qwerty_ws/install/kuka_arm_pkg/share/kuka_arm_pkg/models/kinematics_shelf/kinematics_shelf.dae
[12.244s] -- Installing: /home/raven/qwerty_ws/install/kuka_arm_pkg/share/kuka_arm_pkg/models/kinematics_shelf/model.config
[12.244s] -- Installing: /home/raven/qwerty_ws/install/kuka_arm_pkg/share/kuka_arm_pkg/models/kinematics_bin
[12.244s] -- Installing: /home/raven/qwerty_ws/install/kuka_arm_pkg/share/kuka_arm_pkg/models/kinematics_bin/model.sdf
[12.244s] -- Installing: /home/raven/qwerty_ws/install/kuka_arm_pkg/share/kuka_arm_pkg/models/kinematics_bin/kinematics_bin.dae
[12.244s] -- Installing: /home/raven/qwerty_ws/install/kuka_arm_pkg/share/kuka_arm_pkg/models/kinematics_bin/model.config
[12.244s] -- Installing: /home/raven/qwerty_ws/install/kuka_arm_pkg/share/kuka_arm_pkg/worlds
[12.244s] -- Installing: /home/raven/qwerty_ws/install/kuka_arm_pkg/share/kuka_arm_pkg/worlds/cafe_custom.world
[12.244s] -- Installing: /home/raven/qwerty_ws/install/kuka_arm_pkg/share/kuka_arm_pkg/worlds/basic.world
[12.244s] -- Installing: /home/raven/qwerty_ws/install/kuka_arm_pkg/share/kuka_arm_pkg/worlds/hello.world
[12.245s] -- Installing: /home/raven/qwerty_ws/install/kuka_arm_pkg/share/ament_index/resource_index/package_run_dependencies/kuka_arm_pkg
[12.245s] -- Installing: /home/raven/qwerty_ws/install/kuka_arm_pkg/share/ament_index/resource_index/parent_prefix_path/kuka_arm_pkg
[12.245s] -- Installing: /home/raven/qwerty_ws/install/kuka_arm_pkg/share/kuka_arm_pkg/environment/ament_prefix_path.sh
[12.245s] -- Installing: /home/raven/qwerty_ws/install/kuka_arm_pkg/share/kuka_arm_pkg/environment/ament_prefix_path.dsv
[12.245s] -- Installing: /home/raven/qwerty_ws/install/kuka_arm_pkg/share/kuka_arm_pkg/environment/path.sh
[12.245s] -- Installing: /home/raven/qwerty_ws/install/kuka_arm_pkg/share/kuka_arm_pkg/environment/path.dsv
[12.245s] -- Installing: /home/raven/qwerty_ws/install/kuka_arm_pkg/share/kuka_arm_pkg/local_setup.bash
[12.245s] -- Installing: /home/raven/qwerty_ws/install/kuka_arm_pkg/share/kuka_arm_pkg/local_setup.sh
[12.245s] -- Installing: /home/raven/qwerty_ws/install/kuka_arm_pkg/share/kuka_arm_pkg/local_setup.zsh
[12.246s] -- Installing: /home/raven/qwerty_ws/install/kuka_arm_pkg/share/kuka_arm_pkg/local_setup.dsv
[12.246s] -- Installing: /home/raven/qwerty_ws/install/kuka_arm_pkg/share/kuka_arm_pkg/package.dsv
[12.246s] -- Installing: /home/raven/qwerty_ws/install/kuka_arm_pkg/share/ament_index/resource_index/packages/kuka_arm_pkg
[12.246s] -- Installing: /home/raven/qwerty_ws/install/kuka_arm_pkg/share/kuka_arm_pkg/cmake/kuka_arm_pkgConfig.cmake
[12.246s] -- Installing: /home/raven/qwerty_ws/install/kuka_arm_pkg/share/kuka_arm_pkg/cmake/kuka_arm_pkgConfig-version.cmake
[12.246s] -- Installing: /home/raven/qwerty_ws/install/kuka_arm_pkg/share/kuka_arm_pkg/package.xml
[12.248s] Invoked command in '/home/raven/qwerty_ws/build/kuka_arm_pkg' returned '0': CMAKE_PREFIX_PATH=${CMAKE_PREFIX_PATH}:/opt/ros/humble /usr/bin/cmake --install /home/raven/qwerty_ws/build/kuka_arm_pkg
