[0.014s] Invoking command in '/home/raven/qwerty_ws/build/mtc_tutorial': AMENT_PREFIX_PATH=/home/raven/qwerty_ws/install/moveit_task_constructor_core:/home/raven/qwerty_ws/install/rviz_marker_tools:/home/raven/qwerty_ws/install/moveit_task_constructor_msgs:${AMENT_PREFIX_PATH} CMAKE_PREFIX_PATH=/home/raven/qwerty_ws/install/moveit_task_constructor_core:/home/raven/qwerty_ws/install/rviz_marker_tools:/opt/ros/humble:/home/raven/qwerty_ws/install/moveit_task_constructor_msgs:${CMAKE_PREFIX_PATH} LD_LIBRARY_PATH=/home/raven/qwerty_ws/install/moveit_task_constructor_core/lib:/home/raven/qwerty_ws/install/rviz_marker_tools/lib:/home/raven/qwerty_ws/install/moveit_task_constructor_msgs/lib:/usr/lib/x86_64-linux-gnu/gazebo-11/plugins:/opt/ros/humble/opt/rviz_ogre_vendor/lib:/opt/ros/humble/lib/x86_64-linux-gnu:/opt/ros/humble/lib:/usr/lib/x86_64-linux-gnu/gazebo-11/plugins PYTHONPATH=/home/raven/qwerty_ws/install/moveit_task_constructor_core/local/lib/python3.10/dist-packages:/home/raven/qwerty_ws/install/moveit_task_constructor_msgs/local/lib/python3.10/dist-packages:${PYTHONPATH} /usr/bin/cmake --build /home/raven/qwerty_ws/build/mtc_tutorial -- -j8 -l8
[0.070s] [35m[1mConsolidate compiler generated dependencies of target mtc_tutorial[0m
[0.106s] [100%] Built target mtc_tutorial
[0.123s] Invoked command in '/home/raven/qwerty_ws/build/mtc_tutorial' returned '0': AMENT_PREFIX_PATH=/home/raven/qwerty_ws/install/moveit_task_constructor_core:/home/raven/qwerty_ws/install/rviz_marker_tools:/home/raven/qwerty_ws/install/moveit_task_constructor_msgs:${AMENT_PREFIX_PATH} CMAKE_PREFIX_PATH=/home/raven/qwerty_ws/install/moveit_task_constructor_core:/home/raven/qwerty_ws/install/rviz_marker_tools:/opt/ros/humble:/home/raven/qwerty_ws/install/moveit_task_constructor_msgs:${CMAKE_PREFIX_PATH} LD_LIBRARY_PATH=/home/raven/qwerty_ws/install/moveit_task_constructor_core/lib:/home/raven/qwerty_ws/install/rviz_marker_tools/lib:/home/raven/qwerty_ws/install/moveit_task_constructor_msgs/lib:/usr/lib/x86_64-linux-gnu/gazebo-11/plugins:/opt/ros/humble/opt/rviz_ogre_vendor/lib:/opt/ros/humble/lib/x86_64-linux-gnu:/opt/ros/humble/lib:/usr/lib/x86_64-linux-gnu/gazebo-11/plugins PYTHONPATH=/home/raven/qwerty_ws/install/moveit_task_constructor_core/local/lib/python3.10/dist-packages:/home/raven/qwerty_ws/install/moveit_task_constructor_msgs/local/lib/python3.10/dist-packages:${PYTHONPATH} /usr/bin/cmake --build /home/raven/qwerty_ws/build/mtc_tutorial -- -j8 -l8
[0.153s] Invoking command in '/home/raven/qwerty_ws/build/mtc_tutorial': AMENT_PREFIX_PATH=/home/raven/qwerty_ws/install/moveit_task_constructor_core:/home/raven/qwerty_ws/install/rviz_marker_tools:/home/raven/qwerty_ws/install/moveit_task_constructor_msgs:${AMENT_PREFIX_PATH} CMAKE_PREFIX_PATH=/home/raven/qwerty_ws/install/moveit_task_constructor_core:/home/raven/qwerty_ws/install/rviz_marker_tools:/opt/ros/humble:/home/raven/qwerty_ws/install/moveit_task_constructor_msgs:${CMAKE_PREFIX_PATH} LD_LIBRARY_PATH=/home/raven/qwerty_ws/install/moveit_task_constructor_core/lib:/home/raven/qwerty_ws/install/rviz_marker_tools/lib:/home/raven/qwerty_ws/install/moveit_task_constructor_msgs/lib:/usr/lib/x86_64-linux-gnu/gazebo-11/plugins:/opt/ros/humble/opt/rviz_ogre_vendor/lib:/opt/ros/humble/lib/x86_64-linux-gnu:/opt/ros/humble/lib:/usr/lib/x86_64-linux-gnu/gazebo-11/plugins PYTHONPATH=/home/raven/qwerty_ws/install/moveit_task_constructor_core/local/lib/python3.10/dist-packages:/home/raven/qwerty_ws/install/moveit_task_constructor_msgs/local/lib/python3.10/dist-packages:${PYTHONPATH} /usr/bin/cmake --install /home/raven/qwerty_ws/build/mtc_tutorial
[0.159s] -- Install configuration: "Release"
[0.160s] -- Up-to-date: /home/raven/qwerty_ws/install/mtc_tutorial/lib/mtc_tutorial/mtc_tutorial
[0.160s] -- Up-to-date: /home/raven/qwerty_ws/install/mtc_tutorial/share/mtc_tutorial/launch
[0.160s] -- Up-to-date: /home/raven/qwerty_ws/install/mtc_tutorial/share/mtc_tutorial/launch/mtc_demo.launch.py
[0.160s] -- Up-to-date: /home/raven/qwerty_ws/install/mtc_tutorial/share/ament_index/resource_index/package_run_dependencies/mtc_tutorial
[0.160s] -- Up-to-date: /home/raven/qwerty_ws/install/mtc_tutorial/share/ament_index/resource_index/parent_prefix_path/mtc_tutorial
[0.160s] -- Up-to-date: /home/raven/qwerty_ws/install/mtc_tutorial/share/mtc_tutorial/environment/ament_prefix_path.sh
[0.160s] -- Up-to-date: /home/raven/qwerty_ws/install/mtc_tutorial/share/mtc_tutorial/environment/ament_prefix_path.dsv
[0.161s] -- Up-to-date: /home/raven/qwerty_ws/install/mtc_tutorial/share/mtc_tutorial/environment/path.sh
[0.161s] -- Up-to-date: /home/raven/qwerty_ws/install/mtc_tutorial/share/mtc_tutorial/environment/path.dsv
[0.161s] -- Up-to-date: /home/raven/qwerty_ws/install/mtc_tutorial/share/mtc_tutorial/local_setup.bash
[0.161s] -- Up-to-date: /home/raven/qwerty_ws/install/mtc_tutorial/share/mtc_tutorial/local_setup.sh
[0.161s] -- Up-to-date: /home/raven/qwerty_ws/install/mtc_tutorial/share/mtc_tutorial/local_setup.zsh
[0.161s] -- Up-to-date: /home/raven/qwerty_ws/install/mtc_tutorial/share/mtc_tutorial/local_setup.dsv
[0.161s] -- Installing: /home/raven/qwerty_ws/install/mtc_tutorial/share/mtc_tutorial/package.dsv
[0.161s] -- Up-to-date: /home/raven/qwerty_ws/install/mtc_tutorial/share/ament_index/resource_index/packages/mtc_tutorial
[0.161s] -- Up-to-date: /home/raven/qwerty_ws/install/mtc_tutorial/share/mtc_tutorial/cmake/mtc_tutorialConfig.cmake
[0.161s] -- Up-to-date: /home/raven/qwerty_ws/install/mtc_tutorial/share/mtc_tutorial/cmake/mtc_tutorialConfig-version.cmake
[0.162s] -- Up-to-date: /home/raven/qwerty_ws/install/mtc_tutorial/share/mtc_tutorial/package.xml
[0.170s] Invoked command in '/home/raven/qwerty_ws/build/mtc_tutorial' returned '0': AMENT_PREFIX_PATH=/home/raven/qwerty_ws/install/moveit_task_constructor_core:/home/raven/qwerty_ws/install/rviz_marker_tools:/home/raven/qwerty_ws/install/moveit_task_constructor_msgs:${AMENT_PREFIX_PATH} CMAKE_PREFIX_PATH=/home/raven/qwerty_ws/install/moveit_task_constructor_core:/home/raven/qwerty_ws/install/rviz_marker_tools:/opt/ros/humble:/home/raven/qwerty_ws/install/moveit_task_constructor_msgs:${CMAKE_PREFIX_PATH} LD_LIBRARY_PATH=/home/raven/qwerty_ws/install/moveit_task_constructor_core/lib:/home/raven/qwerty_ws/install/rviz_marker_tools/lib:/home/raven/qwerty_ws/install/moveit_task_constructor_msgs/lib:/usr/lib/x86_64-linux-gnu/gazebo-11/plugins:/opt/ros/humble/opt/rviz_ogre_vendor/lib:/opt/ros/humble/lib/x86_64-linux-gnu:/opt/ros/humble/lib:/usr/lib/x86_64-linux-gnu/gazebo-11/plugins PYTHONPATH=/home/raven/qwerty_ws/install/moveit_task_constructor_core/local/lib/python3.10/dist-packages:/home/raven/qwerty_ws/install/moveit_task_constructor_msgs/local/lib/python3.10/dist-packages:${PYTHONPATH} /usr/bin/cmake --install /home/raven/qwerty_ws/build/mtc_tutorial
