[0.014s] Invoking command in '/home/raven/qwerty_ws/build/mtc_tutorial': CMAKE_PREFIX_PATH=/home/raven/qwerty_ws/install/moveit_task_constructor_core:/home/raven/qwerty_ws/install/rviz_marker_tools:/opt/ros/humble:/home/raven/qwerty_ws/install/moveit_task_constructor_msgs:/home/raven/qwerty_ws/install/mtc_tutorial:/home/raven/qwerty_ws/install/moveit_task_constructor_visualization:/home/raven/qwerty_ws/install/moveit_task_constructor_demo:/home/raven/qwerty_ws/install/moveit_task_constructor_capabilities:/home/raven/qwerty_ws/install/kuka_arm_moveit:/home/raven/qwerty_ws/install/kuka_arm_pkg:/home/raven/robot_ws/install/kuka_moveit:/home/raven/robot_ws/install/kuka_arm_moveit:/home/raven/robot_ws/install/kuka_arm_pkg LD_LIBRARY_PATH=/home/raven/qwerty_ws/install/moveit_task_constructor_core/lib:/home/raven/qwerty_ws/install/rviz_marker_tools/lib:/home/raven/qwerty_ws/install/moveit_task_constructor_msgs/lib:/home/raven/qwerty_ws/install/moveit_task_constructor_visualization/lib:/home/raven/qwerty_ws/install/moveit_task_constructor_demo/lib:/home/raven/qwerty_ws/install/moveit_task_constructor_capabilities/lib:/usr/lib/x86_64-linux-gnu/gazebo-11/plugins:/opt/ros/humble/opt/rviz_ogre_vendor/lib:/opt/ros/humble/lib/x86_64-linux-gnu:/opt/ros/humble/lib:/usr/lib/x86_64-linux-gnu/gazebo-11/plugins /usr/bin/cmake --build /home/raven/qwerty_ws/build/mtc_tutorial -- -j8 -l8
[0.084s] [ 50%] [32mBuilding CXX object CMakeFiles/mtc_tutorial.dir/src/mtc_tutorial.cpp.o[0m
[7.782s] [100%] [32m[1mLinking CXX executable mtc_tutorial[0m
[8.015s] [100%] Built target mtc_tutorial
[8.027s] Invoked command in '/home/raven/qwerty_ws/build/mtc_tutorial' returned '0': CMAKE_PREFIX_PATH=/home/raven/qwerty_ws/install/moveit_task_constructor_core:/home/raven/qwerty_ws/install/rviz_marker_tools:/opt/ros/humble:/home/raven/qwerty_ws/install/moveit_task_constructor_msgs:/home/raven/qwerty_ws/install/mtc_tutorial:/home/raven/qwerty_ws/install/moveit_task_constructor_visualization:/home/raven/qwerty_ws/install/moveit_task_constructor_demo:/home/raven/qwerty_ws/install/moveit_task_constructor_capabilities:/home/raven/qwerty_ws/install/kuka_arm_moveit:/home/raven/qwerty_ws/install/kuka_arm_pkg:/home/raven/robot_ws/install/kuka_moveit:/home/raven/robot_ws/install/kuka_arm_moveit:/home/raven/robot_ws/install/kuka_arm_pkg LD_LIBRARY_PATH=/home/raven/qwerty_ws/install/moveit_task_constructor_core/lib:/home/raven/qwerty_ws/install/rviz_marker_tools/lib:/home/raven/qwerty_ws/install/moveit_task_constructor_msgs/lib:/home/raven/qwerty_ws/install/moveit_task_constructor_visualization/lib:/home/raven/qwerty_ws/install/moveit_task_constructor_demo/lib:/home/raven/qwerty_ws/install/moveit_task_constructor_capabilities/lib:/usr/lib/x86_64-linux-gnu/gazebo-11/plugins:/opt/ros/humble/opt/rviz_ogre_vendor/lib:/opt/ros/humble/lib/x86_64-linux-gnu:/opt/ros/humble/lib:/usr/lib/x86_64-linux-gnu/gazebo-11/plugins /usr/bin/cmake --build /home/raven/qwerty_ws/build/mtc_tutorial -- -j8 -l8
[8.047s] Invoking command in '/home/raven/qwerty_ws/build/mtc_tutorial': CMAKE_PREFIX_PATH=/home/raven/qwerty_ws/install/moveit_task_constructor_core:/home/raven/qwerty_ws/install/rviz_marker_tools:/opt/ros/humble:/home/raven/qwerty_ws/install/moveit_task_constructor_msgs:/home/raven/qwerty_ws/install/mtc_tutorial:/home/raven/qwerty_ws/install/moveit_task_constructor_visualization:/home/raven/qwerty_ws/install/moveit_task_constructor_demo:/home/raven/qwerty_ws/install/moveit_task_constructor_capabilities:/home/raven/qwerty_ws/install/kuka_arm_moveit:/home/raven/qwerty_ws/install/kuka_arm_pkg:/home/raven/robot_ws/install/kuka_moveit:/home/raven/robot_ws/install/kuka_arm_moveit:/home/raven/robot_ws/install/kuka_arm_pkg LD_LIBRARY_PATH=/home/raven/qwerty_ws/install/moveit_task_constructor_core/lib:/home/raven/qwerty_ws/install/rviz_marker_tools/lib:/home/raven/qwerty_ws/install/moveit_task_constructor_msgs/lib:/home/raven/qwerty_ws/install/moveit_task_constructor_visualization/lib:/home/raven/qwerty_ws/install/moveit_task_constructor_demo/lib:/home/raven/qwerty_ws/install/moveit_task_constructor_capabilities/lib:/usr/lib/x86_64-linux-gnu/gazebo-11/plugins:/opt/ros/humble/opt/rviz_ogre_vendor/lib:/opt/ros/humble/lib/x86_64-linux-gnu:/opt/ros/humble/lib:/usr/lib/x86_64-linux-gnu/gazebo-11/plugins /usr/bin/cmake --install /home/raven/qwerty_ws/build/mtc_tutorial
[8.055s] -- Install configuration: "Release"
[8.055s] -- Installing: /home/raven/qwerty_ws/install/mtc_tutorial/lib/mtc_tutorial/mtc_tutorial
[8.055s] -- Set runtime path of "/home/raven/qwerty_ws/install/mtc_tutorial/lib/mtc_tutorial/mtc_tutorial" to ""
[8.055s] -- Up-to-date: /home/raven/qwerty_ws/install/mtc_tutorial/share/mtc_tutorial/launch
[8.055s] -- Up-to-date: /home/raven/qwerty_ws/install/mtc_tutorial/share/mtc_tutorial/launch/mtc_demo.launch.py
[8.055s] -- Up-to-date: /home/raven/qwerty_ws/install/mtc_tutorial/share/ament_index/resource_index/package_run_dependencies/mtc_tutorial
[8.055s] -- Up-to-date: /home/raven/qwerty_ws/install/mtc_tutorial/share/ament_index/resource_index/parent_prefix_path/mtc_tutorial
[8.055s] -- Up-to-date: /home/raven/qwerty_ws/install/mtc_tutorial/share/mtc_tutorial/environment/ament_prefix_path.sh
[8.055s] -- Up-to-date: /home/raven/qwerty_ws/install/mtc_tutorial/share/mtc_tutorial/environment/ament_prefix_path.dsv
[8.056s] -- Up-to-date: /home/raven/qwerty_ws/install/mtc_tutorial/share/mtc_tutorial/environment/path.sh
[8.056s] -- Up-to-date: /home/raven/qwerty_ws/install/mtc_tutorial/share/mtc_tutorial/environment/path.dsv
[8.056s] -- Up-to-date: /home/raven/qwerty_ws/install/mtc_tutorial/share/mtc_tutorial/local_setup.bash
[8.056s] -- Up-to-date: /home/raven/qwerty_ws/install/mtc_tutorial/share/mtc_tutorial/local_setup.sh
[8.056s] -- Up-to-date: /home/raven/qwerty_ws/install/mtc_tutorial/share/mtc_tutorial/local_setup.zsh
[8.056s] -- Up-to-date: /home/raven/qwerty_ws/install/mtc_tutorial/share/mtc_tutorial/local_setup.dsv
[8.056s] -- Installing: /home/raven/qwerty_ws/install/mtc_tutorial/share/mtc_tutorial/package.dsv
[8.056s] -- Up-to-date: /home/raven/qwerty_ws/install/mtc_tutorial/share/ament_index/resource_index/packages/mtc_tutorial
[8.056s] -- Up-to-date: /home/raven/qwerty_ws/install/mtc_tutorial/share/mtc_tutorial/cmake/mtc_tutorialConfig.cmake
[8.056s] -- Up-to-date: /home/raven/qwerty_ws/install/mtc_tutorial/share/mtc_tutorial/cmake/mtc_tutorialConfig-version.cmake
[8.056s] -- Up-to-date: /home/raven/qwerty_ws/install/mtc_tutorial/share/mtc_tutorial/package.xml
[8.057s] Invoked command in '/home/raven/qwerty_ws/build/mtc_tutorial' returned '0': CMAKE_PREFIX_PATH=/home/raven/qwerty_ws/install/moveit_task_constructor_core:/home/raven/qwerty_ws/install/rviz_marker_tools:/opt/ros/humble:/home/raven/qwerty_ws/install/moveit_task_constructor_msgs:/home/raven/qwerty_ws/install/mtc_tutorial:/home/raven/qwerty_ws/install/moveit_task_constructor_visualization:/home/raven/qwerty_ws/install/moveit_task_constructor_demo:/home/raven/qwerty_ws/install/moveit_task_constructor_capabilities:/home/raven/qwerty_ws/install/kuka_arm_moveit:/home/raven/qwerty_ws/install/kuka_arm_pkg:/home/raven/robot_ws/install/kuka_moveit:/home/raven/robot_ws/install/kuka_arm_moveit:/home/raven/robot_ws/install/kuka_arm_pkg LD_LIBRARY_PATH=/home/raven/qwerty_ws/install/moveit_task_constructor_core/lib:/home/raven/qwerty_ws/install/rviz_marker_tools/lib:/home/raven/qwerty_ws/install/moveit_task_constructor_msgs/lib:/home/raven/qwerty_ws/install/moveit_task_constructor_visualization/lib:/home/raven/qwerty_ws/install/moveit_task_constructor_demo/lib:/home/raven/qwerty_ws/install/moveit_task_constructor_capabilities/lib:/usr/lib/x86_64-linux-gnu/gazebo-11/plugins:/opt/ros/humble/opt/rviz_ogre_vendor/lib:/opt/ros/humble/lib/x86_64-linux-gnu:/opt/ros/humble/lib:/usr/lib/x86_64-linux-gnu/gazebo-11/plugins /usr/bin/cmake --install /home/raven/qwerty_ws/build/mtc_tutorial
