[0.014s] Invoking command in '/home/raven/qwerty_ws/build/moveit_task_constructor_visualization': CMAKE_PREFIX_PATH=/home/raven/qwerty_ws/install/moveit_task_constructor_core:/home/raven/qwerty_ws/install/rviz_marker_tools:/opt/ros/humble:/home/raven/qwerty_ws/install/moveit_task_constructor_msgs:/home/raven/qwerty_ws/install/mtc_tutorial:/home/raven/qwerty_ws/install/moveit_task_constructor_visualization:/home/raven/qwerty_ws/install/moveit_task_constructor_demo:/home/raven/qwerty_ws/install/moveit_task_constructor_capabilities:/home/raven/qwerty_ws/install/kuka_arm_moveit:/home/raven/qwerty_ws/install/kuka_arm_pkg:/home/raven/robot_ws/install/kuka_moveit:/home/raven/robot_ws/install/kuka_arm_moveit:/home/raven/robot_ws/install/kuka_arm_pkg LD_LIBRARY_PATH=/home/raven/qwerty_ws/install/moveit_task_constructor_core/lib:/home/raven/qwerty_ws/install/rviz_marker_tools/lib:/home/raven/qwerty_ws/install/moveit_task_constructor_msgs/lib:/home/raven/qwerty_ws/install/moveit_task_constructor_visualization/lib:/home/raven/qwerty_ws/install/moveit_task_constructor_demo/lib:/home/raven/qwerty_ws/install/moveit_task_constructor_capabilities/lib:/usr/lib/x86_64-linux-gnu/gazebo-11/plugins:/opt/ros/humble/opt/rviz_ogre_vendor/lib:/opt/ros/humble/lib/x86_64-linux-gnu:/opt/ros/humble/lib:/usr/lib/x86_64-linux-gnu/gazebo-11/plugins /usr/bin/cmake --build /home/raven/qwerty_ws/build/moveit_task_constructor_visualization -- -j8 -l8
[0.067s] [  1%] [34m[1mAutomatic MOC for target moveit_task_visualization_tools[0m
[0.067s] [  3%] [34m[1mAutomatic MOC for target motion_planning_tasks_utils[0m
[0.067s] [  4%] [34m[1mAutomatic MOC for target gmock_main[0m
[0.067s] [  6%] [34m[1mAutomatic MOC for target motion_planning_tasks_properties[0m
[0.067s] [  7%] [34m[1mAutomatic MOC for target gtest[0m
[0.070s] [  9%] [34m[1mAutomatic MOC for target gmock[0m
[0.070s] [ 10%] [34m[1mAutomatic MOC for target gtest_main[0m
[0.087s] [ 10%] Built target gtest_autogen
[0.088s] [ 10%] Built target motion_planning_tasks_properties_autogen
[0.091s] [ 10%] Built target motion_planning_tasks_utils_autogen
[0.091s] [ 10%] Built target gmock_main_autogen
[0.094s] [ 10%] Built target moveit_task_visualization_tools_autogen
[0.097s] [ 10%] Built target gtest_main_autogen
[0.102s] [ 10%] Built target gmock_autogen
[0.118s] [ 15%] Built target gtest
[0.127s] [ 23%] Built target motion_planning_tasks_utils
[0.127s] [ 27%] Built target gmock_main
[0.129s] [ 32%] Built target gtest_main
[0.136s] [ 44%] Built target gmock
[0.137s] [ 44%] Built target motion_planning_tasks_properties
[0.149s] [ 46%] [34m[1mAutomatic MOC for target moveit_task_constructor_visualization-test-merge-models[0m
[0.153s] [ 55%] Built target moveit_task_visualization_tools
[0.164s] [ 55%] Built target moveit_task_constructor_visualization-test-merge-models_autogen
[0.169s] [ 56%] [34m[1mAutomatic MOC for target motion_planning_tasks_rviz_plugin[0m
[0.183s] [ 61%] Built target moveit_task_constructor_visualization-test-merge-models
[0.189s] [ 61%] Built target motion_planning_tasks_rviz_plugin_autogen
[0.238s] [ 87%] Built target motion_planning_tasks_rviz_plugin
[0.259s] [ 89%] [34m[1mAutomatic MOC for target moveit_task_constructor_visualization-test-task_model[0m
[0.259s] [ 90%] [34m[1mAutomatic MOC for target moveit_task_constructor_visualization-test-solution-models[0m
[0.277s] [ 90%] Built target moveit_task_constructor_visualization-test-solution-models_autogen
[0.278s] [ 90%] Built target moveit_task_constructor_visualization-test-task_model_autogen
[0.302s] [100%] Built target moveit_task_constructor_visualization-test-solution-models
[0.303s] [100%] Built target moveit_task_constructor_visualization-test-task_model
[0.312s] Invoked command in '/home/raven/qwerty_ws/build/moveit_task_constructor_visualization' returned '0': CMAKE_PREFIX_PATH=/home/raven/qwerty_ws/install/moveit_task_constructor_core:/home/raven/qwerty_ws/install/rviz_marker_tools:/opt/ros/humble:/home/raven/qwerty_ws/install/moveit_task_constructor_msgs:/home/raven/qwerty_ws/install/mtc_tutorial:/home/raven/qwerty_ws/install/moveit_task_constructor_visualization:/home/raven/qwerty_ws/install/moveit_task_constructor_demo:/home/raven/qwerty_ws/install/moveit_task_constructor_capabilities:/home/raven/qwerty_ws/install/kuka_arm_moveit:/home/raven/qwerty_ws/install/kuka_arm_pkg:/home/raven/robot_ws/install/kuka_moveit:/home/raven/robot_ws/install/kuka_arm_moveit:/home/raven/robot_ws/install/kuka_arm_pkg LD_LIBRARY_PATH=/home/raven/qwerty_ws/install/moveit_task_constructor_core/lib:/home/raven/qwerty_ws/install/rviz_marker_tools/lib:/home/raven/qwerty_ws/install/moveit_task_constructor_msgs/lib:/home/raven/qwerty_ws/install/moveit_task_constructor_visualization/lib:/home/raven/qwerty_ws/install/moveit_task_constructor_demo/lib:/home/raven/qwerty_ws/install/moveit_task_constructor_capabilities/lib:/usr/lib/x86_64-linux-gnu/gazebo-11/plugins:/opt/ros/humble/opt/rviz_ogre_vendor/lib:/opt/ros/humble/lib/x86_64-linux-gnu:/opt/ros/humble/lib:/usr/lib/x86_64-linux-gnu/gazebo-11/plugins /usr/bin/cmake --build /home/raven/qwerty_ws/build/moveit_task_constructor_visualization -- -j8 -l8
[0.343s] Invoking command in '/home/raven/qwerty_ws/build/moveit_task_constructor_visualization': CMAKE_PREFIX_PATH=/home/raven/qwerty_ws/install/moveit_task_constructor_core:/home/raven/qwerty_ws/install/rviz_marker_tools:/opt/ros/humble:/home/raven/qwerty_ws/install/moveit_task_constructor_msgs:/home/raven/qwerty_ws/install/mtc_tutorial:/home/raven/qwerty_ws/install/moveit_task_constructor_visualization:/home/raven/qwerty_ws/install/moveit_task_constructor_demo:/home/raven/qwerty_ws/install/moveit_task_constructor_capabilities:/home/raven/qwerty_ws/install/kuka_arm_moveit:/home/raven/qwerty_ws/install/kuka_arm_pkg:/home/raven/robot_ws/install/kuka_moveit:/home/raven/robot_ws/install/kuka_arm_moveit:/home/raven/robot_ws/install/kuka_arm_pkg LD_LIBRARY_PATH=/home/raven/qwerty_ws/install/moveit_task_constructor_core/lib:/home/raven/qwerty_ws/install/rviz_marker_tools/lib:/home/raven/qwerty_ws/install/moveit_task_constructor_msgs/lib:/home/raven/qwerty_ws/install/moveit_task_constructor_visualization/lib:/home/raven/qwerty_ws/install/moveit_task_constructor_demo/lib:/home/raven/qwerty_ws/install/moveit_task_constructor_capabilities/lib:/usr/lib/x86_64-linux-gnu/gazebo-11/plugins:/opt/ros/humble/opt/rviz_ogre_vendor/lib:/opt/ros/humble/lib/x86_64-linux-gnu:/opt/ros/humble/lib:/usr/lib/x86_64-linux-gnu/gazebo-11/plugins /usr/bin/cmake --install /home/raven/qwerty_ws/build/moveit_task_constructor_visualization
[0.348s] -- Install configuration: "Release"
[0.349s] -- Up-to-date: /home/raven/qwerty_ws/install/moveit_task_constructor_visualization/share/icons
[0.349s] -- Up-to-date: /home/raven/qwerty_ws/install/moveit_task_constructor_visualization/share/icons/classes
[0.349s] -- Up-to-date: /home/raven/qwerty_ws/install/moveit_task_constructor_visualization/share/icons/classes/Motion Planning Tasks.svg
[0.349s] -- Up-to-date: /home/raven/qwerty_ws/install/moveit_task_constructor_visualization/share/moveit_task_constructor_visualization/motion_planning_tasks_rviz_plugin_description.xml
[0.349s] -- Up-to-date: /home/raven/qwerty_ws/install/moveit_task_constructor_visualization/share/moveit_task_constructor_visualization/environment/library_path.sh
[0.349s] -- Up-to-date: /home/raven/qwerty_ws/install/moveit_task_constructor_visualization/share/moveit_task_constructor_visualization/environment/library_path.dsv
[0.349s] -- Up-to-date: /home/raven/qwerty_ws/install/moveit_task_constructor_visualization/share/ament_index/resource_index/package_run_dependencies/moveit_task_constructor_visualization
[0.349s] -- Up-to-date: /home/raven/qwerty_ws/install/moveit_task_constructor_visualization/share/ament_index/resource_index/parent_prefix_path/moveit_task_constructor_visualization
[0.349s] -- Up-to-date: /home/raven/qwerty_ws/install/moveit_task_constructor_visualization/share/moveit_task_constructor_visualization/environment/ament_prefix_path.sh
[0.349s] -- Up-to-date: /home/raven/qwerty_ws/install/moveit_task_constructor_visualization/share/moveit_task_constructor_visualization/environment/ament_prefix_path.dsv
[0.349s] -- Up-to-date: /home/raven/qwerty_ws/install/moveit_task_constructor_visualization/share/moveit_task_constructor_visualization/environment/path.sh
[0.349s] -- Up-to-date: /home/raven/qwerty_ws/install/moveit_task_constructor_visualization/share/moveit_task_constructor_visualization/environment/path.dsv
[0.349s] -- Up-to-date: /home/raven/qwerty_ws/install/moveit_task_constructor_visualization/share/moveit_task_constructor_visualization/local_setup.bash
[0.350s] -- Up-to-date: /home/raven/qwerty_ws/install/moveit_task_constructor_visualization/share/moveit_task_constructor_visualization/local_setup.sh
[0.350s] -- Up-to-date: /home/raven/qwerty_ws/install/moveit_task_constructor_visualization/share/moveit_task_constructor_visualization/local_setup.zsh
[0.350s] -- Up-to-date: /home/raven/qwerty_ws/install/moveit_task_constructor_visualization/share/moveit_task_constructor_visualization/local_setup.dsv
[0.350s] -- Installing: /home/raven/qwerty_ws/install/moveit_task_constructor_visualization/share/moveit_task_constructor_visualization/package.dsv
[0.350s] -- Up-to-date: /home/raven/qwerty_ws/install/moveit_task_constructor_visualization/share/ament_index/resource_index/packages/moveit_task_constructor_visualization
[0.350s] -- Up-to-date: /home/raven/qwerty_ws/install/moveit_task_constructor_visualization/share/ament_index/resource_index/rviz_common__pluginlib__plugin/moveit_task_constructor_visualization
[0.350s] -- Up-to-date: /home/raven/qwerty_ws/install/moveit_task_constructor_visualization/share/moveit_task_constructor_visualization/cmake/ament_cmake_export_include_directories-extras.cmake
[0.350s] -- Up-to-date: /home/raven/qwerty_ws/install/moveit_task_constructor_visualization/share/moveit_task_constructor_visualization/cmake/ament_cmake_export_libraries-extras.cmake
[0.350s] -- Up-to-date: /home/raven/qwerty_ws/install/moveit_task_constructor_visualization/share/moveit_task_constructor_visualization/cmake/ament_cmake_export_dependencies-extras.cmake
[0.350s] -- Up-to-date: /home/raven/qwerty_ws/install/moveit_task_constructor_visualization/share/moveit_task_constructor_visualization/cmake/moveit_task_constructor_visualizationConfig.cmake
[0.350s] -- Up-to-date: /home/raven/qwerty_ws/install/moveit_task_constructor_visualization/share/moveit_task_constructor_visualization/cmake/moveit_task_constructor_visualizationConfig-version.cmake
[0.350s] -- Up-to-date: /home/raven/qwerty_ws/install/moveit_task_constructor_visualization/share/moveit_task_constructor_visualization/package.xml
[0.350s] -- Up-to-date: /home/raven/qwerty_ws/install/moveit_task_constructor_visualization/include
[0.350s] -- Up-to-date: /home/raven/qwerty_ws/install/moveit_task_constructor_visualization/include/moveit
[0.350s] -- Up-to-date: /home/raven/qwerty_ws/install/moveit_task_constructor_visualization/include/moveit/visualization_tools
[0.351s] -- Up-to-date: /home/raven/qwerty_ws/install/moveit_task_constructor_visualization/include/moveit/visualization_tools/task_solution_visualization.h
[0.351s] -- Up-to-date: /home/raven/qwerty_ws/install/moveit_task_constructor_visualization/include/moveit/visualization_tools/task_solution_panel.h
[0.351s] -- Up-to-date: /home/raven/qwerty_ws/install/moveit_task_constructor_visualization/include/moveit/visualization_tools/marker_visualization.h
[0.351s] -- Up-to-date: /home/raven/qwerty_ws/install/moveit_task_constructor_visualization/include/moveit/visualization_tools/display_solution.h
[0.351s] -- Up-to-date: /home/raven/qwerty_ws/install/moveit_task_constructor_visualization/lib/libmoveit_task_visualization_tools.so.0.1.3
[0.351s] -- Up-to-date: /home/raven/qwerty_ws/install/moveit_task_constructor_visualization/lib/libmoveit_task_visualization_tools.so
[0.351s] -- Up-to-date: /home/raven/qwerty_ws/install/moveit_task_constructor_visualization/lib/libmotion_planning_tasks_utils.so
[0.351s] -- Up-to-date: /home/raven/qwerty_ws/install/moveit_task_constructor_visualization/lib/libmotion_planning_tasks_properties.so
[0.351s] -- Up-to-date: /home/raven/qwerty_ws/install/moveit_task_constructor_visualization/lib/libmotion_planning_tasks_rviz_plugin.so.0.1.3
[0.351s] -- Up-to-date: /home/raven/qwerty_ws/install/moveit_task_constructor_visualization/lib/libmotion_planning_tasks_rviz_plugin.so
[0.353s] Invoked command in '/home/raven/qwerty_ws/build/moveit_task_constructor_visualization' returned '0': CMAKE_PREFIX_PATH=/home/raven/qwerty_ws/install/moveit_task_constructor_core:/home/raven/qwerty_ws/install/rviz_marker_tools:/opt/ros/humble:/home/raven/qwerty_ws/install/moveit_task_constructor_msgs:/home/raven/qwerty_ws/install/mtc_tutorial:/home/raven/qwerty_ws/install/moveit_task_constructor_visualization:/home/raven/qwerty_ws/install/moveit_task_constructor_demo:/home/raven/qwerty_ws/install/moveit_task_constructor_capabilities:/home/raven/qwerty_ws/install/kuka_arm_moveit:/home/raven/qwerty_ws/install/kuka_arm_pkg:/home/raven/robot_ws/install/kuka_moveit:/home/raven/robot_ws/install/kuka_arm_moveit:/home/raven/robot_ws/install/kuka_arm_pkg LD_LIBRARY_PATH=/home/raven/qwerty_ws/install/moveit_task_constructor_core/lib:/home/raven/qwerty_ws/install/rviz_marker_tools/lib:/home/raven/qwerty_ws/install/moveit_task_constructor_msgs/lib:/home/raven/qwerty_ws/install/moveit_task_constructor_visualization/lib:/home/raven/qwerty_ws/install/moveit_task_constructor_demo/lib:/home/raven/qwerty_ws/install/moveit_task_constructor_capabilities/lib:/usr/lib/x86_64-linux-gnu/gazebo-11/plugins:/opt/ros/humble/opt/rviz_ogre_vendor/lib:/opt/ros/humble/lib/x86_64-linux-gnu:/opt/ros/humble/lib:/usr/lib/x86_64-linux-gnu/gazebo-11/plugins /usr/bin/cmake --install /home/raven/qwerty_ws/build/moveit_task_constructor_visualization
