[0.012s] Invoking command in '/home/raven/qwerty_ws/build/rviz_marker_tools': CMAKE_PREFIX_PATH=${CMAKE_PREFIX_PATH}:/opt/ros/humble /usr/bin/cmake /home/raven/qwerty_ws/src/moveit_task_constructor/rviz_marker_tools -DCMAKE_BUILD_TYPE=Release -DCMAKE_INSTALL_PREFIX=/home/raven/qwerty_ws/install/rviz_marker_tools
[0.023s] -- Found ament_cmake: 1.3.10 (/opt/ros/humble/share/ament_cmake/cmake)
[0.143s] -- Found moveit_common: 2.5.5 (/opt/ros/humble/share/moveit_common/cmake)
[0.203s] -- Found eigen3_cmake_module: 0.1.1 (/opt/ros/humble/share/eigen3_cmake_module/cmake)
[0.205s] -- Found geometry_msgs: 4.2.4 (/opt/ros/humble/share/geometry_msgs/cmake)
[0.226s] -- Found rosidl_generator_c: 3.1.5 (/opt/ros/humble/share/rosidl_generator_c/cmake)
[0.230s] -- Found rosidl_adapter: 3.1.5 (/opt/ros/humble/share/rosidl_adapter/cmake)
[0.238s] -- Found rosidl_generator_cpp: 3.1.5 (/opt/ros/humble/share/rosidl_generator_cpp/cmake)
[0.244s] -- Using all available rosidl_typesupport_c: rosidl_typesupport_fastrtps_c;rosidl_typesupport_introspection_c
[0.254s] -- Using all available rosidl_typesupport_cpp: rosidl_typesupport_fastrtps_cpp;rosidl_typesupport_introspection_cpp
[0.286s] -- Found rclcpp: 16.0.10 (/opt/ros/humble/share/rclcpp/cmake)
[0.310s] -- Found rmw_implementation_cmake: 6.1.2 (/opt/ros/humble/share/rmw_implementation_cmake/cmake)
[0.311s] -- Found rmw_fastrtps_cpp: 6.2.7 (/opt/ros/humble/share/rmw_fastrtps_cpp/cmake)
[0.396s] -- Using RMW implementation 'rmw_fastrtps_cpp' as default
[0.431s] -- Found tf2_eigen: 0.25.8 (/opt/ros/humble/share/tf2_eigen/cmake)
[0.505s] -- Found visualization_msgs: 4.2.4 (/opt/ros/humble/share/visualization_msgs/cmake)
[0.544s] -- Configuring done
[0.554s] -- Generating done
[0.555s] -- Build files have been written to: /home/raven/qwerty_ws/build/rviz_marker_tools
[0.561s] Invoked command in '/home/raven/qwerty_ws/build/rviz_marker_tools' returned '0': CMAKE_PREFIX_PATH=${CMAKE_PREFIX_PATH}:/opt/ros/humble /usr/bin/cmake /home/raven/qwerty_ws/src/moveit_task_constructor/rviz_marker_tools -DCMAKE_BUILD_TYPE=Release -DCMAKE_INSTALL_PREFIX=/home/raven/qwerty_ws/install/rviz_marker_tools
[0.562s] Invoking command in '/home/raven/qwerty_ws/build/rviz_marker_tools': CMAKE_PREFIX_PATH=${CMAKE_PREFIX_PATH}:/opt/ros/humble /usr/bin/cmake --build /home/raven/qwerty_ws/build/rviz_marker_tools -- -j8 -l8
[0.593s] [35m[1mConsolidate compiler generated dependencies of target rviz_marker_tools[0m
[0.606s] [ 50%] [32mBuilding CXX object CMakeFiles/rviz_marker_tools.dir/src/marker_creation.cpp.o[0m
[5.093s] [100%] [32m[1mLinking CXX shared library librviz_marker_tools.so[0m
[5.189s] [100%] Built target rviz_marker_tools
[5.197s] Invoked command in '/home/raven/qwerty_ws/build/rviz_marker_tools' returned '0': CMAKE_PREFIX_PATH=${CMAKE_PREFIX_PATH}:/opt/ros/humble /usr/bin/cmake --build /home/raven/qwerty_ws/build/rviz_marker_tools -- -j8 -l8
[5.214s] Invoking command in '/home/raven/qwerty_ws/build/rviz_marker_tools': CMAKE_PREFIX_PATH=${CMAKE_PREFIX_PATH}:/opt/ros/humble /usr/bin/cmake --install /home/raven/qwerty_ws/build/rviz_marker_tools
[5.220s] -- Install configuration: "Release"
[5.220s] -- Up-to-date: /home/raven/qwerty_ws/install/rviz_marker_tools/include
[5.220s] -- Up-to-date: /home/raven/qwerty_ws/install/rviz_marker_tools/include/rviz_marker_tools
[5.220s] -- Installing: /home/raven/qwerty_ws/install/rviz_marker_tools/include/rviz_marker_tools/marker_creation.h
[5.220s] -- Installing: /home/raven/qwerty_ws/install/rviz_marker_tools/lib/librviz_marker_tools.so
[5.220s] -- Set runtime path of "/home/raven/qwerty_ws/install/rviz_marker_tools/lib/librviz_marker_tools.so" to ""
[5.220s] -- Up-to-date: /home/raven/qwerty_ws/install/rviz_marker_tools/share/rviz_marker_tools/environment/library_path.sh
[5.221s] -- Installing: /home/raven/qwerty_ws/install/rviz_marker_tools/share/rviz_marker_tools/environment/library_path.dsv
[5.221s] -- Up-to-date: /home/raven/qwerty_ws/install/rviz_marker_tools/share/ament_index/resource_index/package_run_dependencies/rviz_marker_tools
[5.221s] -- Up-to-date: /home/raven/qwerty_ws/install/rviz_marker_tools/share/ament_index/resource_index/parent_prefix_path/rviz_marker_tools
[5.221s] -- Up-to-date: /home/raven/qwerty_ws/install/rviz_marker_tools/share/rviz_marker_tools/environment/ament_prefix_path.sh
[5.221s] -- Installing: /home/raven/qwerty_ws/install/rviz_marker_tools/share/rviz_marker_tools/environment/ament_prefix_path.dsv
[5.221s] -- Up-to-date: /home/raven/qwerty_ws/install/rviz_marker_tools/share/rviz_marker_tools/environment/path.sh
[5.221s] -- Installing: /home/raven/qwerty_ws/install/rviz_marker_tools/share/rviz_marker_tools/environment/path.dsv
[5.221s] -- Up-to-date: /home/raven/qwerty_ws/install/rviz_marker_tools/share/rviz_marker_tools/local_setup.bash
[5.221s] -- Up-to-date: /home/raven/qwerty_ws/install/rviz_marker_tools/share/rviz_marker_tools/local_setup.sh
[5.222s] -- Up-to-date: /home/raven/qwerty_ws/install/rviz_marker_tools/share/rviz_marker_tools/local_setup.zsh
[5.222s] -- Installing: /home/raven/qwerty_ws/install/rviz_marker_tools/share/rviz_marker_tools/local_setup.dsv
[5.222s] -- Installing: /home/raven/qwerty_ws/install/rviz_marker_tools/share/rviz_marker_tools/package.dsv
[5.222s] -- Up-to-date: /home/raven/qwerty_ws/install/rviz_marker_tools/share/ament_index/resource_index/packages/rviz_marker_tools
[5.222s] -- Up-to-date: /home/raven/qwerty_ws/install/rviz_marker_tools/share/rviz_marker_tools/cmake/rviz_marker_toolsTargetsExport.cmake
[5.222s] -- Up-to-date: /home/raven/qwerty_ws/install/rviz_marker_tools/share/rviz_marker_tools/cmake/rviz_marker_toolsTargetsExport-release.cmake
[5.222s] -- Up-to-date: /home/raven/qwerty_ws/install/rviz_marker_tools/share/rviz_marker_tools/cmake/ament_cmake_export_targets-extras.cmake
[5.222s] -- Up-to-date: /home/raven/qwerty_ws/install/rviz_marker_tools/share/rviz_marker_tools/cmake/ament_cmake_export_dependencies-extras.cmake
[5.222s] -- Up-to-date: /home/raven/qwerty_ws/install/rviz_marker_tools/share/rviz_marker_tools/cmake/rviz_marker_toolsConfig.cmake
[5.222s] -- Up-to-date: /home/raven/qwerty_ws/install/rviz_marker_tools/share/rviz_marker_tools/cmake/rviz_marker_toolsConfig-version.cmake
[5.223s] -- Installing: /home/raven/qwerty_ws/install/rviz_marker_tools/share/rviz_marker_tools/package.xml
[5.224s] Invoked command in '/home/raven/qwerty_ws/build/rviz_marker_tools' returned '0': CMAKE_PREFIX_PATH=${CMAKE_PREFIX_PATH}:/opt/ros/humble /usr/bin/cmake --install /home/raven/qwerty_ws/build/rviz_marker_tools
