[0.016s] Invoking command in '/home/raven/qwerty_ws/build/moveit_task_constructor_demo': CMAKE_PREFIX_PATH=/home/raven/qwerty_ws/install/moveit_task_constructor_capabilities:/home/raven/qwerty_ws/install/moveit_task_constructor_core:/home/raven/qwerty_ws/install/rviz_marker_tools:/opt/ros/humble:/home/raven/qwerty_ws/install/moveit_task_constructor_msgs:/home/raven/qwerty_ws/install/mtc_tutorial:/home/raven/qwerty_ws/install/moveit_task_constructor_visualization:/home/raven/qwerty_ws/install/moveit_task_constructor_demo:/home/raven/qwerty_ws/install/kuka_arm_moveit:/home/raven/qwerty_ws/install/kuka_arm_pkg:/home/raven/robot_ws/install/kuka_moveit:/home/raven/robot_ws/install/kuka_arm_moveit:/home/raven/robot_ws/install/kuka_arm_pkg LD_LIBRARY_PATH=/home/raven/qwerty_ws/install/moveit_task_constructor_capabilities/lib:/home/raven/qwerty_ws/install/moveit_task_constructor_core/lib:/home/raven/qwerty_ws/install/rviz_marker_tools/lib:/home/raven/qwerty_ws/install/moveit_task_constructor_msgs/lib:/home/raven/qwerty_ws/install/moveit_task_constructor_visualization/lib:/home/raven/qwerty_ws/install/moveit_task_constructor_demo/lib:/usr/lib/x86_64-linux-gnu/gazebo-11/plugins:/opt/ros/humble/opt/rviz_ogre_vendor/lib:/opt/ros/humble/lib/x86_64-linux-gnu:/opt/ros/humble/lib:/usr/lib/x86_64-linux-gnu/gazebo-11/plugins /usr/bin/cmake /home/raven/qwerty_ws/src/moveit_task_constructor/demo -DCMAKE_INSTALL_PREFIX=/home/raven/qwerty_ws/install/moveit_task_constructor_demo
[0.025s] -- Found ament_cmake: 1.3.10 (/opt/ros/humble/share/ament_cmake/cmake)
[0.130s] -- Found generate_parameter_library: 0.3.8 (/opt/ros/humble/share/generate_parameter_library/cmake)
[0.130s] -- Found parameter_traits: 0.3.8 (/opt/ros/humble/share/parameter_traits/cmake)
[0.159s] -- Found rosidl_generator_c: 3.1.5 (/opt/ros/humble/share/rosidl_generator_c/cmake)
[0.161s] -- Found rosidl_adapter: 3.1.5 (/opt/ros/humble/share/rosidl_adapter/cmake)
[0.166s] -- Found rosidl_generator_cpp: 3.1.5 (/opt/ros/humble/share/rosidl_generator_cpp/cmake)
[0.174s] -- Using all available rosidl_typesupport_c: rosidl_typesupport_fastrtps_c;rosidl_typesupport_introspection_c
[0.185s] -- Using all available rosidl_typesupport_cpp: rosidl_typesupport_fastrtps_cpp;rosidl_typesupport_introspection_cpp
[0.243s] -- Found rmw_implementation_cmake: 6.1.2 (/opt/ros/humble/share/rmw_implementation_cmake/cmake)
[0.244s] -- Found rmw_fastrtps_cpp: 6.2.7 (/opt/ros/humble/share/rmw_fastrtps_cpp/cmake)
[0.369s] -- Using RMW implementation 'rmw_fastrtps_cpp' as default
[0.441s] -- Found rclcpp_lifecycle: 16.0.10 (/opt/ros/humble/share/rclcpp_lifecycle/cmake)
[0.463s] -- Found moveit_common: 2.5.5 (/opt/ros/humble/share/moveit_common/cmake)
[0.522s] -- Found moveit_core: 2.5.5 (/opt/ros/humble/share/moveit_core/cmake)
[0.536s] -- Found Boost: /usr/lib/x86_64-linux-gnu/cmake/Boost-1.74.0/BoostConfig.cmake (found version "1.74.0") found components: chrono date_time filesystem iostreams program_options regex serialization system thread 
[0.546s] -- Found Boost: /usr/lib/x86_64-linux-gnu/cmake/Boost-1.74.0/BoostConfig.cmake (found version "1.74.0") found components: filesystem 
[0.585s] -- library: /usr/lib/x86_64-linux-gnu/libcurl.so
[0.635s] -- Ensuring Eigen3 include directory is part of orocos-kdl CMake target
[0.822s] -- Found moveit_ros_planning: 2.5.5 (/opt/ros/humble/share/moveit_ros_planning/cmake)
[0.826s] -- Found Boost: /usr/lib/x86_64-linux-gnu/cmake/Boost-1.74.0/BoostConfig.cmake (found version "1.74.0") found components: system filesystem date_time program_options thread chrono 
[0.847s] -- Found moveit_ros_planning_interface: 2.5.5 (/opt/ros/humble/share/moveit_ros_planning_interface/cmake)
[0.851s] -- Found Boost: /usr/lib/x86_64-linux-gnu/cmake/Boost-1.74.0/BoostConfig.cmake (found version "1.74.0") found components: date_time filesystem program_options system thread 
[0.863s] -- Found Boost: /usr/lib/x86_64-linux-gnu/cmake/Boost-1.74.0/BoostConfig.cmake (found version "1.74.0") found components: thread system filesystem regex date_time program_options 
[0.881s] -- Found Boost: /usr/lib/x86_64-linux-gnu/cmake/Boost-1.74.0/BoostConfig.cmake (found version "1.74.0") found components: system filesystem date_time program_options thread 
[0.904s] -- Found moveit_task_constructor_core: 0.1.3 (/home/raven/qwerty_ws/install/moveit_task_constructor_core/share/moveit_task_constructor_core/cmake)
[0.976s] -- Configuring done
[1.063s] -- Generating done
[1.065s] -- Build files have been written to: /home/raven/qwerty_ws/build/moveit_task_constructor_demo
[1.075s] Invoked command in '/home/raven/qwerty_ws/build/moveit_task_constructor_demo' returned '0': CMAKE_PREFIX_PATH=/home/raven/qwerty_ws/install/moveit_task_constructor_capabilities:/home/raven/qwerty_ws/install/moveit_task_constructor_core:/home/raven/qwerty_ws/install/rviz_marker_tools:/opt/ros/humble:/home/raven/qwerty_ws/install/moveit_task_constructor_msgs:/home/raven/qwerty_ws/install/mtc_tutorial:/home/raven/qwerty_ws/install/moveit_task_constructor_visualization:/home/raven/qwerty_ws/install/moveit_task_constructor_demo:/home/raven/qwerty_ws/install/kuka_arm_moveit:/home/raven/qwerty_ws/install/kuka_arm_pkg:/home/raven/robot_ws/install/kuka_moveit:/home/raven/robot_ws/install/kuka_arm_moveit:/home/raven/robot_ws/install/kuka_arm_pkg LD_LIBRARY_PATH=/home/raven/qwerty_ws/install/moveit_task_constructor_capabilities/lib:/home/raven/qwerty_ws/install/moveit_task_constructor_core/lib:/home/raven/qwerty_ws/install/rviz_marker_tools/lib:/home/raven/qwerty_ws/install/moveit_task_constructor_msgs/lib:/home/raven/qwerty_ws/install/moveit_task_constructor_visualization/lib:/home/raven/qwerty_ws/install/moveit_task_constructor_demo/lib:/usr/lib/x86_64-linux-gnu/gazebo-11/plugins:/opt/ros/humble/opt/rviz_ogre_vendor/lib:/opt/ros/humble/lib/x86_64-linux-gnu:/opt/ros/humble/lib:/usr/lib/x86_64-linux-gnu/gazebo-11/plugins /usr/bin/cmake /home/raven/qwerty_ws/src/moveit_task_constructor/demo -DCMAKE_INSTALL_PREFIX=/home/raven/qwerty_ws/install/moveit_task_constructor_demo
[1.077s] Invoking command in '/home/raven/qwerty_ws/build/moveit_task_constructor_demo': CMAKE_PREFIX_PATH=/home/raven/qwerty_ws/install/moveit_task_constructor_capabilities:/home/raven/qwerty_ws/install/moveit_task_constructor_core:/home/raven/qwerty_ws/install/rviz_marker_tools:/opt/ros/humble:/home/raven/qwerty_ws/install/moveit_task_constructor_msgs:/home/raven/qwerty_ws/install/mtc_tutorial:/home/raven/qwerty_ws/install/moveit_task_constructor_visualization:/home/raven/qwerty_ws/install/moveit_task_constructor_demo:/home/raven/qwerty_ws/install/kuka_arm_moveit:/home/raven/qwerty_ws/install/kuka_arm_pkg:/home/raven/robot_ws/install/kuka_moveit:/home/raven/robot_ws/install/kuka_arm_moveit:/home/raven/robot_ws/install/kuka_arm_pkg LD_LIBRARY_PATH=/home/raven/qwerty_ws/install/moveit_task_constructor_capabilities/lib:/home/raven/qwerty_ws/install/moveit_task_constructor_core/lib:/home/raven/qwerty_ws/install/rviz_marker_tools/lib:/home/raven/qwerty_ws/install/moveit_task_constructor_msgs/lib:/home/raven/qwerty_ws/install/moveit_task_constructor_visualization/lib:/home/raven/qwerty_ws/install/moveit_task_constructor_demo/lib:/usr/lib/x86_64-linux-gnu/gazebo-11/plugins:/opt/ros/humble/opt/rviz_ogre_vendor/lib:/opt/ros/humble/lib/x86_64-linux-gnu:/opt/ros/humble/lib:/usr/lib/x86_64-linux-gnu/gazebo-11/plugins /usr/bin/cmake --build /home/raven/qwerty_ws/build/moveit_task_constructor_demo -- -j8 -l8
[1.110s] [35m[1mConsolidate compiler generated dependencies of target moveit_task_constructor_demo_alternative_path_costs[0m
[1.110s] [35m[1mConsolidate compiler generated dependencies of target moveit_task_constructor_demo_fallbacks_move_to[0m
[1.112s] [35m[1mConsolidate compiler generated dependencies of target moveit_task_constructor_demo_cartesian[0m
[1.112s] [35m[1mConsolidate compiler generated dependencies of target moveit_task_constructor_demo_modular[0m
[1.121s] [  6%] Built target ik_clearance_cost_parameters
[1.121s] [ 12%] Built target pick_place_demo_parameters
[1.130s] [ 25%] Built target moveit_task_constructor_demo_fallbacks_move_to
[1.130s] [35m[1mConsolidate compiler generated dependencies of target moveit_task_constructor_demo_ik_clearance_cost[0m
[1.131s] [ 37%] Built target moveit_task_constructor_demo_modular
[1.132s] [ 50%] Built target moveit_task_constructor_demo_alternative_path_costs
[1.134s] [35m[1mConsolidate compiler generated dependencies of target moveit_task_constructor_demo_pick_place_task[0m
[1.138s] [ 62%] Built target moveit_task_constructor_demo_cartesian
[1.148s] [ 75%] Built target moveit_task_constructor_demo_ik_clearance_cost
[1.153s] [ 87%] Built target moveit_task_constructor_demo_pick_place_task
[1.163s] [35m[1mConsolidate compiler generated dependencies of target moveit_task_constructor_demo_pick_place_demo[0m
[1.179s] [100%] Built target moveit_task_constructor_demo_pick_place_demo
[1.187s] Invoked command in '/home/raven/qwerty_ws/build/moveit_task_constructor_demo' returned '0': CMAKE_PREFIX_PATH=/home/raven/qwerty_ws/install/moveit_task_constructor_capabilities:/home/raven/qwerty_ws/install/moveit_task_constructor_core:/home/raven/qwerty_ws/install/rviz_marker_tools:/opt/ros/humble:/home/raven/qwerty_ws/install/moveit_task_constructor_msgs:/home/raven/qwerty_ws/install/mtc_tutorial:/home/raven/qwerty_ws/install/moveit_task_constructor_visualization:/home/raven/qwerty_ws/install/moveit_task_constructor_demo:/home/raven/qwerty_ws/install/kuka_arm_moveit:/home/raven/qwerty_ws/install/kuka_arm_pkg:/home/raven/robot_ws/install/kuka_moveit:/home/raven/robot_ws/install/kuka_arm_moveit:/home/raven/robot_ws/install/kuka_arm_pkg LD_LIBRARY_PATH=/home/raven/qwerty_ws/install/moveit_task_constructor_capabilities/lib:/home/raven/qwerty_ws/install/moveit_task_constructor_core/lib:/home/raven/qwerty_ws/install/rviz_marker_tools/lib:/home/raven/qwerty_ws/install/moveit_task_constructor_msgs/lib:/home/raven/qwerty_ws/install/moveit_task_constructor_visualization/lib:/home/raven/qwerty_ws/install/moveit_task_constructor_demo/lib:/usr/lib/x86_64-linux-gnu/gazebo-11/plugins:/opt/ros/humble/opt/rviz_ogre_vendor/lib:/opt/ros/humble/lib/x86_64-linux-gnu:/opt/ros/humble/lib:/usr/lib/x86_64-linux-gnu/gazebo-11/plugins /usr/bin/cmake --build /home/raven/qwerty_ws/build/moveit_task_constructor_demo -- -j8 -l8
[1.220s] Invoking command in '/home/raven/qwerty_ws/build/moveit_task_constructor_demo': CMAKE_PREFIX_PATH=/home/raven/qwerty_ws/install/moveit_task_constructor_capabilities:/home/raven/qwerty_ws/install/moveit_task_constructor_core:/home/raven/qwerty_ws/install/rviz_marker_tools:/opt/ros/humble:/home/raven/qwerty_ws/install/moveit_task_constructor_msgs:/home/raven/qwerty_ws/install/mtc_tutorial:/home/raven/qwerty_ws/install/moveit_task_constructor_visualization:/home/raven/qwerty_ws/install/moveit_task_constructor_demo:/home/raven/qwerty_ws/install/kuka_arm_moveit:/home/raven/qwerty_ws/install/kuka_arm_pkg:/home/raven/robot_ws/install/kuka_moveit:/home/raven/robot_ws/install/kuka_arm_moveit:/home/raven/robot_ws/install/kuka_arm_pkg LD_LIBRARY_PATH=/home/raven/qwerty_ws/install/moveit_task_constructor_capabilities/lib:/home/raven/qwerty_ws/install/moveit_task_constructor_core/lib:/home/raven/qwerty_ws/install/rviz_marker_tools/lib:/home/raven/qwerty_ws/install/moveit_task_constructor_msgs/lib:/home/raven/qwerty_ws/install/moveit_task_constructor_visualization/lib:/home/raven/qwerty_ws/install/moveit_task_constructor_demo/lib:/usr/lib/x86_64-linux-gnu/gazebo-11/plugins:/opt/ros/humble/opt/rviz_ogre_vendor/lib:/opt/ros/humble/lib/x86_64-linux-gnu:/opt/ros/humble/lib:/usr/lib/x86_64-linux-gnu/gazebo-11/plugins /usr/bin/cmake --install /home/raven/qwerty_ws/build/moveit_task_constructor_demo
[1.226s] -- Install configuration: "Release"
[1.226s] -- Up-to-date: /home/raven/qwerty_ws/install/moveit_task_constructor_demo/lib/libmoveit_task_constructor_demo_pick_place_task.so
[1.226s] -- Up-to-date: /home/raven/qwerty_ws/install/moveit_task_constructor_demo/lib/moveit_task_constructor_demo/cartesian
[1.226s] -- Up-to-date: /home/raven/qwerty_ws/install/moveit_task_constructor_demo/lib/moveit_task_constructor_demo/modular
[1.227s] -- Up-to-date: /home/raven/qwerty_ws/install/moveit_task_constructor_demo/lib/moveit_task_constructor_demo/alternative_path_costs
[1.227s] -- Up-to-date: /home/raven/qwerty_ws/install/moveit_task_constructor_demo/include/ik_clearance_cost_parameters
[1.227s] -- Up-to-date: /home/raven/qwerty_ws/install/moveit_task_constructor_demo/include/ik_clearance_cost_parameters/ik_clearance_cost_parameters.hpp
[1.227s] -- Up-to-date: /home/raven/qwerty_ws/install/moveit_task_constructor_demo/lib/moveit_task_constructor_demo/ik_clearance_cost
[1.227s] -- Up-to-date: /home/raven/qwerty_ws/install/moveit_task_constructor_demo/lib/moveit_task_constructor_demo/fallbacks_move_to
[1.227s] -- Up-to-date: /home/raven/qwerty_ws/install/moveit_task_constructor_demo/include/pick_place_demo_parameters
[1.227s] -- Up-to-date: /home/raven/qwerty_ws/install/moveit_task_constructor_demo/include/pick_place_demo_parameters/pick_place_demo_parameters.hpp
[1.227s] -- Up-to-date: /home/raven/qwerty_ws/install/moveit_task_constructor_demo/lib/moveit_task_constructor_demo/pick_place_demo
[1.228s] -- Up-to-date: /home/raven/qwerty_ws/install/moveit_task_constructor_demo/lib/moveit_task_constructor_demo/alternatives.py
[1.228s] -- Up-to-date: /home/raven/qwerty_ws/install/moveit_task_constructor_demo/lib/moveit_task_constructor_demo/cartesian.py
[1.228s] -- Up-to-date: /home/raven/qwerty_ws/install/moveit_task_constructor_demo/lib/moveit_task_constructor_demo/compute_ik.py
[1.228s] -- Up-to-date: /home/raven/qwerty_ws/install/moveit_task_constructor_demo/lib/moveit_task_constructor_demo/constrained.py
[1.228s] -- Up-to-date: /home/raven/qwerty_ws/install/moveit_task_constructor_demo/lib/moveit_task_constructor_demo/current_state.py
[1.228s] -- Up-to-date: /home/raven/qwerty_ws/install/moveit_task_constructor_demo/lib/moveit_task_constructor_demo/fallbacks.py
[1.228s] -- Up-to-date: /home/raven/qwerty_ws/install/moveit_task_constructor_demo/lib/moveit_task_constructor_demo/fix_collision_objects.py
[1.228s] -- Up-to-date: /home/raven/qwerty_ws/install/moveit_task_constructor_demo/lib/moveit_task_constructor_demo/fixed_state.py
[1.228s] -- Up-to-date: /home/raven/qwerty_ws/install/moveit_task_constructor_demo/lib/moveit_task_constructor_demo/generate_pose.py
[1.228s] -- Up-to-date: /home/raven/qwerty_ws/install/moveit_task_constructor_demo/lib/moveit_task_constructor_demo/merger.py
[1.228s] -- Up-to-date: /home/raven/qwerty_ws/install/moveit_task_constructor_demo/lib/moveit_task_constructor_demo/modify_planning_scene.py
[1.228s] -- Up-to-date: /home/raven/qwerty_ws/install/moveit_task_constructor_demo/lib/moveit_task_constructor_demo/multi_planner.py
[1.228s] -- Up-to-date: /home/raven/qwerty_ws/install/moveit_task_constructor_demo/lib/moveit_task_constructor_demo/pickplace.py
[1.228s] -- Up-to-date: /home/raven/qwerty_ws/install/moveit_task_constructor_demo/lib/moveit_task_constructor_demo/properties.py
[1.228s] -- Up-to-date: /home/raven/qwerty_ws/install/moveit_task_constructor_demo/share/moveit_task_constructor_demo/launch
[1.228s] -- Up-to-date: /home/raven/qwerty_ws/install/moveit_task_constructor_demo/share/moveit_task_constructor_demo/launch/demo.launch.py
[1.228s] -- Up-to-date: /home/raven/qwerty_ws/install/moveit_task_constructor_demo/share/moveit_task_constructor_demo/launch/run.launch.py
[1.229s] -- Up-to-date: /home/raven/qwerty_ws/install/moveit_task_constructor_demo/share/moveit_task_constructor_demo/config
[1.229s] -- Up-to-date: /home/raven/qwerty_ws/install/moveit_task_constructor_demo/share/moveit_task_constructor_demo/config/panda_config.yaml
[1.229s] -- Up-to-date: /home/raven/qwerty_ws/install/moveit_task_constructor_demo/share/moveit_task_constructor_demo/config/mtc.rviz
[1.229s] -- Up-to-date: /home/raven/qwerty_ws/install/moveit_task_constructor_demo/share/ament_index/resource_index/package_run_dependencies/moveit_task_constructor_demo
[1.229s] -- Installing: /home/raven/qwerty_ws/install/moveit_task_constructor_demo/share/ament_index/resource_index/parent_prefix_path/moveit_task_constructor_demo
[1.229s] -- Up-to-date: /home/raven/qwerty_ws/install/moveit_task_constructor_demo/share/moveit_task_constructor_demo/environment/ament_prefix_path.sh
[1.229s] -- Installing: /home/raven/qwerty_ws/install/moveit_task_constructor_demo/share/moveit_task_constructor_demo/environment/ament_prefix_path.dsv
[1.229s] -- Up-to-date: /home/raven/qwerty_ws/install/moveit_task_constructor_demo/share/moveit_task_constructor_demo/environment/path.sh
[1.229s] -- Installing: /home/raven/qwerty_ws/install/moveit_task_constructor_demo/share/moveit_task_constructor_demo/environment/path.dsv
[1.229s] -- Up-to-date: /home/raven/qwerty_ws/install/moveit_task_constructor_demo/share/moveit_task_constructor_demo/local_setup.bash
[1.229s] -- Up-to-date: /home/raven/qwerty_ws/install/moveit_task_constructor_demo/share/moveit_task_constructor_demo/local_setup.sh
[1.229s] -- Up-to-date: /home/raven/qwerty_ws/install/moveit_task_constructor_demo/share/moveit_task_constructor_demo/local_setup.zsh
[1.229s] -- Installing: /home/raven/qwerty_ws/install/moveit_task_constructor_demo/share/moveit_task_constructor_demo/local_setup.dsv
[1.229s] -- Installing: /home/raven/qwerty_ws/install/moveit_task_constructor_demo/share/moveit_task_constructor_demo/package.dsv
[1.229s] -- Up-to-date: /home/raven/qwerty_ws/install/moveit_task_constructor_demo/share/ament_index/resource_index/packages/moveit_task_constructor_demo
[1.229s] -- Up-to-date: /home/raven/qwerty_ws/install/moveit_task_constructor_demo/share/moveit_task_constructor_demo/cmake/moveit_task_constructor_demoConfig.cmake
[1.229s] -- Up-to-date: /home/raven/qwerty_ws/install/moveit_task_constructor_demo/share/moveit_task_constructor_demo/cmake/moveit_task_constructor_demoConfig-version.cmake
[1.229s] -- Up-to-date: /home/raven/qwerty_ws/install/moveit_task_constructor_demo/share/moveit_task_constructor_demo/package.xml
[1.230s] Invoked command in '/home/raven/qwerty_ws/build/moveit_task_constructor_demo' returned '0': CMAKE_PREFIX_PATH=/home/raven/qwerty_ws/install/moveit_task_constructor_capabilities:/home/raven/qwerty_ws/install/moveit_task_constructor_core:/home/raven/qwerty_ws/install/rviz_marker_tools:/opt/ros/humble:/home/raven/qwerty_ws/install/moveit_task_constructor_msgs:/home/raven/qwerty_ws/install/mtc_tutorial:/home/raven/qwerty_ws/install/moveit_task_constructor_visualization:/home/raven/qwerty_ws/install/moveit_task_constructor_demo:/home/raven/qwerty_ws/install/kuka_arm_moveit:/home/raven/qwerty_ws/install/kuka_arm_pkg:/home/raven/robot_ws/install/kuka_moveit:/home/raven/robot_ws/install/kuka_arm_moveit:/home/raven/robot_ws/install/kuka_arm_pkg LD_LIBRARY_PATH=/home/raven/qwerty_ws/install/moveit_task_constructor_capabilities/lib:/home/raven/qwerty_ws/install/moveit_task_constructor_core/lib:/home/raven/qwerty_ws/install/rviz_marker_tools/lib:/home/raven/qwerty_ws/install/moveit_task_constructor_msgs/lib:/home/raven/qwerty_ws/install/moveit_task_constructor_visualization/lib:/home/raven/qwerty_ws/install/moveit_task_constructor_demo/lib:/usr/lib/x86_64-linux-gnu/gazebo-11/plugins:/opt/ros/humble/opt/rviz_ogre_vendor/lib:/opt/ros/humble/lib/x86_64-linux-gnu:/opt/ros/humble/lib:/usr/lib/x86_64-linux-gnu/gazebo-11/plugins /usr/bin/cmake --install /home/raven/qwerty_ws/build/moveit_task_constructor_demo
