[0.006s] Invoking command in '/home/raven/qwerty_ws/build/kuka_arm_moveit': CMAKE_PREFIX_PATH=/home/raven/qwerty_ws/install/kuka_arm_pkg:/home/raven/qwerty_ws/install/kuka_arm_moveit:/home/raven/robot_ws/install/kuka_moveit:/home/raven/robot_ws/install/kuka_arm_moveit:/home/raven/robot_ws/install/kuka_arm_pkg:/opt/ros/humble /usr/bin/cmake --build /home/raven/qwerty_ws/build/kuka_arm_moveit -- -j8 -l8
[0.035s] Invoked command in '/home/raven/qwerty_ws/build/kuka_arm_moveit' returned '0': CMAKE_PREFIX_PATH=/home/raven/qwerty_ws/install/kuka_arm_pkg:/home/raven/qwerty_ws/install/kuka_arm_moveit:/home/raven/robot_ws/install/kuka_moveit:/home/raven/robot_ws/install/kuka_arm_moveit:/home/raven/robot_ws/install/kuka_arm_pkg:/opt/ros/humble /usr/bin/cmake --build /home/raven/qwerty_ws/build/kuka_arm_moveit -- -j8 -l8
[0.049s] Invoking command in '/home/raven/qwerty_ws/build/kuka_arm_moveit': CMAKE_PREFIX_PATH=/home/raven/qwerty_ws/install/kuka_arm_pkg:/home/raven/qwerty_ws/install/kuka_arm_moveit:/home/raven/robot_ws/install/kuka_moveit:/home/raven/robot_ws/install/kuka_arm_moveit:/home/raven/robot_ws/install/kuka_arm_pkg:/opt/ros/humble /usr/bin/cmake --install /home/raven/qwerty_ws/build/kuka_arm_moveit
[0.055s] -- Install configuration: ""
[0.055s] -- Up-to-date: /home/raven/qwerty_ws/install/kuka_arm_moveit/share/ament_index/resource_index/package_run_dependencies/kuka_arm_moveit
[0.055s] -- Up-to-date: /home/raven/qwerty_ws/install/kuka_arm_moveit/share/ament_index/resource_index/parent_prefix_path/kuka_arm_moveit
[0.055s] -- Up-to-date: /home/raven/qwerty_ws/install/kuka_arm_moveit/share/kuka_arm_moveit/environment/ament_prefix_path.sh
[0.055s] -- Up-to-date: /home/raven/qwerty_ws/install/kuka_arm_moveit/share/kuka_arm_moveit/environment/ament_prefix_path.dsv
[0.055s] -- Up-to-date: /home/raven/qwerty_ws/install/kuka_arm_moveit/share/kuka_arm_moveit/environment/path.sh
[0.055s] -- Up-to-date: /home/raven/qwerty_ws/install/kuka_arm_moveit/share/kuka_arm_moveit/environment/path.dsv
[0.055s] -- Up-to-date: /home/raven/qwerty_ws/install/kuka_arm_moveit/share/kuka_arm_moveit/local_setup.bash
[0.055s] -- Up-to-date: /home/raven/qwerty_ws/install/kuka_arm_moveit/share/kuka_arm_moveit/local_setup.sh
[0.055s] -- Up-to-date: /home/raven/qwerty_ws/install/kuka_arm_moveit/share/kuka_arm_moveit/local_setup.zsh
[0.055s] -- Up-to-date: /home/raven/qwerty_ws/install/kuka_arm_moveit/share/kuka_arm_moveit/local_setup.dsv
[0.055s] -- Installing: /home/raven/qwerty_ws/install/kuka_arm_moveit/share/kuka_arm_moveit/package.dsv
[0.056s] -- Up-to-date: /home/raven/qwerty_ws/install/kuka_arm_moveit/share/ament_index/resource_index/packages/kuka_arm_moveit
[0.056s] -- Up-to-date: /home/raven/qwerty_ws/install/kuka_arm_moveit/share/kuka_arm_moveit/cmake/kuka_arm_moveitConfig.cmake
[0.056s] -- Up-to-date: /home/raven/qwerty_ws/install/kuka_arm_moveit/share/kuka_arm_moveit/cmake/kuka_arm_moveitConfig-version.cmake
[0.056s] -- Up-to-date: /home/raven/qwerty_ws/install/kuka_arm_moveit/share/kuka_arm_moveit/package.xml
[0.056s] -- Up-to-date: /home/raven/qwerty_ws/install/kuka_arm_moveit/share/kuka_arm_moveit/launch
[0.056s] -- Up-to-date: /home/raven/qwerty_ws/install/kuka_arm_moveit/share/kuka_arm_moveit/launch/demo.launch.py
[0.056s] -- Up-to-date: /home/raven/qwerty_ws/install/kuka_arm_moveit/share/kuka_arm_moveit/launch/moveit_rviz.launch.py
[0.056s] -- Up-to-date: /home/raven/qwerty_ws/install/kuka_arm_moveit/share/kuka_arm_moveit/launch/setup_assistant.launch.py
[0.056s] -- Up-to-date: /home/raven/qwerty_ws/install/kuka_arm_moveit/share/kuka_arm_moveit/launch/rsp.launch.py
[0.056s] -- Up-to-date: /home/raven/qwerty_ws/install/kuka_arm_moveit/share/kuka_arm_moveit/launch/move_group.launch.py
[0.056s] -- Up-to-date: /home/raven/qwerty_ws/install/kuka_arm_moveit/share/kuka_arm_moveit/launch/spawn_controllers.launch.py
[0.056s] -- Up-to-date: /home/raven/qwerty_ws/install/kuka_arm_moveit/share/kuka_arm_moveit/launch/warehouse_db.launch.py
[0.056s] -- Up-to-date: /home/raven/qwerty_ws/install/kuka_arm_moveit/share/kuka_arm_moveit/launch/static_virtual_joint_tfs.launch.py
[0.056s] -- Up-to-date: /home/raven/qwerty_ws/install/kuka_arm_moveit/share/kuka_arm_moveit/config
[0.056s] -- Up-to-date: /home/raven/qwerty_ws/install/kuka_arm_moveit/share/kuka_arm_moveit/config/joint_limits.yaml
[0.056s] -- Up-to-date: /home/raven/qwerty_ws/install/kuka_arm_moveit/share/kuka_arm_moveit/config/kr210_arm.urdf.xacro
[0.056s] -- Up-to-date: /home/raven/qwerty_ws/install/kuka_arm_moveit/share/kuka_arm_moveit/config/kr210_arm.srdf
[0.056s] -- Up-to-date: /home/raven/qwerty_ws/install/kuka_arm_moveit/share/kuka_arm_moveit/config/kr210_arm.ros2_control.xacro
[0.057s] -- Up-to-date: /home/raven/qwerty_ws/install/kuka_arm_moveit/share/kuka_arm_moveit/config/kinematics.yaml
[0.057s] -- Up-to-date: /home/raven/qwerty_ws/install/kuka_arm_moveit/share/kuka_arm_moveit/config/ros2_controllers.yaml
[0.057s] -- Up-to-date: /home/raven/qwerty_ws/install/kuka_arm_moveit/share/kuka_arm_moveit/config/pilz_cartesian_limits.yaml
[0.057s] -- Up-to-date: /home/raven/qwerty_ws/install/kuka_arm_moveit/share/kuka_arm_moveit/config/sensors_3d.yaml
[0.057s] -- Up-to-date: /home/raven/qwerty_ws/install/kuka_arm_moveit/share/kuka_arm_moveit/config/moveit_controllers.yaml
[0.057s] -- Up-to-date: /home/raven/qwerty_ws/install/kuka_arm_moveit/share/kuka_arm_moveit/config/initial_positions.yaml
[0.057s] -- Up-to-date: /home/raven/qwerty_ws/install/kuka_arm_moveit/share/kuka_arm_moveit/config/moveit.rviz
[0.057s] -- Up-to-date: /home/raven/qwerty_ws/install/kuka_arm_moveit/share/kuka_arm_moveit/.setup_assistant
[0.057s] Invoked command in '/home/raven/qwerty_ws/build/kuka_arm_moveit' returned '0': CMAKE_PREFIX_PATH=/home/raven/qwerty_ws/install/kuka_arm_pkg:/home/raven/qwerty_ws/install/kuka_arm_moveit:/home/raven/robot_ws/install/kuka_moveit:/home/raven/robot_ws/install/kuka_arm_moveit:/home/raven/robot_ws/install/kuka_arm_pkg:/opt/ros/humble /usr/bin/cmake --install /home/raven/qwerty_ws/build/kuka_arm_moveit
