[0.016s] Invoking command in '/home/raven/qwerty_ws/build/moveit_task_constructor_demo': CMAKE_PREFIX_PATH=/home/raven/qwerty_ws/install/moveit_task_constructor_capabilities:/home/raven/qwerty_ws/install/moveit_task_constructor_core:/home/raven/qwerty_ws/install/rviz_marker_tools:/opt/ros/humble:/home/raven/qwerty_ws/install/moveit_task_constructor_msgs:/home/raven/qwerty_ws/install/mtc_tutorial:/home/raven/qwerty_ws/install/moveit_task_constructor_visualization:/home/raven/qwerty_ws/install/moveit_task_constructor_demo:/home/raven/qwerty_ws/install/kuka_arm_moveit:/home/raven/qwerty_ws/install/kuka_arm_pkg:/home/raven/robot_ws/install/kuka_moveit:/home/raven/robot_ws/install/kuka_arm_moveit:/home/raven/robot_ws/install/kuka_arm_pkg LD_LIBRARY_PATH=/home/raven/qwerty_ws/install/moveit_task_constructor_capabilities/lib:/home/raven/qwerty_ws/install/moveit_task_constructor_core/lib:/home/raven/qwerty_ws/install/rviz_marker_tools/lib:/home/raven/qwerty_ws/install/moveit_task_constructor_msgs/lib:/home/raven/qwerty_ws/install/moveit_task_constructor_visualization/lib:/home/raven/qwerty_ws/install/moveit_task_constructor_demo/lib:/usr/lib/x86_64-linux-gnu/gazebo-11/plugins:/opt/ros/humble/opt/rviz_ogre_vendor/lib:/opt/ros/humble/lib/x86_64-linux-gnu:/opt/ros/humble/lib:/usr/lib/x86_64-linux-gnu/gazebo-11/plugins /usr/bin/cmake --build /home/raven/qwerty_ws/build/moveit_task_constructor_demo -- -j8 -l8
[0.070s] [  6%] Built target pick_place_demo_parameters
[0.070s] [ 12%] Built target ik_clearance_cost_parameters
[0.078s] [ 25%] Built target moveit_task_constructor_demo_alternative_path_costs
[0.079s] [ 37%] Built target moveit_task_constructor_demo_cartesian
[0.081s] [ 50%] Built target moveit_task_constructor_demo_fallbacks_move_to
[0.082s] [ 62%] Built target moveit_task_constructor_demo_modular
[0.103s] [ 75%] Built target moveit_task_constructor_demo_pick_place_task
[0.105s] [ 87%] Built target moveit_task_constructor_demo_ik_clearance_cost
[0.127s] [100%] Built target moveit_task_constructor_demo_pick_place_demo
[0.136s] Invoked command in '/home/raven/qwerty_ws/build/moveit_task_constructor_demo' returned '0': CMAKE_PREFIX_PATH=/home/raven/qwerty_ws/install/moveit_task_constructor_capabilities:/home/raven/qwerty_ws/install/moveit_task_constructor_core:/home/raven/qwerty_ws/install/rviz_marker_tools:/opt/ros/humble:/home/raven/qwerty_ws/install/moveit_task_constructor_msgs:/home/raven/qwerty_ws/install/mtc_tutorial:/home/raven/qwerty_ws/install/moveit_task_constructor_visualization:/home/raven/qwerty_ws/install/moveit_task_constructor_demo:/home/raven/qwerty_ws/install/kuka_arm_moveit:/home/raven/qwerty_ws/install/kuka_arm_pkg:/home/raven/robot_ws/install/kuka_moveit:/home/raven/robot_ws/install/kuka_arm_moveit:/home/raven/robot_ws/install/kuka_arm_pkg LD_LIBRARY_PATH=/home/raven/qwerty_ws/install/moveit_task_constructor_capabilities/lib:/home/raven/qwerty_ws/install/moveit_task_constructor_core/lib:/home/raven/qwerty_ws/install/rviz_marker_tools/lib:/home/raven/qwerty_ws/install/moveit_task_constructor_msgs/lib:/home/raven/qwerty_ws/install/moveit_task_constructor_visualization/lib:/home/raven/qwerty_ws/install/moveit_task_constructor_demo/lib:/usr/lib/x86_64-linux-gnu/gazebo-11/plugins:/opt/ros/humble/opt/rviz_ogre_vendor/lib:/opt/ros/humble/lib/x86_64-linux-gnu:/opt/ros/humble/lib:/usr/lib/x86_64-linux-gnu/gazebo-11/plugins /usr/bin/cmake --build /home/raven/qwerty_ws/build/moveit_task_constructor_demo -- -j8 -l8
[0.171s] Invoking command in '/home/raven/qwerty_ws/build/moveit_task_constructor_demo': CMAKE_PREFIX_PATH=/home/raven/qwerty_ws/install/moveit_task_constructor_capabilities:/home/raven/qwerty_ws/install/moveit_task_constructor_core:/home/raven/qwerty_ws/install/rviz_marker_tools:/opt/ros/humble:/home/raven/qwerty_ws/install/moveit_task_constructor_msgs:/home/raven/qwerty_ws/install/mtc_tutorial:/home/raven/qwerty_ws/install/moveit_task_constructor_visualization:/home/raven/qwerty_ws/install/moveit_task_constructor_demo:/home/raven/qwerty_ws/install/kuka_arm_moveit:/home/raven/qwerty_ws/install/kuka_arm_pkg:/home/raven/robot_ws/install/kuka_moveit:/home/raven/robot_ws/install/kuka_arm_moveit:/home/raven/robot_ws/install/kuka_arm_pkg LD_LIBRARY_PATH=/home/raven/qwerty_ws/install/moveit_task_constructor_capabilities/lib:/home/raven/qwerty_ws/install/moveit_task_constructor_core/lib:/home/raven/qwerty_ws/install/rviz_marker_tools/lib:/home/raven/qwerty_ws/install/moveit_task_constructor_msgs/lib:/home/raven/qwerty_ws/install/moveit_task_constructor_visualization/lib:/home/raven/qwerty_ws/install/moveit_task_constructor_demo/lib:/usr/lib/x86_64-linux-gnu/gazebo-11/plugins:/opt/ros/humble/opt/rviz_ogre_vendor/lib:/opt/ros/humble/lib/x86_64-linux-gnu:/opt/ros/humble/lib:/usr/lib/x86_64-linux-gnu/gazebo-11/plugins /usr/bin/cmake --install /home/raven/qwerty_ws/build/moveit_task_constructor_demo
[0.177s] -- Install configuration: "Release"
[0.177s] -- Up-to-date: /home/raven/qwerty_ws/install/moveit_task_constructor_demo/lib/libmoveit_task_constructor_demo_pick_place_task.so
[0.178s] -- Up-to-date: /home/raven/qwerty_ws/install/moveit_task_constructor_demo/lib/moveit_task_constructor_demo/cartesian
[0.178s] -- Up-to-date: /home/raven/qwerty_ws/install/moveit_task_constructor_demo/lib/moveit_task_constructor_demo/modular
[0.178s] -- Up-to-date: /home/raven/qwerty_ws/install/moveit_task_constructor_demo/lib/moveit_task_constructor_demo/alternative_path_costs
[0.178s] -- Up-to-date: /home/raven/qwerty_ws/install/moveit_task_constructor_demo/include/ik_clearance_cost_parameters
[0.178s] -- Up-to-date: /home/raven/qwerty_ws/install/moveit_task_constructor_demo/include/ik_clearance_cost_parameters/ik_clearance_cost_parameters.hpp
[0.178s] -- Up-to-date: /home/raven/qwerty_ws/install/moveit_task_constructor_demo/lib/moveit_task_constructor_demo/ik_clearance_cost
[0.178s] -- Up-to-date: /home/raven/qwerty_ws/install/moveit_task_constructor_demo/lib/moveit_task_constructor_demo/fallbacks_move_to
[0.178s] -- Up-to-date: /home/raven/qwerty_ws/install/moveit_task_constructor_demo/include/pick_place_demo_parameters
[0.178s] -- Up-to-date: /home/raven/qwerty_ws/install/moveit_task_constructor_demo/include/pick_place_demo_parameters/pick_place_demo_parameters.hpp
[0.178s] -- Up-to-date: /home/raven/qwerty_ws/install/moveit_task_constructor_demo/lib/moveit_task_constructor_demo/pick_place_demo
[0.178s] -- Up-to-date: /home/raven/qwerty_ws/install/moveit_task_constructor_demo/lib/moveit_task_constructor_demo/alternatives.py
[0.178s] -- Up-to-date: /home/raven/qwerty_ws/install/moveit_task_constructor_demo/lib/moveit_task_constructor_demo/cartesian.py
[0.179s] -- Up-to-date: /home/raven/qwerty_ws/install/moveit_task_constructor_demo/lib/moveit_task_constructor_demo/compute_ik.py
[0.179s] -- Up-to-date: /home/raven/qwerty_ws/install/moveit_task_constructor_demo/lib/moveit_task_constructor_demo/constrained.py
[0.179s] -- Up-to-date: /home/raven/qwerty_ws/install/moveit_task_constructor_demo/lib/moveit_task_constructor_demo/current_state.py
[0.179s] -- Up-to-date: /home/raven/qwerty_ws/install/moveit_task_constructor_demo/lib/moveit_task_constructor_demo/fallbacks.py
[0.179s] -- Up-to-date: /home/raven/qwerty_ws/install/moveit_task_constructor_demo/lib/moveit_task_constructor_demo/fix_collision_objects.py
[0.179s] -- Up-to-date: /home/raven/qwerty_ws/install/moveit_task_constructor_demo/lib/moveit_task_constructor_demo/fixed_state.py
[0.179s] -- Up-to-date: /home/raven/qwerty_ws/install/moveit_task_constructor_demo/lib/moveit_task_constructor_demo/generate_pose.py
[0.179s] -- Up-to-date: /home/raven/qwerty_ws/install/moveit_task_constructor_demo/lib/moveit_task_constructor_demo/merger.py
[0.179s] -- Up-to-date: /home/raven/qwerty_ws/install/moveit_task_constructor_demo/lib/moveit_task_constructor_demo/modify_planning_scene.py
[0.179s] -- Up-to-date: /home/raven/qwerty_ws/install/moveit_task_constructor_demo/lib/moveit_task_constructor_demo/multi_planner.py
[0.179s] -- Up-to-date: /home/raven/qwerty_ws/install/moveit_task_constructor_demo/lib/moveit_task_constructor_demo/pickplace.py
[0.179s] -- Up-to-date: /home/raven/qwerty_ws/install/moveit_task_constructor_demo/lib/moveit_task_constructor_demo/properties.py
[0.179s] -- Up-to-date: /home/raven/qwerty_ws/install/moveit_task_constructor_demo/share/moveit_task_constructor_demo/launch
[0.179s] -- Up-to-date: /home/raven/qwerty_ws/install/moveit_task_constructor_demo/share/moveit_task_constructor_demo/launch/demo.launch.py
[0.179s] -- Up-to-date: /home/raven/qwerty_ws/install/moveit_task_constructor_demo/share/moveit_task_constructor_demo/launch/run.launch.py
[0.179s] -- Up-to-date: /home/raven/qwerty_ws/install/moveit_task_constructor_demo/share/moveit_task_constructor_demo/config
[0.179s] -- Up-to-date: /home/raven/qwerty_ws/install/moveit_task_constructor_demo/share/moveit_task_constructor_demo/config/panda_config.yaml
[0.180s] -- Up-to-date: /home/raven/qwerty_ws/install/moveit_task_constructor_demo/share/moveit_task_constructor_demo/config/mtc.rviz
[0.180s] -- Up-to-date: /home/raven/qwerty_ws/install/moveit_task_constructor_demo/share/ament_index/resource_index/package_run_dependencies/moveit_task_constructor_demo
[0.180s] -- Up-to-date: /home/raven/qwerty_ws/install/moveit_task_constructor_demo/share/ament_index/resource_index/parent_prefix_path/moveit_task_constructor_demo
[0.180s] -- Up-to-date: /home/raven/qwerty_ws/install/moveit_task_constructor_demo/share/moveit_task_constructor_demo/environment/ament_prefix_path.sh
[0.180s] -- Up-to-date: /home/raven/qwerty_ws/install/moveit_task_constructor_demo/share/moveit_task_constructor_demo/environment/ament_prefix_path.dsv
[0.180s] -- Up-to-date: /home/raven/qwerty_ws/install/moveit_task_constructor_demo/share/moveit_task_constructor_demo/environment/path.sh
[0.180s] -- Up-to-date: /home/raven/qwerty_ws/install/moveit_task_constructor_demo/share/moveit_task_constructor_demo/environment/path.dsv
[0.180s] -- Up-to-date: /home/raven/qwerty_ws/install/moveit_task_constructor_demo/share/moveit_task_constructor_demo/local_setup.bash
[0.180s] -- Up-to-date: /home/raven/qwerty_ws/install/moveit_task_constructor_demo/share/moveit_task_constructor_demo/local_setup.sh
[0.180s] -- Up-to-date: /home/raven/qwerty_ws/install/moveit_task_constructor_demo/share/moveit_task_constructor_demo/local_setup.zsh
[0.180s] -- Up-to-date: /home/raven/qwerty_ws/install/moveit_task_constructor_demo/share/moveit_task_constructor_demo/local_setup.dsv
[0.180s] -- Installing: /home/raven/qwerty_ws/install/moveit_task_constructor_demo/share/moveit_task_constructor_demo/package.dsv
[0.180s] -- Up-to-date: /home/raven/qwerty_ws/install/moveit_task_constructor_demo/share/ament_index/resource_index/packages/moveit_task_constructor_demo
[0.180s] -- Up-to-date: /home/raven/qwerty_ws/install/moveit_task_constructor_demo/share/moveit_task_constructor_demo/cmake/moveit_task_constructor_demoConfig.cmake
[0.180s] -- Up-to-date: /home/raven/qwerty_ws/install/moveit_task_constructor_demo/share/moveit_task_constructor_demo/cmake/moveit_task_constructor_demoConfig-version.cmake
[0.180s] -- Up-to-date: /home/raven/qwerty_ws/install/moveit_task_constructor_demo/share/moveit_task_constructor_demo/package.xml
[0.191s] Invoked command in '/home/raven/qwerty_ws/build/moveit_task_constructor_demo' returned '0': CMAKE_PREFIX_PATH=/home/raven/qwerty_ws/install/moveit_task_constructor_capabilities:/home/raven/qwerty_ws/install/moveit_task_constructor_core:/home/raven/qwerty_ws/install/rviz_marker_tools:/opt/ros/humble:/home/raven/qwerty_ws/install/moveit_task_constructor_msgs:/home/raven/qwerty_ws/install/mtc_tutorial:/home/raven/qwerty_ws/install/moveit_task_constructor_visualization:/home/raven/qwerty_ws/install/moveit_task_constructor_demo:/home/raven/qwerty_ws/install/kuka_arm_moveit:/home/raven/qwerty_ws/install/kuka_arm_pkg:/home/raven/robot_ws/install/kuka_moveit:/home/raven/robot_ws/install/kuka_arm_moveit:/home/raven/robot_ws/install/kuka_arm_pkg LD_LIBRARY_PATH=/home/raven/qwerty_ws/install/moveit_task_constructor_capabilities/lib:/home/raven/qwerty_ws/install/moveit_task_constructor_core/lib:/home/raven/qwerty_ws/install/rviz_marker_tools/lib:/home/raven/qwerty_ws/install/moveit_task_constructor_msgs/lib:/home/raven/qwerty_ws/install/moveit_task_constructor_visualization/lib:/home/raven/qwerty_ws/install/moveit_task_constructor_demo/lib:/usr/lib/x86_64-linux-gnu/gazebo-11/plugins:/opt/ros/humble/opt/rviz_ogre_vendor/lib:/opt/ros/humble/lib/x86_64-linux-gnu:/opt/ros/humble/lib:/usr/lib/x86_64-linux-gnu/gazebo-11/plugins /usr/bin/cmake --install /home/raven/qwerty_ws/build/moveit_task_constructor_demo
