[0.013s] Invoking command in '/home/raven/qwerty_ws/build/moveit_task_constructor_capabilities': AMENT_PREFIX_PATH=/home/raven/qwerty_ws/install/moveit_task_constructor_core:/home/raven/qwerty_ws/install/rviz_marker_tools:/home/raven/qwerty_ws/install/moveit_task_constructor_msgs:${AMENT_PREFIX_PATH} CMAKE_PREFIX_PATH=/home/raven/qwerty_ws/install/moveit_task_constructor_core:/home/raven/qwerty_ws/install/rviz_marker_tools:/opt/ros/humble:/home/raven/qwerty_ws/install/moveit_task_constructor_msgs:${CMAKE_PREFIX_PATH} LD_LIBRARY_PATH=/home/raven/qwerty_ws/install/moveit_task_constructor_core/lib:/home/raven/qwerty_ws/install/rviz_marker_tools/lib:/home/raven/qwerty_ws/install/moveit_task_constructor_msgs/lib:/usr/lib/x86_64-linux-gnu/gazebo-11/plugins:/opt/ros/humble/opt/rviz_ogre_vendor/lib:/opt/ros/humble/lib/x86_64-linux-gnu:/opt/ros/humble/lib:/usr/lib/x86_64-linux-gnu/gazebo-11/plugins PYTHONPATH=/home/raven/qwerty_ws/install/moveit_task_constructor_core/local/lib/python3.10/dist-packages:/home/raven/qwerty_ws/install/moveit_task_constructor_msgs/local/lib/python3.10/dist-packages:${PYTHONPATH} /usr/bin/cmake /home/raven/qwerty_ws/src/moveit_task_constructor/capabilities -DCMAKE_BUILD_TYPE=Release -DCMAKE_INSTALL_PREFIX=/home/raven/qwerty_ws/install/moveit_task_constructor_capabilities
[0.056s] -- The C compiler identification is GNU 11.4.0
[0.099s] -- The CXX compiler identification is GNU 11.4.0
[0.104s] -- Detecting C compiler ABI info
[0.157s] -- Detecting C compiler ABI info - done
[0.164s] -- Check for working C compiler: /usr/bin/cc - skipped
[0.164s] -- Detecting C compile features
[0.164s] -- Detecting C compile features - done
[0.166s] -- Detecting CXX compiler ABI info
[0.227s] -- Detecting CXX compiler ABI info - done
[0.237s] -- Check for working CXX compiler: /usr/bin/c++ - skipped
[0.237s] -- Detecting CXX compile features
[0.238s] -- Detecting CXX compile features - done
[0.241s] -- Found ament_cmake: 1.3.10 (/opt/ros/humble/share/ament_cmake/cmake)
[0.370s] -- Found Python3: /usr/bin/python3 (found version "3.10.12") found components: Interpreter 
[0.454s] -- Found Boost: /usr/lib/x86_64-linux-gnu/cmake/Boost-1.74.0/BoostConfig.cmake (found version "1.74.0")  
[0.456s] -- Found moveit_common: 2.5.5 (/opt/ros/humble/share/moveit_common/cmake)
[0.511s] -- Found moveit_core: 2.5.5 (/opt/ros/humble/share/moveit_core/cmake)
[0.650s] -- Found Boost: /usr/lib/x86_64-linux-gnu/cmake/Boost-1.74.0/BoostConfig.cmake (found version "1.74.0") found components: chrono date_time filesystem iostreams program_options regex serialization system thread 
[0.662s] -- Found parameter_traits: 0.3.8 (/opt/ros/humble/share/parameter_traits/cmake)
[0.700s] -- Found rosidl_generator_c: 3.1.5 (/opt/ros/humble/share/rosidl_generator_c/cmake)
[0.704s] -- Found rosidl_adapter: 3.1.5 (/opt/ros/humble/share/rosidl_adapter/cmake)
[0.712s] -- Found rosidl_generator_cpp: 3.1.5 (/opt/ros/humble/share/rosidl_generator_cpp/cmake)
[0.725s] -- Using all available rosidl_typesupport_c: rosidl_typesupport_fastrtps_c;rosidl_typesupport_introspection_c
[0.739s] -- Using all available rosidl_typesupport_cpp: rosidl_typesupport_fastrtps_cpp;rosidl_typesupport_introspection_cpp
[0.778s] -- Found rmw_implementation_cmake: 6.1.2 (/opt/ros/humble/share/rmw_implementation_cmake/cmake)
[0.781s] -- Found rmw_fastrtps_cpp: 6.2.7 (/opt/ros/humble/share/rmw_fastrtps_cpp/cmake)
[0.851s] -- Found OpenSSL: /usr/lib/x86_64-linux-gnu/libcrypto.so (found version "3.0.2")  
[0.874s] -- Found FastRTPS: /opt/ros/humble/include  
[0.907s] -- Using RMW implementation 'rmw_fastrtps_cpp' as default
[0.915s] -- Found Threads: TRUE  
[0.975s] -- Found rclcpp_lifecycle: 16.0.10 (/opt/ros/humble/share/rclcpp_lifecycle/cmake)
[0.996s] -- Found Boost: /usr/lib/x86_64-linux-gnu/cmake/Boost-1.74.0/BoostConfig.cmake (found version "1.74.0") found components: filesystem 
[1.083s] -- library: /usr/lib/x86_64-linux-gnu/libcurl.so
[1.147s] -- Found Eigen3: TRUE (found version "3.4.0") 
[1.148s] -- Ensuring Eigen3 include directory is part of orocos-kdl CMake target
[1.367s] -- Found moveit_ros_move_group: 2.5.5 (/opt/ros/humble/share/moveit_ros_move_group/cmake)
[1.372s] -- Found Boost: /usr/lib/x86_64-linux-gnu/cmake/Boost-1.74.0/BoostConfig.cmake (found version "1.74.0") found components: system filesystem date_time program_options thread 
[1.404s] -- Found Boost: /usr/lib/x86_64-linux-gnu/cmake/Boost-1.74.0/BoostConfig.cmake (found version "1.74.0") found components: system filesystem date_time program_options thread chrono 
[1.421s] -- Found moveit_task_constructor_core: 0.1.3 (/home/raven/qwerty_ws/install/moveit_task_constructor_core/share/moveit_task_constructor_core/cmake)
[1.439s] -- Found Boost: /usr/lib/x86_64-linux-gnu/cmake/Boost-1.74.0/BoostConfig.cmake (found version "1.74.0") found components: date_time filesystem program_options system thread 
[1.456s] -- Found Boost: /usr/lib/x86_64-linux-gnu/cmake/Boost-1.74.0/BoostConfig.cmake (found version "1.74.0") found components: thread system filesystem regex date_time program_options 
[1.522s] -- Configuring done
[1.548s] -- Generating done
[1.549s] -- Build files have been written to: /home/raven/qwerty_ws/build/moveit_task_constructor_capabilities
[1.561s] Invoked command in '/home/raven/qwerty_ws/build/moveit_task_constructor_capabilities' returned '0': AMENT_PREFIX_PATH=/home/raven/qwerty_ws/install/moveit_task_constructor_core:/home/raven/qwerty_ws/install/rviz_marker_tools:/home/raven/qwerty_ws/install/moveit_task_constructor_msgs:${AMENT_PREFIX_PATH} CMAKE_PREFIX_PATH=/home/raven/qwerty_ws/install/moveit_task_constructor_core:/home/raven/qwerty_ws/install/rviz_marker_tools:/opt/ros/humble:/home/raven/qwerty_ws/install/moveit_task_constructor_msgs:${CMAKE_PREFIX_PATH} LD_LIBRARY_PATH=/home/raven/qwerty_ws/install/moveit_task_constructor_core/lib:/home/raven/qwerty_ws/install/rviz_marker_tools/lib:/home/raven/qwerty_ws/install/moveit_task_constructor_msgs/lib:/usr/lib/x86_64-linux-gnu/gazebo-11/plugins:/opt/ros/humble/opt/rviz_ogre_vendor/lib:/opt/ros/humble/lib/x86_64-linux-gnu:/opt/ros/humble/lib:/usr/lib/x86_64-linux-gnu/gazebo-11/plugins PYTHONPATH=/home/raven/qwerty_ws/install/moveit_task_constructor_core/local/lib/python3.10/dist-packages:/home/raven/qwerty_ws/install/moveit_task_constructor_msgs/local/lib/python3.10/dist-packages:${PYTHONPATH} /usr/bin/cmake /home/raven/qwerty_ws/src/moveit_task_constructor/capabilities -DCMAKE_BUILD_TYPE=Release -DCMAKE_INSTALL_PREFIX=/home/raven/qwerty_ws/install/moveit_task_constructor_capabilities
[1.563s] Invoking command in '/home/raven/qwerty_ws/build/moveit_task_constructor_capabilities': AMENT_PREFIX_PATH=/home/raven/qwerty_ws/install/moveit_task_constructor_core:/home/raven/qwerty_ws/install/rviz_marker_tools:/home/raven/qwerty_ws/install/moveit_task_constructor_msgs:${AMENT_PREFIX_PATH} CMAKE_PREFIX_PATH=/home/raven/qwerty_ws/install/moveit_task_constructor_core:/home/raven/qwerty_ws/install/rviz_marker_tools:/opt/ros/humble:/home/raven/qwerty_ws/install/moveit_task_constructor_msgs:${CMAKE_PREFIX_PATH} LD_LIBRARY_PATH=/home/raven/qwerty_ws/install/moveit_task_constructor_core/lib:/home/raven/qwerty_ws/install/rviz_marker_tools/lib:/home/raven/qwerty_ws/install/moveit_task_constructor_msgs/lib:/usr/lib/x86_64-linux-gnu/gazebo-11/plugins:/opt/ros/humble/opt/rviz_ogre_vendor/lib:/opt/ros/humble/lib/x86_64-linux-gnu:/opt/ros/humble/lib:/usr/lib/x86_64-linux-gnu/gazebo-11/plugins PYTHONPATH=/home/raven/qwerty_ws/install/moveit_task_constructor_core/local/lib/python3.10/dist-packages:/home/raven/qwerty_ws/install/moveit_task_constructor_msgs/local/lib/python3.10/dist-packages:${PYTHONPATH} /usr/bin/cmake --build /home/raven/qwerty_ws/build/moveit_task_constructor_capabilities -- -j8 -l8
[1.603s] [ 50%] [32mBuilding CXX object CMakeFiles/moveit_task_constructor_capabilities.dir/src/execute_task_solution_capability.cpp.o[0m
[22.719s] [100%] [32m[1mLinking CXX shared library libmoveit_task_constructor_capabilities.so[0m
[22.915s] [100%] Built target moveit_task_constructor_capabilities
[22.927s] Invoked command in '/home/raven/qwerty_ws/build/moveit_task_constructor_capabilities' returned '0': AMENT_PREFIX_PATH=/home/raven/qwerty_ws/install/moveit_task_constructor_core:/home/raven/qwerty_ws/install/rviz_marker_tools:/home/raven/qwerty_ws/install/moveit_task_constructor_msgs:${AMENT_PREFIX_PATH} CMAKE_PREFIX_PATH=/home/raven/qwerty_ws/install/moveit_task_constructor_core:/home/raven/qwerty_ws/install/rviz_marker_tools:/opt/ros/humble:/home/raven/qwerty_ws/install/moveit_task_constructor_msgs:${CMAKE_PREFIX_PATH} LD_LIBRARY_PATH=/home/raven/qwerty_ws/install/moveit_task_constructor_core/lib:/home/raven/qwerty_ws/install/rviz_marker_tools/lib:/home/raven/qwerty_ws/install/moveit_task_constructor_msgs/lib:/usr/lib/x86_64-linux-gnu/gazebo-11/plugins:/opt/ros/humble/opt/rviz_ogre_vendor/lib:/opt/ros/humble/lib/x86_64-linux-gnu:/opt/ros/humble/lib:/usr/lib/x86_64-linux-gnu/gazebo-11/plugins PYTHONPATH=/home/raven/qwerty_ws/install/moveit_task_constructor_core/local/lib/python3.10/dist-packages:/home/raven/qwerty_ws/install/moveit_task_constructor_msgs/local/lib/python3.10/dist-packages:${PYTHONPATH} /usr/bin/cmake --build /home/raven/qwerty_ws/build/moveit_task_constructor_capabilities -- -j8 -l8
[22.945s] Invoking command in '/home/raven/qwerty_ws/build/moveit_task_constructor_capabilities': AMENT_PREFIX_PATH=/home/raven/qwerty_ws/install/moveit_task_constructor_core:/home/raven/qwerty_ws/install/rviz_marker_tools:/home/raven/qwerty_ws/install/moveit_task_constructor_msgs:${AMENT_PREFIX_PATH} CMAKE_PREFIX_PATH=/home/raven/qwerty_ws/install/moveit_task_constructor_core:/home/raven/qwerty_ws/install/rviz_marker_tools:/opt/ros/humble:/home/raven/qwerty_ws/install/moveit_task_constructor_msgs:${CMAKE_PREFIX_PATH} LD_LIBRARY_PATH=/home/raven/qwerty_ws/install/moveit_task_constructor_core/lib:/home/raven/qwerty_ws/install/rviz_marker_tools/lib:/home/raven/qwerty_ws/install/moveit_task_constructor_msgs/lib:/usr/lib/x86_64-linux-gnu/gazebo-11/plugins:/opt/ros/humble/opt/rviz_ogre_vendor/lib:/opt/ros/humble/lib/x86_64-linux-gnu:/opt/ros/humble/lib:/usr/lib/x86_64-linux-gnu/gazebo-11/plugins PYTHONPATH=/home/raven/qwerty_ws/install/moveit_task_constructor_core/local/lib/python3.10/dist-packages:/home/raven/qwerty_ws/install/moveit_task_constructor_msgs/local/lib/python3.10/dist-packages:${PYTHONPATH} /usr/bin/cmake --install /home/raven/qwerty_ws/build/moveit_task_constructor_capabilities
[22.951s] -- Install configuration: "Release"
[22.951s] -- Installing: /home/raven/qwerty_ws/install/moveit_task_constructor_capabilities/lib/libmoveit_task_constructor_capabilities.so
[22.951s] -- Set runtime path of "/home/raven/qwerty_ws/install/moveit_task_constructor_capabilities/lib/libmoveit_task_constructor_capabilities.so" to ""
[22.952s] -- Installing: /home/raven/qwerty_ws/install/moveit_task_constructor_capabilities/share/moveit_task_constructor_capabilities/capabilities_plugin_description.xml
[22.952s] -- Installing: /home/raven/qwerty_ws/install/moveit_task_constructor_capabilities/share/ament_index/resource_index/package_run_dependencies/moveit_task_constructor_capabilities
[22.952s] -- Installing: /home/raven/qwerty_ws/install/moveit_task_constructor_capabilities/share/ament_index/resource_index/parent_prefix_path/moveit_task_constructor_capabilities
[22.952s] -- Installing: /home/raven/qwerty_ws/install/moveit_task_constructor_capabilities/share/moveit_task_constructor_capabilities/environment/ament_prefix_path.sh
[22.952s] -- Installing: /home/raven/qwerty_ws/install/moveit_task_constructor_capabilities/share/moveit_task_constructor_capabilities/environment/ament_prefix_path.dsv
[22.952s] -- Installing: /home/raven/qwerty_ws/install/moveit_task_constructor_capabilities/share/moveit_task_constructor_capabilities/environment/path.sh
[22.952s] -- Installing: /home/raven/qwerty_ws/install/moveit_task_constructor_capabilities/share/moveit_task_constructor_capabilities/environment/path.dsv
[22.952s] -- Installing: /home/raven/qwerty_ws/install/moveit_task_constructor_capabilities/share/moveit_task_constructor_capabilities/local_setup.bash
[22.952s] -- Installing: /home/raven/qwerty_ws/install/moveit_task_constructor_capabilities/share/moveit_task_constructor_capabilities/local_setup.sh
[22.952s] -- Installing: /home/raven/qwerty_ws/install/moveit_task_constructor_capabilities/share/moveit_task_constructor_capabilities/local_setup.zsh
[22.952s] -- Installing: /home/raven/qwerty_ws/install/moveit_task_constructor_capabilities/share/moveit_task_constructor_capabilities/local_setup.dsv
[22.953s] -- Installing: /home/raven/qwerty_ws/install/moveit_task_constructor_capabilities/share/moveit_task_constructor_capabilities/package.dsv
[22.953s] -- Installing: /home/raven/qwerty_ws/install/moveit_task_constructor_capabilities/share/ament_index/resource_index/packages/moveit_task_constructor_capabilities
[22.953s] -- Installing: /home/raven/qwerty_ws/install/moveit_task_constructor_capabilities/share/ament_index/resource_index/moveit_ros_move_group__pluginlib__plugin/moveit_task_constructor_capabilities
[22.953s] -- Installing: /home/raven/qwerty_ws/install/moveit_task_constructor_capabilities/share/moveit_task_constructor_capabilities/cmake/ament_cmake_export_dependencies-extras.cmake
[22.953s] -- Installing: /home/raven/qwerty_ws/install/moveit_task_constructor_capabilities/share/moveit_task_constructor_capabilities/cmake/moveit_task_constructor_capabilitiesConfig.cmake
[22.953s] -- Installing: /home/raven/qwerty_ws/install/moveit_task_constructor_capabilities/share/moveit_task_constructor_capabilities/cmake/moveit_task_constructor_capabilitiesConfig-version.cmake
[22.953s] -- Installing: /home/raven/qwerty_ws/install/moveit_task_constructor_capabilities/share/moveit_task_constructor_capabilities/package.xml
[22.955s] Invoked command in '/home/raven/qwerty_ws/build/moveit_task_constructor_capabilities' returned '0': AMENT_PREFIX_PATH=/home/raven/qwerty_ws/install/moveit_task_constructor_core:/home/raven/qwerty_ws/install/rviz_marker_tools:/home/raven/qwerty_ws/install/moveit_task_constructor_msgs:${AMENT_PREFIX_PATH} CMAKE_PREFIX_PATH=/home/raven/qwerty_ws/install/moveit_task_constructor_core:/home/raven/qwerty_ws/install/rviz_marker_tools:/opt/ros/humble:/home/raven/qwerty_ws/install/moveit_task_constructor_msgs:${CMAKE_PREFIX_PATH} LD_LIBRARY_PATH=/home/raven/qwerty_ws/install/moveit_task_constructor_core/lib:/home/raven/qwerty_ws/install/rviz_marker_tools/lib:/home/raven/qwerty_ws/install/moveit_task_constructor_msgs/lib:/usr/lib/x86_64-linux-gnu/gazebo-11/plugins:/opt/ros/humble/opt/rviz_ogre_vendor/lib:/opt/ros/humble/lib/x86_64-linux-gnu:/opt/ros/humble/lib:/usr/lib/x86_64-linux-gnu/gazebo-11/plugins PYTHONPATH=/home/raven/qwerty_ws/install/moveit_task_constructor_core/local/lib/python3.10/dist-packages:/home/raven/qwerty_ws/install/moveit_task_constructor_msgs/local/lib/python3.10/dist-packages:${PYTHONPATH} /usr/bin/cmake --install /home/raven/qwerty_ws/build/moveit_task_constructor_capabilities
