[0mMissing content of submodule pybind11: Use 'git clone --recurse-submodule' in future.
Checking out content automatically[0m
Submodule 'core/python/pybind11' (https://github.com/pybind/pybind11) registered for path 'pybind11'
Submodule 'core/src/scope_guard' (https://github.com/ricab/scope_guard) registered for path '../src/scope_guard'
Cloning into '/home/raven/qwerty_ws/src/moveit_task_constructor/core/python/pybind11'...
Cloning into '/home/raven/qwerty_ws/src/moveit_task_constructor/core/src/scope_guard'...
error: RPC failed; curl 92 HTTP/2 stream 0 was not closed cleanly: CANCEL (err 8)
error: 20 bytes of body are still expected
fetch-pack: unexpected disconnect while reading sideband packet
fatal: early EOF
fatal: fetch-pack: invalid index-pack output
fatal: Fetched in submodule path 'pybind11', but it did not contain f4bc71f981d4eb2dd780215fd3c5a7420f1f03aa. Direct fetching of that commit failed.
fatal: 
[31mCMake Error at python/CMakeLists.txt:22 (add_subdirectory):
  The source directory

    /home/raven/qwerty_ws/src/moveit_task_constructor/core/python/pybind11

  does not contain a CMakeLists.txt file.

[0m
[31mCMake Error at python/bindings/CMakeLists.txt:3 (pybind11_add_module):
  Unknown CMake command "pybind11_add_module".

[0m
