[0.009s] Invoking command in '/home/raven/qwerty_ws/build/moveit_task_constructor_core': CMAKE_PREFIX_PATH=/home/raven/qwerty_ws/install/rviz_marker_tools:/opt/ros/humble:/home/raven/qwerty_ws/install/moveit_task_constructor_msgs:/home/raven/qwerty_ws/install/mtc_tutorial:/home/raven/qwerty_ws/install/moveit_task_constructor_visualization:/home/raven/qwerty_ws/install/moveit_task_constructor_demo:/home/raven/qwerty_ws/install/moveit_task_constructor_capabilities:/home/raven/qwerty_ws/install/moveit_task_constructor_core:/home/raven/qwerty_ws/install/kuka_arm_moveit:/home/raven/qwerty_ws/install/kuka_arm_pkg:/home/raven/robot_ws/install/kuka_moveit:/home/raven/robot_ws/install/kuka_arm_moveit:/home/raven/robot_ws/install/kuka_arm_pkg LD_LIBRARY_PATH=/home/raven/qwerty_ws/install/rviz_marker_tools/lib:/home/raven/qwerty_ws/install/moveit_task_constructor_msgs/lib:/home/raven/qwerty_ws/install/moveit_task_constructor_visualization/lib:/home/raven/qwerty_ws/install/moveit_task_constructor_demo/lib:/home/raven/qwerty_ws/install/moveit_task_constructor_capabilities/lib:/home/raven/qwerty_ws/install/moveit_task_constructor_core/lib:/usr/lib/x86_64-linux-gnu/gazebo-11/plugins:/opt/ros/humble/opt/rviz_ogre_vendor/lib:/opt/ros/humble/lib/x86_64-linux-gnu:/opt/ros/humble/lib:/usr/lib/x86_64-linux-gnu/gazebo-11/plugins /usr/bin/cmake /home/raven/qwerty_ws/src/moveit_task_constructor/core -DCMAKE_INSTALL_PREFIX=/home/raven/qwerty_ws/install/moveit_task_constructor_core
[0.019s] -- Found ament_cmake: 1.3.10 (/opt/ros/humble/share/ament_cmake/cmake)
[0.068s] -- Found Python3: /usr/bin/python3 (found version "3.10.12") found components: Interpreter 
[0.125s] -- Found Boost: /usr/lib/x86_64-linux-gnu/cmake/Boost-1.74.0/BoostConfig.cmake (found version "1.74.0")  
[0.125s] -- Found geometry_msgs: 4.2.4 (/opt/ros/humble/share/geometry_msgs/cmake)
[0.146s] -- Found rosidl_generator_c: 3.1.5 (/opt/ros/humble/share/rosidl_generator_c/cmake)
[0.147s] -- Found rosidl_adapter: 3.1.5 (/opt/ros/humble/share/rosidl_adapter/cmake)
[0.152s] -- Found rosidl_generator_cpp: 3.1.5 (/opt/ros/humble/share/rosidl_generator_cpp/cmake)
[0.160s] -- Using all available rosidl_typesupport_c: rosidl_typesupport_fastrtps_c;rosidl_typesupport_introspection_c
[0.171s] -- Using all available rosidl_typesupport_cpp: rosidl_typesupport_fastrtps_cpp;rosidl_typesupport_introspection_cpp
[0.202s] -- Found moveit_common: 2.5.5 (/opt/ros/humble/share/moveit_common/cmake)
[0.252s] -- Found moveit_core: 2.5.5 (/opt/ros/humble/share/moveit_core/cmake)
[0.265s] -- Found Boost: /usr/lib/x86_64-linux-gnu/cmake/Boost-1.74.0/BoostConfig.cmake (found version "1.74.0") found components: chrono date_time filesystem iostreams program_options regex serialization system thread 
[0.271s] -- Found parameter_traits: 0.3.8 (/opt/ros/humble/share/parameter_traits/cmake)
[0.294s] -- Found rmw_implementation_cmake: 6.1.2 (/opt/ros/humble/share/rmw_implementation_cmake/cmake)
[0.295s] -- Found rmw_fastrtps_cpp: 6.2.7 (/opt/ros/humble/share/rmw_fastrtps_cpp/cmake)
[0.381s] -- Using RMW implementation 'rmw_fastrtps_cpp' as default
[0.420s] -- Found rclcpp_lifecycle: 16.0.10 (/opt/ros/humble/share/rclcpp_lifecycle/cmake)
[0.437s] -- Found Boost: /usr/lib/x86_64-linux-gnu/cmake/Boost-1.74.0/BoostConfig.cmake (found version "1.74.0") found components: filesystem 
[0.463s] -- library: /usr/lib/x86_64-linux-gnu/libcurl.so
[0.513s] -- Ensuring Eigen3 include directory is part of orocos-kdl CMake target
[0.696s] -- Found moveit_ros_planning: 2.5.5 (/opt/ros/humble/share/moveit_ros_planning/cmake)
[0.701s] -- Found Boost: /usr/lib/x86_64-linux-gnu/cmake/Boost-1.74.0/BoostConfig.cmake (found version "1.74.0") found components: system filesystem date_time program_options thread chrono 
[0.721s] -- Found moveit_ros_planning_interface: 2.5.5 (/opt/ros/humble/share/moveit_ros_planning_interface/cmake)
[0.725s] -- Found Boost: /usr/lib/x86_64-linux-gnu/cmake/Boost-1.74.0/BoostConfig.cmake (found version "1.74.0") found components: date_time filesystem program_options system thread 
[0.736s] -- Found Boost: /usr/lib/x86_64-linux-gnu/cmake/Boost-1.74.0/BoostConfig.cmake (found version "1.74.0") found components: thread system filesystem regex date_time program_options 
[0.754s] -- Found Boost: /usr/lib/x86_64-linux-gnu/cmake/Boost-1.74.0/BoostConfig.cmake (found version "1.74.0") found components: system filesystem date_time program_options thread 
[0.778s] -- Found moveit_task_constructor_msgs: 0.1.3 (/home/raven/qwerty_ws/install/moveit_task_constructor_msgs/share/moveit_task_constructor_msgs/cmake)
[0.803s] -- Found py_binding_tools: 2.0.1 (/opt/ros/humble/share/py_binding_tools/cmake)
[0.805s] -- Found rviz_marker_tools: 0.1.3 (/home/raven/qwerty_ws/install/rviz_marker_tools/share/rviz_marker_tools/cmake)
[0.871s] -- Found Python3: /usr/bin/python3 (found version "3.10.12") found components: Interpreter Development Development.Module Development.Embed 
[0.876s] -- pybind11 v2.13.0 dev1
[0.915s] -- Found ament_cmake_pytest: 1.3.10 (/opt/ros/humble/share/ament_cmake_pytest/cmake)
[0.915s] -- Found launch_testing_ament_cmake: 1.0.6 (/opt/ros/humble/share/launch_testing_ament_cmake/cmake)
[0.916s] -- Found python_cmake_module: 0.10.0 (/opt/ros/humble/share/python_cmake_module/cmake)
[0.934s] -- Using PYTHON_EXECUTABLE: /usr/bin/python3
[0.934s] -- Using PYTHON_INCLUDE_DIRS: /usr/include/python3.10
[0.934s] -- Using PYTHON_LIBRARIES: /usr/lib/x86_64-linux-gnu/libpython3.10.so
[1.201s] -- Found ament_cmake_gtest: 1.3.10 (/opt/ros/humble/share/ament_cmake_gtest/cmake)
[1.202s] -- Found ament_cmake_gmock: 1.3.10 (/opt/ros/humble/share/ament_cmake_gmock/cmake)
[1.202s] -- Found launch_testing_ament_cmake: 1.0.6 (/opt/ros/humble/share/launch_testing_ament_cmake/cmake)
[1.202s] -- Found python_cmake_module: 0.10.0 (/opt/ros/humble/share/python_cmake_module/cmake)
[1.220s] -- Using PYTHON_EXECUTABLE: /usr/bin/python3
[1.220s] -- Using PYTHON_INCLUDE_DIRS: /usr/include/python3.10
[1.220s] -- Using PYTHON_LIBRARIES: /usr/lib/x86_64-linux-gnu/libpython3.10.so
[1.221s] -- Found gmock sources under '/opt/ros/humble/src/gmock_vendor': C++ tests using 'Google Mock' will be built
[1.224s] -- Found gtest sources under '/opt/ros/humble/src/gtest_vendor': C++ tests using 'Google Test' will be built
[1.245s] -- Configuring done
[1.494s] -- Generating done
[1.498s] -- Build files have been written to: /home/raven/qwerty_ws/build/moveit_task_constructor_core
[1.516s] Invoked command in '/home/raven/qwerty_ws/build/moveit_task_constructor_core' returned '0': CMAKE_PREFIX_PATH=/home/raven/qwerty_ws/install/rviz_marker_tools:/opt/ros/humble:/home/raven/qwerty_ws/install/moveit_task_constructor_msgs:/home/raven/qwerty_ws/install/mtc_tutorial:/home/raven/qwerty_ws/install/moveit_task_constructor_visualization:/home/raven/qwerty_ws/install/moveit_task_constructor_demo:/home/raven/qwerty_ws/install/moveit_task_constructor_capabilities:/home/raven/qwerty_ws/install/moveit_task_constructor_core:/home/raven/qwerty_ws/install/kuka_arm_moveit:/home/raven/qwerty_ws/install/kuka_arm_pkg:/home/raven/robot_ws/install/kuka_moveit:/home/raven/robot_ws/install/kuka_arm_moveit:/home/raven/robot_ws/install/kuka_arm_pkg LD_LIBRARY_PATH=/home/raven/qwerty_ws/install/rviz_marker_tools/lib:/home/raven/qwerty_ws/install/moveit_task_constructor_msgs/lib:/home/raven/qwerty_ws/install/moveit_task_constructor_visualization/lib:/home/raven/qwerty_ws/install/moveit_task_constructor_demo/lib:/home/raven/qwerty_ws/install/moveit_task_constructor_capabilities/lib:/home/raven/qwerty_ws/install/moveit_task_constructor_core/lib:/usr/lib/x86_64-linux-gnu/gazebo-11/plugins:/opt/ros/humble/opt/rviz_ogre_vendor/lib:/opt/ros/humble/lib/x86_64-linux-gnu:/opt/ros/humble/lib:/usr/lib/x86_64-linux-gnu/gazebo-11/plugins /usr/bin/cmake /home/raven/qwerty_ws/src/moveit_task_constructor/core -DCMAKE_INSTALL_PREFIX=/home/raven/qwerty_ws/install/moveit_task_constructor_core
[1.517s] Invoking command in '/home/raven/qwerty_ws/build/moveit_task_constructor_core': CMAKE_PREFIX_PATH=/home/raven/qwerty_ws/install/rviz_marker_tools:/opt/ros/humble:/home/raven/qwerty_ws/install/moveit_task_constructor_msgs:/home/raven/qwerty_ws/install/mtc_tutorial:/home/raven/qwerty_ws/install/moveit_task_constructor_visualization:/home/raven/qwerty_ws/install/moveit_task_constructor_demo:/home/raven/qwerty_ws/install/moveit_task_constructor_capabilities:/home/raven/qwerty_ws/install/moveit_task_constructor_core:/home/raven/qwerty_ws/install/kuka_arm_moveit:/home/raven/qwerty_ws/install/kuka_arm_pkg:/home/raven/robot_ws/install/kuka_moveit:/home/raven/robot_ws/install/kuka_arm_moveit:/home/raven/robot_ws/install/kuka_arm_pkg LD_LIBRARY_PATH=/home/raven/qwerty_ws/install/rviz_marker_tools/lib:/home/raven/qwerty_ws/install/moveit_task_constructor_msgs/lib:/home/raven/qwerty_ws/install/moveit_task_constructor_visualization/lib:/home/raven/qwerty_ws/install/moveit_task_constructor_demo/lib:/home/raven/qwerty_ws/install/moveit_task_constructor_capabilities/lib:/home/raven/qwerty_ws/install/moveit_task_constructor_core/lib:/usr/lib/x86_64-linux-gnu/gazebo-11/plugins:/opt/ros/humble/opt/rviz_ogre_vendor/lib:/opt/ros/humble/lib/x86_64-linux-gnu:/opt/ros/humble/lib:/usr/lib/x86_64-linux-gnu/gazebo-11/plugins /usr/bin/cmake --build /home/raven/qwerty_ws/build/moveit_task_constructor_core -- -j8 -l8
[1.550s] [35m[1mConsolidate compiler generated dependencies of target gmock_main[0m
[1.550s] [35m[1mConsolidate compiler generated dependencies of target gtest_main[0m
[1.552s] [35m[1mConsolidate compiler generated dependencies of target gmock[0m
[1.553s] [35m[1mConsolidate compiler generated dependencies of target gtest[0m
[1.560s] [  2%] Built target gmock_main
[1.562s] [  4%] Built target gtest_main
[1.564s] [  8%] Built target gmock
[1.569s] [ 10%] Built target gtest
[1.570s] [ 10%] Built target ament_cmake_python_copy_moveit
[1.574s] [35m[1mConsolidate compiler generated dependencies of target moveit_task_constructor_core[0m
[1.629s] [ 29%] Built target moveit_task_constructor_core
[1.640s] [35m[1mConsolidate compiler generated dependencies of target gtest_utils[0m
[1.653s] [35m[1mConsolidate compiler generated dependencies of target moveit_task_constructor_core_stages[0m
[1.660s] [ 34%] Built target gtest_utils
[1.710s] [ 55%] Built target moveit_task_constructor_core_stages
[1.727s] [35m[1mConsolidate compiler generated dependencies of target moveit_task_constructor_core_stage_plugins[0m
[1.727s] [35m[1mConsolidate compiler generated dependencies of target moveit_task_constructor_core-test-mockups[0m
[1.727s] [35m[1mConsolidate compiler generated dependencies of target moveit_task_constructor_core-test-serial[0m
[1.728s] [35m[1mConsolidate compiler generated dependencies of target moveit_task_constructor_core-test-stage[0m
[1.728s] [35m[1mConsolidate compiler generated dependencies of target moveit_task_constructor_core-test-container[0m
[1.729s] [35m[1mConsolidate compiler generated dependencies of target moveit_task_constructor_core-test-pruning[0m
[1.729s] [35m[1mConsolidate compiler generated dependencies of target pymoveit_mtc[0m
[1.747s] [ 57%] Built target moveit_task_constructor_core_stage_plugins
[1.757s] [ 60%] Built target moveit_task_constructor_core-test-serial
[1.763s] [35m[1mConsolidate compiler generated dependencies of target moveit_task_constructor_core-test-properties[0m
[1.768s] [ 62%] Built target moveit_task_constructor_core-test-container
[1.768s] [ 64%] Built target moveit_task_constructor_core-test-stage
[1.769s] [ 67%] Built target moveit_task_constructor_core-test-pruning
[1.770s] [ 69%] Built target moveit_task_constructor_core-test-mockups
[1.781s] [35m[1mConsolidate compiler generated dependencies of target moveit_task_constructor_core-test-cost-queue[0m
[1.786s] [35m[1mConsolidate compiler generated dependencies of target moveit_task_constructor_core-test-cost-terms[0m
[1.786s] [35m[1mConsolidate compiler generated dependencies of target moveit_task_constructor_core-test-interface-state[0m
[1.786s] [35m[1mConsolidate compiler generated dependencies of target moveit_task_constructor_core-test-move-to[0m
[1.789s] [ 71%] Built target moveit_task_constructor_core-test-properties
[1.789s] [ 78%] Built target pymoveit_mtc
[1.793s] [35m[1mConsolidate compiler generated dependencies of target moveit_task_constructor_core-test-fallback[0m
[1.807s] [35m[1mConsolidate compiler generated dependencies of target moveit_task_constructor_core-test-move-relative[0m
[1.807s] [35m[1mConsolidate compiler generated dependencies of target pick_ur5[0m
[1.810s] [ 81%] Built target moveit_task_constructor_core-test-cost-queue
[1.818s] [ 83%] Built target moveit_task_constructor_core-test-interface-state
[1.820s] [ 85%] Built target moveit_task_constructor_core-test-move-to
[1.821s] [ 88%] Built target moveit_task_constructor_core-test-cost-terms
[1.829s] [35m[1mConsolidate compiler generated dependencies of target pick_pr2[0m
[1.831s] [ 90%] Built target moveit_task_constructor_core-test-fallback
[1.831s] [35m[1mConsolidate compiler generated dependencies of target pick_pa10[0m
[1.833s] [ 92%] Built target moveit_task_constructor_core-test-move-relative
[1.835s] [ 95%] Built target pick_ur5
[1.847s] [ 97%] Built target pick_pr2
[1.849s] [100%] Built target pick_pa10
[1.868s] running egg_info
[1.868s] writing moveit.egg-info/PKG-INFO
[1.868s] writing dependency_links to moveit.egg-info/dependency_links.txt
[1.869s] writing top-level names to moveit.egg-info/top_level.txt
[1.871s] reading manifest file 'moveit.egg-info/SOURCES.txt'
[1.872s] writing manifest file 'moveit.egg-info/SOURCES.txt'
[1.893s] [100%] Built target ament_cmake_python_build_moveit_egg
[1.902s] Invoked command in '/home/raven/qwerty_ws/build/moveit_task_constructor_core' returned '0': CMAKE_PREFIX_PATH=/home/raven/qwerty_ws/install/rviz_marker_tools:/opt/ros/humble:/home/raven/qwerty_ws/install/moveit_task_constructor_msgs:/home/raven/qwerty_ws/install/mtc_tutorial:/home/raven/qwerty_ws/install/moveit_task_constructor_visualization:/home/raven/qwerty_ws/install/moveit_task_constructor_demo:/home/raven/qwerty_ws/install/moveit_task_constructor_capabilities:/home/raven/qwerty_ws/install/moveit_task_constructor_core:/home/raven/qwerty_ws/install/kuka_arm_moveit:/home/raven/qwerty_ws/install/kuka_arm_pkg:/home/raven/robot_ws/install/kuka_moveit:/home/raven/robot_ws/install/kuka_arm_moveit:/home/raven/robot_ws/install/kuka_arm_pkg LD_LIBRARY_PATH=/home/raven/qwerty_ws/install/rviz_marker_tools/lib:/home/raven/qwerty_ws/install/moveit_task_constructor_msgs/lib:/home/raven/qwerty_ws/install/moveit_task_constructor_visualization/lib:/home/raven/qwerty_ws/install/moveit_task_constructor_demo/lib:/home/raven/qwerty_ws/install/moveit_task_constructor_capabilities/lib:/home/raven/qwerty_ws/install/moveit_task_constructor_core/lib:/usr/lib/x86_64-linux-gnu/gazebo-11/plugins:/opt/ros/humble/opt/rviz_ogre_vendor/lib:/opt/ros/humble/lib/x86_64-linux-gnu:/opt/ros/humble/lib:/usr/lib/x86_64-linux-gnu/gazebo-11/plugins /usr/bin/cmake --build /home/raven/qwerty_ws/build/moveit_task_constructor_core -- -j8 -l8
[1.933s] Invoking command in '/home/raven/qwerty_ws/build/moveit_task_constructor_core': CMAKE_PREFIX_PATH=/home/raven/qwerty_ws/install/rviz_marker_tools:/opt/ros/humble:/home/raven/qwerty_ws/install/moveit_task_constructor_msgs:/home/raven/qwerty_ws/install/mtc_tutorial:/home/raven/qwerty_ws/install/moveit_task_constructor_visualization:/home/raven/qwerty_ws/install/moveit_task_constructor_demo:/home/raven/qwerty_ws/install/moveit_task_constructor_capabilities:/home/raven/qwerty_ws/install/moveit_task_constructor_core:/home/raven/qwerty_ws/install/kuka_arm_moveit:/home/raven/qwerty_ws/install/kuka_arm_pkg:/home/raven/robot_ws/install/kuka_moveit:/home/raven/robot_ws/install/kuka_arm_moveit:/home/raven/robot_ws/install/kuka_arm_pkg LD_LIBRARY_PATH=/home/raven/qwerty_ws/install/rviz_marker_tools/lib:/home/raven/qwerty_ws/install/moveit_task_constructor_msgs/lib:/home/raven/qwerty_ws/install/moveit_task_constructor_visualization/lib:/home/raven/qwerty_ws/install/moveit_task_constructor_demo/lib:/home/raven/qwerty_ws/install/moveit_task_constructor_capabilities/lib:/home/raven/qwerty_ws/install/moveit_task_constructor_core/lib:/usr/lib/x86_64-linux-gnu/gazebo-11/plugins:/opt/ros/humble/opt/rviz_ogre_vendor/lib:/opt/ros/humble/lib/x86_64-linux-gnu:/opt/ros/humble/lib:/usr/lib/x86_64-linux-gnu/gazebo-11/plugins /usr/bin/cmake --install /home/raven/qwerty_ws/build/moveit_task_constructor_core
[1.939s] -- Install configuration: "Release"
[1.939s] -- Up-to-date: /home/raven/qwerty_ws/install/moveit_task_constructor_core/share/moveit_task_constructor_core/environment/pythonpath.sh
[1.939s] -- Installing: /home/raven/qwerty_ws/install/moveit_task_constructor_core/share/moveit_task_constructor_core/environment/pythonpath.dsv
[1.939s] -- Up-to-date: /home/raven/qwerty_ws/install/moveit_task_constructor_core/local/lib/python3.10/dist-packages/moveit-0.1.3-py3.10.egg-info
[1.939s] -- Installing: /home/raven/qwerty_ws/install/moveit_task_constructor_core/local/lib/python3.10/dist-packages/moveit-0.1.3-py3.10.egg-info/top_level.txt
[1.939s] -- Installing: /home/raven/qwerty_ws/install/moveit_task_constructor_core/local/lib/python3.10/dist-packages/moveit-0.1.3-py3.10.egg-info/dependency_links.txt
[1.939s] -- Installing: /home/raven/qwerty_ws/install/moveit_task_constructor_core/local/lib/python3.10/dist-packages/moveit-0.1.3-py3.10.egg-info/SOURCES.txt
[1.939s] -- Installing: /home/raven/qwerty_ws/install/moveit_task_constructor_core/local/lib/python3.10/dist-packages/moveit-0.1.3-py3.10.egg-info/PKG-INFO
[1.939s] -- Up-to-date: /home/raven/qwerty_ws/install/moveit_task_constructor_core/local/lib/python3.10/dist-packages/moveit
[1.939s] -- Up-to-date: /home/raven/qwerty_ws/install/moveit_task_constructor_core/local/lib/python3.10/dist-packages/moveit/task_constructor
[1.939s] -- Up-to-date: /home/raven/qwerty_ws/install/moveit_task_constructor_core/local/lib/python3.10/dist-packages/moveit/task_constructor/core.py
[1.939s] -- Up-to-date: /home/raven/qwerty_ws/install/moveit_task_constructor_core/local/lib/python3.10/dist-packages/moveit/task_constructor/stages.py
[1.939s] -- Up-to-date: /home/raven/qwerty_ws/install/moveit_task_constructor_core/local/lib/python3.10/dist-packages/moveit/task_constructor/__init__.py
[1.939s] -- Up-to-date: /home/raven/qwerty_ws/install/moveit_task_constructor_core/local/lib/python3.10/dist-packages/moveit/__init__.py
[1.964s] Listing '/home/raven/qwerty_ws/install/moveit_task_constructor_core/local/lib/python3.10/dist-packages/moveit'...
[1.965s] Listing '/home/raven/qwerty_ws/install/moveit_task_constructor_core/local/lib/python3.10/dist-packages/moveit/task_constructor'...
[1.968s] -- Up-to-date: /home/raven/qwerty_ws/install/moveit_task_constructor_core/include
[1.968s] -- Up-to-date: /home/raven/qwerty_ws/install/moveit_task_constructor_core/include/moveit
[1.968s] -- Up-to-date: /home/raven/qwerty_ws/install/moveit_task_constructor_core/include/moveit/python
[1.969s] -- Up-to-date: /home/raven/qwerty_ws/install/moveit_task_constructor_core/include/moveit/python/task_constructor
[1.969s] -- Up-to-date: /home/raven/qwerty_ws/install/moveit_task_constructor_core/include/moveit/python/task_constructor/properties.h
[1.969s] -- Up-to-date: /home/raven/qwerty_ws/install/moveit_task_constructor_core/include/moveit/task_constructor
[1.969s] -- Up-to-date: /home/raven/qwerty_ws/install/moveit_task_constructor_core/include/moveit/task_constructor/marker_tools.h
[1.969s] -- Up-to-date: /home/raven/qwerty_ws/install/moveit_task_constructor_core/include/moveit/task_constructor/task.h
[1.969s] -- Up-to-date: /home/raven/qwerty_ws/install/moveit_task_constructor_core/include/moveit/task_constructor/stage.h
[1.969s] -- Up-to-date: /home/raven/qwerty_ws/install/moveit_task_constructor_core/include/moveit/task_constructor/type_traits.h
[1.969s] -- Up-to-date: /home/raven/qwerty_ws/install/moveit_task_constructor_core/include/moveit/task_constructor/utils.h
[1.969s] -- Up-to-date: /home/raven/qwerty_ws/install/moveit_task_constructor_core/include/moveit/task_constructor/cost_queue.h
[1.969s] -- Up-to-date: /home/raven/qwerty_ws/install/moveit_task_constructor_core/include/moveit/task_constructor/properties.h
[1.969s] -- Up-to-date: /home/raven/qwerty_ws/install/moveit_task_constructor_core/include/moveit/task_constructor/merge.h
[1.969s] -- Up-to-date: /home/raven/qwerty_ws/install/moveit_task_constructor_core/include/moveit/task_constructor/solvers
[1.969s] -- Up-to-date: /home/raven/qwerty_ws/install/moveit_task_constructor_core/include/moveit/task_constructor/solvers/joint_interpolation.h
[1.970s] -- Up-to-date: /home/raven/qwerty_ws/install/moveit_task_constructor_core/include/moveit/task_constructor/solvers/planner_interface.h
[1.970s] -- Up-to-date: /home/raven/qwerty_ws/install/moveit_task_constructor_core/include/moveit/task_constructor/solvers/pipeline_planner.h
[1.970s] -- Up-to-date: /home/raven/qwerty_ws/install/moveit_task_constructor_core/include/moveit/task_constructor/solvers/multi_planner.h
[1.970s] -- Up-to-date: /home/raven/qwerty_ws/install/moveit_task_constructor_core/include/moveit/task_constructor/solvers/cartesian_path.h
[1.970s] -- Up-to-date: /home/raven/qwerty_ws/install/moveit_task_constructor_core/include/moveit/task_constructor/stages
[1.970s] -- Up-to-date: /home/raven/qwerty_ws/install/moveit_task_constructor_core/include/moveit/task_constructor/stages/current_state.h
[1.970s] -- Up-to-date: /home/raven/qwerty_ws/install/moveit_task_constructor_core/include/moveit/task_constructor/stages/generate_grasp_pose.h
[1.970s] -- Up-to-date: /home/raven/qwerty_ws/install/moveit_task_constructor_core/include/moveit/task_constructor/stages/predicate_filter.h
[1.970s] -- Up-to-date: /home/raven/qwerty_ws/install/moveit_task_constructor_core/include/moveit/task_constructor/stages/passthrough.h
[1.970s] -- Up-to-date: /home/raven/qwerty_ws/install/moveit_task_constructor_core/include/moveit/task_constructor/stages/fixed_cartesian_poses.h
[1.970s] -- Up-to-date: /home/raven/qwerty_ws/install/moveit_task_constructor_core/include/moveit/task_constructor/stages/move_to.h
[1.970s] -- Up-to-date: /home/raven/qwerty_ws/install/moveit_task_constructor_core/include/moveit/task_constructor/stages/fixed_state.h
[1.970s] -- Up-to-date: /home/raven/qwerty_ws/install/moveit_task_constructor_core/include/moveit/task_constructor/stages/generate_place_pose.h
[1.970s] -- Up-to-date: /home/raven/qwerty_ws/install/moveit_task_constructor_core/include/moveit/task_constructor/stages/generate_random_pose.h
[1.970s] -- Up-to-date: /home/raven/qwerty_ws/install/moveit_task_constructor_core/include/moveit/task_constructor/stages/move_relative.h
[1.970s] -- Up-to-date: /home/raven/qwerty_ws/install/moveit_task_constructor_core/include/moveit/task_constructor/stages/connect.h
[1.970s] -- Up-to-date: /home/raven/qwerty_ws/install/moveit_task_constructor_core/include/moveit/task_constructor/stages/compute_ik.h
[1.970s] -- Up-to-date: /home/raven/qwerty_ws/install/moveit_task_constructor_core/include/moveit/task_constructor/stages/fix_collision_objects.h
[1.970s] -- Up-to-date: /home/raven/qwerty_ws/install/moveit_task_constructor_core/include/moveit/task_constructor/stages/noop.h
[1.970s] -- Up-to-date: /home/raven/qwerty_ws/install/moveit_task_constructor_core/include/moveit/task_constructor/stages/modify_planning_scene.h
[1.971s] -- Up-to-date: /home/raven/qwerty_ws/install/moveit_task_constructor_core/include/moveit/task_constructor/stages/generate_pose.h
[1.971s] -- Up-to-date: /home/raven/qwerty_ws/install/moveit_task_constructor_core/include/moveit/task_constructor/stages/pick.h
[1.971s] -- Up-to-date: /home/raven/qwerty_ws/install/moveit_task_constructor_core/include/moveit/task_constructor/stages/simple_grasp.h
[1.971s] -- Up-to-date: /home/raven/qwerty_ws/install/moveit_task_constructor_core/include/moveit/task_constructor/cost_terms.h
[1.971s] -- Up-to-date: /home/raven/qwerty_ws/install/moveit_task_constructor_core/include/moveit/task_constructor/container.h
[1.971s] -- Up-to-date: /home/raven/qwerty_ws/install/moveit_task_constructor_core/include/moveit/task_constructor/stages.h
[1.971s] -- Up-to-date: /home/raven/qwerty_ws/install/moveit_task_constructor_core/include/moveit/task_constructor/trajectory_execution_info.h
[1.971s] -- Up-to-date: /home/raven/qwerty_ws/install/moveit_task_constructor_core/include/moveit/task_constructor/moveit_compat.h
[1.971s] -- Up-to-date: /home/raven/qwerty_ws/install/moveit_task_constructor_core/include/moveit/task_constructor/storage.h
[1.971s] -- Up-to-date: /home/raven/qwerty_ws/install/moveit_task_constructor_core/include/moveit/task_constructor/solvers.h
[1.971s] -- Up-to-date: /home/raven/qwerty_ws/install/moveit_task_constructor_core/include/moveit/task_constructor/introspection.h
[1.971s] -- Up-to-date: /home/raven/qwerty_ws/install/moveit_task_constructor_core/share/moveit_task_constructor_core/motion_planning_stages_plugin_description.xml
[1.971s] -- Up-to-date: /home/raven/qwerty_ws/install/moveit_task_constructor_core/share/moveit_task_constructor_core/environment/library_path.sh
[1.971s] -- Installing: /home/raven/qwerty_ws/install/moveit_task_constructor_core/share/moveit_task_constructor_core/environment/library_path.dsv
[1.971s] -- Up-to-date: /home/raven/qwerty_ws/install/moveit_task_constructor_core/share/ament_index/resource_index/package_run_dependencies/moveit_task_constructor_core
[1.971s] -- Installing: /home/raven/qwerty_ws/install/moveit_task_constructor_core/share/ament_index/resource_index/parent_prefix_path/moveit_task_constructor_core
[1.971s] -- Up-to-date: /home/raven/qwerty_ws/install/moveit_task_constructor_core/share/moveit_task_constructor_core/environment/ament_prefix_path.sh
[1.971s] -- Installing: /home/raven/qwerty_ws/install/moveit_task_constructor_core/share/moveit_task_constructor_core/environment/ament_prefix_path.dsv
[1.971s] -- Up-to-date: /home/raven/qwerty_ws/install/moveit_task_constructor_core/share/moveit_task_constructor_core/environment/path.sh
[1.972s] -- Installing: /home/raven/qwerty_ws/install/moveit_task_constructor_core/share/moveit_task_constructor_core/environment/path.dsv
[1.972s] -- Up-to-date: /home/raven/qwerty_ws/install/moveit_task_constructor_core/share/moveit_task_constructor_core/local_setup.bash
[1.972s] -- Up-to-date: /home/raven/qwerty_ws/install/moveit_task_constructor_core/share/moveit_task_constructor_core/local_setup.sh
[1.972s] -- Up-to-date: /home/raven/qwerty_ws/install/moveit_task_constructor_core/share/moveit_task_constructor_core/local_setup.zsh
[1.972s] -- Installing: /home/raven/qwerty_ws/install/moveit_task_constructor_core/share/moveit_task_constructor_core/local_setup.dsv
[1.972s] -- Installing: /home/raven/qwerty_ws/install/moveit_task_constructor_core/share/moveit_task_constructor_core/package.dsv
[1.972s] -- Up-to-date: /home/raven/qwerty_ws/install/moveit_task_constructor_core/share/ament_index/resource_index/packages/moveit_task_constructor_core
[1.972s] -- Up-to-date: /home/raven/qwerty_ws/install/moveit_task_constructor_core/share/ament_index/resource_index/moveit_task_constructor_core__pluginlib__plugin/moveit_task_constructor_core
[1.972s] -- Up-to-date: /home/raven/qwerty_ws/install/moveit_task_constructor_core/share/moveit_task_constructor_core/cmake/moveit_task_constructor_coreTargetsExport.cmake
[1.972s] -- Up-to-date: /home/raven/qwerty_ws/install/moveit_task_constructor_core/share/moveit_task_constructor_core/cmake/moveit_task_constructor_coreTargetsExport-release.cmake
[1.972s] -- Up-to-date: /home/raven/qwerty_ws/install/moveit_task_constructor_core/share/moveit_task_constructor_core/cmake/ament_cmake_export_targets-extras.cmake
[1.972s] -- Up-to-date: /home/raven/qwerty_ws/install/moveit_task_constructor_core/share/moveit_task_constructor_core/cmake/ament_cmake_export_dependencies-extras.cmake
[1.972s] -- Up-to-date: /home/raven/qwerty_ws/install/moveit_task_constructor_core/share/moveit_task_constructor_core/cmake/moveit_task_constructor_coreConfig.cmake
[1.972s] -- Up-to-date: /home/raven/qwerty_ws/install/moveit_task_constructor_core/share/moveit_task_constructor_core/cmake/moveit_task_constructor_coreConfig-version.cmake
[1.972s] -- Up-to-date: /home/raven/qwerty_ws/install/moveit_task_constructor_core/share/moveit_task_constructor_core/package.xml
[1.972s] -- Up-to-date: /home/raven/qwerty_ws/install/moveit_task_constructor_core/lib/libmoveit_task_constructor_core.so
[1.972s] -- Up-to-date: /home/raven/qwerty_ws/install/moveit_task_constructor_core/lib/libmoveit_task_constructor_core_stages.so
[1.972s] -- Up-to-date: /home/raven/qwerty_ws/install/moveit_task_constructor_core/lib/libmoveit_task_constructor_core_stage_plugins.so
[1.973s] -- Up-to-date: /home/raven/qwerty_ws/install/moveit_task_constructor_core/include/moveit/python/pybind11
[1.973s] -- Up-to-date: /home/raven/qwerty_ws/install/moveit_task_constructor_core/include/moveit/python/pybind11/type_caster_pyobject_ptr.h
[1.973s] -- Up-to-date: /home/raven/qwerty_ws/install/moveit_task_constructor_core/include/moveit/python/pybind11/detail
[1.973s] -- Up-to-date: /home/raven/qwerty_ws/install/moveit_task_constructor_core/include/moveit/python/pybind11/detail/init.h
[1.973s] -- Up-to-date: /home/raven/qwerty_ws/install/moveit_task_constructor_core/include/moveit/python/pybind11/detail/dynamic_raw_ptr_cast_if_possible.h
[1.973s] -- Up-to-date: /home/raven/qwerty_ws/install/moveit_task_constructor_core/include/moveit/python/pybind11/detail/internals.h
[1.973s] -- Up-to-date: /home/raven/qwerty_ws/install/moveit_task_constructor_core/include/moveit/python/pybind11/detail/class.h
[1.973s] -- Up-to-date: /home/raven/qwerty_ws/install/moveit_task_constructor_core/include/moveit/python/pybind11/detail/typeid.h
[1.973s] -- Up-to-date: /home/raven/qwerty_ws/install/moveit_task_constructor_core/include/moveit/python/pybind11/detail/type_caster_odr_guard.h
[1.973s] -- Up-to-date: /home/raven/qwerty_ws/install/moveit_task_constructor_core/include/moveit/python/pybind11/detail/type_caster_base.h
[1.973s] -- Up-to-date: /home/raven/qwerty_ws/install/moveit_task_constructor_core/include/moveit/python/pybind11/detail/common.h
[1.973s] -- Up-to-date: /home/raven/qwerty_ws/install/moveit_task_constructor_core/include/moveit/python/pybind11/detail/smart_holder_type_casters.h
[1.973s] -- Up-to-date: /home/raven/qwerty_ws/install/moveit_task_constructor_core/include/moveit/python/pybind11/detail/smart_holder_poc.h
[1.973s] -- Up-to-date: /home/raven/qwerty_ws/install/moveit_task_constructor_core/include/moveit/python/pybind11/detail/smart_holder_sfinae_hooks_only.h
[1.973s] -- Up-to-date: /home/raven/qwerty_ws/install/moveit_task_constructor_core/include/moveit/python/pybind11/detail/descr.h
[1.973s] -- Up-to-date: /home/raven/qwerty_ws/install/moveit_task_constructor_core/include/moveit/python/pybind11/embed.h
[1.973s] -- Up-to-date: /home/raven/qwerty_ws/install/moveit_task_constructor_core/include/moveit/python/pybind11/attr.h
[1.973s] -- Up-to-date: /home/raven/qwerty_ws/install/moveit_task_constructor_core/include/moveit/python/pybind11/eigen.h
[1.973s] -- Up-to-date: /home/raven/qwerty_ws/install/moveit_task_constructor_core/include/moveit/python/pybind11/options.h
[1.973s] -- Up-to-date: /home/raven/qwerty_ws/install/moveit_task_constructor_core/include/moveit/python/pybind11/pytypes.h
[1.973s] -- Up-to-date: /home/raven/qwerty_ws/install/moveit_task_constructor_core/include/moveit/python/pybind11/eigen
[1.974s] -- Up-to-date: /home/raven/qwerty_ws/install/moveit_task_constructor_core/include/moveit/python/pybind11/eigen/matrix.h
[1.974s] -- Up-to-date: /home/raven/qwerty_ws/install/moveit_task_constructor_core/include/moveit/python/pybind11/eigen/tensor.h
[1.974s] -- Up-to-date: /home/raven/qwerty_ws/install/moveit_task_constructor_core/include/moveit/python/pybind11/eigen/common.h
[1.974s] -- Up-to-date: /home/raven/qwerty_ws/install/moveit_task_constructor_core/include/moveit/python/pybind11/stl
[1.974s] -- Up-to-date: /home/raven/qwerty_ws/install/moveit_task_constructor_core/include/moveit/python/pybind11/stl/filesystem.h
[1.974s] -- Up-to-date: /home/raven/qwerty_ws/install/moveit_task_constructor_core/include/moveit/python/pybind11/gil.h
[1.974s] -- Up-to-date: /home/raven/qwerty_ws/install/moveit_task_constructor_core/include/moveit/python/pybind11/eval.h
[1.974s] -- Up-to-date: /home/raven/qwerty_ws/install/moveit_task_constructor_core/include/moveit/python/pybind11/buffer_info.h
[1.974s] -- Up-to-date: /home/raven/qwerty_ws/install/moveit_task_constructor_core/include/moveit/python/pybind11/cast.h
[1.974s] -- Up-to-date: /home/raven/qwerty_ws/install/moveit_task_constructor_core/include/moveit/python/pybind11/trampoline_self_life_support.h
[1.974s] -- Up-to-date: /home/raven/qwerty_ws/install/moveit_task_constructor_core/include/moveit/python/pybind11/numpy.h
[1.974s] -- Up-to-date: /home/raven/qwerty_ws/install/moveit_task_constructor_core/include/moveit/python/pybind11/stl.h
[1.974s] -- Up-to-date: /home/raven/qwerty_ws/install/moveit_task_constructor_core/include/moveit/python/pybind11/stl_bind.h
[1.974s] -- Up-to-date: /home/raven/qwerty_ws/install/moveit_task_constructor_core/include/moveit/python/pybind11/complex.h
[1.975s] -- Up-to-date: /home/raven/qwerty_ws/install/moveit_task_constructor_core/include/moveit/python/pybind11/functional.h
[1.975s] -- Up-to-date: /home/raven/qwerty_ws/install/moveit_task_constructor_core/include/moveit/python/pybind11/iostream.h
[1.975s] -- Up-to-date: /home/raven/qwerty_ws/install/moveit_task_constructor_core/include/moveit/python/pybind11/smart_holder.h
[1.975s] -- Up-to-date: /home/raven/qwerty_ws/install/moveit_task_constructor_core/include/moveit/python/pybind11/operators.h
[1.976s] -- Up-to-date: /home/raven/qwerty_ws/install/moveit_task_constructor_core/include/moveit/python/pybind11/gil_safe_call_once.h
[1.976s] -- Up-to-date: /home/raven/qwerty_ws/install/moveit_task_constructor_core/include/moveit/python/pybind11/typing.h
[1.976s] -- Up-to-date: /home/raven/qwerty_ws/install/moveit_task_constructor_core/include/moveit/python/pybind11/chrono.h
[1.976s] -- Up-to-date: /home/raven/qwerty_ws/install/moveit_task_constructor_core/include/moveit/python/pybind11/common.h
[1.976s] -- Up-to-date: /home/raven/qwerty_ws/install/moveit_task_constructor_core/include/moveit/python/pybind11/pybind11.h
[1.976s] -- Up-to-date: /home/raven/qwerty_ws/install/moveit_task_constructor_core/share/moveit_task_constructor_core/cmake/pybind11Config.cmake
[1.976s] -- Up-to-date: /home/raven/qwerty_ws/install/moveit_task_constructor_core/share/moveit_task_constructor_core/cmake/pybind11ConfigVersion.cmake
[1.976s] -- Up-to-date: /home/raven/qwerty_ws/install/moveit_task_constructor_core/share/moveit_task_constructor_core/cmake/FindPythonLibsNew.cmake
[1.976s] -- Up-to-date: /home/raven/qwerty_ws/install/moveit_task_constructor_core/share/moveit_task_constructor_core/cmake/pybind11Common.cmake
[1.976s] -- Up-to-date: /home/raven/qwerty_ws/install/moveit_task_constructor_core/share/moveit_task_constructor_core/cmake/pybind11Tools.cmake
[1.976s] -- Up-to-date: /home/raven/qwerty_ws/install/moveit_task_constructor_core/share/moveit_task_constructor_core/cmake/pybind11NewTools.cmake
[1.976s] -- Up-to-date: /home/raven/qwerty_ws/install/moveit_task_constructor_core/share/moveit_task_constructor_core/cmake/pybind11Targets.cmake
[1.976s] -- Up-to-date: /home/raven/qwerty_ws/install/moveit_task_constructor_core/share/pkgconfig/pybind11.pc
[1.976s] -- Up-to-date: /home/raven/qwerty_ws/install/moveit_task_constructor_core/local/lib/python3.10/dist-packages/pymoveit_mtc.cpython-310-x86_64-linux-gnu.so
[1.977s] Invoked command in '/home/raven/qwerty_ws/build/moveit_task_constructor_core' returned '0': CMAKE_PREFIX_PATH=/home/raven/qwerty_ws/install/rviz_marker_tools:/opt/ros/humble:/home/raven/qwerty_ws/install/moveit_task_constructor_msgs:/home/raven/qwerty_ws/install/mtc_tutorial:/home/raven/qwerty_ws/install/moveit_task_constructor_visualization:/home/raven/qwerty_ws/install/moveit_task_constructor_demo:/home/raven/qwerty_ws/install/moveit_task_constructor_capabilities:/home/raven/qwerty_ws/install/moveit_task_constructor_core:/home/raven/qwerty_ws/install/kuka_arm_moveit:/home/raven/qwerty_ws/install/kuka_arm_pkg:/home/raven/robot_ws/install/kuka_moveit:/home/raven/robot_ws/install/kuka_arm_moveit:/home/raven/robot_ws/install/kuka_arm_pkg LD_LIBRARY_PATH=/home/raven/qwerty_ws/install/rviz_marker_tools/lib:/home/raven/qwerty_ws/install/moveit_task_constructor_msgs/lib:/home/raven/qwerty_ws/install/moveit_task_constructor_visualization/lib:/home/raven/qwerty_ws/install/moveit_task_constructor_demo/lib:/home/raven/qwerty_ws/install/moveit_task_constructor_capabilities/lib:/home/raven/qwerty_ws/install/moveit_task_constructor_core/lib:/usr/lib/x86_64-linux-gnu/gazebo-11/plugins:/opt/ros/humble/opt/rviz_ogre_vendor/lib:/opt/ros/humble/lib/x86_64-linux-gnu:/opt/ros/humble/lib:/usr/lib/x86_64-linux-gnu/gazebo-11/plugins /usr/bin/cmake --install /home/raven/qwerty_ws/build/moveit_task_constructor_core
