[0.012s] Invoking command in '/home/raven/qwerty_ws/build/rviz_marker_tools': CMAKE_PREFIX_PATH=/home/raven/qwerty_ws/install/mtc_tutorial:/home/raven/qwerty_ws/install/moveit_task_constructor_visualization:/home/raven/qwerty_ws/install/moveit_task_constructor_demo:/home/raven/qwerty_ws/install/moveit_task_constructor_capabilities:/home/raven/qwerty_ws/install/moveit_task_constructor_core:/home/raven/qwerty_ws/install/rviz_marker_tools:/opt/ros/humble:/home/raven/qwerty_ws/install/moveit_task_constructor_msgs:/home/raven/qwerty_ws/install/kuka_arm_moveit:/home/raven/qwerty_ws/install/kuka_arm_pkg:/home/raven/robot_ws/install/kuka_moveit:/home/raven/robot_ws/install/kuka_arm_moveit:/home/raven/robot_ws/install/kuka_arm_pkg /usr/bin/cmake /home/raven/qwerty_ws/src/moveit_task_constructor/rviz_marker_tools -DCMAKE_INSTALL_PREFIX=/home/raven/qwerty_ws/install/rviz_marker_tools
[0.022s] -- Found ament_cmake: 1.3.10 (/opt/ros/humble/share/ament_cmake/cmake)
[0.133s] -- Found moveit_common: 2.5.5 (/opt/ros/humble/share/moveit_common/cmake)
[0.185s] -- Found eigen3_cmake_module: 0.1.1 (/opt/ros/humble/share/eigen3_cmake_module/cmake)
[0.187s] -- Found geometry_msgs: 4.2.4 (/opt/ros/humble/share/geometry_msgs/cmake)
[0.220s] -- Found rosidl_generator_c: 3.1.5 (/opt/ros/humble/share/rosidl_generator_c/cmake)
[0.224s] -- Found rosidl_adapter: 3.1.5 (/opt/ros/humble/share/rosidl_adapter/cmake)
[0.232s] -- Found rosidl_generator_cpp: 3.1.5 (/opt/ros/humble/share/rosidl_generator_cpp/cmake)
[0.245s] -- Using all available rosidl_typesupport_c: rosidl_typesupport_fastrtps_c;rosidl_typesupport_introspection_c
[0.263s] -- Using all available rosidl_typesupport_cpp: rosidl_typesupport_fastrtps_cpp;rosidl_typesupport_introspection_cpp
[0.299s] -- Found rclcpp: 16.0.10 (/opt/ros/humble/share/rclcpp/cmake)
[0.321s] -- Found rmw_implementation_cmake: 6.1.2 (/opt/ros/humble/share/rmw_implementation_cmake/cmake)
[0.323s] -- Found rmw_fastrtps_cpp: 6.2.7 (/opt/ros/humble/share/rmw_fastrtps_cpp/cmake)
[0.410s] -- Using RMW implementation 'rmw_fastrtps_cpp' as default
[0.445s] -- Found tf2_eigen: 0.25.8 (/opt/ros/humble/share/tf2_eigen/cmake)
[0.519s] -- Found visualization_msgs: 4.2.4 (/opt/ros/humble/share/visualization_msgs/cmake)
[0.559s] -- Configuring done
[0.568s] -- Generating done
[0.570s] -- Build files have been written to: /home/raven/qwerty_ws/build/rviz_marker_tools
[0.576s] Invoked command in '/home/raven/qwerty_ws/build/rviz_marker_tools' returned '0': CMAKE_PREFIX_PATH=/home/raven/qwerty_ws/install/mtc_tutorial:/home/raven/qwerty_ws/install/moveit_task_constructor_visualization:/home/raven/qwerty_ws/install/moveit_task_constructor_demo:/home/raven/qwerty_ws/install/moveit_task_constructor_capabilities:/home/raven/qwerty_ws/install/moveit_task_constructor_core:/home/raven/qwerty_ws/install/rviz_marker_tools:/opt/ros/humble:/home/raven/qwerty_ws/install/moveit_task_constructor_msgs:/home/raven/qwerty_ws/install/kuka_arm_moveit:/home/raven/qwerty_ws/install/kuka_arm_pkg:/home/raven/robot_ws/install/kuka_moveit:/home/raven/robot_ws/install/kuka_arm_moveit:/home/raven/robot_ws/install/kuka_arm_pkg /usr/bin/cmake /home/raven/qwerty_ws/src/moveit_task_constructor/rviz_marker_tools -DCMAKE_INSTALL_PREFIX=/home/raven/qwerty_ws/install/rviz_marker_tools
[0.578s] Invoking command in '/home/raven/qwerty_ws/build/rviz_marker_tools': CMAKE_PREFIX_PATH=/home/raven/qwerty_ws/install/mtc_tutorial:/home/raven/qwerty_ws/install/moveit_task_constructor_visualization:/home/raven/qwerty_ws/install/moveit_task_constructor_demo:/home/raven/qwerty_ws/install/moveit_task_constructor_capabilities:/home/raven/qwerty_ws/install/moveit_task_constructor_core:/home/raven/qwerty_ws/install/rviz_marker_tools:/opt/ros/humble:/home/raven/qwerty_ws/install/moveit_task_constructor_msgs:/home/raven/qwerty_ws/install/kuka_arm_moveit:/home/raven/qwerty_ws/install/kuka_arm_pkg:/home/raven/robot_ws/install/kuka_moveit:/home/raven/robot_ws/install/kuka_arm_moveit:/home/raven/robot_ws/install/kuka_arm_pkg /usr/bin/cmake --build /home/raven/qwerty_ws/build/rviz_marker_tools -- -j8 -l8
[0.611s] [35m[1mConsolidate compiler generated dependencies of target rviz_marker_tools[0m
[0.626s] [100%] Built target rviz_marker_tools
[0.635s] Invoked command in '/home/raven/qwerty_ws/build/rviz_marker_tools' returned '0': CMAKE_PREFIX_PATH=/home/raven/qwerty_ws/install/mtc_tutorial:/home/raven/qwerty_ws/install/moveit_task_constructor_visualization:/home/raven/qwerty_ws/install/moveit_task_constructor_demo:/home/raven/qwerty_ws/install/moveit_task_constructor_capabilities:/home/raven/qwerty_ws/install/moveit_task_constructor_core:/home/raven/qwerty_ws/install/rviz_marker_tools:/opt/ros/humble:/home/raven/qwerty_ws/install/moveit_task_constructor_msgs:/home/raven/qwerty_ws/install/kuka_arm_moveit:/home/raven/qwerty_ws/install/kuka_arm_pkg:/home/raven/robot_ws/install/kuka_moveit:/home/raven/robot_ws/install/kuka_arm_moveit:/home/raven/robot_ws/install/kuka_arm_pkg /usr/bin/cmake --build /home/raven/qwerty_ws/build/rviz_marker_tools -- -j8 -l8
[0.662s] Invoking command in '/home/raven/qwerty_ws/build/rviz_marker_tools': CMAKE_PREFIX_PATH=/home/raven/qwerty_ws/install/mtc_tutorial:/home/raven/qwerty_ws/install/moveit_task_constructor_visualization:/home/raven/qwerty_ws/install/moveit_task_constructor_demo:/home/raven/qwerty_ws/install/moveit_task_constructor_capabilities:/home/raven/qwerty_ws/install/moveit_task_constructor_core:/home/raven/qwerty_ws/install/rviz_marker_tools:/opt/ros/humble:/home/raven/qwerty_ws/install/moveit_task_constructor_msgs:/home/raven/qwerty_ws/install/kuka_arm_moveit:/home/raven/qwerty_ws/install/kuka_arm_pkg:/home/raven/robot_ws/install/kuka_moveit:/home/raven/robot_ws/install/kuka_arm_moveit:/home/raven/robot_ws/install/kuka_arm_pkg /usr/bin/cmake --install /home/raven/qwerty_ws/build/rviz_marker_tools
[0.668s] -- Install configuration: "Release"
[0.668s] -- Up-to-date: /home/raven/qwerty_ws/install/rviz_marker_tools/include
[0.668s] -- Up-to-date: /home/raven/qwerty_ws/install/rviz_marker_tools/include/rviz_marker_tools
[0.668s] -- Up-to-date: /home/raven/qwerty_ws/install/rviz_marker_tools/include/rviz_marker_tools/marker_creation.h
[0.668s] -- Up-to-date: /home/raven/qwerty_ws/install/rviz_marker_tools/lib/librviz_marker_tools.so
[0.669s] -- Up-to-date: /home/raven/qwerty_ws/install/rviz_marker_tools/share/rviz_marker_tools/environment/library_path.sh
[0.669s] -- Installing: /home/raven/qwerty_ws/install/rviz_marker_tools/share/rviz_marker_tools/environment/library_path.dsv
[0.669s] -- Up-to-date: /home/raven/qwerty_ws/install/rviz_marker_tools/share/ament_index/resource_index/package_run_dependencies/rviz_marker_tools
[0.669s] -- Installing: /home/raven/qwerty_ws/install/rviz_marker_tools/share/ament_index/resource_index/parent_prefix_path/rviz_marker_tools
[0.669s] -- Up-to-date: /home/raven/qwerty_ws/install/rviz_marker_tools/share/rviz_marker_tools/environment/ament_prefix_path.sh
[0.669s] -- Installing: /home/raven/qwerty_ws/install/rviz_marker_tools/share/rviz_marker_tools/environment/ament_prefix_path.dsv
[0.669s] -- Up-to-date: /home/raven/qwerty_ws/install/rviz_marker_tools/share/rviz_marker_tools/environment/path.sh
[0.669s] -- Installing: /home/raven/qwerty_ws/install/rviz_marker_tools/share/rviz_marker_tools/environment/path.dsv
[0.669s] -- Up-to-date: /home/raven/qwerty_ws/install/rviz_marker_tools/share/rviz_marker_tools/local_setup.bash
[0.670s] -- Up-to-date: /home/raven/qwerty_ws/install/rviz_marker_tools/share/rviz_marker_tools/local_setup.sh
[0.670s] -- Up-to-date: /home/raven/qwerty_ws/install/rviz_marker_tools/share/rviz_marker_tools/local_setup.zsh
[0.670s] -- Installing: /home/raven/qwerty_ws/install/rviz_marker_tools/share/rviz_marker_tools/local_setup.dsv
[0.670s] -- Installing: /home/raven/qwerty_ws/install/rviz_marker_tools/share/rviz_marker_tools/package.dsv
[0.670s] -- Up-to-date: /home/raven/qwerty_ws/install/rviz_marker_tools/share/ament_index/resource_index/packages/rviz_marker_tools
[0.670s] -- Up-to-date: /home/raven/qwerty_ws/install/rviz_marker_tools/share/rviz_marker_tools/cmake/rviz_marker_toolsTargetsExport.cmake
[0.670s] -- Up-to-date: /home/raven/qwerty_ws/install/rviz_marker_tools/share/rviz_marker_tools/cmake/rviz_marker_toolsTargetsExport-release.cmake
[0.670s] -- Up-to-date: /home/raven/qwerty_ws/install/rviz_marker_tools/share/rviz_marker_tools/cmake/ament_cmake_export_targets-extras.cmake
[0.670s] -- Up-to-date: /home/raven/qwerty_ws/install/rviz_marker_tools/share/rviz_marker_tools/cmake/ament_cmake_export_dependencies-extras.cmake
[0.671s] -- Up-to-date: /home/raven/qwerty_ws/install/rviz_marker_tools/share/rviz_marker_tools/cmake/rviz_marker_toolsConfig.cmake
[0.671s] -- Up-to-date: /home/raven/qwerty_ws/install/rviz_marker_tools/share/rviz_marker_tools/cmake/rviz_marker_toolsConfig-version.cmake
[0.671s] -- Up-to-date: /home/raven/qwerty_ws/install/rviz_marker_tools/share/rviz_marker_tools/package.xml
[0.671s] Invoked command in '/home/raven/qwerty_ws/build/rviz_marker_tools' returned '0': CMAKE_PREFIX_PATH=/home/raven/qwerty_ws/install/mtc_tutorial:/home/raven/qwerty_ws/install/moveit_task_constructor_visualization:/home/raven/qwerty_ws/install/moveit_task_constructor_demo:/home/raven/qwerty_ws/install/moveit_task_constructor_capabilities:/home/raven/qwerty_ws/install/moveit_task_constructor_core:/home/raven/qwerty_ws/install/rviz_marker_tools:/opt/ros/humble:/home/raven/qwerty_ws/install/moveit_task_constructor_msgs:/home/raven/qwerty_ws/install/kuka_arm_moveit:/home/raven/qwerty_ws/install/kuka_arm_pkg:/home/raven/robot_ws/install/kuka_moveit:/home/raven/robot_ws/install/kuka_arm_moveit:/home/raven/robot_ws/install/kuka_arm_pkg /usr/bin/cmake --install /home/raven/qwerty_ws/build/rviz_marker_tools
