[0.011s] Invoking command in '/home/raven/qwerty_ws/build/kuka_arm_pkg': CMAKE_PREFIX_PATH=${CMAKE_PREFIX_PATH}:/opt/ros/humble /usr/bin/cmake /home/raven/qwerty_ws/src/kuka_arm_pkg -DCMAKE_BUILD_TYPE=Release -DCMAKE_INSTALL_PREFIX=/home/raven/qwerty_ws/install/kuka_arm_pkg
[0.024s] -- Found ament_cmake: 1.3.10 (/opt/ros/humble/share/ament_cmake/cmake)
[0.136s] -- Found rclcpp: 16.0.10 (/opt/ros/humble/share/rclcpp/cmake)
[0.167s] -- Found rosidl_generator_c: 3.1.5 (/opt/ros/humble/share/rosidl_generator_c/cmake)
[0.171s] -- Found rosidl_adapter: 3.1.5 (/opt/ros/humble/share/rosidl_adapter/cmake)
[0.176s] -- Found rosidl_generator_cpp: 3.1.5 (/opt/ros/humble/share/rosidl_generator_cpp/cmake)
[0.185s] -- Using all available rosidl_typesupport_c: rosidl_typesupport_fastrtps_c;rosidl_typesupport_introspection_c
[0.196s] -- Using all available rosidl_typesupport_cpp: rosidl_typesupport_fastrtps_cpp;rosidl_typesupport_introspection_cpp
[0.226s] -- Found rmw_implementation_cmake: 6.1.2 (/opt/ros/humble/share/rmw_implementation_cmake/cmake)
[0.227s] -- Found rmw_fastrtps_cpp: 6.2.7 (/opt/ros/humble/share/rmw_fastrtps_cpp/cmake)
[0.321s] -- Using RMW implementation 'rmw_fastrtps_cpp' as default
[0.366s] -- Found trajectory_msgs: 4.2.4 (/opt/ros/humble/share/trajectory_msgs/cmake)
[0.391s] -- Found moveit_visual_tools: 4.1.0 (/opt/ros/humble/share/moveit_visual_tools/cmake)
[0.424s] -- Found Boost: /usr/lib/x86_64-linux-gnu/cmake/Boost-1.74.0/BoostConfig.cmake (found version "1.74.0") found components: chrono date_time filesystem iostreams program_options regex serialization system thread 
[0.431s] -- Found parameter_traits: 0.3.8 (/opt/ros/humble/share/parameter_traits/cmake)
[0.438s] -- Found rclcpp_lifecycle: 16.0.10 (/opt/ros/humble/share/rclcpp_lifecycle/cmake)
[0.459s] -- Found Boost: /usr/lib/x86_64-linux-gnu/cmake/Boost-1.74.0/BoostConfig.cmake (found version "1.74.0") found components: filesystem 
[0.484s] -- library: /usr/lib/x86_64-linux-gnu/libcurl.so
[0.537s] -- Ensuring Eigen3 include directory is part of orocos-kdl CMake target
[0.719s] -- Found Boost: /usr/lib/x86_64-linux-gnu/cmake/Boost-1.74.0/BoostConfig.cmake (found version "1.74.0") found components: system filesystem date_time program_options thread chrono 
[0.762s] -- Setting assimp_DIR to: '/opt/ros/humble/share/rviz_assimp_vendor/cmake/../../../opt/rviz_assimp_vendor/lib/cmake/assimp-4.1'
[0.765s] -- Setting OGRE_DIR to: '/opt/ros/humble/share/rviz_ogre_vendor/cmake/../../../opt/rviz_ogre_vendor/lib/OGRE/cmake'
[0.766s] -- Found OGRE
[0.766s] --   static     : OFF
[0.766s] --   components : HLMS;MeshLodGenerator;Overlay;Paging;Property;RTShaderSystem;Terrain;Volume
[0.766s] --   plugins    : Plugin_BSPSceneManager;Plugin_OctreeSceneManager;Plugin_PCZSceneManager;Plugin_ParticleFX;RenderSystem_GL;RenderSystem_GL3Plus;Codec_STBI
[0.766s] --   media      : /opt/ros/humble/opt/rviz_ogre_vendor/share/OGRE/Media
[0.766s] -- OGRE_LIBRARIES: OgreHLMS;OgreMeshLodGenerator;OgreOverlay;OgrePaging;OgreProperty;OgreRTShaderSystem;OgreTerrain;OgreVolume;OgreMain
[0.767s] -- OGRE_LIBRARY_DIRS: /opt/ros/humble/opt/rviz_ogre_vendor/lib
[0.767s] -- OGRE_PLUGINS: Plugin_BSPSceneManager;Plugin_OctreeSceneManager;Plugin_PCZSceneManager;Plugin_ParticleFX;RenderSystem_GL;RenderSystem_GL3Plus;Codec_STBI
[0.767s] -- OGRE_PLUGIN_DIR: /opt/ros/humble/opt/rviz_ogre_vendor/lib/OGRE
[0.767s] -- rviz_ogre_vendor::OgreOverlay for IMPORTED_LOCATION_RELEASE: /opt/ros/humble/opt/rviz_ogre_vendor/lib/libOgreOverlay.so
[0.767s] -- rviz_ogre_vendor::OgreOverlay for IMPORTED_LOCATION_DEBUG: /opt/ros/humble/opt/rviz_ogre_vendor/lib/libOgreOverlay.so
[0.767s] -- rviz_ogre_vendor::OgreMain for IMPORTED_LOCATION_RELEASE: /opt/ros/humble/opt/rviz_ogre_vendor/lib/libOgreMain.so
[0.767s] -- rviz_ogre_vendor::OgreMain for IMPORTED_LOCATION_DEBUG: /opt/ros/humble/opt/rviz_ogre_vendor/lib/libOgreMain.so
[0.875s] -- Found moveit_ros_planning_interface: 2.5.5 (/opt/ros/humble/share/moveit_ros_planning_interface/cmake)
[0.879s] -- Found Boost: /usr/lib/x86_64-linux-gnu/cmake/Boost-1.74.0/BoostConfig.cmake (found version "1.74.0") found components: date_time filesystem program_options system thread 
[0.891s] -- Found Boost: /usr/lib/x86_64-linux-gnu/cmake/Boost-1.74.0/BoostConfig.cmake (found version "1.74.0") found components: thread system filesystem regex date_time program_options 
[0.910s] -- Found Boost: /usr/lib/x86_64-linux-gnu/cmake/Boost-1.74.0/BoostConfig.cmake (found version "1.74.0") found components: system filesystem date_time program_options thread 
[0.935s] -- Found gazebo_msgs: 3.7.0 (/opt/ros/humble/share/gazebo_msgs/cmake)
[1.012s] -- Configuring done
[1.067s] -- Generating done
[1.069s] -- Build files have been written to: /home/raven/qwerty_ws/build/kuka_arm_pkg
[1.081s] Invoked command in '/home/raven/qwerty_ws/build/kuka_arm_pkg' returned '0': CMAKE_PREFIX_PATH=${CMAKE_PREFIX_PATH}:/opt/ros/humble /usr/bin/cmake /home/raven/qwerty_ws/src/kuka_arm_pkg -DCMAKE_BUILD_TYPE=Release -DCMAKE_INSTALL_PREFIX=/home/raven/qwerty_ws/install/kuka_arm_pkg
[1.083s] Invoking command in '/home/raven/qwerty_ws/build/kuka_arm_pkg': CMAKE_PREFIX_PATH=${CMAKE_PREFIX_PATH}:/opt/ros/humble /usr/bin/cmake --build /home/raven/qwerty_ws/build/kuka_arm_pkg -- -j8 -l8
[1.120s] [35m[1mConsolidate compiler generated dependencies of target jtc_node[0m
[1.120s] [35m[1mConsolidate compiler generated dependencies of target kuka_collision_avoidance_demo[0m
[1.123s] [35m[1mConsolidate compiler generated dependencies of target moveit_drive[0m
[1.124s] [35m[1mConsolidate compiler generated dependencies of target kuka_pick_and_place[0m
[1.134s] [ 12%] [32mBuilding CXX object CMakeFiles/jtc_node.dir/src/joint_trajectory_controller.cpp.o[0m
[1.147s] [ 25%] [32mBuilding CXX object CMakeFiles/moveit_drive.dir/src/motion_drive_moveit.cpp.o[0m
[1.149s] [ 50%] [32mBuilding CXX object CMakeFiles/kuka_collision_avoidance_demo.dir/src/kuka_collision_avoidance_demo.cpp.o[0m
[1.149s] [ 50%] [32mBuilding CXX object CMakeFiles/kuka_pick_and_place.dir/src/kuka_pick_and_place.cpp.o[0m
[11.093s] [ 62%] [32m[1mLinking CXX executable jtc_node[0m
[11.351s] [ 62%] Built target jtc_node
[14.979s] [ 75%] [32m[1mLinking CXX executable kuka_pick_and_place[0m
[15.630s] [ 75%] Built target kuka_pick_and_place
[16.740s] [ 87%] [32m[1mLinking CXX executable moveit_drive[0m
[17.050s] [ 87%] Built target moveit_drive
[20.414s] [100%] [32m[1mLinking CXX executable kuka_collision_avoidance_demo[0m
[20.921s] [100%] Built target kuka_collision_avoidance_demo
[20.933s] Invoked command in '/home/raven/qwerty_ws/build/kuka_arm_pkg' returned '0': CMAKE_PREFIX_PATH=${CMAKE_PREFIX_PATH}:/opt/ros/humble /usr/bin/cmake --build /home/raven/qwerty_ws/build/kuka_arm_pkg -- -j8 -l8
[20.957s] Invoking command in '/home/raven/qwerty_ws/build/kuka_arm_pkg': CMAKE_PREFIX_PATH=${CMAKE_PREFIX_PATH}:/opt/ros/humble /usr/bin/cmake --install /home/raven/qwerty_ws/build/kuka_arm_pkg
[20.962s] -- Install configuration: "Release"
[20.962s] -- Installing: /home/raven/qwerty_ws/install/kuka_arm_pkg/lib/kuka_arm_pkg/jtc_node
[20.962s] -- Set runtime path of "/home/raven/qwerty_ws/install/kuka_arm_pkg/lib/kuka_arm_pkg/jtc_node" to ""
[20.962s] -- Installing: /home/raven/qwerty_ws/install/kuka_arm_pkg/lib/kuka_arm_pkg/moveit_drive
[20.963s] -- Set runtime path of "/home/raven/qwerty_ws/install/kuka_arm_pkg/lib/kuka_arm_pkg/moveit_drive" to ""
[20.963s] -- Installing: /home/raven/qwerty_ws/install/kuka_arm_pkg/lib/kuka_arm_pkg/kuka_collision_avoidance_demo
[20.963s] -- Set runtime path of "/home/raven/qwerty_ws/install/kuka_arm_pkg/lib/kuka_arm_pkg/kuka_collision_avoidance_demo" to ""
[20.963s] -- Installing: /home/raven/qwerty_ws/install/kuka_arm_pkg/lib/kuka_arm_pkg/kuka_pick_and_place
[20.964s] -- Set runtime path of "/home/raven/qwerty_ws/install/kuka_arm_pkg/lib/kuka_arm_pkg/kuka_pick_and_place" to ""
[20.964s] -- Up-to-date: /home/raven/qwerty_ws/install/kuka_arm_pkg/share/kuka_arm_pkg/src
[20.964s] -- Up-to-date: /home/raven/qwerty_ws/install/kuka_arm_pkg/share/kuka_arm_pkg/src/kuka_collision_avoidance_demo.cpp
[20.964s] -- Up-to-date: /home/raven/qwerty_ws/install/kuka_arm_pkg/share/kuka_arm_pkg/src/motion_drive_moveit.cpp
[20.964s] -- Up-to-date: /home/raven/qwerty_ws/install/kuka_arm_pkg/share/kuka_arm_pkg/src/original.cpp
[20.964s] -- Up-to-date: /home/raven/qwerty_ws/install/kuka_arm_pkg/share/kuka_arm_pkg/src/joint_trajectory_controller.cpp
[20.964s] -- Up-to-date: /home/raven/qwerty_ws/install/kuka_arm_pkg/share/kuka_arm_pkg/src/kuka_pick_and_place.cpp
[20.964s] -- Up-to-date: /home/raven/qwerty_ws/install/kuka_arm_pkg/share/kuka_arm_pkg/urdf
[20.964s] -- Up-to-date: /home/raven/qwerty_ws/install/kuka_arm_pkg/share/kuka_arm_pkg/urdf/kr210.urdf.xacro
[20.964s] -- Up-to-date: /home/raven/qwerty_ws/install/kuka_arm_pkg/share/kuka_arm_pkg/urdf/kr210_moveit.urdf.xacro
[20.964s] -- Up-to-date: /home/raven/qwerty_ws/install/kuka_arm_pkg/share/kuka_arm_pkg/urdf/kr210.ros2control.xacro
[20.964s] -- Up-to-date: /home/raven/qwerty_ws/install/kuka_arm_pkg/share/kuka_arm_pkg/urdf/target.urdf.xacro
[20.964s] -- Up-to-date: /home/raven/qwerty_ws/install/kuka_arm_pkg/share/kuka_arm_pkg/urdf/kr210.gazebo.xacro
[20.964s] -- Up-to-date: /home/raven/qwerty_ws/install/kuka_arm_pkg/share/kuka_arm_pkg/meshes
[20.964s] -- Up-to-date: /home/raven/qwerty_ws/install/kuka_arm_pkg/share/kuka_arm_pkg/meshes/gripper
[20.965s] -- Up-to-date: /home/raven/qwerty_ws/install/kuka_arm_pkg/share/kuka_arm_pkg/meshes/gripper/finger_right.dae
[20.965s] -- Up-to-date: /home/raven/qwerty_ws/install/kuka_arm_pkg/share/kuka_arm_pkg/meshes/gripper/finger_left.dae
[20.965s] -- Up-to-date: /home/raven/qwerty_ws/install/kuka_arm_pkg/share/kuka_arm_pkg/meshes/gripper/gripper_base.dae
[20.965s] -- Up-to-date: /home/raven/qwerty_ws/install/kuka_arm_pkg/share/kuka_arm_pkg/meshes/gripper/finger_right_collision.dae
[20.965s] -- Up-to-date: /home/raven/qwerty_ws/install/kuka_arm_pkg/share/kuka_arm_pkg/meshes/gripper/finger_left_collision.dae
[20.965s] -- Up-to-date: /home/raven/qwerty_ws/install/kuka_arm_pkg/share/kuka_arm_pkg/meshes/kr210l150
[20.965s] -- Up-to-date: /home/raven/qwerty_ws/install/kuka_arm_pkg/share/kuka_arm_pkg/meshes/kr210l150/README.md
[20.965s] -- Up-to-date: /home/raven/qwerty_ws/install/kuka_arm_pkg/share/kuka_arm_pkg/meshes/kr210l150/visual
[20.965s] -- Up-to-date: /home/raven/qwerty_ws/install/kuka_arm_pkg/share/kuka_arm_pkg/meshes/kr210l150/visual/link_1.dae
[20.965s] -- Up-to-date: /home/raven/qwerty_ws/install/kuka_arm_pkg/share/kuka_arm_pkg/meshes/kr210l150/visual/link_2.dae
[20.965s] -- Up-to-date: /home/raven/qwerty_ws/install/kuka_arm_pkg/share/kuka_arm_pkg/meshes/kr210l150/visual/link_6.dae
[20.965s] -- Up-to-date: /home/raven/qwerty_ws/install/kuka_arm_pkg/share/kuka_arm_pkg/meshes/kr210l150/visual/base_link.dae
[20.965s] -- Up-to-date: /home/raven/qwerty_ws/install/kuka_arm_pkg/share/kuka_arm_pkg/meshes/kr210l150/visual/link_5.dae
[20.965s] -- Up-to-date: /home/raven/qwerty_ws/install/kuka_arm_pkg/share/kuka_arm_pkg/meshes/kr210l150/visual/link_4.dae
[20.965s] -- Up-to-date: /home/raven/qwerty_ws/install/kuka_arm_pkg/share/kuka_arm_pkg/meshes/kr210l150/visual/link_3.dae
[20.965s] -- Up-to-date: /home/raven/qwerty_ws/install/kuka_arm_pkg/share/kuka_arm_pkg/meshes/kr210l150/collision
[20.965s] -- Up-to-date: /home/raven/qwerty_ws/install/kuka_arm_pkg/share/kuka_arm_pkg/meshes/kr210l150/collision/link_6.stl
[20.965s] -- Up-to-date: /home/raven/qwerty_ws/install/kuka_arm_pkg/share/kuka_arm_pkg/meshes/kr210l150/collision/link_1.stl
[20.966s] -- Up-to-date: /home/raven/qwerty_ws/install/kuka_arm_pkg/share/kuka_arm_pkg/meshes/kr210l150/collision/link_4.stl
[20.966s] -- Up-to-date: /home/raven/qwerty_ws/install/kuka_arm_pkg/share/kuka_arm_pkg/meshes/kr210l150/collision/link_5.stl
[20.966s] -- Up-to-date: /home/raven/qwerty_ws/install/kuka_arm_pkg/share/kuka_arm_pkg/meshes/kr210l150/collision/base_link.stl
[20.966s] -- Up-to-date: /home/raven/qwerty_ws/install/kuka_arm_pkg/share/kuka_arm_pkg/meshes/kr210l150/collision/link_3.stl
[20.966s] -- Up-to-date: /home/raven/qwerty_ws/install/kuka_arm_pkg/share/kuka_arm_pkg/meshes/kr210l150/collision/link_2.stl
[20.966s] -- Up-to-date: /home/raven/qwerty_ws/install/kuka_arm_pkg/share/kuka_arm_pkg/config
[20.966s] -- Up-to-date: /home/raven/qwerty_ws/install/kuka_arm_pkg/share/kuka_arm_pkg/config/kr210_controllers.yaml
[20.966s] -- Up-to-date: /home/raven/qwerty_ws/install/kuka_arm_pkg/share/kuka_arm_pkg/config/kuka_arm_controllers.yaml
[20.966s] -- Up-to-date: /home/raven/qwerty_ws/install/kuka_arm_pkg/share/kuka_arm_pkg/config/kuka_arm.rviz
[20.966s] -- Up-to-date: /home/raven/qwerty_ws/install/kuka_arm_pkg/share/kuka_arm_pkg/launch
[20.966s] -- Up-to-date: /home/raven/qwerty_ws/install/kuka_arm_pkg/share/kuka_arm_pkg/launch/2_gazebo_kuka_arm.launch.py
[20.966s] -- Up-to-date: /home/raven/qwerty_ws/install/kuka_arm_pkg/share/kuka_arm_pkg/launch/3_moveit_kuka_arm.launch.py
[20.966s] -- Up-to-date: /home/raven/qwerty_ws/install/kuka_arm_pkg/share/kuka_arm_pkg/launch/5_cafe_world.launch.py
[20.966s] -- Up-to-date: /home/raven/qwerty_ws/install/kuka_arm_pkg/share/kuka_arm_pkg/launch/1_rviz_kuka_arm.launch.py
[20.966s] -- Up-to-date: /home/raven/qwerty_ws/install/kuka_arm_pkg/share/kuka_arm_pkg/launch/7_cafe_custom.launch.py
[20.966s] -- Up-to-date: /home/raven/qwerty_ws/install/kuka_arm_pkg/share/kuka_arm_pkg/launch/4_moveit_node_controlling.launch.py
[20.966s] -- Up-to-date: /home/raven/qwerty_ws/install/kuka_arm_pkg/share/kuka_arm_pkg/launch/8_gazebo_with_collision_avoidance.launch.py
[20.967s] -- Up-to-date: /home/raven/qwerty_ws/install/kuka_arm_pkg/share/kuka_arm_pkg/launch/9_pick_and_place.launch.py
[20.967s] -- Up-to-date: /home/raven/qwerty_ws/install/kuka_arm_pkg/share/kuka_arm_pkg/launch/6_moveit_node_controlling.launch.py
[20.967s] -- Up-to-date: /home/raven/qwerty_ws/install/kuka_arm_pkg/share/kuka_arm_pkg/models
[20.967s] -- Up-to-date: /home/raven/qwerty_ws/install/kuka_arm_pkg/share/kuka_arm_pkg/models/kinematics_shelf
[20.967s] -- Up-to-date: /home/raven/qwerty_ws/install/kuka_arm_pkg/share/kuka_arm_pkg/models/kinematics_shelf/model.sdf
[20.967s] -- Up-to-date: /home/raven/qwerty_ws/install/kuka_arm_pkg/share/kuka_arm_pkg/models/kinematics_shelf/kinematics_shelf.dae
[20.967s] -- Up-to-date: /home/raven/qwerty_ws/install/kuka_arm_pkg/share/kuka_arm_pkg/models/kinematics_shelf/model.config
[20.967s] -- Up-to-date: /home/raven/qwerty_ws/install/kuka_arm_pkg/share/kuka_arm_pkg/models/kinematics_bin
[20.967s] -- Up-to-date: /home/raven/qwerty_ws/install/kuka_arm_pkg/share/kuka_arm_pkg/models/kinematics_bin/model.sdf
[20.967s] -- Up-to-date: /home/raven/qwerty_ws/install/kuka_arm_pkg/share/kuka_arm_pkg/models/kinematics_bin/kinematics_bin.dae
[20.967s] -- Up-to-date: /home/raven/qwerty_ws/install/kuka_arm_pkg/share/kuka_arm_pkg/models/kinematics_bin/model.config
[20.967s] -- Up-to-date: /home/raven/qwerty_ws/install/kuka_arm_pkg/share/kuka_arm_pkg/worlds
[20.967s] -- Up-to-date: /home/raven/qwerty_ws/install/kuka_arm_pkg/share/kuka_arm_pkg/worlds/cafe_custom.world
[20.967s] -- Up-to-date: /home/raven/qwerty_ws/install/kuka_arm_pkg/share/kuka_arm_pkg/worlds/basic.world
[20.968s] -- Up-to-date: /home/raven/qwerty_ws/install/kuka_arm_pkg/share/kuka_arm_pkg/worlds/hello.world
[20.968s] -- Up-to-date: /home/raven/qwerty_ws/install/kuka_arm_pkg/share/ament_index/resource_index/package_run_dependencies/kuka_arm_pkg
[20.968s] -- Installing: /home/raven/qwerty_ws/install/kuka_arm_pkg/share/ament_index/resource_index/parent_prefix_path/kuka_arm_pkg
[20.968s] -- Up-to-date: /home/raven/qwerty_ws/install/kuka_arm_pkg/share/kuka_arm_pkg/environment/ament_prefix_path.sh
[20.968s] -- Installing: /home/raven/qwerty_ws/install/kuka_arm_pkg/share/kuka_arm_pkg/environment/ament_prefix_path.dsv
[20.968s] -- Up-to-date: /home/raven/qwerty_ws/install/kuka_arm_pkg/share/kuka_arm_pkg/environment/path.sh
[20.968s] -- Installing: /home/raven/qwerty_ws/install/kuka_arm_pkg/share/kuka_arm_pkg/environment/path.dsv
[20.968s] -- Up-to-date: /home/raven/qwerty_ws/install/kuka_arm_pkg/share/kuka_arm_pkg/local_setup.bash
[20.968s] -- Up-to-date: /home/raven/qwerty_ws/install/kuka_arm_pkg/share/kuka_arm_pkg/local_setup.sh
[20.968s] -- Up-to-date: /home/raven/qwerty_ws/install/kuka_arm_pkg/share/kuka_arm_pkg/local_setup.zsh
[20.969s] -- Installing: /home/raven/qwerty_ws/install/kuka_arm_pkg/share/kuka_arm_pkg/local_setup.dsv
[20.969s] -- Installing: /home/raven/qwerty_ws/install/kuka_arm_pkg/share/kuka_arm_pkg/package.dsv
[20.969s] -- Up-to-date: /home/raven/qwerty_ws/install/kuka_arm_pkg/share/ament_index/resource_index/packages/kuka_arm_pkg
[20.969s] -- Up-to-date: /home/raven/qwerty_ws/install/kuka_arm_pkg/share/kuka_arm_pkg/cmake/kuka_arm_pkgConfig.cmake
[20.969s] -- Up-to-date: /home/raven/qwerty_ws/install/kuka_arm_pkg/share/kuka_arm_pkg/cmake/kuka_arm_pkgConfig-version.cmake
[20.969s] -- Up-to-date: /home/raven/qwerty_ws/install/kuka_arm_pkg/share/kuka_arm_pkg/package.xml
[20.969s] Invoked command in '/home/raven/qwerty_ws/build/kuka_arm_pkg' returned '0': CMAKE_PREFIX_PATH=${CMAKE_PREFIX_PATH}:/opt/ros/humble /usr/bin/cmake --install /home/raven/qwerty_ws/build/kuka_arm_pkg
