[0.013s] Invoking command in '/home/raven/qwerty_ws/build/rviz_marker_tools': /usr/bin/cmake /home/raven/qwerty_ws/src/moveit_task_constructor/rviz_marker_tools -DCMAKE_BUILD_TYPE=Release -DCATKIN_INSTALL_INTO_PREFIX_ROOT=0 -DCMAKE_INSTALL_PREFIX=/home/raven/qwerty_ws/install/rviz_marker_tools
[0.031s] [31mCMake Error at CMakeLists.txt:4 (find_package):
[0.031s]   By not providing "Findcatkin.cmake" in CMAKE_MODULE_PATH this project has
[0.031s]   asked CMake to find a package configuration file provided by "catkin", but
[0.031s]   CMake did not find one.
[0.032s] 
[0.032s]   Could not find a package configuration file provided by "catkin" with any
[0.032s]   of the following names:
[0.032s] 
[0.032s]     catkinConfig.cmake
[0.032s]     catkin-config.cmake
[0.032s] 
[0.032s]   Add the installation prefix of "catkin" to CMAKE_PREFIX_PATH or set
[0.032s]   "catkin_DIR" to a directory containing one of the above files.  If "catkin"
[0.032s]   provides a separate development package or SDK, be sure it has been
[0.032s]   installed.
[0.032s] 
[0.032s] [0m
[0.032s] -- Configuring incomplete, errors occurred!
[0.032s] See also "/home/raven/qwerty_ws/build/rviz_marker_tools/CMakeFiles/CMakeOutput.log".
[0.034s] Invoked command in '/home/raven/qwerty_ws/build/rviz_marker_tools' returned '1': /usr/bin/cmake /home/raven/qwerty_ws/src/moveit_task_constructor/rviz_marker_tools -DCMAKE_BUILD_TYPE=Release -DCATKIN_INSTALL_INTO_PREFIX_ROOT=0 -DCMAKE_INSTALL_PREFIX=/home/raven/qwerty_ws/install/rviz_marker_tools
