[0.014s] Invoking command in '/home/raven/qwerty_ws/build/moveit_task_constructor_demo': AMENT_PREFIX_PATH=/home/raven/qwerty_ws/install/moveit_task_constructor_capabilities:/home/raven/qwerty_ws/install/moveit_task_constructor_core:/home/raven/qwerty_ws/install/rviz_marker_tools:/home/raven/qwerty_ws/install/moveit_task_constructor_msgs:${AMENT_PREFIX_PATH} CMAKE_PREFIX_PATH=/home/raven/qwerty_ws/install/moveit_task_constructor_capabilities:/home/raven/qwerty_ws/install/moveit_task_constructor_core:/home/raven/qwerty_ws/install/rviz_marker_tools:/opt/ros/humble:/home/raven/qwerty_ws/install/moveit_task_constructor_msgs:${CMAKE_PREFIX_PATH} LD_LIBRARY_PATH=/home/raven/qwerty_ws/install/moveit_task_constructor_capabilities/lib:/home/raven/qwerty_ws/install/moveit_task_constructor_core/lib:/home/raven/qwerty_ws/install/rviz_marker_tools/lib:/home/raven/qwerty_ws/install/moveit_task_constructor_msgs/lib:/usr/lib/x86_64-linux-gnu/gazebo-11/plugins:/opt/ros/humble/opt/rviz_ogre_vendor/lib:/opt/ros/humble/lib/x86_64-linux-gnu:/opt/ros/humble/lib:/usr/lib/x86_64-linux-gnu/gazebo-11/plugins PYTHONPATH=/home/raven/qwerty_ws/install/moveit_task_constructor_core/local/lib/python3.10/dist-packages:/home/raven/qwerty_ws/install/moveit_task_constructor_msgs/local/lib/python3.10/dist-packages:${PYTHONPATH} /usr/bin/cmake /home/raven/qwerty_ws/src/moveit_task_constructor/demo -DCMAKE_BUILD_TYPE=Release -DCMAKE_INSTALL_PREFIX=/home/raven/qwerty_ws/install/moveit_task_constructor_demo
[0.059s] -- The C compiler identification is GNU 11.4.0
[0.109s] -- The CXX compiler identification is GNU 11.4.0
[0.115s] -- Detecting C compiler ABI info
[0.165s] -- Detecting C compiler ABI info - done
[0.171s] -- Check for working C compiler: /usr/bin/cc - skipped
[0.172s] -- Detecting C compile features
[0.172s] -- Detecting C compile features - done
[0.174s] -- Detecting CXX compiler ABI info
[0.235s] -- Detecting CXX compiler ABI info - done
[0.242s] -- Check for working CXX compiler: /usr/bin/c++ - skipped
[0.242s] -- Detecting CXX compile features
[0.243s] -- Detecting CXX compile features - done
[0.245s] -- Found ament_cmake: 1.3.10 (/opt/ros/humble/share/ament_cmake/cmake)
[0.374s] -- Found Python3: /usr/bin/python3 (found version "3.10.12") found components: Interpreter 
[0.453s] -- Found generate_parameter_library: 0.3.8 (/opt/ros/humble/share/generate_parameter_library/cmake)
[0.457s] -- Found parameter_traits: 0.3.8 (/opt/ros/humble/share/parameter_traits/cmake)
[0.496s] -- Found rosidl_generator_c: 3.1.5 (/opt/ros/humble/share/rosidl_generator_c/cmake)
[0.501s] -- Found rosidl_adapter: 3.1.5 (/opt/ros/humble/share/rosidl_adapter/cmake)
[0.509s] -- Found rosidl_generator_cpp: 3.1.5 (/opt/ros/humble/share/rosidl_generator_cpp/cmake)
[0.520s] -- Using all available rosidl_typesupport_c: rosidl_typesupport_fastrtps_c;rosidl_typesupport_introspection_c
[0.534s] -- Using all available rosidl_typesupport_cpp: rosidl_typesupport_fastrtps_cpp;rosidl_typesupport_introspection_cpp
[0.575s] -- Found rmw_implementation_cmake: 6.1.2 (/opt/ros/humble/share/rmw_implementation_cmake/cmake)
[0.577s] -- Found rmw_fastrtps_cpp: 6.2.7 (/opt/ros/humble/share/rmw_fastrtps_cpp/cmake)
[0.647s] -- Found OpenSSL: /usr/lib/x86_64-linux-gnu/libcrypto.so (found version "3.0.2")  
[0.670s] -- Found FastRTPS: /opt/ros/humble/include  
[0.706s] -- Using RMW implementation 'rmw_fastrtps_cpp' as default
[0.714s] -- Looking for pthread.h
[0.768s] -- Looking for pthread.h - found
[0.768s] -- Performing Test CMAKE_HAVE_LIBC_PTHREAD
[0.824s] -- Performing Test CMAKE_HAVE_LIBC_PTHREAD - Success
[0.825s] -- Found Threads: TRUE  
[0.885s] -- Found rclcpp_lifecycle: 16.0.10 (/opt/ros/humble/share/rclcpp_lifecycle/cmake)
[0.904s] -- Found moveit_common: 2.5.5 (/opt/ros/humble/share/moveit_common/cmake)
[0.960s] -- Found moveit_core: 2.5.5 (/opt/ros/humble/share/moveit_core/cmake)
[0.998s] -- Found Boost: /usr/lib/x86_64-linux-gnu/cmake/Boost-1.74.0/BoostConfig.cmake (found version "1.74.0") found components: chrono date_time filesystem iostreams program_options regex serialization system thread 
[1.011s] -- Found Boost: /usr/lib/x86_64-linux-gnu/cmake/Boost-1.74.0/BoostConfig.cmake (found version "1.74.0") found components: filesystem 
[1.097s] -- library: /usr/lib/x86_64-linux-gnu/libcurl.so
[1.158s] -- Found Eigen3: TRUE (found version "3.4.0") 
[1.158s] -- Ensuring Eigen3 include directory is part of orocos-kdl CMake target
[1.390s] -- Found moveit_ros_planning: 2.5.5 (/opt/ros/humble/share/moveit_ros_planning/cmake)
[1.395s] -- Found Boost: /usr/lib/x86_64-linux-gnu/cmake/Boost-1.74.0/BoostConfig.cmake (found version "1.74.0") found components: system filesystem date_time program_options thread chrono 
[1.419s] -- Found moveit_ros_planning_interface: 2.5.5 (/opt/ros/humble/share/moveit_ros_planning_interface/cmake)
[1.424s] -- Found Boost: /usr/lib/x86_64-linux-gnu/cmake/Boost-1.74.0/BoostConfig.cmake (found version "1.74.0") found components: date_time filesystem program_options system thread 
[1.438s] -- Found Boost: /usr/lib/x86_64-linux-gnu/cmake/Boost-1.74.0/BoostConfig.cmake (found version "1.74.0") found components: thread system filesystem regex date_time program_options 
[1.459s] -- Found Boost: /usr/lib/x86_64-linux-gnu/cmake/Boost-1.74.0/BoostConfig.cmake (found version "1.74.0") found components: system filesystem date_time program_options thread 
[1.486s] -- Found moveit_task_constructor_core: 0.1.3 (/home/raven/qwerty_ws/install/moveit_task_constructor_core/share/moveit_task_constructor_core/cmake)
[1.561s] -- Configuring done
[1.661s] -- Generating done
[1.663s] -- Build files have been written to: /home/raven/qwerty_ws/build/moveit_task_constructor_demo
[1.679s] Invoked command in '/home/raven/qwerty_ws/build/moveit_task_constructor_demo' returned '0': AMENT_PREFIX_PATH=/home/raven/qwerty_ws/install/moveit_task_constructor_capabilities:/home/raven/qwerty_ws/install/moveit_task_constructor_core:/home/raven/qwerty_ws/install/rviz_marker_tools:/home/raven/qwerty_ws/install/moveit_task_constructor_msgs:${AMENT_PREFIX_PATH} CMAKE_PREFIX_PATH=/home/raven/qwerty_ws/install/moveit_task_constructor_capabilities:/home/raven/qwerty_ws/install/moveit_task_constructor_core:/home/raven/qwerty_ws/install/rviz_marker_tools:/opt/ros/humble:/home/raven/qwerty_ws/install/moveit_task_constructor_msgs:${CMAKE_PREFIX_PATH} LD_LIBRARY_PATH=/home/raven/qwerty_ws/install/moveit_task_constructor_capabilities/lib:/home/raven/qwerty_ws/install/moveit_task_constructor_core/lib:/home/raven/qwerty_ws/install/rviz_marker_tools/lib:/home/raven/qwerty_ws/install/moveit_task_constructor_msgs/lib:/usr/lib/x86_64-linux-gnu/gazebo-11/plugins:/opt/ros/humble/opt/rviz_ogre_vendor/lib:/opt/ros/humble/lib/x86_64-linux-gnu:/opt/ros/humble/lib:/usr/lib/x86_64-linux-gnu/gazebo-11/plugins PYTHONPATH=/home/raven/qwerty_ws/install/moveit_task_constructor_core/local/lib/python3.10/dist-packages:/home/raven/qwerty_ws/install/moveit_task_constructor_msgs/local/lib/python3.10/dist-packages:${PYTHONPATH} /usr/bin/cmake /home/raven/qwerty_ws/src/moveit_task_constructor/demo -DCMAKE_BUILD_TYPE=Release -DCMAKE_INSTALL_PREFIX=/home/raven/qwerty_ws/install/moveit_task_constructor_demo
[1.681s] Invoking command in '/home/raven/qwerty_ws/build/moveit_task_constructor_demo': AMENT_PREFIX_PATH=/home/raven/qwerty_ws/install/moveit_task_constructor_capabilities:/home/raven/qwerty_ws/install/moveit_task_constructor_core:/home/raven/qwerty_ws/install/rviz_marker_tools:/home/raven/qwerty_ws/install/moveit_task_constructor_msgs:${AMENT_PREFIX_PATH} CMAKE_PREFIX_PATH=/home/raven/qwerty_ws/install/moveit_task_constructor_capabilities:/home/raven/qwerty_ws/install/moveit_task_constructor_core:/home/raven/qwerty_ws/install/rviz_marker_tools:/opt/ros/humble:/home/raven/qwerty_ws/install/moveit_task_constructor_msgs:${CMAKE_PREFIX_PATH} LD_LIBRARY_PATH=/home/raven/qwerty_ws/install/moveit_task_constructor_capabilities/lib:/home/raven/qwerty_ws/install/moveit_task_constructor_core/lib:/home/raven/qwerty_ws/install/rviz_marker_tools/lib:/home/raven/qwerty_ws/install/moveit_task_constructor_msgs/lib:/usr/lib/x86_64-linux-gnu/gazebo-11/plugins:/opt/ros/humble/opt/rviz_ogre_vendor/lib:/opt/ros/humble/lib/x86_64-linux-gnu:/opt/ros/humble/lib:/usr/lib/x86_64-linux-gnu/gazebo-11/plugins PYTHONPATH=/home/raven/qwerty_ws/install/moveit_task_constructor_core/local/lib/python3.10/dist-packages:/home/raven/qwerty_ws/install/moveit_task_constructor_msgs/local/lib/python3.10/dist-packages:${PYTHONPATH} /usr/bin/cmake --build /home/raven/qwerty_ws/build/moveit_task_constructor_demo -- -j8 -l8
[1.731s] [ 18%] [34m[1mRunning `/opt/ros/humble/bin/generate_parameter_library_cpp /home/raven/qwerty_ws/build/moveit_task_constructor_demo/pick_place_demo_parameters/include//pick_place_demo_parameters.hpp /home/raven/qwerty_ws/src/moveit_task_constructor/demo/src/pick_place_demo_parameters.yaml `[0m
[1.731s] [ 18%] [32mBuilding CXX object CMakeFiles/moveit_task_constructor_demo_cartesian.dir/src/cartesian.cpp.o[0m
[1.731s] [ 25%] [34m[1mRunning `/opt/ros/humble/bin/generate_parameter_library_cpp /home/raven/qwerty_ws/build/moveit_task_constructor_demo/ik_clearance_cost_parameters/include//ik_clearance_cost_parameters.hpp /home/raven/qwerty_ws/src/moveit_task_constructor/demo/src/ik_clearance_cost_parameters.yaml `[0m
[1.732s] [ 25%] [32mBuilding CXX object CMakeFiles/moveit_task_constructor_demo_modular.dir/src/modular.cpp.o[0m
[1.733s] [ 31%] [32mBuilding CXX object CMakeFiles/moveit_task_constructor_demo_alternative_path_costs.dir/src/alternative_path_costs.cpp.o[0m
[1.736s] [ 37%] [32mBuilding CXX object CMakeFiles/moveit_task_constructor_demo_fallbacks_move_to.dir/src/fallbacks_move_to.cpp.o[0m
[2.102s] [ 37%] Built target ik_clearance_cost_parameters
[2.129s] [ 43%] [32mBuilding CXX object CMakeFiles/moveit_task_constructor_demo_ik_clearance_cost.dir/src/ik_clearance_cost.cpp.o[0m
[2.920s] [ 43%] Built target pick_place_demo_parameters
[2.949s] [ 50%] [32mBuilding CXX object CMakeFiles/moveit_task_constructor_demo_pick_place_task.dir/src/pick_place_task.cpp.o[0m
[12.830s] [ 56%] [32m[1mLinking CXX executable modular[0m
[13.627s] [ 56%] Built target moveit_task_constructor_demo_modular
[16.649s] [ 62%] [32m[1mLinking CXX executable ik_clearance_cost[0m
[17.059s] [ 68%] [32m[1mLinking CXX executable alternative_path_costs[0m
[17.651s] [ 68%] Built target moveit_task_constructor_demo_ik_clearance_cost
[17.807s] [ 68%] Built target moveit_task_constructor_demo_alternative_path_costs
[18.794s] [ 75%] [32m[1mLinking CXX executable fallbacks_move_to[0m
[18.880s] [ 81%] [32m[1mLinking CXX executable cartesian[0m
[19.530s] [ 81%] Built target moveit_task_constructor_demo_fallbacks_move_to
[19.649s] [ 81%] Built target moveit_task_constructor_demo_cartesian
[26.094s] [ 87%] [32m[1mLinking CXX shared library libmoveit_task_constructor_demo_pick_place_task.so[0m
[26.429s] [ 87%] Built target moveit_task_constructor_demo_pick_place_task
[26.460s] [ 93%] [32mBuilding CXX object CMakeFiles/moveit_task_constructor_demo_pick_place_demo.dir/src/pick_place_demo.cpp.o[0m
[38.305s] [100%] [32m[1mLinking CXX executable pick_place_demo[0m
[38.541s] [100%] Built target moveit_task_constructor_demo_pick_place_demo
[38.553s] Invoked command in '/home/raven/qwerty_ws/build/moveit_task_constructor_demo' returned '0': AMENT_PREFIX_PATH=/home/raven/qwerty_ws/install/moveit_task_constructor_capabilities:/home/raven/qwerty_ws/install/moveit_task_constructor_core:/home/raven/qwerty_ws/install/rviz_marker_tools:/home/raven/qwerty_ws/install/moveit_task_constructor_msgs:${AMENT_PREFIX_PATH} CMAKE_PREFIX_PATH=/home/raven/qwerty_ws/install/moveit_task_constructor_capabilities:/home/raven/qwerty_ws/install/moveit_task_constructor_core:/home/raven/qwerty_ws/install/rviz_marker_tools:/opt/ros/humble:/home/raven/qwerty_ws/install/moveit_task_constructor_msgs:${CMAKE_PREFIX_PATH} LD_LIBRARY_PATH=/home/raven/qwerty_ws/install/moveit_task_constructor_capabilities/lib:/home/raven/qwerty_ws/install/moveit_task_constructor_core/lib:/home/raven/qwerty_ws/install/rviz_marker_tools/lib:/home/raven/qwerty_ws/install/moveit_task_constructor_msgs/lib:/usr/lib/x86_64-linux-gnu/gazebo-11/plugins:/opt/ros/humble/opt/rviz_ogre_vendor/lib:/opt/ros/humble/lib/x86_64-linux-gnu:/opt/ros/humble/lib:/usr/lib/x86_64-linux-gnu/gazebo-11/plugins PYTHONPATH=/home/raven/qwerty_ws/install/moveit_task_constructor_core/local/lib/python3.10/dist-packages:/home/raven/qwerty_ws/install/moveit_task_constructor_msgs/local/lib/python3.10/dist-packages:${PYTHONPATH} /usr/bin/cmake --build /home/raven/qwerty_ws/build/moveit_task_constructor_demo -- -j8 -l8
[38.583s] Invoking command in '/home/raven/qwerty_ws/build/moveit_task_constructor_demo': AMENT_PREFIX_PATH=/home/raven/qwerty_ws/install/moveit_task_constructor_capabilities:/home/raven/qwerty_ws/install/moveit_task_constructor_core:/home/raven/qwerty_ws/install/rviz_marker_tools:/home/raven/qwerty_ws/install/moveit_task_constructor_msgs:${AMENT_PREFIX_PATH} CMAKE_PREFIX_PATH=/home/raven/qwerty_ws/install/moveit_task_constructor_capabilities:/home/raven/qwerty_ws/install/moveit_task_constructor_core:/home/raven/qwerty_ws/install/rviz_marker_tools:/opt/ros/humble:/home/raven/qwerty_ws/install/moveit_task_constructor_msgs:${CMAKE_PREFIX_PATH} LD_LIBRARY_PATH=/home/raven/qwerty_ws/install/moveit_task_constructor_capabilities/lib:/home/raven/qwerty_ws/install/moveit_task_constructor_core/lib:/home/raven/qwerty_ws/install/rviz_marker_tools/lib:/home/raven/qwerty_ws/install/moveit_task_constructor_msgs/lib:/usr/lib/x86_64-linux-gnu/gazebo-11/plugins:/opt/ros/humble/opt/rviz_ogre_vendor/lib:/opt/ros/humble/lib/x86_64-linux-gnu:/opt/ros/humble/lib:/usr/lib/x86_64-linux-gnu/gazebo-11/plugins PYTHONPATH=/home/raven/qwerty_ws/install/moveit_task_constructor_core/local/lib/python3.10/dist-packages:/home/raven/qwerty_ws/install/moveit_task_constructor_msgs/local/lib/python3.10/dist-packages:${PYTHONPATH} /usr/bin/cmake --install /home/raven/qwerty_ws/build/moveit_task_constructor_demo
[38.589s] -- Install configuration: "Release"
[38.589s] -- Installing: /home/raven/qwerty_ws/install/moveit_task_constructor_demo/lib/libmoveit_task_constructor_demo_pick_place_task.so
[38.589s] -- Set runtime path of "/home/raven/qwerty_ws/install/moveit_task_constructor_demo/lib/libmoveit_task_constructor_demo_pick_place_task.so" to ""
[38.589s] -- Installing: /home/raven/qwerty_ws/install/moveit_task_constructor_demo/lib/moveit_task_constructor_demo/cartesian
[38.590s] -- Set runtime path of "/home/raven/qwerty_ws/install/moveit_task_constructor_demo/lib/moveit_task_constructor_demo/cartesian" to ""
[38.590s] -- Installing: /home/raven/qwerty_ws/install/moveit_task_constructor_demo/lib/moveit_task_constructor_demo/modular
[38.590s] -- Set runtime path of "/home/raven/qwerty_ws/install/moveit_task_constructor_demo/lib/moveit_task_constructor_demo/modular" to ""
[38.590s] -- Installing: /home/raven/qwerty_ws/install/moveit_task_constructor_demo/lib/moveit_task_constructor_demo/alternative_path_costs
[38.590s] -- Set runtime path of "/home/raven/qwerty_ws/install/moveit_task_constructor_demo/lib/moveit_task_constructor_demo/alternative_path_costs" to ""
[38.590s] -- Installing: /home/raven/qwerty_ws/install/moveit_task_constructor_demo/include/ik_clearance_cost_parameters
[38.590s] -- Installing: /home/raven/qwerty_ws/install/moveit_task_constructor_demo/include/ik_clearance_cost_parameters/ik_clearance_cost_parameters.hpp
[38.590s] -- Installing: /home/raven/qwerty_ws/install/moveit_task_constructor_demo/lib/moveit_task_constructor_demo/ik_clearance_cost
[38.591s] -- Set runtime path of "/home/raven/qwerty_ws/install/moveit_task_constructor_demo/lib/moveit_task_constructor_demo/ik_clearance_cost" to ""
[38.591s] -- Installing: /home/raven/qwerty_ws/install/moveit_task_constructor_demo/lib/moveit_task_constructor_demo/fallbacks_move_to
[38.591s] -- Set runtime path of "/home/raven/qwerty_ws/install/moveit_task_constructor_demo/lib/moveit_task_constructor_demo/fallbacks_move_to" to ""
[38.591s] -- Installing: /home/raven/qwerty_ws/install/moveit_task_constructor_demo/include/pick_place_demo_parameters
[38.591s] -- Installing: /home/raven/qwerty_ws/install/moveit_task_constructor_demo/include/pick_place_demo_parameters/pick_place_demo_parameters.hpp
[38.591s] -- Installing: /home/raven/qwerty_ws/install/moveit_task_constructor_demo/lib/moveit_task_constructor_demo/pick_place_demo
[38.592s] -- Set runtime path of "/home/raven/qwerty_ws/install/moveit_task_constructor_demo/lib/moveit_task_constructor_demo/pick_place_demo" to ""
[38.592s] -- Installing: /home/raven/qwerty_ws/install/moveit_task_constructor_demo/lib/moveit_task_constructor_demo/alternatives.py
[38.592s] -- Installing: /home/raven/qwerty_ws/install/moveit_task_constructor_demo/lib/moveit_task_constructor_demo/cartesian.py
[38.592s] -- Installing: /home/raven/qwerty_ws/install/moveit_task_constructor_demo/lib/moveit_task_constructor_demo/compute_ik.py
[38.592s] -- Installing: /home/raven/qwerty_ws/install/moveit_task_constructor_demo/lib/moveit_task_constructor_demo/constrained.py
[38.592s] -- Installing: /home/raven/qwerty_ws/install/moveit_task_constructor_demo/lib/moveit_task_constructor_demo/current_state.py
[38.592s] -- Installing: /home/raven/qwerty_ws/install/moveit_task_constructor_demo/lib/moveit_task_constructor_demo/fallbacks.py
[38.592s] -- Installing: /home/raven/qwerty_ws/install/moveit_task_constructor_demo/lib/moveit_task_constructor_demo/fix_collision_objects.py
[38.592s] -- Installing: /home/raven/qwerty_ws/install/moveit_task_constructor_demo/lib/moveit_task_constructor_demo/fixed_state.py
[38.592s] -- Installing: /home/raven/qwerty_ws/install/moveit_task_constructor_demo/lib/moveit_task_constructor_demo/generate_pose.py
[38.592s] -- Installing: /home/raven/qwerty_ws/install/moveit_task_constructor_demo/lib/moveit_task_constructor_demo/merger.py
[38.592s] -- Installing: /home/raven/qwerty_ws/install/moveit_task_constructor_demo/lib/moveit_task_constructor_demo/modify_planning_scene.py
[38.593s] -- Installing: /home/raven/qwerty_ws/install/moveit_task_constructor_demo/lib/moveit_task_constructor_demo/multi_planner.py
[38.593s] -- Installing: /home/raven/qwerty_ws/install/moveit_task_constructor_demo/lib/moveit_task_constructor_demo/pickplace.py
[38.593s] -- Installing: /home/raven/qwerty_ws/install/moveit_task_constructor_demo/lib/moveit_task_constructor_demo/properties.py
[38.593s] -- Installing: /home/raven/qwerty_ws/install/moveit_task_constructor_demo/share/moveit_task_constructor_demo/launch
[38.593s] -- Installing: /home/raven/qwerty_ws/install/moveit_task_constructor_demo/share/moveit_task_constructor_demo/launch/demo.launch.py
[38.593s] -- Installing: /home/raven/qwerty_ws/install/moveit_task_constructor_demo/share/moveit_task_constructor_demo/launch/run.launch.py
[38.593s] -- Installing: /home/raven/qwerty_ws/install/moveit_task_constructor_demo/share/moveit_task_constructor_demo/config
[38.593s] -- Installing: /home/raven/qwerty_ws/install/moveit_task_constructor_demo/share/moveit_task_constructor_demo/config/panda_config.yaml
[38.593s] -- Installing: /home/raven/qwerty_ws/install/moveit_task_constructor_demo/share/moveit_task_constructor_demo/config/mtc.rviz
[38.593s] -- Installing: /home/raven/qwerty_ws/install/moveit_task_constructor_demo/share/ament_index/resource_index/package_run_dependencies/moveit_task_constructor_demo
[38.594s] -- Installing: /home/raven/qwerty_ws/install/moveit_task_constructor_demo/share/ament_index/resource_index/parent_prefix_path/moveit_task_constructor_demo
[38.594s] -- Installing: /home/raven/qwerty_ws/install/moveit_task_constructor_demo/share/moveit_task_constructor_demo/environment/ament_prefix_path.sh
[38.594s] -- Installing: /home/raven/qwerty_ws/install/moveit_task_constructor_demo/share/moveit_task_constructor_demo/environment/ament_prefix_path.dsv
[38.594s] -- Installing: /home/raven/qwerty_ws/install/moveit_task_constructor_demo/share/moveit_task_constructor_demo/environment/path.sh
[38.594s] -- Installing: /home/raven/qwerty_ws/install/moveit_task_constructor_demo/share/moveit_task_constructor_demo/environment/path.dsv
[38.594s] -- Installing: /home/raven/qwerty_ws/install/moveit_task_constructor_demo/share/moveit_task_constructor_demo/local_setup.bash
[38.594s] -- Installing: /home/raven/qwerty_ws/install/moveit_task_constructor_demo/share/moveit_task_constructor_demo/local_setup.sh
[38.594s] -- Installing: /home/raven/qwerty_ws/install/moveit_task_constructor_demo/share/moveit_task_constructor_demo/local_setup.zsh
[38.594s] -- Installing: /home/raven/qwerty_ws/install/moveit_task_constructor_demo/share/moveit_task_constructor_demo/local_setup.dsv
[38.594s] -- Installing: /home/raven/qwerty_ws/install/moveit_task_constructor_demo/share/moveit_task_constructor_demo/package.dsv
[38.595s] -- Installing: /home/raven/qwerty_ws/install/moveit_task_constructor_demo/share/ament_index/resource_index/packages/moveit_task_constructor_demo
[38.595s] -- Installing: /home/raven/qwerty_ws/install/moveit_task_constructor_demo/share/moveit_task_constructor_demo/cmake/moveit_task_constructor_demoConfig.cmake
[38.595s] -- Installing: /home/raven/qwerty_ws/install/moveit_task_constructor_demo/share/moveit_task_constructor_demo/cmake/moveit_task_constructor_demoConfig-version.cmake
[38.595s] -- Installing: /home/raven/qwerty_ws/install/moveit_task_constructor_demo/share/moveit_task_constructor_demo/package.xml
[38.597s] Invoked command in '/home/raven/qwerty_ws/build/moveit_task_constructor_demo' returned '0': AMENT_PREFIX_PATH=/home/raven/qwerty_ws/install/moveit_task_constructor_capabilities:/home/raven/qwerty_ws/install/moveit_task_constructor_core:/home/raven/qwerty_ws/install/rviz_marker_tools:/home/raven/qwerty_ws/install/moveit_task_constructor_msgs:${AMENT_PREFIX_PATH} CMAKE_PREFIX_PATH=/home/raven/qwerty_ws/install/moveit_task_constructor_capabilities:/home/raven/qwerty_ws/install/moveit_task_constructor_core:/home/raven/qwerty_ws/install/rviz_marker_tools:/opt/ros/humble:/home/raven/qwerty_ws/install/moveit_task_constructor_msgs:${CMAKE_PREFIX_PATH} LD_LIBRARY_PATH=/home/raven/qwerty_ws/install/moveit_task_constructor_capabilities/lib:/home/raven/qwerty_ws/install/moveit_task_constructor_core/lib:/home/raven/qwerty_ws/install/rviz_marker_tools/lib:/home/raven/qwerty_ws/install/moveit_task_constructor_msgs/lib:/usr/lib/x86_64-linux-gnu/gazebo-11/plugins:/opt/ros/humble/opt/rviz_ogre_vendor/lib:/opt/ros/humble/lib/x86_64-linux-gnu:/opt/ros/humble/lib:/usr/lib/x86_64-linux-gnu/gazebo-11/plugins PYTHONPATH=/home/raven/qwerty_ws/install/moveit_task_constructor_core/local/lib/python3.10/dist-packages:/home/raven/qwerty_ws/install/moveit_task_constructor_msgs/local/lib/python3.10/dist-packages:${PYTHONPATH} /usr/bin/cmake --install /home/raven/qwerty_ws/build/moveit_task_constructor_demo
